17:53:06 INFO  : Registering command handlers for SDK TCF services
17:53:07 INFO  : Launching XSCT server: xsct.bat -interactive C:\Users\admin\Documents\pxl\3dejaar\embedded_os\Eindopdracht_EOS\NeoMatrix3_project\NeoMatrix3_project.sdk\temp_xsdb_launch_script.tcl
17:53:14 INFO  : XSCT server has started successfully.
17:53:17 INFO  : Successfully done setting XSCT server connection channel  
17:53:17 INFO  : Processing command line option -hwspec C:/Users/admin/Documents/pxl/3dejaar/embedded_os/Eindopdracht_EOS/NeoMatrix3_project/NeoMatrix3_project.sdk/design_1_wrapper.hdf.
17:53:18 INFO  : Successfully done setting SDK workspace  
18:24:15 INFO  : Connected to target on host '127.0.0.1' and port '3121'.
18:24:17 INFO  : 'targets -set -filter {jtag_cable_name =~ "Avnet MiniZed V1 1234-oj1A" && level==0} -index 1' command is executed.
18:24:18 INFO  : FPGA configured successfully with bitstream "C:/Users/admin/Documents/pxl/3dejaar/embedded_os/Eindopdracht_EOS/NeoMatrix3_project/NeoMatrix3_project.sdk/design_1_wrapper_hw_platform_0/design_1_wrapper.bit"
18:24:29 INFO  : 'targets -set -filter {jtag_cable_name =~ "Avnet MiniZed V1 1234-oj1A" && level==0} -index 1' command is executed.
18:24:29 INFO  : 'fpga -state' command is executed.
18:24:29 INFO  : Connected to target on host '127.0.0.1' and port '3121'.
18:24:31 INFO  : Jtag cable 'Avnet MiniZed V1 1234-oj1A' is selected.
18:24:31 INFO  : 'jtag frequency' command is executed.
18:24:31 INFO  : Sourcing of 'C:/Users/admin/Documents/pxl/3dejaar/embedded_os/Eindopdracht_EOS/NeoMatrix3_project/NeoMatrix3_project.sdk/design_1_wrapper_hw_platform_0/ps7_init.tcl' is done.
18:24:31 INFO  : Context for 'APU' is selected.
18:24:31 INFO  : Hardware design information is loaded from 'C:/Users/admin/Documents/pxl/3dejaar/embedded_os/Eindopdracht_EOS/NeoMatrix3_project/NeoMatrix3_project.sdk/design_1_wrapper_hw_platform_0/system.hdf'.
18:24:31 INFO  : 'configparams force-mem-access 1' command is executed.
18:24:32 INFO  : Context for 'APU' is selected.
18:24:32 INFO  : 'stop' command is executed.
18:24:32 INFO  : 'ps7_init' command is executed.
18:24:32 INFO  : 'ps7_post_config' command is executed.
18:24:32 INFO  : Context for processor 'ps7_cortexa9_0' is selected.
18:24:32 INFO  : Processor reset is completed for 'ps7_cortexa9_0'.
18:24:32 INFO  : Context for processor 'ps7_cortexa9_0' is selected.
18:24:33 INFO  : The application 'C:/Users/admin/Documents/pxl/3dejaar/embedded_os/Eindopdracht_EOS/NeoMatrix3_project/NeoMatrix3_project.sdk/freertos_neomatrix/Debug/freertos_neomatrix.elf' is downloaded to processor 'ps7_cortexa9_0'.
18:24:33 INFO  : 'configparams force-mem-access 0' command is executed.
18:24:33 INFO  : ----------------XSDB Script----------------
connect -url tcp:127.0.0.1:3121
source C:/Users/admin/Documents/pxl/3dejaar/embedded_os/Eindopdracht_EOS/NeoMatrix3_project/NeoMatrix3_project.sdk/design_1_wrapper_hw_platform_0/ps7_init.tcl
targets -set -nocase -filter {name =~"APU*" && jtag_cable_name =~ "Avnet MiniZed V1 1234-oj1A"} -index 0
loadhw -hw C:/Users/admin/Documents/pxl/3dejaar/embedded_os/Eindopdracht_EOS/NeoMatrix3_project/NeoMatrix3_project.sdk/design_1_wrapper_hw_platform_0/system.hdf -mem-ranges [list {0x40000000 0xbfffffff}]
configparams force-mem-access 1
targets -set -nocase -filter {name =~"APU*" && jtag_cable_name =~ "Avnet MiniZed V1 1234-oj1A"} -index 0
stop
ps7_init
ps7_post_config
targets -set -nocase -filter {name =~ "ARM*#0" && jtag_cable_name =~ "Avnet MiniZed V1 1234-oj1A"} -index 0
rst -processor
targets -set -nocase -filter {name =~ "ARM*#0" && jtag_cable_name =~ "Avnet MiniZed V1 1234-oj1A"} -index 0
dow C:/Users/admin/Documents/pxl/3dejaar/embedded_os/Eindopdracht_EOS/NeoMatrix3_project/NeoMatrix3_project.sdk/freertos_neomatrix/Debug/freertos_neomatrix.elf
configparams force-mem-access 0
----------------End of Script----------------

18:24:33 INFO  : Memory regions updated for context APU
18:24:33 INFO  : Context for processor 'ps7_cortexa9_0' is selected.
18:24:33 INFO  : 'con' command is executed.
18:24:33 INFO  : ----------------XSDB Script (After Launch)----------------
targets -set -nocase -filter {name =~ "ARM*#0" && jtag_cable_name =~ "Avnet MiniZed V1 1234-oj1A"} -index 0
con
----------------End of Script----------------

18:24:34 INFO  : Launch script is exported to file 'C:\Users\admin\Documents\pxl\3dejaar\embedded_os\Eindopdracht_EOS\NeoMatrix3_project\NeoMatrix3_project.sdk\.sdk\launch_scripts\xilinx_c-c++_application_(system_debugger)\system_debugger_using_debug_freertos_neomatrix.elf_on_local.tcl'
18:26:23 INFO  : Disconnected from the channel tcfchan#1.
18:26:24 INFO  : 'targets -set -filter {jtag_cable_name =~ "Avnet MiniZed V1 1234-oj1A" && level==0} -index 1' command is executed.
18:26:24 INFO  : 'fpga -state' command is executed.
18:26:24 INFO  : Connected to target on host '127.0.0.1' and port '3121'.
18:26:25 INFO  : Jtag cable 'Avnet MiniZed V1 1234-oj1A' is selected.
18:26:25 INFO  : 'jtag frequency' command is executed.
18:26:25 INFO  : Sourcing of 'C:/Users/admin/Documents/pxl/3dejaar/embedded_os/Eindopdracht_EOS/NeoMatrix3_project/NeoMatrix3_project.sdk/design_1_wrapper_hw_platform_0/ps7_init.tcl' is done.
18:26:25 INFO  : Context for 'APU' is selected.
18:26:27 INFO  : Hardware design information is loaded from 'C:/Users/admin/Documents/pxl/3dejaar/embedded_os/Eindopdracht_EOS/NeoMatrix3_project/NeoMatrix3_project.sdk/design_1_wrapper_hw_platform_0/system.hdf'.
18:26:27 INFO  : 'configparams force-mem-access 1' command is executed.
18:26:27 INFO  : Context for 'APU' is selected.
18:26:27 INFO  : 'stop' command is executed.
18:26:28 INFO  : 'ps7_init' command is executed.
18:26:28 INFO  : 'ps7_post_config' command is executed.
18:26:28 INFO  : Context for processor 'ps7_cortexa9_0' is selected.
18:26:28 INFO  : Processor reset is completed for 'ps7_cortexa9_0'.
18:26:28 INFO  : Context for processor 'ps7_cortexa9_0' is selected.
18:26:28 INFO  : The application 'C:/Users/admin/Documents/pxl/3dejaar/embedded_os/Eindopdracht_EOS/NeoMatrix3_project/NeoMatrix3_project.sdk/freertos_neomatrix/Debug/freertos_neomatrix.elf' is downloaded to processor 'ps7_cortexa9_0'.
18:26:28 INFO  : 'configparams force-mem-access 0' command is executed.
18:26:28 INFO  : ----------------XSDB Script----------------
connect -url tcp:127.0.0.1:3121
source C:/Users/admin/Documents/pxl/3dejaar/embedded_os/Eindopdracht_EOS/NeoMatrix3_project/NeoMatrix3_project.sdk/design_1_wrapper_hw_platform_0/ps7_init.tcl
targets -set -nocase -filter {name =~"APU*" && jtag_cable_name =~ "Avnet MiniZed V1 1234-oj1A"} -index 0
loadhw -hw C:/Users/admin/Documents/pxl/3dejaar/embedded_os/Eindopdracht_EOS/NeoMatrix3_project/NeoMatrix3_project.sdk/design_1_wrapper_hw_platform_0/system.hdf -mem-ranges [list {0x40000000 0xbfffffff}]
configparams force-mem-access 1
targets -set -nocase -filter {name =~"APU*" && jtag_cable_name =~ "Avnet MiniZed V1 1234-oj1A"} -index 0
stop
ps7_init
ps7_post_config
targets -set -nocase -filter {name =~ "ARM*#0" && jtag_cable_name =~ "Avnet MiniZed V1 1234-oj1A"} -index 0
rst -processor
targets -set -nocase -filter {name =~ "ARM*#0" && jtag_cable_name =~ "Avnet MiniZed V1 1234-oj1A"} -index 0
dow C:/Users/admin/Documents/pxl/3dejaar/embedded_os/Eindopdracht_EOS/NeoMatrix3_project/NeoMatrix3_project.sdk/freertos_neomatrix/Debug/freertos_neomatrix.elf
configparams force-mem-access 0
----------------End of Script----------------

18:26:28 INFO  : Memory regions updated for context APU
18:26:29 INFO  : Context for processor 'ps7_cortexa9_0' is selected.
18:26:29 INFO  : 'con' command is executed.
18:26:29 INFO  : ----------------XSDB Script (After Launch)----------------
targets -set -nocase -filter {name =~ "ARM*#0" && jtag_cable_name =~ "Avnet MiniZed V1 1234-oj1A"} -index 0
con
----------------End of Script----------------

18:26:29 INFO  : Launch script is exported to file 'C:\Users\admin\Documents\pxl\3dejaar\embedded_os\Eindopdracht_EOS\NeoMatrix3_project\NeoMatrix3_project.sdk\.sdk\launch_scripts\xilinx_c-c++_application_(system_debugger)\system_debugger_using_debug_freertos_neomatrix.elf_on_local.tcl'
18:29:29 INFO  : Disconnected from the channel tcfchan#2.
18:29:31 INFO  : 'targets -set -filter {jtag_cable_name =~ "Avnet MiniZed V1 1234-oj1A" && level==0} -index 1' command is executed.
18:29:31 INFO  : 'fpga -state' command is executed.
18:29:31 INFO  : Connected to target on host '127.0.0.1' and port '3121'.
18:29:31 INFO  : Jtag cable 'Avnet MiniZed V1 1234-oj1A' is selected.
18:29:31 INFO  : 'jtag frequency' command is executed.
18:29:31 INFO  : Sourcing of 'C:/Users/admin/Documents/pxl/3dejaar/embedded_os/Eindopdracht_EOS/NeoMatrix3_project/NeoMatrix3_project.sdk/design_1_wrapper_hw_platform_0/ps7_init.tcl' is done.
18:29:31 INFO  : Context for 'APU' is selected.
18:29:35 INFO  : Hardware design information is loaded from 'C:/Users/admin/Documents/pxl/3dejaar/embedded_os/Eindopdracht_EOS/NeoMatrix3_project/NeoMatrix3_project.sdk/design_1_wrapper_hw_platform_0/system.hdf'.
18:29:35 INFO  : 'configparams force-mem-access 1' command is executed.
18:29:35 INFO  : Context for 'APU' is selected.
18:29:35 INFO  : 'stop' command is executed.
18:29:36 INFO  : 'ps7_init' command is executed.
18:29:36 INFO  : 'ps7_post_config' command is executed.
18:29:36 INFO  : Context for processor 'ps7_cortexa9_0' is selected.
18:29:36 INFO  : Processor reset is completed for 'ps7_cortexa9_0'.
18:29:36 INFO  : Context for processor 'ps7_cortexa9_0' is selected.
18:29:36 INFO  : The application 'C:/Users/admin/Documents/pxl/3dejaar/embedded_os/Eindopdracht_EOS/NeoMatrix3_project/NeoMatrix3_project.sdk/freertos_neomatrix/Debug/freertos_neomatrix.elf' is downloaded to processor 'ps7_cortexa9_0'.
18:29:36 INFO  : 'configparams force-mem-access 0' command is executed.
18:29:36 INFO  : ----------------XSDB Script----------------
connect -url tcp:127.0.0.1:3121
source C:/Users/admin/Documents/pxl/3dejaar/embedded_os/Eindopdracht_EOS/NeoMatrix3_project/NeoMatrix3_project.sdk/design_1_wrapper_hw_platform_0/ps7_init.tcl
targets -set -nocase -filter {name =~"APU*" && jtag_cable_name =~ "Avnet MiniZed V1 1234-oj1A"} -index 0
loadhw -hw C:/Users/admin/Documents/pxl/3dejaar/embedded_os/Eindopdracht_EOS/NeoMatrix3_project/NeoMatrix3_project.sdk/design_1_wrapper_hw_platform_0/system.hdf -mem-ranges [list {0x40000000 0xbfffffff}]
configparams force-mem-access 1
targets -set -nocase -filter {name =~"APU*" && jtag_cable_name =~ "Avnet MiniZed V1 1234-oj1A"} -index 0
stop
ps7_init
ps7_post_config
targets -set -nocase -filter {name =~ "ARM*#0" && jtag_cable_name =~ "Avnet MiniZed V1 1234-oj1A"} -index 0
rst -processor
targets -set -nocase -filter {name =~ "ARM*#0" && jtag_cable_name =~ "Avnet MiniZed V1 1234-oj1A"} -index 0
dow C:/Users/admin/Documents/pxl/3dejaar/embedded_os/Eindopdracht_EOS/NeoMatrix3_project/NeoMatrix3_project.sdk/freertos_neomatrix/Debug/freertos_neomatrix.elf
configparams force-mem-access 0
----------------End of Script----------------

18:29:36 INFO  : Memory regions updated for context APU
18:29:37 INFO  : Context for processor 'ps7_cortexa9_0' is selected.
18:29:37 INFO  : 'con' command is executed.
18:29:37 INFO  : ----------------XSDB Script (After Launch)----------------
targets -set -nocase -filter {name =~ "ARM*#0" && jtag_cable_name =~ "Avnet MiniZed V1 1234-oj1A"} -index 0
con
----------------End of Script----------------

18:29:37 INFO  : Launch script is exported to file 'C:\Users\admin\Documents\pxl\3dejaar\embedded_os\Eindopdracht_EOS\NeoMatrix3_project\NeoMatrix3_project.sdk\.sdk\launch_scripts\xilinx_c-c++_application_(system_debugger)\system_debugger_using_debug_freertos_neomatrix.elf_on_local.tcl'
18:30:36 INFO  : Disconnected from the channel tcfchan#3.
18:30:37 INFO  : 'targets -set -filter {jtag_cable_name =~ "Avnet MiniZed V1 1234-oj1A" && level==0} -index 1' command is executed.
18:30:37 INFO  : 'fpga -state' command is executed.
18:30:37 INFO  : Connected to target on host '127.0.0.1' and port '3121'.
18:30:37 INFO  : Jtag cable 'Avnet MiniZed V1 1234-oj1A' is selected.
18:30:37 INFO  : 'jtag frequency' command is executed.
18:30:37 INFO  : Sourcing of 'C:/Users/admin/Documents/pxl/3dejaar/embedded_os/Eindopdracht_EOS/NeoMatrix3_project/NeoMatrix3_project.sdk/design_1_wrapper_hw_platform_0/ps7_init.tcl' is done.
18:30:37 INFO  : Context for 'APU' is selected.
18:30:41 INFO  : Hardware design information is loaded from 'C:/Users/admin/Documents/pxl/3dejaar/embedded_os/Eindopdracht_EOS/NeoMatrix3_project/NeoMatrix3_project.sdk/design_1_wrapper_hw_platform_0/system.hdf'.
18:30:41 INFO  : 'configparams force-mem-access 1' command is executed.
18:30:41 INFO  : Context for 'APU' is selected.
18:30:41 INFO  : 'stop' command is executed.
18:30:41 INFO  : 'ps7_init' command is executed.
18:30:41 INFO  : 'ps7_post_config' command is executed.
18:30:41 INFO  : Context for processor 'ps7_cortexa9_0' is selected.
18:30:42 INFO  : Processor reset is completed for 'ps7_cortexa9_0'.
18:30:42 INFO  : Context for processor 'ps7_cortexa9_0' is selected.
18:30:42 INFO  : The application 'C:/Users/admin/Documents/pxl/3dejaar/embedded_os/Eindopdracht_EOS/NeoMatrix3_project/NeoMatrix3_project.sdk/freertos_neomatrix/Debug/freertos_neomatrix.elf' is downloaded to processor 'ps7_cortexa9_0'.
18:30:42 INFO  : 'configparams force-mem-access 0' command is executed.
18:30:42 INFO  : ----------------XSDB Script----------------
connect -url tcp:127.0.0.1:3121
source C:/Users/admin/Documents/pxl/3dejaar/embedded_os/Eindopdracht_EOS/NeoMatrix3_project/NeoMatrix3_project.sdk/design_1_wrapper_hw_platform_0/ps7_init.tcl
targets -set -nocase -filter {name =~"APU*" && jtag_cable_name =~ "Avnet MiniZed V1 1234-oj1A"} -index 0
loadhw -hw C:/Users/admin/Documents/pxl/3dejaar/embedded_os/Eindopdracht_EOS/NeoMatrix3_project/NeoMatrix3_project.sdk/design_1_wrapper_hw_platform_0/system.hdf -mem-ranges [list {0x40000000 0xbfffffff}]
configparams force-mem-access 1
targets -set -nocase -filter {name =~"APU*" && jtag_cable_name =~ "Avnet MiniZed V1 1234-oj1A"} -index 0
stop
ps7_init
ps7_post_config
targets -set -nocase -filter {name =~ "ARM*#0" && jtag_cable_name =~ "Avnet MiniZed V1 1234-oj1A"} -index 0
rst -processor
targets -set -nocase -filter {name =~ "ARM*#0" && jtag_cable_name =~ "Avnet MiniZed V1 1234-oj1A"} -index 0
dow C:/Users/admin/Documents/pxl/3dejaar/embedded_os/Eindopdracht_EOS/NeoMatrix3_project/NeoMatrix3_project.sdk/freertos_neomatrix/Debug/freertos_neomatrix.elf
configparams force-mem-access 0
----------------End of Script----------------

18:30:42 INFO  : Memory regions updated for context APU
18:30:43 INFO  : Context for processor 'ps7_cortexa9_0' is selected.
18:30:43 INFO  : 'con' command is executed.
18:30:43 INFO  : ----------------XSDB Script (After Launch)----------------
targets -set -nocase -filter {name =~ "ARM*#0" && jtag_cable_name =~ "Avnet MiniZed V1 1234-oj1A"} -index 0
con
----------------End of Script----------------

18:30:43 INFO  : Launch script is exported to file 'C:\Users\admin\Documents\pxl\3dejaar\embedded_os\Eindopdracht_EOS\NeoMatrix3_project\NeoMatrix3_project.sdk\.sdk\launch_scripts\xilinx_c-c++_application_(system_debugger)\system_debugger_using_debug_freertos_neomatrix.elf_on_local.tcl'
18:32:47 INFO  : Disconnected from the channel tcfchan#4.
18:32:48 INFO  : 'targets -set -filter {jtag_cable_name =~ "Avnet MiniZed V1 1234-oj1A" && level==0} -index 1' command is executed.
18:32:48 INFO  : 'fpga -state' command is executed.
18:32:48 INFO  : Connected to target on host '127.0.0.1' and port '3121'.
18:32:49 INFO  : Jtag cable 'Avnet MiniZed V1 1234-oj1A' is selected.
18:32:49 INFO  : 'jtag frequency' command is executed.
18:32:49 INFO  : Sourcing of 'C:/Users/admin/Documents/pxl/3dejaar/embedded_os/Eindopdracht_EOS/NeoMatrix3_project/NeoMatrix3_project.sdk/design_1_wrapper_hw_platform_0/ps7_init.tcl' is done.
18:32:49 INFO  : Context for 'APU' is selected.
18:32:52 INFO  : Hardware design information is loaded from 'C:/Users/admin/Documents/pxl/3dejaar/embedded_os/Eindopdracht_EOS/NeoMatrix3_project/NeoMatrix3_project.sdk/design_1_wrapper_hw_platform_0/system.hdf'.
18:32:52 INFO  : 'configparams force-mem-access 1' command is executed.
18:32:52 INFO  : Context for 'APU' is selected.
18:32:52 INFO  : 'stop' command is executed.
18:32:52 INFO  : 'ps7_init' command is executed.
18:32:52 INFO  : 'ps7_post_config' command is executed.
18:32:52 INFO  : Context for processor 'ps7_cortexa9_0' is selected.
18:32:53 INFO  : Processor reset is completed for 'ps7_cortexa9_0'.
18:32:53 INFO  : Context for processor 'ps7_cortexa9_0' is selected.
18:32:53 INFO  : The application 'C:/Users/admin/Documents/pxl/3dejaar/embedded_os/Eindopdracht_EOS/NeoMatrix3_project/NeoMatrix3_project.sdk/freertos_neomatrix/Debug/freertos_neomatrix.elf' is downloaded to processor 'ps7_cortexa9_0'.
18:32:53 INFO  : 'configparams force-mem-access 0' command is executed.
18:32:53 INFO  : ----------------XSDB Script----------------
connect -url tcp:127.0.0.1:3121
source C:/Users/admin/Documents/pxl/3dejaar/embedded_os/Eindopdracht_EOS/NeoMatrix3_project/NeoMatrix3_project.sdk/design_1_wrapper_hw_platform_0/ps7_init.tcl
targets -set -nocase -filter {name =~"APU*" && jtag_cable_name =~ "Avnet MiniZed V1 1234-oj1A"} -index 0
loadhw -hw C:/Users/admin/Documents/pxl/3dejaar/embedded_os/Eindopdracht_EOS/NeoMatrix3_project/NeoMatrix3_project.sdk/design_1_wrapper_hw_platform_0/system.hdf -mem-ranges [list {0x40000000 0xbfffffff}]
configparams force-mem-access 1
targets -set -nocase -filter {name =~"APU*" && jtag_cable_name =~ "Avnet MiniZed V1 1234-oj1A"} -index 0
stop
ps7_init
ps7_post_config
targets -set -nocase -filter {name =~ "ARM*#0" && jtag_cable_name =~ "Avnet MiniZed V1 1234-oj1A"} -index 0
rst -processor
targets -set -nocase -filter {name =~ "ARM*#0" && jtag_cable_name =~ "Avnet MiniZed V1 1234-oj1A"} -index 0
dow C:/Users/admin/Documents/pxl/3dejaar/embedded_os/Eindopdracht_EOS/NeoMatrix3_project/NeoMatrix3_project.sdk/freertos_neomatrix/Debug/freertos_neomatrix.elf
configparams force-mem-access 0
----------------End of Script----------------

18:32:54 INFO  : Memory regions updated for context APU
18:32:54 INFO  : Context for processor 'ps7_cortexa9_0' is selected.
18:32:54 INFO  : 'con' command is executed.
18:32:54 INFO  : ----------------XSDB Script (After Launch)----------------
targets -set -nocase -filter {name =~ "ARM*#0" && jtag_cable_name =~ "Avnet MiniZed V1 1234-oj1A"} -index 0
con
----------------End of Script----------------

18:32:54 INFO  : Launch script is exported to file 'C:\Users\admin\Documents\pxl\3dejaar\embedded_os\Eindopdracht_EOS\NeoMatrix3_project\NeoMatrix3_project.sdk\.sdk\launch_scripts\xilinx_c-c++_application_(system_debugger)\system_debugger_using_debug_freertos_neomatrix.elf_on_local.tcl'
18:36:01 INFO  : Disconnected from the channel tcfchan#5.
11:30:49 INFO  : Registering command handlers for SDK TCF services
11:30:51 INFO  : Launching XSCT server: xsct.bat -interactive D:\Vivado_Projecten\EindOpdracht1\Eindopdracht_EOS\NeoMatrix3_project\NeoMatrix3_project.sdk\temp_xsdb_launch_script.tcl
11:30:56 INFO  : XSCT server has started successfully.
11:31:05 INFO  : Successfully done setting XSCT server connection channel  
11:31:05 INFO  : Successfully done setting SDK workspace  
11:31:05 INFO  : Processing command line option -hwspec D:/Vivado_Projecten/EindOpdracht1/Eindopdracht_EOS/NeoMatrix3_project/NeoMatrix3_project.sdk/design_1_wrapper.hdf.
11:35:23 INFO  : Refreshed build settings on project freertos_neomatrix
14:01:28 INFO  : Registering command handlers for SDK TCF services
14:01:29 INFO  : Launching XSCT server: xsct.bat -interactive D:\Vivado_Projecten\EindOpdracht1\Eindopdracht_EOS\NeoMatrix3_project\NeoMatrix3_project.sdk\temp_xsdb_launch_script.tcl
14:01:36 INFO  : XSCT server has started successfully.
14:01:36 INFO  : Successfully done setting XSCT server connection channel  
14:01:36 INFO  : Successfully done setting SDK workspace  
14:01:36 INFO  : Processing command line option -hwspec D:/Vivado_Projecten/EindOpdracht1/Eindopdracht_EOS/NeoMatrix3_project/NeoMatrix3_project.sdk/design_1_wrapper.hdf.
14:01:37 INFO  : Checking for hwspec changes in the project design_1_wrapper_hw_platform_1.
14:50:18 INFO  : Registering command handlers for SDK TCF services
14:50:19 INFO  : Launching XSCT server: xsct.bat -interactive D:\Vivado_Projecten\EindOpdracht1\Eindopdracht_EOS\NeoMatrix3_project\NeoMatrix3_project.sdk\temp_xsdb_launch_script.tcl
14:50:22 INFO  : XSCT server has started successfully.
14:50:22 INFO  : Successfully done setting XSCT server connection channel  
14:50:22 INFO  : Successfully done setting SDK workspace  
14:50:22 INFO  : Processing command line option -hwspec D:/Vivado_Projecten/EindOpdracht1/Eindopdracht_EOS/NeoMatrix3_project/NeoMatrix3_project.sdk/design_1_wrapper.hdf.
14:50:22 INFO  : Checking for hwspec changes in the project design_1_wrapper_hw_platform_1.
11:37:49 INFO  : Registering command handlers for SDK TCF services
11:37:50 INFO  : Launching XSCT server: xsct.bat -interactive D:\Vivado_Projecten\EindOpdracht1\Eindopdracht_EOS\NeoMatrix3_project\NeoMatrix3_project.sdk\temp_xsdb_launch_script.tcl
11:37:54 INFO  : XSCT server has started successfully.
11:37:56 INFO  : Successfully done setting XSCT server connection channel  
11:37:56 INFO  : Successfully done setting SDK workspace  
11:37:56 INFO  : Processing command line option -hwspec D:/Vivado_Projecten/EindOpdracht1/Eindopdracht_EOS/NeoMatrix3_project/NeoMatrix3_project.sdk/design_1_wrapper.hdf.
11:37:56 INFO  : Checking for hwspec changes in the project design_1_wrapper_hw_platform_1.
11:34:19 INFO  : Registering command handlers for SDK TCF services
11:34:20 INFO  : Launching XSCT server: xsct.bat -interactive D:\Vivado_Projecten\EindOpdracht1\Eindopdracht_EOS\NeoMatrix3_project\NeoMatrix3_project.sdk\temp_xsdb_launch_script.tcl
11:34:22 INFO  : XSCT server has started successfully.
11:34:22 INFO  : Successfully done setting XSCT server connection channel  
11:34:22 INFO  : Successfully done setting SDK workspace  
11:34:22 INFO  : Processing command line option -hwspec D:/Vivado_Projecten/EindOpdracht1/Eindopdracht_EOS/NeoMatrix3_project/NeoMatrix3_project.sdk/design_1_wrapper.hdf.
11:34:22 INFO  : Checking for hwspec changes in the project design_1_wrapper_hw_platform_1.
16:34:41 INFO  : Registering command handlers for SDK TCF services
16:34:42 INFO  : Launching XSCT server: xsct.bat -interactive D:\Vivado_Projecten\EindOpdracht1\Eindopdracht_EOS\NeoMatrix3_project\NeoMatrix3_project.sdk\temp_xsdb_launch_script.tcl
16:34:49 INFO  : XSCT server has started successfully.
16:34:49 INFO  : Successfully done setting XSCT server connection channel  
16:34:49 INFO  : Successfully done setting SDK workspace  
16:34:49 INFO  : Processing command line option -hwspec D:/Vivado_Projecten/EindOpdracht1/Eindopdracht_EOS/NeoMatrix3_project/NeoMatrix3_project.sdk/design_1_wrapper.hdf.
16:34:50 INFO  : Checking for hwspec changes in the project design_1_wrapper_hw_platform_1.
16:42:12 INFO  : Registering command handlers for SDK TCF services
16:42:13 INFO  : Launching XSCT server: xsct.bat -interactive D:\Vivado_Projecten\EindOpdracht1\Eindopdracht_EOS\NeoMatrix3_project\NeoMatrix3_project.sdk\temp_xsdb_launch_script.tcl
16:42:18 INFO  : XSCT server has started successfully.
16:42:19 INFO  : Successfully done setting XSCT server connection channel  
16:42:19 INFO  : Successfully done setting SDK workspace  
16:42:19 INFO  : Processing command line option -hwspec D:/Vivado_Projecten/EindOpdracht1/Eindopdracht_EOS/NeoMatrix3_project/NeoMatrix3_project.sdk/design_1_wrapper.hdf.
16:42:19 INFO  : Checking for hwspec changes in the project design_1_wrapper_hw_platform_1.
19:22:44 INFO  : Registering command handlers for SDK TCF services
19:22:48 INFO  : Launching XSCT server: xsct.bat -interactive C:\Users\admin\Documents\pxl\3dejaar\embedded_os\Eindopdracht_EOS\NeoMatrix3_project\NeoMatrix3_project.sdk\temp_xsdb_launch_script.tcl
19:22:58 INFO  : XSCT server has started successfully.
19:22:58 INFO  : Successfully done setting XSCT server connection channel  
19:23:06 INFO  : Processing command line option -hwspec C:/Users/admin/Documents/pxl/3dejaar/embedded_os/Eindopdracht_EOS/NeoMatrix3_project/NeoMatrix3_project.sdk/design_1_wrapper.hdf.
19:23:06 INFO  : Successfully done setting SDK workspace  
19:23:06 INFO  : Checking for hwspec changes in the project design_1_wrapper_hw_platform_0.
19:23:15 INFO  : SDK has detected change in the last modified timestamps for source hardware specification file Source:1578075707654,  Project:1576428425823
19:23:15 INFO  : The hardware specification for project 'design_1_wrapper_hw_platform_0' is different from C:/Users/admin/Documents/pxl/3dejaar/embedded_os/Eindopdracht_EOS/NeoMatrix3_project/NeoMatrix3_project.sdk/design_1_wrapper.hdf.
19:24:20 INFO  : Copied contents of C:/Users/admin/Documents/pxl/3dejaar/embedded_os/Eindopdracht_EOS/NeoMatrix3_project/NeoMatrix3_project.sdk/design_1_wrapper.hdf into \design_1_wrapper_hw_platform_0\system.hdf.
19:24:28 INFO  : Synchronizing projects in the workspace with the hardware platform specification changes.
19:24:40 INFO  : 
19:24:41 INFO  : Updating hardware inferred compiler options for freertos_neomatrix.
19:24:41 INFO  : Clearing existing target manager status.
19:27:13 INFO  : Connected to target on host '127.0.0.1' and port '3121'.
19:27:15 INFO  : 'targets -set -filter {jtag_cable_name =~ "Avnet MiniZed V1 1234-oj1A" && level==0} -index 1' command is executed.
19:27:16 INFO  : FPGA configured successfully with bitstream "C:/Users/admin/Documents/pxl/3dejaar/embedded_os/Eindopdracht_EOS/NeoMatrix3_project/NeoMatrix3_project.sdk/design_1_wrapper_hw_platform_0/design_1_wrapper.bit"
19:27:29 INFO  : 'targets -set -filter {jtag_cable_name =~ "Avnet MiniZed V1 1234-oj1A" && level==0} -index 1' command is executed.
19:27:29 INFO  : 'fpga -state' command is executed.
19:27:29 INFO  : Connected to target on host '127.0.0.1' and port '3121'.
19:27:29 INFO  : Jtag cable 'Avnet MiniZed V1 1234-oj1A' is selected.
19:27:29 INFO  : 'jtag frequency' command is executed.
19:27:29 INFO  : Sourcing of 'C:/Users/admin/Documents/pxl/3dejaar/embedded_os/Eindopdracht_EOS/NeoMatrix3_project/NeoMatrix3_project.sdk/design_1_wrapper_hw_platform_0/ps7_init.tcl' is done.
19:27:29 INFO  : Context for 'APU' is selected.
19:27:29 INFO  : Hardware design information is loaded from 'C:/Users/admin/Documents/pxl/3dejaar/embedded_os/Eindopdracht_EOS/NeoMatrix3_project/NeoMatrix3_project.sdk/design_1_wrapper_hw_platform_0/system.hdf'.
19:27:29 INFO  : 'configparams force-mem-access 1' command is executed.
19:27:30 INFO  : Context for 'APU' is selected.
19:27:30 INFO  : 'stop' command is executed.
19:27:30 INFO  : 'ps7_init' command is executed.
19:27:30 INFO  : 'ps7_post_config' command is executed.
19:27:30 INFO  : Context for processor 'ps7_cortexa9_0' is selected.
19:27:30 INFO  : Processor reset is completed for 'ps7_cortexa9_0'.
19:27:30 INFO  : Context for processor 'ps7_cortexa9_0' is selected.
19:27:31 INFO  : The application 'C:/Users/admin/Documents/pxl/3dejaar/embedded_os/Eindopdracht_EOS/NeoMatrix3_project/NeoMatrix3_project.sdk/freertos_neomatrix/Debug/freertos_neomatrix.elf' is downloaded to processor 'ps7_cortexa9_0'.
19:27:31 INFO  : 'configparams force-mem-access 0' command is executed.
19:27:31 INFO  : ----------------XSDB Script----------------
connect -url tcp:127.0.0.1:3121
source C:/Users/admin/Documents/pxl/3dejaar/embedded_os/Eindopdracht_EOS/NeoMatrix3_project/NeoMatrix3_project.sdk/design_1_wrapper_hw_platform_0/ps7_init.tcl
targets -set -nocase -filter {name =~"APU*" && jtag_cable_name =~ "Avnet MiniZed V1 1234-oj1A"} -index 0
loadhw -hw C:/Users/admin/Documents/pxl/3dejaar/embedded_os/Eindopdracht_EOS/NeoMatrix3_project/NeoMatrix3_project.sdk/design_1_wrapper_hw_platform_0/system.hdf -mem-ranges [list {0x40000000 0xbfffffff}]
configparams force-mem-access 1
targets -set -nocase -filter {name =~"APU*" && jtag_cable_name =~ "Avnet MiniZed V1 1234-oj1A"} -index 0
stop
ps7_init
ps7_post_config
targets -set -nocase -filter {name =~ "ARM*#0" && jtag_cable_name =~ "Avnet MiniZed V1 1234-oj1A"} -index 0
rst -processor
targets -set -nocase -filter {name =~ "ARM*#0" && jtag_cable_name =~ "Avnet MiniZed V1 1234-oj1A"} -index 0
dow C:/Users/admin/Documents/pxl/3dejaar/embedded_os/Eindopdracht_EOS/NeoMatrix3_project/NeoMatrix3_project.sdk/freertos_neomatrix/Debug/freertos_neomatrix.elf
configparams force-mem-access 0
----------------End of Script----------------

19:27:31 INFO  : Memory regions updated for context APU
19:27:31 INFO  : Context for processor 'ps7_cortexa9_0' is selected.
19:27:31 INFO  : 'con' command is executed.
19:27:31 INFO  : ----------------XSDB Script (After Launch)----------------
targets -set -nocase -filter {name =~ "ARM*#0" && jtag_cable_name =~ "Avnet MiniZed V1 1234-oj1A"} -index 0
con
----------------End of Script----------------

19:27:31 INFO  : Launch script is exported to file 'C:\Users\admin\Documents\pxl\3dejaar\embedded_os\Eindopdracht_EOS\NeoMatrix3_project\NeoMatrix3_project.sdk\.sdk\launch_scripts\xilinx_c-c++_application_(system_debugger)\system_debugger_using_debug_freertos_neomatrix.elf_on_local.tcl'
19:31:40 INFO  : Disconnected from the channel tcfchan#1.
19:31:41 INFO  : 'targets -set -filter {jtag_cable_name =~ "Avnet MiniZed V1 1234-oj1A" && level==0} -index 1' command is executed.
19:31:41 INFO  : 'fpga -state' command is executed.
19:31:41 INFO  : Connected to target on host '127.0.0.1' and port '3121'.
19:31:41 INFO  : Jtag cable 'Avnet MiniZed V1 1234-oj1A' is selected.
19:31:41 INFO  : 'jtag frequency' command is executed.
19:31:41 INFO  : Sourcing of 'C:/Users/admin/Documents/pxl/3dejaar/embedded_os/Eindopdracht_EOS/NeoMatrix3_project/NeoMatrix3_project.sdk/design_1_wrapper_hw_platform_0/ps7_init.tcl' is done.
19:31:41 INFO  : Context for 'APU' is selected.
19:31:44 INFO  : Hardware design information is loaded from 'C:/Users/admin/Documents/pxl/3dejaar/embedded_os/Eindopdracht_EOS/NeoMatrix3_project/NeoMatrix3_project.sdk/design_1_wrapper_hw_platform_0/system.hdf'.
19:31:44 INFO  : 'configparams force-mem-access 1' command is executed.
19:31:44 INFO  : Context for 'APU' is selected.
19:31:44 INFO  : 'stop' command is executed.
19:31:46 INFO  : 'ps7_init' command is executed.
19:31:46 INFO  : 'ps7_post_config' command is executed.
19:31:46 INFO  : Context for processor 'ps7_cortexa9_0' is selected.
19:31:46 INFO  : Processor reset is completed for 'ps7_cortexa9_0'.
19:31:46 INFO  : Context for processor 'ps7_cortexa9_0' is selected.
19:31:47 INFO  : The application 'C:/Users/admin/Documents/pxl/3dejaar/embedded_os/Eindopdracht_EOS/NeoMatrix3_project/NeoMatrix3_project.sdk/freertos_neomatrix/Debug/freertos_neomatrix.elf' is downloaded to processor 'ps7_cortexa9_0'.
19:31:47 INFO  : 'configparams force-mem-access 0' command is executed.
19:31:47 INFO  : ----------------XSDB Script----------------
connect -url tcp:127.0.0.1:3121
source C:/Users/admin/Documents/pxl/3dejaar/embedded_os/Eindopdracht_EOS/NeoMatrix3_project/NeoMatrix3_project.sdk/design_1_wrapper_hw_platform_0/ps7_init.tcl
targets -set -nocase -filter {name =~"APU*" && jtag_cable_name =~ "Avnet MiniZed V1 1234-oj1A"} -index 0
loadhw -hw C:/Users/admin/Documents/pxl/3dejaar/embedded_os/Eindopdracht_EOS/NeoMatrix3_project/NeoMatrix3_project.sdk/design_1_wrapper_hw_platform_0/system.hdf -mem-ranges [list {0x40000000 0xbfffffff}]
configparams force-mem-access 1
targets -set -nocase -filter {name =~"APU*" && jtag_cable_name =~ "Avnet MiniZed V1 1234-oj1A"} -index 0
stop
ps7_init
ps7_post_config
targets -set -nocase -filter {name =~ "ARM*#0" && jtag_cable_name =~ "Avnet MiniZed V1 1234-oj1A"} -index 0
rst -processor
targets -set -nocase -filter {name =~ "ARM*#0" && jtag_cable_name =~ "Avnet MiniZed V1 1234-oj1A"} -index 0
dow C:/Users/admin/Documents/pxl/3dejaar/embedded_os/Eindopdracht_EOS/NeoMatrix3_project/NeoMatrix3_project.sdk/freertos_neomatrix/Debug/freertos_neomatrix.elf
configparams force-mem-access 0
----------------End of Script----------------

19:31:47 INFO  : Memory regions updated for context APU
19:31:47 INFO  : Context for processor 'ps7_cortexa9_0' is selected.
19:31:47 INFO  : 'con' command is executed.
19:31:47 INFO  : ----------------XSDB Script (After Launch)----------------
targets -set -nocase -filter {name =~ "ARM*#0" && jtag_cable_name =~ "Avnet MiniZed V1 1234-oj1A"} -index 0
con
----------------End of Script----------------

19:31:47 INFO  : Launch script is exported to file 'C:\Users\admin\Documents\pxl\3dejaar\embedded_os\Eindopdracht_EOS\NeoMatrix3_project\NeoMatrix3_project.sdk\.sdk\launch_scripts\xilinx_c-c++_application_(system_debugger)\system_debugger_using_debug_freertos_neomatrix.elf_on_local.tcl'
19:33:10 INFO  : Disconnected from the channel tcfchan#2.
19:33:12 INFO  : 'targets -set -filter {jtag_cable_name =~ "Avnet MiniZed V1 1234-oj1A" && level==0} -index 1' command is executed.
19:33:12 INFO  : 'fpga -state' command is executed.
19:33:12 INFO  : Connected to target on host '127.0.0.1' and port '3121'.
19:33:12 INFO  : Jtag cable 'Avnet MiniZed V1 1234-oj1A' is selected.
19:33:12 INFO  : 'jtag frequency' command is executed.
19:33:12 INFO  : Sourcing of 'C:/Users/admin/Documents/pxl/3dejaar/embedded_os/Eindopdracht_EOS/NeoMatrix3_project/NeoMatrix3_project.sdk/design_1_wrapper_hw_platform_0/ps7_init.tcl' is done.
19:33:13 INFO  : Context for 'APU' is selected.
19:33:13 INFO  : Hardware design information is loaded from 'C:/Users/admin/Documents/pxl/3dejaar/embedded_os/Eindopdracht_EOS/NeoMatrix3_project/NeoMatrix3_project.sdk/design_1_wrapper_hw_platform_0/system.hdf'.
19:33:13 INFO  : 'configparams force-mem-access 1' command is executed.
19:33:13 INFO  : Context for 'APU' is selected.
19:33:13 INFO  : 'stop' command is executed.
19:33:13 INFO  : 'ps7_init' command is executed.
19:33:13 INFO  : 'ps7_post_config' command is executed.
19:33:13 INFO  : Context for processor 'ps7_cortexa9_0' is selected.
19:33:13 INFO  : Processor reset is completed for 'ps7_cortexa9_0'.
19:33:13 INFO  : Context for processor 'ps7_cortexa9_0' is selected.
19:33:14 INFO  : The application 'C:/Users/admin/Documents/pxl/3dejaar/embedded_os/Eindopdracht_EOS/NeoMatrix3_project/NeoMatrix3_project.sdk/freertos_neomatrix/Debug/freertos_neomatrix.elf' is downloaded to processor 'ps7_cortexa9_0'.
19:33:14 INFO  : 'configparams force-mem-access 0' command is executed.
19:33:14 INFO  : ----------------XSDB Script----------------
connect -url tcp:127.0.0.1:3121
source C:/Users/admin/Documents/pxl/3dejaar/embedded_os/Eindopdracht_EOS/NeoMatrix3_project/NeoMatrix3_project.sdk/design_1_wrapper_hw_platform_0/ps7_init.tcl
targets -set -nocase -filter {name =~"APU*" && jtag_cable_name =~ "Avnet MiniZed V1 1234-oj1A"} -index 0
loadhw -hw C:/Users/admin/Documents/pxl/3dejaar/embedded_os/Eindopdracht_EOS/NeoMatrix3_project/NeoMatrix3_project.sdk/design_1_wrapper_hw_platform_0/system.hdf -mem-ranges [list {0x40000000 0xbfffffff}]
configparams force-mem-access 1
targets -set -nocase -filter {name =~"APU*" && jtag_cable_name =~ "Avnet MiniZed V1 1234-oj1A"} -index 0
stop
ps7_init
ps7_post_config
targets -set -nocase -filter {name =~ "ARM*#0" && jtag_cable_name =~ "Avnet MiniZed V1 1234-oj1A"} -index 0
rst -processor
targets -set -nocase -filter {name =~ "ARM*#0" && jtag_cable_name =~ "Avnet MiniZed V1 1234-oj1A"} -index 0
dow C:/Users/admin/Documents/pxl/3dejaar/embedded_os/Eindopdracht_EOS/NeoMatrix3_project/NeoMatrix3_project.sdk/freertos_neomatrix/Debug/freertos_neomatrix.elf
configparams force-mem-access 0
----------------End of Script----------------

19:33:14 INFO  : Memory regions updated for context APU
19:33:14 INFO  : Context for processor 'ps7_cortexa9_0' is selected.
19:33:14 INFO  : 'con' command is executed.
19:33:14 INFO  : ----------------XSDB Script (After Launch)----------------
targets -set -nocase -filter {name =~ "ARM*#0" && jtag_cable_name =~ "Avnet MiniZed V1 1234-oj1A"} -index 0
con
----------------End of Script----------------

19:33:14 INFO  : Launch script is exported to file 'C:\Users\admin\Documents\pxl\3dejaar\embedded_os\Eindopdracht_EOS\NeoMatrix3_project\NeoMatrix3_project.sdk\.sdk\launch_scripts\xilinx_c-c++_application_(system_debugger)\system_debugger_using_debug_freertos_neomatrix.elf_on_local.tcl'
19:39:55 INFO  : Connected to target on host '127.0.0.1' and port '3121'.
19:39:56 INFO  : 'targets -set -filter {jtag_cable_name =~ "Avnet MiniZed V1 1234-oj1A" && level==0} -index 1' command is executed.
19:39:57 INFO  : FPGA configured successfully with bitstream "C:/Users/admin/Documents/pxl/3dejaar/embedded_os/Eindopdracht_EOS/NeoMatrix3_project/NeoMatrix3_project.sdk/design_1_wrapper_hw_platform_0/design_1_wrapper.bit"
19:40:13 INFO  : Disconnected from the channel tcfchan#3.
19:40:15 INFO  : 'targets -set -filter {jtag_cable_name =~ "Avnet MiniZed V1 1234-oj1A" && level==0} -index 1' command is executed.
19:40:16 INFO  : 'fpga -state' command is executed.
19:40:16 INFO  : Connected to target on host '127.0.0.1' and port '3121'.
19:40:16 INFO  : Jtag cable 'Avnet MiniZed V1 1234-oj1A' is selected.
19:40:16 INFO  : 'jtag frequency' command is executed.
19:40:16 INFO  : Sourcing of 'C:/Users/admin/Documents/pxl/3dejaar/embedded_os/Eindopdracht_EOS/NeoMatrix3_project/NeoMatrix3_project.sdk/design_1_wrapper_hw_platform_0/ps7_init.tcl' is done.
19:40:17 INFO  : Context for 'APU' is selected.
19:40:17 INFO  : Hardware design information is loaded from 'C:/Users/admin/Documents/pxl/3dejaar/embedded_os/Eindopdracht_EOS/NeoMatrix3_project/NeoMatrix3_project.sdk/design_1_wrapper_hw_platform_0/system.hdf'.
19:40:17 INFO  : 'configparams force-mem-access 1' command is executed.
19:40:17 INFO  : Context for 'APU' is selected.
19:40:17 INFO  : 'stop' command is executed.
19:40:18 INFO  : 'ps7_init' command is executed.
19:40:19 INFO  : 'ps7_post_config' command is executed.
19:40:19 INFO  : Context for processor 'ps7_cortexa9_0' is selected.
19:40:20 INFO  : Processor reset is completed for 'ps7_cortexa9_0'.
19:40:20 INFO  : Context for processor 'ps7_cortexa9_0' is selected.
19:40:20 INFO  : The application 'C:/Users/admin/Documents/pxl/3dejaar/embedded_os/Eindopdracht_EOS/NeoMatrix3_project/NeoMatrix3_project.sdk/freertos_neomatrix/Debug/freertos_neomatrix.elf' is downloaded to processor 'ps7_cortexa9_0'.
19:40:20 INFO  : 'configparams force-mem-access 0' command is executed.
19:40:20 INFO  : ----------------XSDB Script----------------
connect -url tcp:127.0.0.1:3121
source C:/Users/admin/Documents/pxl/3dejaar/embedded_os/Eindopdracht_EOS/NeoMatrix3_project/NeoMatrix3_project.sdk/design_1_wrapper_hw_platform_0/ps7_init.tcl
targets -set -nocase -filter {name =~"APU*" && jtag_cable_name =~ "Avnet MiniZed V1 1234-oj1A"} -index 0
loadhw -hw C:/Users/admin/Documents/pxl/3dejaar/embedded_os/Eindopdracht_EOS/NeoMatrix3_project/NeoMatrix3_project.sdk/design_1_wrapper_hw_platform_0/system.hdf -mem-ranges [list {0x40000000 0xbfffffff}]
configparams force-mem-access 1
targets -set -nocase -filter {name =~"APU*" && jtag_cable_name =~ "Avnet MiniZed V1 1234-oj1A"} -index 0
stop
ps7_init
ps7_post_config
targets -set -nocase -filter {name =~ "ARM*#0" && jtag_cable_name =~ "Avnet MiniZed V1 1234-oj1A"} -index 0
rst -processor
targets -set -nocase -filter {name =~ "ARM*#0" && jtag_cable_name =~ "Avnet MiniZed V1 1234-oj1A"} -index 0
dow C:/Users/admin/Documents/pxl/3dejaar/embedded_os/Eindopdracht_EOS/NeoMatrix3_project/NeoMatrix3_project.sdk/freertos_neomatrix/Debug/freertos_neomatrix.elf
configparams force-mem-access 0
----------------End of Script----------------

19:40:20 INFO  : Memory regions updated for context APU
19:40:20 INFO  : Context for processor 'ps7_cortexa9_0' is selected.
19:40:21 INFO  : 'con' command is executed.
19:40:21 INFO  : ----------------XSDB Script (After Launch)----------------
targets -set -nocase -filter {name =~ "ARM*#0" && jtag_cable_name =~ "Avnet MiniZed V1 1234-oj1A"} -index 0
con
----------------End of Script----------------

19:40:21 INFO  : Launch script is exported to file 'C:\Users\admin\Documents\pxl\3dejaar\embedded_os\Eindopdracht_EOS\NeoMatrix3_project\NeoMatrix3_project.sdk\.sdk\launch_scripts\xilinx_c-c++_application_(system_debugger)\system_debugger_using_debug_freertos_neomatrix.elf_on_local.tcl'
19:41:01 INFO  : Disconnected from the channel tcfchan#4.
19:41:02 INFO  : 'targets -set -filter {jtag_cable_name =~ "Avnet MiniZed V1 1234-oj1A" && level==0} -index 1' command is executed.
19:41:02 INFO  : 'fpga -state' command is executed.
19:41:02 INFO  : Connected to target on host '127.0.0.1' and port '3121'.
19:41:03 INFO  : Jtag cable 'Avnet MiniZed V1 1234-oj1A' is selected.
19:41:03 INFO  : 'jtag frequency' command is executed.
19:41:03 INFO  : Sourcing of 'C:/Users/admin/Documents/pxl/3dejaar/embedded_os/Eindopdracht_EOS/NeoMatrix3_project/NeoMatrix3_project.sdk/design_1_wrapper_hw_platform_0/ps7_init.tcl' is done.
19:41:03 INFO  : Context for 'APU' is selected.
19:41:03 INFO  : Hardware design information is loaded from 'C:/Users/admin/Documents/pxl/3dejaar/embedded_os/Eindopdracht_EOS/NeoMatrix3_project/NeoMatrix3_project.sdk/design_1_wrapper_hw_platform_0/system.hdf'.
19:41:03 INFO  : 'configparams force-mem-access 1' command is executed.
19:41:03 INFO  : Context for 'APU' is selected.
19:41:03 INFO  : 'stop' command is executed.
19:41:04 INFO  : 'ps7_init' command is executed.
19:41:04 INFO  : 'ps7_post_config' command is executed.
19:41:04 INFO  : Context for processor 'ps7_cortexa9_0' is selected.
19:41:04 INFO  : Processor reset is completed for 'ps7_cortexa9_0'.
19:41:04 INFO  : Context for processor 'ps7_cortexa9_0' is selected.
19:41:04 INFO  : The application 'C:/Users/admin/Documents/pxl/3dejaar/embedded_os/Eindopdracht_EOS/NeoMatrix3_project/NeoMatrix3_project.sdk/freertos_neomatrix/Debug/freertos_neomatrix.elf' is downloaded to processor 'ps7_cortexa9_0'.
19:41:04 INFO  : 'configparams force-mem-access 0' command is executed.
19:41:04 INFO  : ----------------XSDB Script----------------
connect -url tcp:127.0.0.1:3121
source C:/Users/admin/Documents/pxl/3dejaar/embedded_os/Eindopdracht_EOS/NeoMatrix3_project/NeoMatrix3_project.sdk/design_1_wrapper_hw_platform_0/ps7_init.tcl
targets -set -nocase -filter {name =~"APU*" && jtag_cable_name =~ "Avnet MiniZed V1 1234-oj1A"} -index 0
loadhw -hw C:/Users/admin/Documents/pxl/3dejaar/embedded_os/Eindopdracht_EOS/NeoMatrix3_project/NeoMatrix3_project.sdk/design_1_wrapper_hw_platform_0/system.hdf -mem-ranges [list {0x40000000 0xbfffffff}]
configparams force-mem-access 1
targets -set -nocase -filter {name =~"APU*" && jtag_cable_name =~ "Avnet MiniZed V1 1234-oj1A"} -index 0
stop
ps7_init
ps7_post_config
targets -set -nocase -filter {name =~ "ARM*#0" && jtag_cable_name =~ "Avnet MiniZed V1 1234-oj1A"} -index 0
rst -processor
targets -set -nocase -filter {name =~ "ARM*#0" && jtag_cable_name =~ "Avnet MiniZed V1 1234-oj1A"} -index 0
dow C:/Users/admin/Documents/pxl/3dejaar/embedded_os/Eindopdracht_EOS/NeoMatrix3_project/NeoMatrix3_project.sdk/freertos_neomatrix/Debug/freertos_neomatrix.elf
configparams force-mem-access 0
----------------End of Script----------------

19:41:04 INFO  : Memory regions updated for context APU
19:41:04 INFO  : Context for processor 'ps7_cortexa9_0' is selected.
19:41:04 INFO  : 'con' command is executed.
19:41:04 INFO  : ----------------XSDB Script (After Launch)----------------
targets -set -nocase -filter {name =~ "ARM*#0" && jtag_cable_name =~ "Avnet MiniZed V1 1234-oj1A"} -index 0
con
----------------End of Script----------------

19:41:04 INFO  : Launch script is exported to file 'C:\Users\admin\Documents\pxl\3dejaar\embedded_os\Eindopdracht_EOS\NeoMatrix3_project\NeoMatrix3_project.sdk\.sdk\launch_scripts\xilinx_c-c++_application_(system_debugger)\system_debugger_using_debug_freertos_neomatrix.elf_on_local.tcl'
19:45:17 INFO  : Connected to target on host '127.0.0.1' and port '3121'.
19:45:20 INFO  : 'targets -set -filter {jtag_cable_name =~ "Avnet MiniZed V1 1234-oj1A" && level==0} -index 1' command is executed.
19:45:22 INFO  : FPGA configured successfully with bitstream "C:/Users/admin/Documents/pxl/3dejaar/embedded_os/Eindopdracht_EOS/NeoMatrix3_project/NeoMatrix3_project.sdk/design_1_wrapper_hw_platform_0/design_1_wrapper.bit"
19:53:18 INFO  : Connected to target on host '127.0.0.1' and port '3121'.
19:53:18 INFO  : 'targets -set -filter {jtag_cable_name =~ "Avnet MiniZed V1 1234-oj1A" && level==0} -index 1' command is executed.
19:53:19 INFO  : FPGA configured successfully with bitstream "C:/Users/admin/Documents/pxl/3dejaar/embedded_os/Eindopdracht_EOS/NeoMatrix3_project/NeoMatrix3_project.sdk/design_1_wrapper_hw_platform_1/design_1_wrapper.bit"
19:55:29 INFO  : Disconnected from the channel tcfchan#5.
19:55:30 INFO  : 'targets -set -filter {jtag_cable_name =~ "Avnet MiniZed V1 1234-oj1A" && level==0} -index 1' command is executed.
19:55:30 INFO  : 'fpga -state' command is executed.
19:55:30 INFO  : Connected to target on host '127.0.0.1' and port '3121'.
19:55:30 INFO  : Jtag cable 'Avnet MiniZed V1 1234-oj1A' is selected.
19:55:30 INFO  : 'jtag frequency' command is executed.
19:55:30 INFO  : Sourcing of 'C:/Users/admin/Documents/pxl/3dejaar/embedded_os/Eindopdracht_EOS/NeoMatrix3_project/NeoMatrix3_project.sdk/design_1_wrapper_hw_platform_0/ps7_init.tcl' is done.
19:55:31 INFO  : Context for 'APU' is selected.
19:55:31 INFO  : Hardware design information is loaded from 'C:/Users/admin/Documents/pxl/3dejaar/embedded_os/Eindopdracht_EOS/NeoMatrix3_project/NeoMatrix3_project.sdk/design_1_wrapper_hw_platform_0/system.hdf'.
19:55:31 INFO  : 'configparams force-mem-access 1' command is executed.
19:55:32 INFO  : Context for 'APU' is selected.
19:55:32 INFO  : 'stop' command is executed.
19:55:36 INFO  : 'ps7_init' command is executed.
19:55:36 INFO  : 'ps7_post_config' command is executed.
19:55:36 INFO  : Context for processor 'ps7_cortexa9_0' is selected.
19:55:36 INFO  : Processor reset is completed for 'ps7_cortexa9_0'.
19:55:37 INFO  : Context for processor 'ps7_cortexa9_0' is selected.
19:55:37 INFO  : The application 'C:/Users/admin/Documents/pxl/3dejaar/embedded_os/Eindopdracht_EOS/NeoMatrix3_project/NeoMatrix3_project.sdk/freertos_neomatrix/Debug/freertos_neomatrix.elf' is downloaded to processor 'ps7_cortexa9_0'.
19:55:37 INFO  : 'configparams force-mem-access 0' command is executed.
19:55:37 INFO  : ----------------XSDB Script----------------
connect -url tcp:127.0.0.1:3121
source C:/Users/admin/Documents/pxl/3dejaar/embedded_os/Eindopdracht_EOS/NeoMatrix3_project/NeoMatrix3_project.sdk/design_1_wrapper_hw_platform_0/ps7_init.tcl
targets -set -nocase -filter {name =~"APU*" && jtag_cable_name =~ "Avnet MiniZed V1 1234-oj1A"} -index 0
loadhw -hw C:/Users/admin/Documents/pxl/3dejaar/embedded_os/Eindopdracht_EOS/NeoMatrix3_project/NeoMatrix3_project.sdk/design_1_wrapper_hw_platform_0/system.hdf -mem-ranges [list {0x40000000 0xbfffffff}]
configparams force-mem-access 1
targets -set -nocase -filter {name =~"APU*" && jtag_cable_name =~ "Avnet MiniZed V1 1234-oj1A"} -index 0
stop
ps7_init
ps7_post_config
targets -set -nocase -filter {name =~ "ARM*#0" && jtag_cable_name =~ "Avnet MiniZed V1 1234-oj1A"} -index 0
rst -processor
targets -set -nocase -filter {name =~ "ARM*#0" && jtag_cable_name =~ "Avnet MiniZed V1 1234-oj1A"} -index 0
dow C:/Users/admin/Documents/pxl/3dejaar/embedded_os/Eindopdracht_EOS/NeoMatrix3_project/NeoMatrix3_project.sdk/freertos_neomatrix/Debug/freertos_neomatrix.elf
configparams force-mem-access 0
----------------End of Script----------------

19:55:37 INFO  : Memory regions updated for context APU
19:55:37 INFO  : Context for processor 'ps7_cortexa9_0' is selected.
19:55:37 INFO  : 'con' command is executed.
19:55:37 INFO  : ----------------XSDB Script (After Launch)----------------
targets -set -nocase -filter {name =~ "ARM*#0" && jtag_cable_name =~ "Avnet MiniZed V1 1234-oj1A"} -index 0
con
----------------End of Script----------------

19:55:37 INFO  : Launch script is exported to file 'C:\Users\admin\Documents\pxl\3dejaar\embedded_os\Eindopdracht_EOS\NeoMatrix3_project\NeoMatrix3_project.sdk\.sdk\launch_scripts\xilinx_c-c++_application_(system_debugger)\system_debugger_using_debug_freertos_neomatrix.elf_on_local.tcl'
20:28:17 INFO  : Connected to target on host '127.0.0.1' and port '3121'.
20:28:18 INFO  : 'targets -set -filter {jtag_cable_name =~ "Avnet MiniZed V1 1234-oj1A" && level==0} -index 1' command is executed.
20:28:19 INFO  : FPGA configured successfully with bitstream "C:/Users/admin/Documents/pxl/3dejaar/embedded_os/Eindopdracht_EOS/NeoMatrix3_project/NeoMatrix3_project.sdk/design_1_wrapper_hw_platform_1/design_1_wrapper.bit"
20:28:29 INFO  : Disconnected from the channel tcfchan#6.
20:28:30 INFO  : 'targets -set -filter {jtag_cable_name =~ "Avnet MiniZed V1 1234-oj1A" && level==0} -index 1' command is executed.
20:28:30 INFO  : 'fpga -state' command is executed.
20:28:30 INFO  : Connected to target on host '127.0.0.1' and port '3121'.
20:28:31 INFO  : Jtag cable 'Avnet MiniZed V1 1234-oj1A' is selected.
20:28:31 INFO  : 'jtag frequency' command is executed.
20:28:31 INFO  : Sourcing of 'C:/Users/admin/Documents/pxl/3dejaar/embedded_os/Eindopdracht_EOS/NeoMatrix3_project/NeoMatrix3_project.sdk/design_1_wrapper_hw_platform_0/ps7_init.tcl' is done.
20:28:31 INFO  : Context for 'APU' is selected.
20:28:31 INFO  : Hardware design information is loaded from 'C:/Users/admin/Documents/pxl/3dejaar/embedded_os/Eindopdracht_EOS/NeoMatrix3_project/NeoMatrix3_project.sdk/design_1_wrapper_hw_platform_0/system.hdf'.
20:28:32 INFO  : 'configparams force-mem-access 1' command is executed.
20:28:32 INFO  : Context for 'APU' is selected.
20:28:32 INFO  : 'stop' command is executed.
20:28:34 INFO  : 'ps7_init' command is executed.
20:28:34 INFO  : 'ps7_post_config' command is executed.
20:28:35 INFO  : Context for processor 'ps7_cortexa9_0' is selected.
20:28:36 INFO  : Processor reset is completed for 'ps7_cortexa9_0'.
20:28:37 INFO  : Context for processor 'ps7_cortexa9_0' is selected.
20:28:38 INFO  : The application 'C:/Users/admin/Documents/pxl/3dejaar/embedded_os/Eindopdracht_EOS/NeoMatrix3_project/NeoMatrix3_project.sdk/freertos_neomatrix/Debug/freertos_neomatrix.elf' is downloaded to processor 'ps7_cortexa9_0'.
20:28:38 INFO  : 'configparams force-mem-access 0' command is executed.
20:28:38 INFO  : ----------------XSDB Script----------------
connect -url tcp:127.0.0.1:3121
source C:/Users/admin/Documents/pxl/3dejaar/embedded_os/Eindopdracht_EOS/NeoMatrix3_project/NeoMatrix3_project.sdk/design_1_wrapper_hw_platform_0/ps7_init.tcl
targets -set -nocase -filter {name =~"APU*" && jtag_cable_name =~ "Avnet MiniZed V1 1234-oj1A"} -index 0
loadhw -hw C:/Users/admin/Documents/pxl/3dejaar/embedded_os/Eindopdracht_EOS/NeoMatrix3_project/NeoMatrix3_project.sdk/design_1_wrapper_hw_platform_0/system.hdf -mem-ranges [list {0x40000000 0xbfffffff}]
configparams force-mem-access 1
targets -set -nocase -filter {name =~"APU*" && jtag_cable_name =~ "Avnet MiniZed V1 1234-oj1A"} -index 0
stop
ps7_init
ps7_post_config
targets -set -nocase -filter {name =~ "ARM*#0" && jtag_cable_name =~ "Avnet MiniZed V1 1234-oj1A"} -index 0
rst -processor
targets -set -nocase -filter {name =~ "ARM*#0" && jtag_cable_name =~ "Avnet MiniZed V1 1234-oj1A"} -index 0
dow C:/Users/admin/Documents/pxl/3dejaar/embedded_os/Eindopdracht_EOS/NeoMatrix3_project/NeoMatrix3_project.sdk/freertos_neomatrix/Debug/freertos_neomatrix.elf
configparams force-mem-access 0
----------------End of Script----------------

20:28:39 INFO  : Memory regions updated for context APU
20:28:40 INFO  : Context for processor 'ps7_cortexa9_0' is selected.
20:28:40 INFO  : 'con' command is executed.
20:28:40 INFO  : ----------------XSDB Script (After Launch)----------------
targets -set -nocase -filter {name =~ "ARM*#0" && jtag_cable_name =~ "Avnet MiniZed V1 1234-oj1A"} -index 0
con
----------------End of Script----------------

20:28:40 INFO  : Launch script is exported to file 'C:\Users\admin\Documents\pxl\3dejaar\embedded_os\Eindopdracht_EOS\NeoMatrix3_project\NeoMatrix3_project.sdk\.sdk\launch_scripts\xilinx_c-c++_application_(system_debugger)\system_debugger_using_debug_freertos_neomatrix.elf_on_local.tcl'
20:29:30 INFO  : Disconnected from the channel tcfchan#7.
20:29:32 INFO  : 'targets -set -filter {jtag_cable_name =~ "Avnet MiniZed V1 1234-oj1A" && level==0} -index 1' command is executed.
20:29:32 INFO  : 'fpga -state' command is executed.
20:29:32 INFO  : Connected to target on host '127.0.0.1' and port '3121'.
20:29:35 INFO  : Jtag cable 'Avnet MiniZed V1 1234-oj1A' is selected.
20:29:36 INFO  : 'jtag frequency' command is executed.
20:29:36 INFO  : Sourcing of 'C:/Users/admin/Documents/pxl/3dejaar/embedded_os/Eindopdracht_EOS/NeoMatrix3_project/NeoMatrix3_project.sdk/design_1_wrapper_hw_platform_0/ps7_init.tcl' is done.
20:29:36 INFO  : Context for 'APU' is selected.
20:29:36 INFO  : Hardware design information is loaded from 'C:/Users/admin/Documents/pxl/3dejaar/embedded_os/Eindopdracht_EOS/NeoMatrix3_project/NeoMatrix3_project.sdk/design_1_wrapper_hw_platform_0/system.hdf'.
20:29:36 INFO  : 'configparams force-mem-access 1' command is executed.
20:29:36 INFO  : Context for 'APU' is selected.
20:29:36 INFO  : 'stop' command is executed.
20:29:36 INFO  : 'ps7_init' command is executed.
20:29:36 INFO  : 'ps7_post_config' command is executed.
20:29:37 INFO  : Context for processor 'ps7_cortexa9_0' is selected.
20:29:37 INFO  : Processor reset is completed for 'ps7_cortexa9_0'.
20:29:37 INFO  : Context for processor 'ps7_cortexa9_0' is selected.
20:29:37 INFO  : The application 'C:/Users/admin/Documents/pxl/3dejaar/embedded_os/Eindopdracht_EOS/NeoMatrix3_project/NeoMatrix3_project.sdk/freertos_neomatrix/Debug/freertos_neomatrix.elf' is downloaded to processor 'ps7_cortexa9_0'.
20:29:37 INFO  : 'configparams force-mem-access 0' command is executed.
20:29:37 INFO  : ----------------XSDB Script----------------
connect -url tcp:127.0.0.1:3121
source C:/Users/admin/Documents/pxl/3dejaar/embedded_os/Eindopdracht_EOS/NeoMatrix3_project/NeoMatrix3_project.sdk/design_1_wrapper_hw_platform_0/ps7_init.tcl
targets -set -nocase -filter {name =~"APU*" && jtag_cable_name =~ "Avnet MiniZed V1 1234-oj1A"} -index 0
loadhw -hw C:/Users/admin/Documents/pxl/3dejaar/embedded_os/Eindopdracht_EOS/NeoMatrix3_project/NeoMatrix3_project.sdk/design_1_wrapper_hw_platform_0/system.hdf -mem-ranges [list {0x40000000 0xbfffffff}]
configparams force-mem-access 1
targets -set -nocase -filter {name =~"APU*" && jtag_cable_name =~ "Avnet MiniZed V1 1234-oj1A"} -index 0
stop
ps7_init
ps7_post_config
targets -set -nocase -filter {name =~ "ARM*#0" && jtag_cable_name =~ "Avnet MiniZed V1 1234-oj1A"} -index 0
rst -processor
targets -set -nocase -filter {name =~ "ARM*#0" && jtag_cable_name =~ "Avnet MiniZed V1 1234-oj1A"} -index 0
dow C:/Users/admin/Documents/pxl/3dejaar/embedded_os/Eindopdracht_EOS/NeoMatrix3_project/NeoMatrix3_project.sdk/freertos_neomatrix/Debug/freertos_neomatrix.elf
configparams force-mem-access 0
----------------End of Script----------------

20:29:37 INFO  : Memory regions updated for context APU
20:29:37 INFO  : Context for processor 'ps7_cortexa9_0' is selected.
20:29:37 INFO  : 'con' command is executed.
20:29:37 INFO  : ----------------XSDB Script (After Launch)----------------
targets -set -nocase -filter {name =~ "ARM*#0" && jtag_cable_name =~ "Avnet MiniZed V1 1234-oj1A"} -index 0
con
----------------End of Script----------------

20:29:37 INFO  : Launch script is exported to file 'C:\Users\admin\Documents\pxl\3dejaar\embedded_os\Eindopdracht_EOS\NeoMatrix3_project\NeoMatrix3_project.sdk\.sdk\launch_scripts\xilinx_c-c++_application_(system_debugger)\system_debugger_using_debug_freertos_neomatrix.elf_on_local.tcl'
20:38:36 INFO  : Disconnected from the channel tcfchan#8.
20:38:37 INFO  : 'targets -set -filter {jtag_cable_name =~ "Avnet MiniZed V1 1234-oj1A" && level==0} -index 1' command is executed.
20:38:37 INFO  : 'fpga -state' command is executed.
20:38:37 INFO  : Connected to target on host '127.0.0.1' and port '3121'.
20:38:38 INFO  : Jtag cable 'Avnet MiniZed V1 1234-oj1A' is selected.
20:38:38 INFO  : 'jtag frequency' command is executed.
20:38:38 INFO  : Sourcing of 'C:/Users/admin/Documents/pxl/3dejaar/embedded_os/Eindopdracht_EOS/NeoMatrix3_project/NeoMatrix3_project.sdk/design_1_wrapper_hw_platform_0/ps7_init.tcl' is done.
20:38:38 INFO  : Context for 'APU' is selected.
20:38:38 INFO  : Hardware design information is loaded from 'C:/Users/admin/Documents/pxl/3dejaar/embedded_os/Eindopdracht_EOS/NeoMatrix3_project/NeoMatrix3_project.sdk/design_1_wrapper_hw_platform_0/system.hdf'.
20:38:38 INFO  : 'configparams force-mem-access 1' command is executed.
20:38:38 INFO  : Context for 'APU' is selected.
20:38:38 INFO  : 'stop' command is executed.
20:38:39 INFO  : 'ps7_init' command is executed.
20:38:39 INFO  : 'ps7_post_config' command is executed.
20:38:39 INFO  : Context for processor 'ps7_cortexa9_0' is selected.
20:38:39 INFO  : Processor reset is completed for 'ps7_cortexa9_0'.
20:38:39 INFO  : Context for processor 'ps7_cortexa9_0' is selected.
20:38:39 INFO  : The application 'C:/Users/admin/Documents/pxl/3dejaar/embedded_os/Eindopdracht_EOS/NeoMatrix3_project/NeoMatrix3_project.sdk/freertos_neomatrix/Debug/freertos_neomatrix.elf' is downloaded to processor 'ps7_cortexa9_0'.
20:38:39 INFO  : 'configparams force-mem-access 0' command is executed.
20:38:39 INFO  : ----------------XSDB Script----------------
connect -url tcp:127.0.0.1:3121
source C:/Users/admin/Documents/pxl/3dejaar/embedded_os/Eindopdracht_EOS/NeoMatrix3_project/NeoMatrix3_project.sdk/design_1_wrapper_hw_platform_0/ps7_init.tcl
targets -set -nocase -filter {name =~"APU*" && jtag_cable_name =~ "Avnet MiniZed V1 1234-oj1A"} -index 0
loadhw -hw C:/Users/admin/Documents/pxl/3dejaar/embedded_os/Eindopdracht_EOS/NeoMatrix3_project/NeoMatrix3_project.sdk/design_1_wrapper_hw_platform_0/system.hdf -mem-ranges [list {0x40000000 0xbfffffff}]
configparams force-mem-access 1
targets -set -nocase -filter {name =~"APU*" && jtag_cable_name =~ "Avnet MiniZed V1 1234-oj1A"} -index 0
stop
ps7_init
ps7_post_config
targets -set -nocase -filter {name =~ "ARM*#0" && jtag_cable_name =~ "Avnet MiniZed V1 1234-oj1A"} -index 0
rst -processor
targets -set -nocase -filter {name =~ "ARM*#0" && jtag_cable_name =~ "Avnet MiniZed V1 1234-oj1A"} -index 0
dow C:/Users/admin/Documents/pxl/3dejaar/embedded_os/Eindopdracht_EOS/NeoMatrix3_project/NeoMatrix3_project.sdk/freertos_neomatrix/Debug/freertos_neomatrix.elf
configparams force-mem-access 0
----------------End of Script----------------

20:38:39 INFO  : Memory regions updated for context APU
20:38:39 INFO  : Context for processor 'ps7_cortexa9_0' is selected.
20:38:40 INFO  : 'con' command is executed.
20:38:40 INFO  : ----------------XSDB Script (After Launch)----------------
targets -set -nocase -filter {name =~ "ARM*#0" && jtag_cable_name =~ "Avnet MiniZed V1 1234-oj1A"} -index 0
con
----------------End of Script----------------

20:38:40 INFO  : Launch script is exported to file 'C:\Users\admin\Documents\pxl\3dejaar\embedded_os\Eindopdracht_EOS\NeoMatrix3_project\NeoMatrix3_project.sdk\.sdk\launch_scripts\xilinx_c-c++_application_(system_debugger)\system_debugger_using_debug_freertos_neomatrix.elf_on_local.tcl'
20:41:14 INFO  : Disconnected from the channel tcfchan#9.
20:41:15 INFO  : 'targets -set -filter {jtag_cable_name =~ "Avnet MiniZed V1 1234-oj1A" && level==0} -index 1' command is executed.
20:41:15 INFO  : 'fpga -state' command is executed.
20:41:15 INFO  : Connected to target on host '127.0.0.1' and port '3121'.
20:41:16 INFO  : Jtag cable 'Avnet MiniZed V1 1234-oj1A' is selected.
20:41:16 INFO  : 'jtag frequency' command is executed.
20:41:16 INFO  : Sourcing of 'C:/Users/admin/Documents/pxl/3dejaar/embedded_os/Eindopdracht_EOS/NeoMatrix3_project/NeoMatrix3_project.sdk/design_1_wrapper_hw_platform_0/ps7_init.tcl' is done.
20:41:16 INFO  : Context for 'APU' is selected.
20:41:16 INFO  : Hardware design information is loaded from 'C:/Users/admin/Documents/pxl/3dejaar/embedded_os/Eindopdracht_EOS/NeoMatrix3_project/NeoMatrix3_project.sdk/design_1_wrapper_hw_platform_0/system.hdf'.
20:41:16 INFO  : 'configparams force-mem-access 1' command is executed.
20:41:16 INFO  : Context for 'APU' is selected.
20:41:16 INFO  : 'stop' command is executed.
20:41:17 INFO  : 'ps7_init' command is executed.
20:41:17 INFO  : 'ps7_post_config' command is executed.
20:41:17 INFO  : Context for processor 'ps7_cortexa9_0' is selected.
20:41:17 INFO  : Processor reset is completed for 'ps7_cortexa9_0'.
20:41:17 INFO  : Context for processor 'ps7_cortexa9_0' is selected.
20:41:17 INFO  : The application 'C:/Users/admin/Documents/pxl/3dejaar/embedded_os/Eindopdracht_EOS/NeoMatrix3_project/NeoMatrix3_project.sdk/freertos_neomatrix/Debug/freertos_neomatrix.elf' is downloaded to processor 'ps7_cortexa9_0'.
20:41:17 INFO  : 'configparams force-mem-access 0' command is executed.
20:41:17 INFO  : ----------------XSDB Script----------------
connect -url tcp:127.0.0.1:3121
source C:/Users/admin/Documents/pxl/3dejaar/embedded_os/Eindopdracht_EOS/NeoMatrix3_project/NeoMatrix3_project.sdk/design_1_wrapper_hw_platform_0/ps7_init.tcl
targets -set -nocase -filter {name =~"APU*" && jtag_cable_name =~ "Avnet MiniZed V1 1234-oj1A"} -index 0
loadhw -hw C:/Users/admin/Documents/pxl/3dejaar/embedded_os/Eindopdracht_EOS/NeoMatrix3_project/NeoMatrix3_project.sdk/design_1_wrapper_hw_platform_0/system.hdf -mem-ranges [list {0x40000000 0xbfffffff}]
configparams force-mem-access 1
targets -set -nocase -filter {name =~"APU*" && jtag_cable_name =~ "Avnet MiniZed V1 1234-oj1A"} -index 0
stop
ps7_init
ps7_post_config
targets -set -nocase -filter {name =~ "ARM*#0" && jtag_cable_name =~ "Avnet MiniZed V1 1234-oj1A"} -index 0
rst -processor
targets -set -nocase -filter {name =~ "ARM*#0" && jtag_cable_name =~ "Avnet MiniZed V1 1234-oj1A"} -index 0
dow C:/Users/admin/Documents/pxl/3dejaar/embedded_os/Eindopdracht_EOS/NeoMatrix3_project/NeoMatrix3_project.sdk/freertos_neomatrix/Debug/freertos_neomatrix.elf
configparams force-mem-access 0
----------------End of Script----------------

20:41:17 INFO  : Memory regions updated for context APU
20:41:18 INFO  : Context for processor 'ps7_cortexa9_0' is selected.
20:41:18 INFO  : 'con' command is executed.
20:41:18 INFO  : ----------------XSDB Script (After Launch)----------------
targets -set -nocase -filter {name =~ "ARM*#0" && jtag_cable_name =~ "Avnet MiniZed V1 1234-oj1A"} -index 0
con
----------------End of Script----------------

20:41:18 INFO  : Launch script is exported to file 'C:\Users\admin\Documents\pxl\3dejaar\embedded_os\Eindopdracht_EOS\NeoMatrix3_project\NeoMatrix3_project.sdk\.sdk\launch_scripts\xilinx_c-c++_application_(system_debugger)\system_debugger_using_debug_freertos_neomatrix.elf_on_local.tcl'
20:43:04 INFO  : Disconnected from the channel tcfchan#10.
20:43:06 INFO  : 'targets -set -filter {jtag_cable_name =~ "Avnet MiniZed V1 1234-oj1A" && level==0} -index 1' command is executed.
20:43:06 INFO  : 'fpga -state' command is executed.
20:43:06 INFO  : Connected to target on host '127.0.0.1' and port '3121'.
20:43:06 INFO  : Jtag cable 'Avnet MiniZed V1 1234-oj1A' is selected.
20:43:06 INFO  : 'jtag frequency' command is executed.
20:43:06 INFO  : Sourcing of 'C:/Users/admin/Documents/pxl/3dejaar/embedded_os/Eindopdracht_EOS/NeoMatrix3_project/NeoMatrix3_project.sdk/design_1_wrapper_hw_platform_0/ps7_init.tcl' is done.
20:43:06 INFO  : Context for 'APU' is selected.
20:43:06 INFO  : Hardware design information is loaded from 'C:/Users/admin/Documents/pxl/3dejaar/embedded_os/Eindopdracht_EOS/NeoMatrix3_project/NeoMatrix3_project.sdk/design_1_wrapper_hw_platform_0/system.hdf'.
20:43:06 INFO  : 'configparams force-mem-access 1' command is executed.
20:43:06 INFO  : Context for 'APU' is selected.
20:43:07 INFO  : 'stop' command is executed.
20:43:07 INFO  : 'ps7_init' command is executed.
20:43:07 INFO  : 'ps7_post_config' command is executed.
20:43:07 INFO  : Context for processor 'ps7_cortexa9_0' is selected.
20:43:07 INFO  : Processor reset is completed for 'ps7_cortexa9_0'.
20:43:07 INFO  : Context for processor 'ps7_cortexa9_0' is selected.
20:43:08 INFO  : The application 'C:/Users/admin/Documents/pxl/3dejaar/embedded_os/Eindopdracht_EOS/NeoMatrix3_project/NeoMatrix3_project.sdk/freertos_neomatrix/Debug/freertos_neomatrix.elf' is downloaded to processor 'ps7_cortexa9_0'.
20:43:08 INFO  : 'configparams force-mem-access 0' command is executed.
20:43:08 INFO  : ----------------XSDB Script----------------
connect -url tcp:127.0.0.1:3121
source C:/Users/admin/Documents/pxl/3dejaar/embedded_os/Eindopdracht_EOS/NeoMatrix3_project/NeoMatrix3_project.sdk/design_1_wrapper_hw_platform_0/ps7_init.tcl
targets -set -nocase -filter {name =~"APU*" && jtag_cable_name =~ "Avnet MiniZed V1 1234-oj1A"} -index 0
loadhw -hw C:/Users/admin/Documents/pxl/3dejaar/embedded_os/Eindopdracht_EOS/NeoMatrix3_project/NeoMatrix3_project.sdk/design_1_wrapper_hw_platform_0/system.hdf -mem-ranges [list {0x40000000 0xbfffffff}]
configparams force-mem-access 1
targets -set -nocase -filter {name =~"APU*" && jtag_cable_name =~ "Avnet MiniZed V1 1234-oj1A"} -index 0
stop
ps7_init
ps7_post_config
targets -set -nocase -filter {name =~ "ARM*#0" && jtag_cable_name =~ "Avnet MiniZed V1 1234-oj1A"} -index 0
rst -processor
targets -set -nocase -filter {name =~ "ARM*#0" && jtag_cable_name =~ "Avnet MiniZed V1 1234-oj1A"} -index 0
dow C:/Users/admin/Documents/pxl/3dejaar/embedded_os/Eindopdracht_EOS/NeoMatrix3_project/NeoMatrix3_project.sdk/freertos_neomatrix/Debug/freertos_neomatrix.elf
configparams force-mem-access 0
----------------End of Script----------------

20:43:08 INFO  : Memory regions updated for context APU
20:43:08 INFO  : Context for processor 'ps7_cortexa9_0' is selected.
20:43:08 INFO  : 'con' command is executed.
20:43:08 INFO  : ----------------XSDB Script (After Launch)----------------
targets -set -nocase -filter {name =~ "ARM*#0" && jtag_cable_name =~ "Avnet MiniZed V1 1234-oj1A"} -index 0
con
----------------End of Script----------------

20:43:08 INFO  : Launch script is exported to file 'C:\Users\admin\Documents\pxl\3dejaar\embedded_os\Eindopdracht_EOS\NeoMatrix3_project\NeoMatrix3_project.sdk\.sdk\launch_scripts\xilinx_c-c++_application_(system_debugger)\system_debugger_using_debug_freertos_neomatrix.elf_on_local.tcl'
20:46:58 INFO  : Disconnected from the channel tcfchan#11.
