<<<<<<< Updated upstream

*** Running vivado
    with args -log design_1_wrapper.vdi -applog -m64 -product Vivado -messageDb vivado.pb -mode batch -source design_1_wrapper.tcl -notrace


****** Vivado v2019.1 (64-bit)
  **** SW Build 2552052 on Fri May 24 14:49:42 MDT 2019
  **** IP Build 2548770 on Fri May 24 18:01:18 MDT 2019
    ** Copyright 1986-2019 Xilinx, Inc. All Rights Reserved.

source design_1_wrapper.tcl -notrace
INFO: [IP_Flow 19-234] Refreshing IP repositories
WARNING: [IP_Flow 19-3685] Ignored loading user repository 'c:/Users/admin/Documents/pxl/3dejaar/embedded_os/Eindopdracht_EOS/ip_repo/NeoMatrix_1.0'. The path is contained within another repository.
INFO: [IP_Flow 19-1700] Loaded user IP repository 'c:/Users/admin/Documents/pxl/3dejaar/embedded_os/Eindopdracht_EOS/ip_repo'.
INFO: [IP_Flow 19-2313] Loaded Vivado IP repository 'C:/Xilinx/Vivado/2019.1/data/ip'.
WARNING: [IP_Flow 19-4995] The host OS only allows 260 characters in a normal path. The IP cache path is more than 80 characters. If you experience issues with IP caching, please consider changing the IP cache to a location with a shorter path. Alternately consider using the OS subst command to map part of the path to a drive letter. 
Current IP cache path is C:/Users/admin/Documents/pxl/3dejaar/embedded_os/Eindopdracht_EOS/Blokdesign_2/Blokdesign.cache/ip 
Command: link_design -top design_1_wrapper -part xc7z007sclg225-1
Design is defaulting to srcset: sources_1
Design is defaulting to constrset: constrs_1
INFO: [Device 21-403] Loading part xc7z007sclg225-1
INFO: [Project 1-454] Reading design checkpoint 'c:/Users/admin/Documents/pxl/3dejaar/embedded_os/Eindopdracht_EOS/Blokdesign_2/Blokdesign.srcs/sources_1/bd/design_1/ip/design_1_NeoMatrix_0_4/design_1_NeoMatrix_0_4.dcp' for cell 'design_1_i/NeoMatrix_0'
INFO: [Project 1-454] Reading design checkpoint 'c:/Users/admin/Documents/pxl/3dejaar/embedded_os/Eindopdracht_EOS/Blokdesign_2/Blokdesign.srcs/sources_1/bd/design_1/ip/design_1_Ultrasoon_0_1/design_1_Ultrasoon_0_1.dcp' for cell 'design_1_i/Ultrasoon_0'
INFO: [Project 1-454] Reading design checkpoint 'c:/Users/admin/Documents/pxl/3dejaar/embedded_os/Eindopdracht_EOS/Blokdesign_2/Blokdesign.srcs/sources_1/bd/design_1/ip/design_1_processing_system7_0_2/design_1_processing_system7_0_2.dcp' for cell 'design_1_i/processing_system7_0'
INFO: [Project 1-454] Reading design checkpoint 'c:/Users/admin/Documents/pxl/3dejaar/embedded_os/Eindopdracht_EOS/Blokdesign_2/Blokdesign.srcs/sources_1/bd/design_1/ip/design_1_rst_ps7_0_50M_1/design_1_rst_ps7_0_50M_1.dcp' for cell 'design_1_i/rst_ps7_0_50M'
INFO: [Project 1-454] Reading design checkpoint 'c:/Users/admin/Documents/pxl/3dejaar/embedded_os/Eindopdracht_EOS/Blokdesign_2/Blokdesign.srcs/sources_1/bd/design_1/ip/design_1_xbar_2/design_1_xbar_2.dcp' for cell 'design_1_i/ps7_0_axi_periph/xbar'
INFO: [Project 1-454] Reading design checkpoint 'c:/Users/admin/Documents/pxl/3dejaar/embedded_os/Eindopdracht_EOS/Blokdesign_2/Blokdesign.srcs/sources_1/bd/design_1/ip/design_1_auto_pc_1/design_1_auto_pc_1.dcp' for cell 'design_1_i/ps7_0_axi_periph/s00_couplers/auto_pc'
INFO: [Netlist 29-17] Analyzing 33 Unisim elements for replacement
INFO: [Netlist 29-28] Unisim Transformation completed in 0 CPU seconds
INFO: [Project 1-479] Netlist was created with Vivado 2019.1
INFO: [Project 1-570] Preparing netlist for logic optimization
Parsing XDC File [c:/Users/admin/Documents/pxl/3dejaar/embedded_os/Eindopdracht_EOS/Blokdesign_2/Blokdesign.srcs/sources_1/bd/design_1/ip/design_1_processing_system7_0_2/design_1_processing_system7_0_2.xdc] for cell 'design_1_i/processing_system7_0/inst'
Finished Parsing XDC File [c:/Users/admin/Documents/pxl/3dejaar/embedded_os/Eindopdracht_EOS/Blokdesign_2/Blokdesign.srcs/sources_1/bd/design_1/ip/design_1_processing_system7_0_2/design_1_processing_system7_0_2.xdc] for cell 'design_1_i/processing_system7_0/inst'
Parsing XDC File [c:/Users/admin/Documents/pxl/3dejaar/embedded_os/Eindopdracht_EOS/Blokdesign_2/Blokdesign.srcs/sources_1/bd/design_1/ip/design_1_rst_ps7_0_50M_1/design_1_rst_ps7_0_50M_1_board.xdc] for cell 'design_1_i/rst_ps7_0_50M/U0'
Finished Parsing XDC File [c:/Users/admin/Documents/pxl/3dejaar/embedded_os/Eindopdracht_EOS/Blokdesign_2/Blokdesign.srcs/sources_1/bd/design_1/ip/design_1_rst_ps7_0_50M_1/design_1_rst_ps7_0_50M_1_board.xdc] for cell 'design_1_i/rst_ps7_0_50M/U0'
Parsing XDC File [c:/Users/admin/Documents/pxl/3dejaar/embedded_os/Eindopdracht_EOS/Blokdesign_2/Blokdesign.srcs/sources_1/bd/design_1/ip/design_1_rst_ps7_0_50M_1/design_1_rst_ps7_0_50M_1.xdc] for cell 'design_1_i/rst_ps7_0_50M/U0'
Finished Parsing XDC File [c:/Users/admin/Documents/pxl/3dejaar/embedded_os/Eindopdracht_EOS/Blokdesign_2/Blokdesign.srcs/sources_1/bd/design_1/ip/design_1_rst_ps7_0_50M_1/design_1_rst_ps7_0_50M_1.xdc] for cell 'design_1_i/rst_ps7_0_50M/U0'
Parsing XDC File [C:/Users/admin/Documents/pxl/3dejaar/embedded_os/Eindopdracht_EOS/Blokdesign_2/Blokdesign.srcs/constrs/new/project1.xdc]
Finished Parsing XDC File [C:/Users/admin/Documents/pxl/3dejaar/embedded_os/Eindopdracht_EOS/Blokdesign_2/Blokdesign.srcs/constrs/new/project1.xdc]
INFO: [Opt 31-138] Pushed 0 inverter(s) to 0 load pin(s).
Netlist sorting complete. Time (s): cpu = 00:00:00 ; elapsed = 00:00:00.001 . Memory (MB): peak = 689.910 ; gain = 0.000
INFO: [Project 1-111] Unisim Transformation Summary:
No Unisim elements were transformed.

16 Infos, 2 Warnings, 0 Critical Warnings and 0 Errors encountered.
link_design completed successfully
link_design: Time (s): cpu = 00:00:12 ; elapsed = 00:00:16 . Memory (MB): peak = 689.910 ; gain = 395.879
Command: opt_design
Attempting to get a license for feature 'Implementation' and/or device 'xc7z007s'
INFO: [Common 17-349] Got license for feature 'Implementation' and/or device 'xc7z007s'
Running DRC as a precondition to command opt_design

Starting DRC Task
INFO: [DRC 23-27] Running DRC with 2 threads
INFO: [Project 1-461] DRC finished with 0 Errors
INFO: [Project 1-462] Please refer to the DRC report (report_drc) for more information.

Time (s): cpu = 00:00:02 ; elapsed = 00:00:01 . Memory (MB): peak = 713.941 ; gain = 24.031

Starting Cache Timing Information Task
INFO: [Timing 38-35] Done setting XDC timing constraints.
Ending Cache Timing Information Task | Checksum: 15c188913

Time (s): cpu = 00:00:14 ; elapsed = 00:00:14 . Memory (MB): peak = 1240.301 ; gain = 526.359

Starting Logic Optimization Task

Phase 1 Retarget
INFO: [Opt 31-138] Pushed 0 inverter(s) to 0 load pin(s).
INFO: [Opt 31-49] Retargeted 0 cell(s).
Phase 1 Retarget | Checksum: e39efcd5

Time (s): cpu = 00:00:01 ; elapsed = 00:00:00.379 . Memory (MB): peak = 1387.914 ; gain = 0.000
INFO: [Opt 31-389] Phase Retarget created 6 cells and removed 50 cells

Phase 2 Constant propagation
INFO: [Opt 31-138] Pushed 0 inverter(s) to 0 load pin(s).
Phase 2 Constant propagation | Checksum: e39efcd5

Time (s): cpu = 00:00:01 ; elapsed = 00:00:00.427 . Memory (MB): peak = 1387.914 ; gain = 0.000
INFO: [Opt 31-389] Phase Constant propagation created 0 cells and removed 0 cells

Phase 3 Sweep
Phase 3 Sweep | Checksum: 109f3a090

Time (s): cpu = 00:00:01 ; elapsed = 00:00:01 . Memory (MB): peak = 1387.914 ; gain = 0.000
INFO: [Opt 31-389] Phase Sweep created 0 cells and removed 276 cells

Phase 4 BUFG optimization
Phase 4 BUFG optimization | Checksum: 109f3a090

Time (s): cpu = 00:00:02 ; elapsed = 00:00:01 . Memory (MB): peak = 1387.914 ; gain = 0.000
INFO: [Opt 31-662] Phase BUFG optimization created 0 cells of which 0 are BUFGs and removed 0 cells.

Phase 5 Shift Register Optimization
INFO: [Opt 31-1064] SRL Remap converted 0 SRLs to 0 registers and converted 0 registers of register chains to 0 SRLs
Phase 5 Shift Register Optimization | Checksum: 109f3a090

Time (s): cpu = 00:00:02 ; elapsed = 00:00:01 . Memory (MB): peak = 1387.914 ; gain = 0.000
INFO: [Opt 31-389] Phase Shift Register Optimization created 0 cells and removed 0 cells

Phase 6 Post Processing Netlist
Phase 6 Post Processing Netlist | Checksum: 109f3a090

Time (s): cpu = 00:00:02 ; elapsed = 00:00:02 . Memory (MB): peak = 1387.914 ; gain = 0.000
INFO: [Opt 31-389] Phase Post Processing Netlist created 0 cells and removed 0 cells
Opt_design Change Summary
=========================


-------------------------------------------------------------------------------------------------------------------------
|  Phase                        |  #Cells created  |  #Cells Removed  |  #Constrained objects preventing optimizations  |
-------------------------------------------------------------------------------------------------------------------------
|  Retarget                     |               6  |              50  |                                              0  |
|  Constant propagation         |               0  |               0  |                                              0  |
|  Sweep                        |               0  |             276  |                                              0  |
|  BUFG optimization            |               0  |               0  |                                              0  |
|  Shift Register Optimization  |               0  |               0  |                                              0  |
|  Post Processing Netlist      |               0  |               0  |                                              0  |
-------------------------------------------------------------------------------------------------------------------------



Starting Connectivity Check Task

Time (s): cpu = 00:00:00 ; elapsed = 00:00:00.007 . Memory (MB): peak = 1387.914 ; gain = 0.000
Ending Logic Optimization Task | Checksum: 17cab9bd1

Time (s): cpu = 00:00:02 ; elapsed = 00:00:02 . Memory (MB): peak = 1387.914 ; gain = 0.000

Starting Power Optimization Task
INFO: [Pwropt 34-132] Skipping clock gating for clocks with a period < 2.00 ns.
Ending Power Optimization Task | Checksum: 17cab9bd1

Time (s): cpu = 00:00:00 ; elapsed = 00:00:00.015 . Memory (MB): peak = 1387.914 ; gain = 0.000

Starting Final Cleanup Task
Ending Final Cleanup Task | Checksum: 17cab9bd1

Time (s): cpu = 00:00:00 ; elapsed = 00:00:00 . Memory (MB): peak = 1387.914 ; gain = 0.000

Starting Netlist Obfuscation Task
Netlist sorting complete. Time (s): cpu = 00:00:00 ; elapsed = 00:00:00.001 . Memory (MB): peak = 1387.914 ; gain = 0.000
Ending Netlist Obfuscation Task | Checksum: 17cab9bd1

Time (s): cpu = 00:00:00 ; elapsed = 00:00:00.002 . Memory (MB): peak = 1387.914 ; gain = 0.000
INFO: [Common 17-83] Releasing license: Implementation
33 Infos, 2 Warnings, 0 Critical Warnings and 0 Errors encountered.
opt_design completed successfully
opt_design: Time (s): cpu = 00:00:21 ; elapsed = 00:00:20 . Memory (MB): peak = 1387.914 ; gain = 698.004
Netlist sorting complete. Time (s): cpu = 00:00:00 ; elapsed = 00:00:00.001 . Memory (MB): peak = 1387.914 ; gain = 0.000
INFO: [Timing 38-480] Writing timing data to binary archive.
Writing placer database...
Writing XDEF routing.
Writing XDEF routing logical nets.
Writing XDEF routing special nets.
Write XDEF Complete: Time (s): cpu = 00:00:01 ; elapsed = 00:00:00.199 . Memory (MB): peak = 1387.914 ; gain = 0.000
INFO: [Common 17-1381] The checkpoint 'C:/Users/admin/Documents/pxl/3dejaar/embedded_os/Eindopdracht_EOS/Blokdesign_2/Blokdesign.runs/impl_1/design_1_wrapper_opt.dcp' has been generated.
INFO: [runtcl-4] Executing : report_drc -file design_1_wrapper_drc_opted.rpt -pb design_1_wrapper_drc_opted.pb -rpx design_1_wrapper_drc_opted.rpx
Command: report_drc -file design_1_wrapper_drc_opted.rpt -pb design_1_wrapper_drc_opted.pb -rpx design_1_wrapper_drc_opted.rpx
INFO: [IP_Flow 19-1839] IP Catalog is up to date.
INFO: [DRC 23-27] Running DRC with 2 threads
INFO: [Coretcl 2-168] The results of DRC are in file C:/Users/admin/Documents/pxl/3dejaar/embedded_os/Eindopdracht_EOS/Blokdesign_2/Blokdesign.runs/impl_1/design_1_wrapper_drc_opted.rpt.
report_drc completed successfully
Command: place_design
Attempting to get a license for feature 'Implementation' and/or device 'xc7z007s'
INFO: [Common 17-349] Got license for feature 'Implementation' and/or device 'xc7z007s'
INFO: [DRC 23-27] Running DRC with 2 threads
INFO: [Vivado_Tcl 4-198] DRC finished with 0 Errors
INFO: [Vivado_Tcl 4-199] Please refer to the DRC report (report_drc) for more information.
Running DRC as a precondition to command place_design
INFO: [DRC 23-27] Running DRC with 2 threads
INFO: [Vivado_Tcl 4-198] DRC finished with 0 Errors
INFO: [Vivado_Tcl 4-199] Please refer to the DRC report (report_drc) for more information.

Starting Placer Task
INFO: [Place 30-611] Multithreading enabled for place_design using a maximum of 2 CPUs

Phase 1 Placer Initialization

Phase 1.1 Placer Initialization Netlist Sorting
Netlist sorting complete. Time (s): cpu = 00:00:00 ; elapsed = 00:00:00.003 . Memory (MB): peak = 1387.914 ; gain = 0.000
Phase 1.1 Placer Initialization Netlist Sorting | Checksum: c1f818ae

Time (s): cpu = 00:00:00 ; elapsed = 00:00:00.017 . Memory (MB): peak = 1387.914 ; gain = 0.000
Netlist sorting complete. Time (s): cpu = 00:00:00 ; elapsed = 00:00:00.001 . Memory (MB): peak = 1387.914 ; gain = 0.000

Phase 1.2 IO Placement/ Clock Placement/ Build Placer Device
INFO: [Timing 38-35] Done setting XDC timing constraints.
Phase 1.2 IO Placement/ Clock Placement/ Build Placer Device | Checksum: 11ff4c314

Time (s): cpu = 00:00:02 ; elapsed = 00:00:01 . Memory (MB): peak = 1387.914 ; gain = 0.000

Phase 1.3 Build Placer Netlist Model
Phase 1.3 Build Placer Netlist Model | Checksum: 1fd5d77c0

Time (s): cpu = 00:00:02 ; elapsed = 00:00:02 . Memory (MB): peak = 1387.914 ; gain = 0.000

Phase 1.4 Constrain Clocks/Macros
Phase 1.4 Constrain Clocks/Macros | Checksum: 1fd5d77c0

Time (s): cpu = 00:00:02 ; elapsed = 00:00:02 . Memory (MB): peak = 1387.914 ; gain = 0.000
Phase 1 Placer Initialization | Checksum: 1fd5d77c0

Time (s): cpu = 00:00:02 ; elapsed = 00:00:02 . Memory (MB): peak = 1387.914 ; gain = 0.000

Phase 2 Global Placement

Phase 2.1 Floorplanning
Phase 2.1 Floorplanning | Checksum: 221acd82d

Time (s): cpu = 00:00:03 ; elapsed = 00:00:02 . Memory (MB): peak = 1387.914 ; gain = 0.000

Phase 2.2 Global Placement Core

Phase 2.2.1 Physical Synthesis In Placer
INFO: [Physopt 32-65] No nets found for high-fanout optimization.
INFO: [Physopt 32-232] Optimized 0 net. Created 0 new instance.
INFO: [Physopt 32-775] End 1 Pass. Optimized 0 net or cell. Created 0 new cell, deleted 0 existing cell and moved 0 existing cell
INFO: [Physopt 32-670] No setup violation found.  DSP Register Optimization was not performed.
INFO: [Physopt 32-670] No setup violation found.  Shift Register Optimization was not performed.
INFO: [Physopt 32-670] No setup violation found.  BRAM Register Optimization was not performed.
INFO: [Physopt 32-949] No candidate nets found for HD net replication
INFO: [Physopt 32-775] End 1 Pass. Optimized 0 net or cell. Created 0 new cell, deleted 0 existing cell and moved 0 existing cell
Netlist sorting complete. Time (s): cpu = 00:00:00 ; elapsed = 00:00:00.002 . Memory (MB): peak = 1387.914 ; gain = 0.000

Summary of Physical Synthesis Optimizations
============================================


----------------------------------------------------------------------------------------------------------------------------------------
|  Optimization                  |  Added Cells  |  Removed Cells  |  Optimized Cells/Nets  |  Dont Touch  |  Iterations  |  Elapsed   |
----------------------------------------------------------------------------------------------------------------------------------------
|  Very High Fanout              |            0  |              0  |                     0  |           0  |           1  |  00:00:00  |
|  DSP Register                  |            0  |              0  |                     0  |           0  |           0  |  00:00:00  |
|  Shift Register                |            0  |              0  |                     0  |           0  |           0  |  00:00:00  |
|  BRAM Register                 |            0  |              0  |                     0  |           0  |           0  |  00:00:00  |
|  HD Interface Net Replication  |            0  |              0  |                     0  |           0  |           1  |  00:00:00  |
|  Total                         |            0  |              0  |                     0  |           0  |           2  |  00:00:00  |
----------------------------------------------------------------------------------------------------------------------------------------


Phase 2.2.1 Physical Synthesis In Placer | Checksum: 23be8a746

Time (s): cpu = 00:00:08 ; elapsed = 00:00:05 . Memory (MB): peak = 1387.914 ; gain = 0.000
Phase 2.2 Global Placement Core | Checksum: 284b0bfb9

Time (s): cpu = 00:00:08 ; elapsed = 00:00:05 . Memory (MB): peak = 1387.914 ; gain = 0.000
Phase 2 Global Placement | Checksum: 284b0bfb9

Time (s): cpu = 00:00:08 ; elapsed = 00:00:05 . Memory (MB): peak = 1387.914 ; gain = 0.000

Phase 3 Detail Placement

Phase 3.1 Commit Multi Column Macros
Phase 3.1 Commit Multi Column Macros | Checksum: 1b233223e

Time (s): cpu = 00:00:08 ; elapsed = 00:00:05 . Memory (MB): peak = 1387.914 ; gain = 0.000

Phase 3.2 Commit Most Macros & LUTRAMs
Phase 3.2 Commit Most Macros & LUTRAMs | Checksum: 21c7e7350

Time (s): cpu = 00:00:09 ; elapsed = 00:00:06 . Memory (MB): peak = 1387.914 ; gain = 0.000

Phase 3.3 Area Swap Optimization
Phase 3.3 Area Swap Optimization | Checksum: 218aee644

Time (s): cpu = 00:00:09 ; elapsed = 00:00:06 . Memory (MB): peak = 1387.914 ; gain = 0.000

Phase 3.4 Pipeline Register Optimization
Phase 3.4 Pipeline Register Optimization | Checksum: 27fe4ee3a

Time (s): cpu = 00:00:09 ; elapsed = 00:00:06 . Memory (MB): peak = 1387.914 ; gain = 0.000

Phase 3.5 Small Shape Detail Placement
Phase 3.5 Small Shape Detail Placement | Checksum: 1c1902128

Time (s): cpu = 00:00:10 ; elapsed = 00:00:07 . Memory (MB): peak = 1387.914 ; gain = 0.000

Phase 3.6 Re-assign LUT pins
Phase 3.6 Re-assign LUT pins | Checksum: 16cde09b4

Time (s): cpu = 00:00:10 ; elapsed = 00:00:07 . Memory (MB): peak = 1387.914 ; gain = 0.000

Phase 3.7 Pipeline Register Optimization
Phase 3.7 Pipeline Register Optimization | Checksum: 251a411ae

Time (s): cpu = 00:00:10 ; elapsed = 00:00:07 . Memory (MB): peak = 1387.914 ; gain = 0.000
Phase 3 Detail Placement | Checksum: 251a411ae

Time (s): cpu = 00:00:10 ; elapsed = 00:00:07 . Memory (MB): peak = 1387.914 ; gain = 0.000

Phase 4 Post Placement Optimization and Clean-Up

Phase 4.1 Post Commit Optimization
INFO: [Timing 38-35] Done setting XDC timing constraints.

Phase 4.1.1 Post Placement Optimization
Post Placement Optimization Initialization | Checksum: 24792c653

Phase 4.1.1.1 BUFG Insertion
INFO: [Place 46-56] BUFG insertion identified 0 candidate nets. Inserted BUFG: 0, Replicated BUFG Driver: 0, Skipped due to Placement/Routing Conflicts: 0, Skipped due to Timing Degradation: 0, Skipped due to Illegal Netlist: 0.
Phase 4.1.1.1 BUFG Insertion | Checksum: 24792c653

Time (s): cpu = 00:00:11 ; elapsed = 00:00:07 . Memory (MB): peak = 1393.582 ; gain = 5.668
INFO: [Place 30-746] Post Placement Timing Summary WNS=14.025. For the most accurate timing information please run report_timing.
Phase 4.1.1 Post Placement Optimization | Checksum: 2453e0afd

Time (s): cpu = 00:00:11 ; elapsed = 00:00:08 . Memory (MB): peak = 1393.582 ; gain = 5.668
Phase 4.1 Post Commit Optimization | Checksum: 2453e0afd

Time (s): cpu = 00:00:11 ; elapsed = 00:00:08 . Memory (MB): peak = 1393.582 ; gain = 5.668

Phase 4.2 Post Placement Cleanup
Phase 4.2 Post Placement Cleanup | Checksum: 2453e0afd

Time (s): cpu = 00:00:11 ; elapsed = 00:00:08 . Memory (MB): peak = 1393.582 ; gain = 5.668

Phase 4.3 Placer Reporting
Phase 4.3 Placer Reporting | Checksum: 2453e0afd

Time (s): cpu = 00:00:11 ; elapsed = 00:00:08 . Memory (MB): peak = 1393.582 ; gain = 5.668

Phase 4.4 Final Placement Cleanup
Netlist sorting complete. Time (s): cpu = 00:00:00 ; elapsed = 00:00:00.002 . Memory (MB): peak = 1393.582 ; gain = 0.000
Phase 4.4 Final Placement Cleanup | Checksum: 2218ac295

Time (s): cpu = 00:00:11 ; elapsed = 00:00:08 . Memory (MB): peak = 1393.582 ; gain = 5.668
Phase 4 Post Placement Optimization and Clean-Up | Checksum: 2218ac295

Time (s): cpu = 00:00:11 ; elapsed = 00:00:08 . Memory (MB): peak = 1393.582 ; gain = 5.668
Ending Placer Task | Checksum: 131623648

Time (s): cpu = 00:00:11 ; elapsed = 00:00:08 . Memory (MB): peak = 1393.582 ; gain = 5.668
INFO: [Common 17-83] Releasing license: Implementation
60 Infos, 2 Warnings, 0 Critical Warnings and 0 Errors encountered.
place_design completed successfully
place_design: Time (s): cpu = 00:00:14 ; elapsed = 00:00:09 . Memory (MB): peak = 1393.582 ; gain = 5.668
Netlist sorting complete. Time (s): cpu = 00:00:00 ; elapsed = 00:00:00.002 . Memory (MB): peak = 1393.582 ; gain = 0.000
INFO: [Timing 38-480] Writing timing data to binary archive.
Writing placer database...
Writing XDEF routing.
Writing XDEF routing logical nets.
Writing XDEF routing special nets.
Write XDEF Complete: Time (s): cpu = 00:00:02 ; elapsed = 00:00:00.440 . Memory (MB): peak = 1394.602 ; gain = 1.020
INFO: [Common 17-1381] The checkpoint 'C:/Users/admin/Documents/pxl/3dejaar/embedded_os/Eindopdracht_EOS/Blokdesign_2/Blokdesign.runs/impl_1/design_1_wrapper_placed.dcp' has been generated.
INFO: [runtcl-4] Executing : report_io -file design_1_wrapper_io_placed.rpt
report_io: Time (s): cpu = 00:00:00 ; elapsed = 00:00:00.080 . Memory (MB): peak = 1394.602 ; gain = 0.000
INFO: [runtcl-4] Executing : report_utilization -file design_1_wrapper_utilization_placed.rpt -pb design_1_wrapper_utilization_placed.pb
INFO: [runtcl-4] Executing : report_control_sets -verbose -file design_1_wrapper_control_sets_placed.rpt
report_control_sets: Time (s): cpu = 00:00:00 ; elapsed = 00:00:00.074 . Memory (MB): peak = 1394.602 ; gain = 0.000
Command: route_design
Attempting to get a license for feature 'Implementation' and/or device 'xc7z007s'
INFO: [Common 17-349] Got license for feature 'Implementation' and/or device 'xc7z007s'
Running DRC as a precondition to command route_design
INFO: [DRC 23-27] Running DRC with 2 threads
INFO: [Vivado_Tcl 4-198] DRC finished with 0 Errors
INFO: [Vivado_Tcl 4-199] Please refer to the DRC report (report_drc) for more information.


Starting Routing Task
INFO: [Route 35-254] Multithreading enabled for route_design using a maximum of 2 CPUs
Checksum: PlaceDB: 74e5f1cf ConstDB: 0 ShapeSum: bc7c4479 RouteDB: 0

Phase 1 Build RT Design
Phase 1 Build RT Design | Checksum: 1bb6f3fd4

Time (s): cpu = 00:00:22 ; elapsed = 00:00:20 . Memory (MB): peak = 1441.230 ; gain = 33.715
Post Restoration Checksum: NetGraph: c8458482 NumContArr: f329bb52 Constraints: 0 Timing: 0

Phase 2 Router Initialization

Phase 2.1 Create Timer
Phase 2.1 Create Timer | Checksum: 1bb6f3fd4

Time (s): cpu = 00:00:22 ; elapsed = 00:00:20 . Memory (MB): peak = 1469.469 ; gain = 61.953

Phase 2.2 Fix Topology Constraints
Phase 2.2 Fix Topology Constraints | Checksum: 1bb6f3fd4

Time (s): cpu = 00:00:22 ; elapsed = 00:00:20 . Memory (MB): peak = 1475.496 ; gain = 67.980

Phase 2.3 Pre Route Cleanup
Phase 2.3 Pre Route Cleanup | Checksum: 1bb6f3fd4

Time (s): cpu = 00:00:22 ; elapsed = 00:00:20 . Memory (MB): peak = 1475.496 ; gain = 67.980
 Number of Nodes with overlaps = 0

Phase 2.4 Update Timing
Phase 2.4 Update Timing | Checksum: 1cad23c06

Time (s): cpu = 00:00:23 ; elapsed = 00:00:20 . Memory (MB): peak = 1482.250 ; gain = 74.734
INFO: [Route 35-416] Intermediate Timing Summary | WNS=14.079 | TNS=0.000  | WHS=-0.172 | THS=-18.743|

Phase 2 Router Initialization | Checksum: 18e41500a

Time (s): cpu = 00:00:23 ; elapsed = 00:00:21 . Memory (MB): peak = 1485.531 ; gain = 78.016

Router Utilization Summary
  Global Vertical Routing Utilization    = 0 %
  Global Horizontal Routing Utilization  = 0 %
  Routable Net Status*
  *Does not include unroutable nets such as driverless and loadless.
  Run report_route_status for detailed report.
  Number of Failed Nets               = 1592
    (Failed Nets is the sum of unrouted and partially routed nets)
  Number of Unrouted Nets             = 1592
  Number of Partially Routed Nets     = 0
  Number of Node Overlaps             = 0


Phase 3 Initial Routing
Phase 3 Initial Routing | Checksum: 19ac0deff

Time (s): cpu = 00:00:24 ; elapsed = 00:00:21 . Memory (MB): peak = 1485.785 ; gain = 78.270

Phase 4 Rip-up And Reroute

Phase 4.1 Global Iteration 0
 Number of Nodes with overlaps = 96
 Number of Nodes with overlaps = 0
INFO: [Route 35-416] Intermediate Timing Summary | WNS=12.840 | TNS=0.000  | WHS=N/A    | THS=N/A    |

Phase 4.1 Global Iteration 0 | Checksum: 1b4a3b39d

Time (s): cpu = 00:00:25 ; elapsed = 00:00:22 . Memory (MB): peak = 1485.785 ; gain = 78.270

Phase 4.2 Global Iteration 1
 Number of Nodes with overlaps = 1
 Number of Nodes with overlaps = 0
INFO: [Route 35-416] Intermediate Timing Summary | WNS=12.840 | TNS=0.000  | WHS=N/A    | THS=N/A    |

Phase 4.2 Global Iteration 1 | Checksum: 1998a0b92

Time (s): cpu = 00:00:25 ; elapsed = 00:00:22 . Memory (MB): peak = 1485.785 ; gain = 78.270
Phase 4 Rip-up And Reroute | Checksum: 1998a0b92

Time (s): cpu = 00:00:25 ; elapsed = 00:00:22 . Memory (MB): peak = 1485.785 ; gain = 78.270

Phase 5 Delay and Skew Optimization

Phase 5.1 Delay CleanUp
Phase 5.1 Delay CleanUp | Checksum: 1998a0b92

Time (s): cpu = 00:00:25 ; elapsed = 00:00:22 . Memory (MB): peak = 1485.785 ; gain = 78.270

Phase 5.2 Clock Skew Optimization
Phase 5.2 Clock Skew Optimization | Checksum: 1998a0b92

Time (s): cpu = 00:00:25 ; elapsed = 00:00:22 . Memory (MB): peak = 1485.785 ; gain = 78.270
Phase 5 Delay and Skew Optimization | Checksum: 1998a0b92

Time (s): cpu = 00:00:25 ; elapsed = 00:00:22 . Memory (MB): peak = 1485.785 ; gain = 78.270

Phase 6 Post Hold Fix

Phase 6.1 Hold Fix Iter

Phase 6.1.1 Update Timing
Phase 6.1.1 Update Timing | Checksum: 11ec91143

Time (s): cpu = 00:00:25 ; elapsed = 00:00:22 . Memory (MB): peak = 1485.785 ; gain = 78.270
INFO: [Route 35-416] Intermediate Timing Summary | WNS=12.955 | TNS=0.000  | WHS=0.038  | THS=0.000  |

Phase 6.1 Hold Fix Iter | Checksum: b09d954f

Time (s): cpu = 00:00:25 ; elapsed = 00:00:22 . Memory (MB): peak = 1485.785 ; gain = 78.270
Phase 6 Post Hold Fix | Checksum: b09d954f

Time (s): cpu = 00:00:25 ; elapsed = 00:00:22 . Memory (MB): peak = 1485.785 ; gain = 78.270

Phase 7 Route finalize

Router Utilization Summary
  Global Vertical Routing Utilization    = 0.458615 %
  Global Horizontal Routing Utilization  = 0.765625 %
  Routable Net Status*
  *Does not include unroutable nets such as driverless and loadless.
  Run report_route_status for detailed report.
  Number of Failed Nets               = 0
    (Failed Nets is the sum of unrouted and partially routed nets)
  Number of Unrouted Nets             = 0
  Number of Partially Routed Nets     = 0
  Number of Node Overlaps             = 0

Phase 7 Route finalize | Checksum: 151cbaeff

Time (s): cpu = 00:00:25 ; elapsed = 00:00:22 . Memory (MB): peak = 1485.785 ; gain = 78.270

Phase 8 Verifying routed nets

 Verification completed successfully
Phase 8 Verifying routed nets | Checksum: 151cbaeff

Time (s): cpu = 00:00:25 ; elapsed = 00:00:22 . Memory (MB): peak = 1487.793 ; gain = 80.277

Phase 9 Depositing Routes
Phase 9 Depositing Routes | Checksum: 1a0f5eec1

Time (s): cpu = 00:00:25 ; elapsed = 00:00:22 . Memory (MB): peak = 1487.793 ; gain = 80.277

Phase 10 Post Router Timing
INFO: [Route 35-57] Estimated Timing Summary | WNS=12.955 | TNS=0.000  | WHS=0.038  | THS=0.000  |

INFO: [Route 35-327] The final timing numbers are based on the router estimated timing analysis. For a complete and accurate timing signoff, please run report_timing_summary.
Phase 10 Post Router Timing | Checksum: 1a0f5eec1

Time (s): cpu = 00:00:25 ; elapsed = 00:00:22 . Memory (MB): peak = 1487.793 ; gain = 80.277
INFO: [Route 35-16] Router Completed Successfully

Time (s): cpu = 00:00:25 ; elapsed = 00:00:22 . Memory (MB): peak = 1487.793 ; gain = 80.277

Routing Is Done.
INFO: [Common 17-83] Releasing license: Implementation
78 Infos, 2 Warnings, 0 Critical Warnings and 0 Errors encountered.
route_design completed successfully
route_design: Time (s): cpu = 00:00:29 ; elapsed = 00:00:24 . Memory (MB): peak = 1487.793 ; gain = 93.191
Netlist sorting complete. Time (s): cpu = 00:00:00 ; elapsed = 00:00:00.002 . Memory (MB): peak = 1487.793 ; gain = 0.000
INFO: [Timing 38-480] Writing timing data to binary archive.
Writing placer database...
Writing XDEF routing.
Writing XDEF routing logical nets.
Writing XDEF routing special nets.
Write XDEF Complete: Time (s): cpu = 00:00:01 ; elapsed = 00:00:00.432 . Memory (MB): peak = 1497.953 ; gain = 10.160
INFO: [Common 17-1381] The checkpoint 'C:/Users/admin/Documents/pxl/3dejaar/embedded_os/Eindopdracht_EOS/Blokdesign_2/Blokdesign.runs/impl_1/design_1_wrapper_routed.dcp' has been generated.
INFO: [runtcl-4] Executing : report_drc -file design_1_wrapper_drc_routed.rpt -pb design_1_wrapper_drc_routed.pb -rpx design_1_wrapper_drc_routed.rpx
Command: report_drc -file design_1_wrapper_drc_routed.rpt -pb design_1_wrapper_drc_routed.pb -rpx design_1_wrapper_drc_routed.rpx
INFO: [IP_Flow 19-1839] IP Catalog is up to date.
INFO: [DRC 23-27] Running DRC with 2 threads
INFO: [Coretcl 2-168] The results of DRC are in file C:/Users/admin/Documents/pxl/3dejaar/embedded_os/Eindopdracht_EOS/Blokdesign_2/Blokdesign.runs/impl_1/design_1_wrapper_drc_routed.rpt.
report_drc completed successfully
INFO: [runtcl-4] Executing : report_methodology -file design_1_wrapper_methodology_drc_routed.rpt -pb design_1_wrapper_methodology_drc_routed.pb -rpx design_1_wrapper_methodology_drc_routed.rpx
Command: report_methodology -file design_1_wrapper_methodology_drc_routed.rpt -pb design_1_wrapper_methodology_drc_routed.pb -rpx design_1_wrapper_methodology_drc_routed.rpx
INFO: [Timing 38-35] Done setting XDC timing constraints.
INFO: [DRC 23-133] Running Methodology with 2 threads
INFO: [Coretcl 2-1520] The results of Report Methodology are in file C:/Users/admin/Documents/pxl/3dejaar/embedded_os/Eindopdracht_EOS/Blokdesign_2/Blokdesign.runs/impl_1/design_1_wrapper_methodology_drc_routed.rpt.
report_methodology completed successfully
INFO: [runtcl-4] Executing : report_power -file design_1_wrapper_power_routed.rpt -pb design_1_wrapper_power_summary_routed.pb -rpx design_1_wrapper_power_routed.rpx
Command: report_power -file design_1_wrapper_power_routed.rpt -pb design_1_wrapper_power_summary_routed.pb -rpx design_1_wrapper_power_routed.rpx
INFO: [Timing 38-35] Done setting XDC timing constraints.
Running Vector-less Activity Propagation...

Finished Running Vector-less Activity Propagation
90 Infos, 2 Warnings, 0 Critical Warnings and 0 Errors encountered.
report_power completed successfully
INFO: [runtcl-4] Executing : report_route_status -file design_1_wrapper_route_status.rpt -pb design_1_wrapper_route_status.pb
INFO: [runtcl-4] Executing : report_timing_summary -max_paths 10 -file design_1_wrapper_timing_summary_routed.rpt -pb design_1_wrapper_timing_summary_routed.pb -rpx design_1_wrapper_timing_summary_routed.rpx -warn_on_violation 
INFO: [Timing 38-91] UpdateTimingParams: Speed grade: -1, Delay Type: min_max.
INFO: [Timing 38-191] Multithreading enabled for timing update using a maximum of 2 CPUs
INFO: [runtcl-4] Executing : report_incremental_reuse -file design_1_wrapper_incremental_reuse_routed.rpt
INFO: [Vivado_Tcl 4-1062] Incremental flow is disabled. No incremental reuse Info to report.
INFO: [runtcl-4] Executing : report_clock_utilization -file design_1_wrapper_clock_utilization_routed.rpt
INFO: [runtcl-4] Executing : report_bus_skew -warn_on_violation -file design_1_wrapper_bus_skew_routed.rpt -pb design_1_wrapper_bus_skew_routed.pb -rpx design_1_wrapper_bus_skew_routed.rpx
INFO: [Timing 38-91] UpdateTimingParams: Speed grade: -1, Delay Type: min_max.
INFO: [Timing 38-191] Multithreading enabled for timing update using a maximum of 2 CPUs
Command: write_bitstream -force design_1_wrapper.bit
Attempting to get a license for feature 'Implementation' and/or device 'xc7z007s'
INFO: [Common 17-349] Got license for feature 'Implementation' and/or device 'xc7z007s'
Running DRC as a precondition to command write_bitstream
INFO: [IP_Flow 19-1839] IP Catalog is up to date.
INFO: [DRC 23-27] Running DRC with 2 threads
INFO: [Vivado 12-3199] DRC finished with 0 Errors
INFO: [Vivado 12-3200] Please refer to the DRC report (report_drc) for more information.
INFO: [Designutils 20-2272] Running write_bitstream with 2 threads.
Loading data files...
Loading site data...
Loading route data...
Processing options...
Creating bitmap...
Creating bitstream...
Writing bitstream ./design_1_wrapper.bit...
INFO: [Vivado 12-1842] Bitgen Completed Successfully.
INFO: [Project 1-120] WebTalk data collection is mandatory when using a WebPACK part without a full Vivado license. To see the specific WebTalk data collected for your design, open the usage_statistics_webtalk.html or usage_statistics_webtalk.xml file in the implementation directory.
INFO: [Common 17-186] 'C:/Users/admin/Documents/pxl/3dejaar/embedded_os/Eindopdracht_EOS/Blokdesign_2/Blokdesign.runs/impl_1/usage_statistics_webtalk.xml' has been successfully sent to Xilinx on Sun Dec  1 19:49:49 2019. For additional details about this file, please refer to the WebTalk help file at C:/Xilinx/Vivado/2019.1/doc/webtalk_introduction.html.
INFO: [Common 17-83] Releasing license: Implementation
110 Infos, 2 Warnings, 0 Critical Warnings and 0 Errors encountered.
write_bitstream completed successfully
write_bitstream: Time (s): cpu = 00:00:24 ; elapsed = 00:00:24 . Memory (MB): peak = 1924.668 ; gain = 400.121
INFO: [Common 17-206] Exiting Vivado at Sun Dec  1 19:49:49 2019...
=======

*** Running vivado
    with args -log design_1_wrapper.vdi -applog -m64 -product Vivado -messageDb vivado.pb -mode batch -source design_1_wrapper.tcl -notrace


****** Vivado v2019.1 (64-bit)
  **** SW Build 2552052 on Fri May 24 14:49:42 MDT 2019
  **** IP Build 2548770 on Fri May 24 18:01:18 MDT 2019
    ** Copyright 1986-2019 Xilinx, Inc. All Rights Reserved.

source design_1_wrapper.tcl -notrace
INFO: [IP_Flow 19-234] Refreshing IP repositories
WARNING: [IP_Flow 19-3685] Ignored loading user repository 'd:/Vivado_Projecten/EindOpdracht1/Eindopdracht_EOS/ip_repo/NeoMatrix_1.0'. The path is contained within another repository.
INFO: [IP_Flow 19-1700] Loaded user IP repository 'd:/Vivado_Projecten/EindOpdracht1/Eindopdracht_EOS/ip_repo'.
INFO: [IP_Flow 19-2313] Loaded Vivado IP repository 'D:/Xilinx/Vivado/2019.1/data/ip'.
WARNING: [IP_Flow 19-4995] The host OS only allows 260 characters in a normal path. The IP cache path is more than 80 characters. If you experience issues with IP caching, please consider changing the IP cache to a location with a shorter path. Alternately consider using the OS subst command to map part of the path to a drive letter. 
Current IP cache path is D:/Vivado_Projecten/EindOpdracht1/Eindopdracht_EOS/Blokdesign_2/Blokdesign.cache/ip 
Command: link_design -top design_1_wrapper -part xc7z007sclg225-1
Design is defaulting to srcset: sources_1
Design is defaulting to constrset: constrs_1
INFO: [Device 21-403] Loading part xc7z007sclg225-1
INFO: [Project 1-454] Reading design checkpoint 'd:/Vivado_Projecten/EindOpdracht1/Eindopdracht_EOS/Blokdesign_2/Blokdesign.srcs/sources_1/bd/design_1/ip/design_1_NeoMatrix_0_1/design_1_NeoMatrix_0_1.dcp' for cell 'design_1_i/NeoMatrix_0'
INFO: [Project 1-454] Reading design checkpoint 'd:/Vivado_Projecten/EindOpdracht1/Eindopdracht_EOS/Blokdesign_2/Blokdesign.srcs/sources_1/bd/design_1/ip/design_1_Ultrasoon_0_0/design_1_Ultrasoon_0_0.dcp' for cell 'design_1_i/Ultrasoon_0'
INFO: [Project 1-454] Reading design checkpoint 'd:/Vivado_Projecten/EindOpdracht1/Eindopdracht_EOS/Blokdesign_2/Blokdesign.srcs/sources_1/bd/design_1/ip/design_1_processing_system7_0_0/design_1_processing_system7_0_0.dcp' for cell 'design_1_i/processing_system7_0'
INFO: [Project 1-454] Reading design checkpoint 'd:/Vivado_Projecten/EindOpdracht1/Eindopdracht_EOS/Blokdesign_2/Blokdesign.srcs/sources_1/bd/design_1/ip/design_1_rst_ps7_0_50M_0/design_1_rst_ps7_0_50M_0.dcp' for cell 'design_1_i/rst_ps7_0_50M'
INFO: [Project 1-454] Reading design checkpoint 'd:/Vivado_Projecten/EindOpdracht1/Eindopdracht_EOS/Blokdesign_2/Blokdesign.srcs/sources_1/bd/design_1/ip/design_1_xbar_1/design_1_xbar_1.dcp' for cell 'design_1_i/ps7_0_axi_periph/xbar'
INFO: [Project 1-454] Reading design checkpoint 'd:/Vivado_Projecten/EindOpdracht1/Eindopdracht_EOS/Blokdesign_2/Blokdesign.srcs/sources_1/bd/design_1/ip/design_1_auto_pc_0/design_1_auto_pc_0.dcp' for cell 'design_1_i/ps7_0_axi_periph/s00_couplers/auto_pc'
INFO: [Netlist 29-17] Analyzing 30 Unisim elements for replacement
INFO: [Netlist 29-28] Unisim Transformation completed in 0 CPU seconds
INFO: [Project 1-479] Netlist was created with Vivado 2019.1
INFO: [Project 1-570] Preparing netlist for logic optimization
Parsing XDC File [d:/Vivado_Projecten/EindOpdracht1/Eindopdracht_EOS/Blokdesign_2/Blokdesign.srcs/sources_1/bd/design_1/ip/design_1_processing_system7_0_0/design_1_processing_system7_0_0.xdc] for cell 'design_1_i/processing_system7_0/inst'
Finished Parsing XDC File [d:/Vivado_Projecten/EindOpdracht1/Eindopdracht_EOS/Blokdesign_2/Blokdesign.srcs/sources_1/bd/design_1/ip/design_1_processing_system7_0_0/design_1_processing_system7_0_0.xdc] for cell 'design_1_i/processing_system7_0/inst'
Parsing XDC File [d:/Vivado_Projecten/EindOpdracht1/Eindopdracht_EOS/Blokdesign_2/Blokdesign.srcs/sources_1/bd/design_1/ip/design_1_rst_ps7_0_50M_0/design_1_rst_ps7_0_50M_0_board.xdc] for cell 'design_1_i/rst_ps7_0_50M/U0'
Finished Parsing XDC File [d:/Vivado_Projecten/EindOpdracht1/Eindopdracht_EOS/Blokdesign_2/Blokdesign.srcs/sources_1/bd/design_1/ip/design_1_rst_ps7_0_50M_0/design_1_rst_ps7_0_50M_0_board.xdc] for cell 'design_1_i/rst_ps7_0_50M/U0'
Parsing XDC File [d:/Vivado_Projecten/EindOpdracht1/Eindopdracht_EOS/Blokdesign_2/Blokdesign.srcs/sources_1/bd/design_1/ip/design_1_rst_ps7_0_50M_0/design_1_rst_ps7_0_50M_0.xdc] for cell 'design_1_i/rst_ps7_0_50M/U0'
Finished Parsing XDC File [d:/Vivado_Projecten/EindOpdracht1/Eindopdracht_EOS/Blokdesign_2/Blokdesign.srcs/sources_1/bd/design_1/ip/design_1_rst_ps7_0_50M_0/design_1_rst_ps7_0_50M_0.xdc] for cell 'design_1_i/rst_ps7_0_50M/U0'
Parsing XDC File [D:/Vivado_Projecten/EindOpdracht1/Eindopdracht_EOS/Blokdesign_2/Blokdesign.srcs/constrs/new/project1.xdc]
Finished Parsing XDC File [D:/Vivado_Projecten/EindOpdracht1/Eindopdracht_EOS/Blokdesign_2/Blokdesign.srcs/constrs/new/project1.xdc]
INFO: [Opt 31-138] Pushed 0 inverter(s) to 0 load pin(s).
Netlist sorting complete. Time (s): cpu = 00:00:00 ; elapsed = 00:00:00.001 . Memory (MB): peak = 802.629 ; gain = 0.000
INFO: [Project 1-111] Unisim Transformation Summary:
No Unisim elements were transformed.

16 Infos, 2 Warnings, 0 Critical Warnings and 0 Errors encountered.
link_design completed successfully
link_design: Time (s): cpu = 00:00:08 ; elapsed = 00:00:12 . Memory (MB): peak = 802.629 ; gain = 396.246
Command: opt_design
Attempting to get a license for feature 'Implementation' and/or device 'xc7z007s'
INFO: [Common 17-349] Got license for feature 'Implementation' and/or device 'xc7z007s'
Running DRC as a precondition to command opt_design

Starting DRC Task
INFO: [DRC 23-27] Running DRC with 2 threads
ERROR: [DRC MDRV-1] Multiple Driver Nets: Net design_1_i/NeoMatrix_0/U0/NeoMatrix_v1_0_S00_AXI_inst/u2/slv_reg0[0] has multiple drivers: design_1_i/NeoMatrix_0/U0/NeoMatrix_v1_0_S00_AXI_inst/u2/busy_reg/Q, and design_1_i/NeoMatrix_0/U0/NeoMatrix_v1_0_S00_AXI_inst/slv_reg0_reg[25]/Q.
INFO: [Project 1-461] DRC finished with 1 Errors
INFO: [Project 1-462] Please refer to the DRC report (report_drc) for more information.
ERROR: [Vivado_Tcl 4-78] Error(s) found during DRC. Opt_design not run.

Time (s): cpu = 00:00:00 ; elapsed = 00:00:00.565 . Memory (MB): peak = 823.672 ; gain = 21.043
INFO: [Common 17-83] Releasing license: Implementation
21 Infos, 2 Warnings, 0 Critical Warnings and 2 Errors encountered.
opt_design failed
ERROR: [Common 17-39] 'opt_design' failed due to earlier errors.

INFO: [Common 17-206] Exiting Vivado at Wed Dec  4 12:52:14 2019...
>>>>>>> Stashed changes
