#-----------------------------------------------------------
# Vivado v2019.1 (64-bit)
# SW Build 2552052 on Fri May 24 14:49:42 MDT 2019
# IP Build 2548770 on Fri May 24 18:01:18 MDT 2019
# Start of session at: Tue Dec 31 10:16:42 2019
# Process ID: 6596
# Current directory: D:/Vivado_Projecten/EindOpdracht1/Eindopdracht_EOS/NeoMatrix3_project
# Command line: vivado.exe -gui_launcher_event rodinguilauncherevent16260 D:\Vivado_Projecten\EindOpdracht1\Eindopdracht_EOS\NeoMatrix3_project\NeoMatrix3_project.xpr
# Log file: D:/Vivado_Projecten/EindOpdracht1/Eindopdracht_EOS/NeoMatrix3_project/vivado.log
# Journal file: D:/Vivado_Projecten/EindOpdracht1/Eindopdracht_EOS/NeoMatrix3_project\vivado.jou
#-----------------------------------------------------------
start_gui
open_project D:/Vivado_Projecten/EindOpdracht1/Eindopdracht_EOS/NeoMatrix3_project/NeoMatrix3_project.xpr
INFO: [Project 1-313] Project file moved from 'C:/Users/admin/Documents/pxl/3dejaar/embedded_os/Eindopdracht_EOS/NeoMatrix3_project' since last save.
Scanning sources...
Finished scanning sources
WARNING: [filemgmt 56-2] IPUserFilesDir: Could not find the directory 'D:/Vivado_Projecten/EindOpdracht1/Eindopdracht_EOS/NeoMatrix3_project/NeoMatrix3_project.ip_user_files', nor could it be found using path 'C:/Users/admin/Documents/pxl/3dejaar/embedded_os/Eindopdracht_EOS/NeoMatrix3_project/NeoMatrix3_project.ip_user_files'.
INFO: [IP_Flow 19-234] Refreshing IP repositories
INFO: [IP_Flow 19-1700] Loaded user IP repository 'd:/Vivado_Projecten/EindOpdracht1/Eindopdracht_EOS/ip_repo/NeoMatix64_1.0'.
INFO: [IP_Flow 19-2313] Loaded Vivado IP repository 'D:/Xilinx/Vivado/2019.1/data/ip'.
open_project: Time (s): cpu = 00:00:16 ; elapsed = 00:00:22 . Memory (MB): peak = 787.777 ; gain = 185.293
update_compile_order -fileset sources_1
open_bd_design {D:/Vivado_Projecten/EindOpdracht1/Eindopdracht_EOS/NeoMatrix3_project/NeoMatrix3_project.srcs/sources_1/bd/design_1/design_1.bd}
Adding component instance block -- xilinx.com:user:NeoMatix64:1.0 - NeoMatix64_0
Adding component instance block -- xilinx.com:module_ref:vhdlnoclk:1.0 - vhdlnoclk_0
Adding component instance block -- xilinx.com:ip:processing_system7:5.5 - processing_system7_0
Adding component instance block -- xilinx.com:ip:axi_interconnect:2.1 - ps7_0_axi_periph
Adding component instance block -- xilinx.com:ip:axi_crossbar:2.1 - xbar
Adding component instance block -- xilinx.com:ip:axi_protocol_converter:2.1 - auto_pc
Adding component instance block -- xilinx.com:ip:proc_sys_reset:5.0 - rst_ps7_0_50M
WARNING: [BD 41-1731] Type mismatch between connected pins: /vhdlnoclk_0/clk65MHz(undef) and /NeoMatix64_0/clk(clk)
Successfully read diagram <design_1> from BD file <D:/Vivado_Projecten/EindOpdracht1/Eindopdracht_EOS/NeoMatrix3_project/NeoMatrix3_project.srcs/sources_1/bd/design_1/design_1.bd>
open_bd_design: Time (s): cpu = 00:00:09 ; elapsed = 00:00:13 . Memory (MB): peak = 1072.031 ; gain = 1.332
exit
INFO: [Common 17-206] Exiting Vivado at Tue Dec 31 10:18:57 2019...
