#-----------------------------------------------------------
# Vivado v2019.1 (64-bit)
# SW Build 2552052 on Fri May 24 14:49:42 MDT 2019
# IP Build 2548770 on Fri May 24 18:01:18 MDT 2019
# Start of session at: Sat Jan  4 10:41:43 2020
# Process ID: 17124
# Current directory: D:/Vivado_Projecten/EindOpdracht1/Eindopdracht_EOS/NeoMatrix3_project
# Command line: vivado.exe -gui_launcher_event rodinguilauncherevent772 D:\Vivado_Projecten\EindOpdracht1\Eindopdracht_EOS\NeoMatrix3_project\NeoMatrix3_project.xpr
# Log file: D:/Vivado_Projecten/EindOpdracht1/Eindopdracht_EOS/NeoMatrix3_project/vivado.log
# Journal file: D:/Vivado_Projecten/EindOpdracht1/Eindopdracht_EOS/NeoMatrix3_project\vivado.jou
#-----------------------------------------------------------
start_gui
open_project D:/Vivado_Projecten/EindOpdracht1/Eindopdracht_EOS/NeoMatrix3_project/NeoMatrix3_project.xpr
INFO: [Project 1-313] Project file moved from 'C:/Users/admin/Documents/pxl/3dejaar/embedded_os/Eindopdracht_EOS/NeoMatrix3_project' since last save.
Scanning sources...
Finished scanning sources
WARNING: [filemgmt 56-2] IPUserFilesDir: Could not find the directory 'D:/Vivado_Projecten/EindOpdracht1/Eindopdracht_EOS/NeoMatrix3_project/NeoMatrix3_project.ip_user_files', nor could it be found using path 'C:/Users/admin/Documents/pxl/3dejaar/embedded_os/Eindopdracht_EOS/NeoMatrix3_project/NeoMatrix3_project.ip_user_files'.
INFO: [IP_Flow 19-234] Refreshing IP repositories
INFO: [IP_Flow 19-1700] Loaded user IP repository 'd:/Vivado_Projecten/EindOpdracht1/Eindopdracht_EOS/ip_repo/NeoMatix64_1.0'.
INFO: [IP_Flow 19-1700] Loaded user IP repository 'd:/Vivado_Projecten/EOS/ip_repo2'.
INFO: [IP_Flow 19-2313] Loaded Vivado IP repository 'D:/Xilinx/Vivado/2019.1/data/ip'.
open_project: Time (s): cpu = 00:00:17 ; elapsed = 00:00:21 . Memory (MB): peak = 801.910 ; gain = 193.160
update_compile_order -fileset sources_1
open_bd_design {D:/Vivado_Projecten/EindOpdracht1/Eindopdracht_EOS/NeoMatrix3_project/NeoMatrix3_project.srcs/sources_1/bd/design_1/design_1.bd}
Adding component instance block -- xilinx.com:user:NeoMatix64:1.0 - NeoMatix64_0
Adding component instance block -- xilinx.com:module_ref:vhdlnoclk:1.0 - vhdlnoclk_0
Adding component instance block -- xilinx.com:ip:processing_system7:5.5 - processing_system7_0
Adding component instance block -- xilinx.com:ip:axi_interconnect:2.1 - ps7_0_axi_periph
Adding component instance block -- xilinx.com:ip:axi_crossbar:2.1 - xbar
Adding component instance block -- xilinx.com:ip:axi_protocol_converter:2.1 - auto_pc
Adding component instance block -- xilinx.com:ip:proc_sys_reset:5.0 - rst_ps7_0_50M
Adding component instance block -- xilinx.com:user:Ultrasoon:1.0 - Ultrasoon_0
WARNING: [BD 41-1731] Type mismatch between connected pins: /vhdlnoclk_0/clk65MHz(undef) and /NeoMatix64_0/clk(clk)
Successfully read diagram <design_1> from BD file <D:/Vivado_Projecten/EindOpdracht1/Eindopdracht_EOS/NeoMatrix3_project/NeoMatrix3_project.srcs/sources_1/bd/design_1/design_1.bd>
open_bd_design: Time (s): cpu = 00:00:08 ; elapsed = 00:00:12 . Memory (MB): peak = 1078.777 ; gain = 53.113
launch_sdk -workspace D:/Vivado_Projecten/EindOpdracht1/Eindopdracht_EOS/NeoMatrix3_project/NeoMatrix3_project.sdk -hwspec D:/Vivado_Projecten/EindOpdracht1/Eindopdracht_EOS/NeoMatrix3_project/NeoMatrix3_project.sdk/design_1_wrapper.hdf
INFO: [Vivado 12-393] Launching SDK...
INFO: [Vivado 12-417] Running xsdk -workspace D:/Vivado_Projecten/EindOpdracht1/Eindopdracht_EOS/NeoMatrix3_project/NeoMatrix3_project.sdk -hwspec D:/Vivado_Projecten/EindOpdracht1/Eindopdracht_EOS/NeoMatrix3_project/NeoMatrix3_project.sdk/design_1_wrapper.hdf
INFO: [Vivado 12-3157] SDK launch initiated. Please check console for any further messages.
set_property  ip_repo_paths  {d:/Vivado_Projecten/EindOpdracht1/Eindopdracht_EOS/ip_repo/NeoMatix64_1.0 d:/Vivado_Projecten/EOS/ip_repo2 D:/Vivado_Projecten/EindOpdracht1/Eindopdracht_EOS/ip_repo} [current_project]
update_ip_catalog
INFO: [IP_Flow 19-234] Refreshing IP repositories
WARNING: [IP_Flow 19-3685] Ignored loading user repository 'd:/Vivado_Projecten/EindOpdracht1/Eindopdracht_EOS/ip_repo/NeoMatix64_1.0'. The path is contained within another repository.
INFO: [IP_Flow 19-1700] Loaded user IP repository 'd:/Vivado_Projecten/EOS/ip_repo2'.
WARNING: [IP_Flow 19-395] Problem validating against XML schema: : Not well formed
CRITICAL WARNING: [IP_Flow 19-1977] Unable to read IP file d:/Vivado_Projecten/EindOpdracht1/Eindopdracht_EOS/ip_repo/NeonIp_1.0/component.xml. This IP will not be included in the IP Catalog.
INFO: [IP_Flow 19-1700] Loaded user IP repository 'd:/Vivado_Projecten/EindOpdracht1/Eindopdracht_EOS/ip_repo'.
WARNING: [IP_Flow 19-1663] Duplicate IP found for 'xilinx.com:user:SevenSegmentDriver:1.0'. The one found in IP location 'd:/Vivado_Projecten/EOS/ip_repo2/SevenSegment/SevenSegmentDriver_1.0' will take precedence over the same IP in location d:/Vivado_Projecten/EindOpdracht1/Eindopdracht_EOS/ip_repo/SevenSegment/SevenSegmentDriver_1.0
WARNING: [IP_Flow 19-1663] Duplicate IP found for 'xilinx.com:user:Ultrasoon:1.0'. The one found in IP location 'd:/Vivado_Projecten/EOS/ip_repo2/Ultrasoon/Ultrasoon_1.0' will take precedence over the same IP in location d:/Vivado_Projecten/EindOpdracht1/Eindopdracht_EOS/ip_repo/Ultrasoon/Ultrasoon_1.0
set_property  ip_repo_paths  {d:/Vivado_Projecten/EindOpdracht1/Eindopdracht_EOS/ip_repo/NeoMatix64_1.0 d:/Vivado_Projecten/EindOpdracht1/Eindopdracht_EOS/ip_repo} [current_project]
update_ip_catalog
INFO: [IP_Flow 19-234] Refreshing IP repositories
WARNING: [IP_Flow 19-3685] Ignored loading user repository 'd:/Vivado_Projecten/EindOpdracht1/Eindopdracht_EOS/ip_repo/NeoMatix64_1.0'. The path is contained within another repository.
INFO: [IP_Flow 19-1700] Loaded user IP repository 'd:/Vivado_Projecten/EindOpdracht1/Eindopdracht_EOS/ip_repo'.
set_property  ip_repo_paths  d:/Vivado_Projecten/EindOpdracht1/Eindopdracht_EOS/ip_repo [current_project]
update_ip_catalog
INFO: [IP_Flow 19-234] Refreshing IP repositories
INFO: [IP_Flow 19-1700] Loaded user IP repository 'd:/Vivado_Projecten/EindOpdracht1/Eindopdracht_EOS/ip_repo'.
startgroup
create_bd_cell -type ip -vlnv xilinx.com:user:Ultrasoon:1.0 Ultrasoon_1
endgroup
startgroup
create_bd_cell -type ip -vlnv xilinx.com:user:NeoMatix64:1.0 NeoMatix64_1
endgroup
delete_bd_objs [get_bd_cells NeoMatix64_1]
delete_bd_objs [get_bd_cells Ultrasoon_1]
validate_bd_design
regenerate_bd_layout
save_bd_design
Wrote  : <D:\Vivado_Projecten\EindOpdracht1\Eindopdracht_EOS\NeoMatrix3_project\NeoMatrix3_project.srcs\sources_1\bd\design_1\design_1.bd> 
reset_run synth_1
launch_runs impl_1 -to_step write_bitstream -jobs 4
INFO: [BD 41-1662] The design 'design_1.bd' is already validated. Therefore parameter propagation will not be re-run.
VHDL Output written to : D:/Vivado_Projecten/EindOpdracht1/Eindopdracht_EOS/NeoMatrix3_project/NeoMatrix3_project.srcs/sources_1/bd/design_1/synth/design_1.vhd
VHDL Output written to : D:/Vivado_Projecten/EindOpdracht1/Eindopdracht_EOS/NeoMatrix3_project/NeoMatrix3_project.srcs/sources_1/bd/design_1/sim/design_1.vhd
VHDL Output written to : D:/Vivado_Projecten/EindOpdracht1/Eindopdracht_EOS/NeoMatrix3_project/NeoMatrix3_project.srcs/sources_1/bd/design_1/hdl/design_1_wrapper.vhd
INFO: [BD 41-1029] Generation completed for the IP Integrator block NeoMatix64_0 .
INFO: [BD 41-1029] Generation completed for the IP Integrator block vhdlnoclk_0 .
INFO: [BD 41-1029] Generation completed for the IP Integrator block processing_system7_0 .
INFO: [BD 41-1029] Generation completed for the IP Integrator block ps7_0_axi_periph/xbar .
INFO: [BD 41-1029] Generation completed for the IP Integrator block rst_ps7_0_50M .
INFO: [BD 41-1029] Generation completed for the IP Integrator block Ultrasoon_0 .
WARNING: [IP_Flow 19-4994] Overwriting existing constraint file 'd:/Vivado_Projecten/EindOpdracht1/Eindopdracht_EOS/NeoMatrix3_project/NeoMatrix3_project.srcs/sources_1/bd/design_1/ip/design_1_auto_pc_0/design_1_auto_pc_0_ooc.xdc'
INFO: [BD 41-1029] Generation completed for the IP Integrator block ps7_0_axi_periph/s01_couplers/auto_pc .
Exporting to file D:/Vivado_Projecten/EindOpdracht1/Eindopdracht_EOS/NeoMatrix3_project/NeoMatrix3_project.srcs/sources_1/bd/design_1/hw_handoff/design_1.hwh
Generated Block Design Tcl file D:/Vivado_Projecten/EindOpdracht1/Eindopdracht_EOS/NeoMatrix3_project/NeoMatrix3_project.srcs/sources_1/bd/design_1/hw_handoff/design_1_bd.tcl
Generated Hardware Definition File D:/Vivado_Projecten/EindOpdracht1/Eindopdracht_EOS/NeoMatrix3_project/NeoMatrix3_project.srcs/sources_1/bd/design_1/synth/design_1.hwdef
INFO: [IP_Flow 19-4993] Using cached IP synthesis design for IP design_1_auto_pc_0, cache-ID = 6d45188942f6114b; cache size = 3.138 MB.
[Sat Jan  4 10:53:40 2020] Launched synth_1...
Run output will be captured here: D:/Vivado_Projecten/EindOpdracht1/Eindopdracht_EOS/NeoMatrix3_project/NeoMatrix3_project.runs/synth_1/runme.log
[Sat Jan  4 10:53:40 2020] Launched impl_1...
Run output will be captured here: D:/Vivado_Projecten/EindOpdracht1/Eindopdracht_EOS/NeoMatrix3_project/NeoMatrix3_project.runs/impl_1/runme.log
launch_runs: Time (s): cpu = 00:00:04 ; elapsed = 00:00:11 . Memory (MB): peak = 1515.285 ; gain = 0.000
file copy -force D:/Vivado_Projecten/EindOpdracht1/Eindopdracht_EOS/NeoMatrix3_project/NeoMatrix3_project.runs/impl_1/design_1_wrapper.sysdef D:/Vivado_Projecten/EindOpdracht1/Eindopdracht_EOS/NeoMatrix3_project/NeoMatrix3_project.sdk/design_1_wrapper.hdf

file copy -force D:/Vivado_Projecten/EindOpdracht1/Eindopdracht_EOS/NeoMatrix3_project/NeoMatrix3_project.runs/impl_1/design_1_wrapper.sysdef D:/Vivado_Projecten/EindOpdracht1/Eindopdracht_EOS/NeoMatrix3_project/NeoMatrix3_project.sdk/design_1_wrapper.hdf

launch_sdk -workspace D:/Vivado_Projecten/EindOpdracht1/Eindopdracht_EOS/NeoMatrix3_project/NeoMatrix3_project.sdk -hwspec D:/Vivado_Projecten/EindOpdracht1/Eindopdracht_EOS/NeoMatrix3_project/NeoMatrix3_project.sdk/design_1_wrapper.hdf
INFO: [Vivado 12-393] Launching SDK...
INFO: [Vivado 12-417] Running xsdk -workspace D:/Vivado_Projecten/EindOpdracht1/Eindopdracht_EOS/NeoMatrix3_project/NeoMatrix3_project.sdk -hwspec D:/Vivado_Projecten/EindOpdracht1/Eindopdracht_EOS/NeoMatrix3_project/NeoMatrix3_project.sdk/design_1_wrapper.hdf
INFO: [Vivado 12-3157] SDK launch initiated. Please check console for any further messages.
launch_sdk -workspace D:/Vivado_Projecten/EindOpdracht1/Eindopdracht_EOS/NeoMatrix3_project/NeoMatrix3_project.sdk -hwspec D:/Vivado_Projecten/EindOpdracht1/Eindopdracht_EOS/NeoMatrix3_project/NeoMatrix3_project.sdk/design_1_wrapper.hdf
INFO: [Vivado 12-393] Launching SDK...
INFO: [Vivado 12-417] Running xsdk -workspace D:/Vivado_Projecten/EindOpdracht1/Eindopdracht_EOS/NeoMatrix3_project/NeoMatrix3_project.sdk -hwspec D:/Vivado_Projecten/EindOpdracht1/Eindopdracht_EOS/NeoMatrix3_project/NeoMatrix3_project.sdk/design_1_wrapper.hdf
INFO: [Vivado 12-3157] SDK launch initiated. Please check console for any further messages.
exit
INFO: [Common 17-206] Exiting Vivado at Sat Jan  4 11:23:18 2020...
