#-----------------------------------------------------------
# Vivado v2019.1 (64-bit)
# SW Build 2552052 on Fri May 24 14:49:42 MDT 2019
# IP Build 2548770 on Fri May 24 18:01:18 MDT 2019
# Start of session at: Sat Jan  4 11:25:32 2020
# Process ID: 2052
# Current directory: D:/Vivado_Projecten/EindOpdracht1/Eindopdracht_EOS/NeoMatrix3_project
# Command line: vivado.exe -gui_launcher_event rodinguilauncherevent10096 D:\Vivado_Projecten\EindOpdracht1\Eindopdracht_EOS\NeoMatrix3_project\NeoMatrix3_project.xpr
# Log file: D:/Vivado_Projecten/EindOpdracht1/Eindopdracht_EOS/NeoMatrix3_project/vivado.log
# Journal file: D:/Vivado_Projecten/EindOpdracht1/Eindopdracht_EOS/NeoMatrix3_project\vivado.jou
#-----------------------------------------------------------
start_gui
open_project D:/Vivado_Projecten/EindOpdracht1/Eindopdracht_EOS/NeoMatrix3_project/NeoMatrix3_project.xpr
Scanning sources...
Finished scanning sources
WARNING: [filemgmt 56-3] IPUserFilesDir: Could not find the directory 'D:/Vivado_Projecten/EindOpdracht1/Eindopdracht_EOS/NeoMatrix3_project/NeoMatrix3_project.ip_user_files'.
INFO: [IP_Flow 19-234] Refreshing IP repositories
WARNING: [IP_Flow 19-395] Problem validating against XML schema: : Not well formed
CRITICAL WARNING: [IP_Flow 19-1977] Unable to read IP file d:/Vivado_Projecten/EindOpdracht1/Eindopdracht_EOS/ip_repo/NeonIp_1.0/component.xml. This IP will not be included in the IP Catalog.
INFO: [IP_Flow 19-1700] Loaded user IP repository 'd:/Vivado_Projecten/EindOpdracht1/Eindopdracht_EOS/ip_repo'.
INFO: [IP_Flow 19-2313] Loaded Vivado IP repository 'D:/Xilinx/Vivado/2019.1/data/ip'.
open_project: Time (s): cpu = 00:00:18 ; elapsed = 00:00:08 . Memory (MB): peak = 846.781 ; gain = 158.648
launch_sdk -workspace D:/Vivado_Projecten/EindOpdracht1/Eindopdracht_EOS/NeoMatrix3_project/NeoMatrix3_project.sdk -hwspec D:/Vivado_Projecten/EindOpdracht1/Eindopdracht_EOS/NeoMatrix3_project/NeoMatrix3_project.sdk/design_1_wrapper.hdf
INFO: [Vivado 12-393] Launching SDK...
INFO: [Vivado 12-417] Running xsdk -workspace D:/Vivado_Projecten/EindOpdracht1/Eindopdracht_EOS/NeoMatrix3_project/NeoMatrix3_project.sdk -hwspec D:/Vivado_Projecten/EindOpdracht1/Eindopdracht_EOS/NeoMatrix3_project/NeoMatrix3_project.sdk/design_1_wrapper.hdf
INFO: [Vivado 12-3157] SDK launch initiated. Please check console for any further messages.
update_compile_order -fileset sources_1
exit
INFO: [Common 17-206] Exiting Vivado at Sat Jan  4 13:25:03 2020...
