#-----------------------------------------------------------
# Vivado v2019.1 (64-bit)
# SW Build 2552052 on Fri May 24 14:49:42 MDT 2019
# IP Build 2548770 on Fri May 24 18:01:18 MDT 2019
# Start of session at: Wed Jan  1 13:59:18 2020
# Process ID: 14024
# Current directory: D:/Vivado_Projecten/EindOpdracht1/Eindopdracht_EOS/NeoMatrix3_project
# Command line: vivado.exe -gui_launcher_event rodinguilauncherevent13580 D:\Vivado_Projecten\EindOpdracht1\Eindopdracht_EOS\NeoMatrix3_project\NeoMatrix3_project.xpr
# Log file: D:/Vivado_Projecten/EindOpdracht1/Eindopdracht_EOS/NeoMatrix3_project/vivado.log
# Journal file: D:/Vivado_Projecten/EindOpdracht1/Eindopdracht_EOS/NeoMatrix3_project\vivado.jou
#-----------------------------------------------------------
start_gui
open_project D:/Vivado_Projecten/EindOpdracht1/Eindopdracht_EOS/NeoMatrix3_project/NeoMatrix3_project.xpr
Scanning sources...
Finished scanning sources
WARNING: [filemgmt 56-3] IPUserFilesDir: Could not find the directory 'D:/Vivado_Projecten/EindOpdracht1/Eindopdracht_EOS/NeoMatrix3_project/NeoMatrix3_project.ip_user_files'.
INFO: [IP_Flow 19-234] Refreshing IP repositories
INFO: [IP_Flow 19-1700] Loaded user IP repository 'd:/Vivado_Projecten/EindOpdracht1/Eindopdracht_EOS/ip_repo/NeoMatix64_1.0'.
INFO: [IP_Flow 19-1700] Loaded user IP repository 'd:/Vivado_Projecten/EOS/ip_repo2'.
INFO: [IP_Flow 19-2313] Loaded Vivado IP repository 'D:/Xilinx/Vivado/2019.1/data/ip'.
open_project: Time (s): cpu = 00:00:15 ; elapsed = 00:00:23 . Memory (MB): peak = 808.363 ; gain = 198.973
update_compile_order -fileset sources_1
launch_sdk -workspace D:/Vivado_Projecten/EindOpdracht1/Eindopdracht_EOS/NeoMatrix3_project/NeoMatrix3_project.sdk -hwspec D:/Vivado_Projecten/EindOpdracht1/Eindopdracht_EOS/NeoMatrix3_project/NeoMatrix3_project.sdk/design_1_wrapper.hdf
INFO: [Vivado 12-393] Launching SDK...
INFO: [Vivado 12-417] Running xsdk -workspace D:/Vivado_Projecten/EindOpdracht1/Eindopdracht_EOS/NeoMatrix3_project/NeoMatrix3_project.sdk -hwspec D:/Vivado_Projecten/EindOpdracht1/Eindopdracht_EOS/NeoMatrix3_project/NeoMatrix3_project.sdk/design_1_wrapper.hdf
INFO: [Vivado 12-3157] SDK launch initiated. Please check console for any further messages.
exit
INFO: [Common 17-206] Exiting Vivado at Wed Jan  1 14:48:35 2020...
