17:16:35 INFO  : Registering command handlers for SDK TCF services
17:16:47 INFO  : Launching XSCT server: xsct.bat -interactive C:\Users\admin\Documents\pxl\3dejaar\embedded_os\Eindopdracht_EOS\digi_Neopixel\digi_Neopixel.sdk\temp_xsdb_launch_script.tcl
17:16:54 INFO  : XSCT server has started successfully.
17:16:54 INFO  : Successfully done setting XSCT server connection channel  
17:16:58 INFO  : Processing command line option -hwspec C:/Users/admin/Documents/pxl/3dejaar/embedded_os/Eindopdracht_EOS/digi_Neopixel/digi_Neopixel.sdk/system_wrapper.hdf.
17:16:58 INFO  : Successfully done setting SDK workspace  
17:24:42 INFO  : Refreshed build settings on project digi_test
15:44:32 INFO  : Registering command handlers for SDK TCF services
15:44:35 INFO  : Launching XSCT server: xsct.bat -interactive C:\Users\admin\Documents\pxl\3dejaar\embedded_os\Eindopdracht_EOS\digi_Neopixel\digi_Neopixel.sdk\temp_xsdb_launch_script.tcl
15:44:47 INFO  : XSCT server has started successfully.
15:44:57 INFO  : Processing command line option -hwspec C:/Users/admin/Documents/pxl/3dejaar/embedded_os/Eindopdracht_EOS/digi_Neopixel/digi_Neopixel.sdk/system_wrapper.hdf.
15:45:16 INFO  : Successfully done setting XSCT server connection channel  
15:45:16 INFO  : Successfully done setting SDK workspace  
15:45:17 INFO  : Checking for hwspec changes in the project system_wrapper_hw_platform_0.
15:45:17 INFO  : SDK has detected change in the last modified timestamps for source hardware specification file Source:1578059895862,  Project:1575821632285
15:45:17 INFO  : The hardware specification for project 'system_wrapper_hw_platform_0' is different from C:/Users/admin/Documents/pxl/3dejaar/embedded_os/Eindopdracht_EOS/digi_Neopixel/digi_Neopixel.sdk/system_wrapper.hdf.
15:45:53 INFO  : Copied contents of C:/Users/admin/Documents/pxl/3dejaar/embedded_os/Eindopdracht_EOS/digi_Neopixel/digi_Neopixel.sdk/system_wrapper.hdf into \system_wrapper_hw_platform_0\system.hdf.
15:46:02 INFO  : Synchronizing projects in the workspace with the hardware platform specification changes.
15:46:12 INFO  : 
15:46:13 INFO  : Updating hardware inferred compiler options for digi_test.
15:46:13 INFO  : Clearing existing target manager status.
15:49:17 INFO  : Registering command handlers for SDK TCF services
15:49:18 INFO  : Launching XSCT server: xsct.bat -interactive C:\Users\admin\Documents\pxl\3dejaar\embedded_os\Eindopdracht_EOS\digi_Neopixel\digi_Neopixel.sdk\temp_xsdb_launch_script.tcl
15:49:25 INFO  : XSCT server has started successfully.
15:49:25 INFO  : Processing command line option -hwspec C:/Users/admin/Documents/pxl/3dejaar/embedded_os/Eindopdracht_EOS/digi_Neopixel/digi_Neopixel.sdk/system_wrapper.hdf.
15:49:31 INFO  : Successfully done setting XSCT server connection channel  
15:49:31 INFO  : Successfully done setting SDK workspace  
15:49:31 INFO  : Checking for hwspec changes in the project system_wrapper_hw_platform_0.
16:10:34 INFO  : Connected to target on host '127.0.0.1' and port '3121'.
16:10:36 INFO  : 'targets -set -filter {jtag_cable_name =~ "Avnet MiniZed V1 1234-oj1A" && level==0} -index 1' command is executed.
16:10:37 INFO  : FPGA configured successfully with bitstream "C:/Users/admin/Documents/pxl/3dejaar/embedded_os/Eindopdracht_EOS/digi_Neopixel/digi_Neopixel.sdk/system_wrapper_hw_platform_0/system_wrapper.bit"
16:12:28 INFO  : 'targets -set -filter {jtag_cable_name =~ "Avnet MiniZed V1 1234-oj1A" && level==0} -index 1' command is executed.
16:12:28 INFO  : 'fpga -state' command is executed.
16:12:28 INFO  : Connected to target on host '127.0.0.1' and port '3121'.
16:12:28 INFO  : Jtag cable 'Avnet MiniZed V1 1234-oj1A' is selected.
16:12:28 INFO  : 'jtag frequency' command is executed.
16:12:28 INFO  : Sourcing of 'C:/Users/admin/Documents/pxl/3dejaar/embedded_os/Eindopdracht_EOS/digi_Neopixel/digi_Neopixel.sdk/system_wrapper_hw_platform_0/ps7_init.tcl' is done.
16:12:28 INFO  : Context for 'APU' is selected.
16:12:28 INFO  : Hardware design information is loaded from 'C:/Users/admin/Documents/pxl/3dejaar/embedded_os/Eindopdracht_EOS/digi_Neopixel/digi_Neopixel.sdk/system_wrapper_hw_platform_0/system.hdf'.
16:12:28 INFO  : 'configparams force-mem-access 1' command is executed.
16:12:28 INFO  : Context for 'APU' is selected.
16:12:28 INFO  : 'stop' command is executed.
16:12:29 INFO  : 'ps7_init' command is executed.
16:12:29 INFO  : 'ps7_post_config' command is executed.
16:12:29 INFO  : Context for processor 'ps7_cortexa9_0' is selected.
16:12:29 INFO  : Processor reset is completed for 'ps7_cortexa9_0'.
16:12:29 INFO  : Context for processor 'ps7_cortexa9_0' is selected.
16:12:29 INFO  : The application 'C:/Users/admin/Documents/pxl/3dejaar/embedded_os/Eindopdracht_EOS/digi_Neopixel/digi_Neopixel.sdk/digi_test/Debug/digi_test.elf' is downloaded to processor 'ps7_cortexa9_0'.
16:12:29 INFO  : 'configparams force-mem-access 0' command is executed.
16:12:29 INFO  : ----------------XSDB Script----------------
connect -url tcp:127.0.0.1:3121
source C:/Users/admin/Documents/pxl/3dejaar/embedded_os/Eindopdracht_EOS/digi_Neopixel/digi_Neopixel.sdk/system_wrapper_hw_platform_0/ps7_init.tcl
targets -set -nocase -filter {name =~"APU*" && jtag_cable_name =~ "Avnet MiniZed V1 1234-oj1A"} -index 0
loadhw -hw C:/Users/admin/Documents/pxl/3dejaar/embedded_os/Eindopdracht_EOS/digi_Neopixel/digi_Neopixel.sdk/system_wrapper_hw_platform_0/system.hdf -mem-ranges [list {0x40000000 0xbfffffff}]
configparams force-mem-access 1
targets -set -nocase -filter {name =~"APU*" && jtag_cable_name =~ "Avnet MiniZed V1 1234-oj1A"} -index 0
stop
ps7_init
ps7_post_config
targets -set -nocase -filter {name =~ "ARM*#0" && jtag_cable_name =~ "Avnet MiniZed V1 1234-oj1A"} -index 0
rst -processor
targets -set -nocase -filter {name =~ "ARM*#0" && jtag_cable_name =~ "Avnet MiniZed V1 1234-oj1A"} -index 0
dow C:/Users/admin/Documents/pxl/3dejaar/embedded_os/Eindopdracht_EOS/digi_Neopixel/digi_Neopixel.sdk/digi_test/Debug/digi_test.elf
configparams force-mem-access 0
----------------End of Script----------------

16:12:29 INFO  : Memory regions updated for context APU
16:12:30 INFO  : Context for processor 'ps7_cortexa9_0' is selected.
16:12:30 INFO  : 'con' command is executed.
16:12:30 INFO  : ----------------XSDB Script (After Launch)----------------
targets -set -nocase -filter {name =~ "ARM*#0" && jtag_cable_name =~ "Avnet MiniZed V1 1234-oj1A"} -index 0
con
----------------End of Script----------------

16:12:30 INFO  : Launch script is exported to file 'C:\Users\admin\Documents\pxl\3dejaar\embedded_os\Eindopdracht_EOS\digi_Neopixel\digi_Neopixel.sdk\.sdk\launch_scripts\xilinx_c-c++_application_(system_debugger)\system_debugger_using_debug_digi_test.elf_on_local.tcl'
16:14:46 INFO  : Disconnected from the channel tcfchan#1.
16:14:47 INFO  : 'targets -set -filter {jtag_cable_name =~ "Avnet MiniZed V1 1234-oj1A" && level==0} -index 1' command is executed.
16:14:47 INFO  : 'fpga -state' command is executed.
16:14:47 INFO  : Connected to target on host '127.0.0.1' and port '3121'.
16:14:48 INFO  : Jtag cable 'Avnet MiniZed V1 1234-oj1A' is selected.
16:14:48 INFO  : 'jtag frequency' command is executed.
16:14:48 INFO  : Sourcing of 'C:/Users/admin/Documents/pxl/3dejaar/embedded_os/Eindopdracht_EOS/digi_Neopixel/digi_Neopixel.sdk/system_wrapper_hw_platform_0/ps7_init.tcl' is done.
16:14:48 INFO  : Context for 'APU' is selected.
16:14:50 INFO  : Hardware design information is loaded from 'C:/Users/admin/Documents/pxl/3dejaar/embedded_os/Eindopdracht_EOS/digi_Neopixel/digi_Neopixel.sdk/system_wrapper_hw_platform_0/system.hdf'.
16:14:50 INFO  : 'configparams force-mem-access 1' command is executed.
16:14:50 INFO  : Context for 'APU' is selected.
16:14:50 INFO  : 'stop' command is executed.
16:14:50 INFO  : 'ps7_init' command is executed.
16:14:50 INFO  : 'ps7_post_config' command is executed.
16:14:51 INFO  : Context for processor 'ps7_cortexa9_0' is selected.
16:14:51 INFO  : Processor reset is completed for 'ps7_cortexa9_0'.
16:14:51 INFO  : Context for processor 'ps7_cortexa9_0' is selected.
16:14:51 INFO  : The application 'C:/Users/admin/Documents/pxl/3dejaar/embedded_os/Eindopdracht_EOS/digi_Neopixel/digi_Neopixel.sdk/digi_test/Debug/digi_test.elf' is downloaded to processor 'ps7_cortexa9_0'.
16:14:51 INFO  : 'configparams force-mem-access 0' command is executed.
16:14:51 INFO  : ----------------XSDB Script----------------
connect -url tcp:127.0.0.1:3121
source C:/Users/admin/Documents/pxl/3dejaar/embedded_os/Eindopdracht_EOS/digi_Neopixel/digi_Neopixel.sdk/system_wrapper_hw_platform_0/ps7_init.tcl
targets -set -nocase -filter {name =~"APU*" && jtag_cable_name =~ "Avnet MiniZed V1 1234-oj1A"} -index 0
loadhw -hw C:/Users/admin/Documents/pxl/3dejaar/embedded_os/Eindopdracht_EOS/digi_Neopixel/digi_Neopixel.sdk/system_wrapper_hw_platform_0/system.hdf -mem-ranges [list {0x40000000 0xbfffffff}]
configparams force-mem-access 1
targets -set -nocase -filter {name =~"APU*" && jtag_cable_name =~ "Avnet MiniZed V1 1234-oj1A"} -index 0
stop
ps7_init
ps7_post_config
targets -set -nocase -filter {name =~ "ARM*#0" && jtag_cable_name =~ "Avnet MiniZed V1 1234-oj1A"} -index 0
rst -processor
targets -set -nocase -filter {name =~ "ARM*#0" && jtag_cable_name =~ "Avnet MiniZed V1 1234-oj1A"} -index 0
dow C:/Users/admin/Documents/pxl/3dejaar/embedded_os/Eindopdracht_EOS/digi_Neopixel/digi_Neopixel.sdk/digi_test/Debug/digi_test.elf
configparams force-mem-access 0
----------------End of Script----------------

16:14:51 INFO  : Memory regions updated for context APU
16:14:51 INFO  : Context for processor 'ps7_cortexa9_0' is selected.
16:14:51 INFO  : 'con' command is executed.
16:14:51 INFO  : ----------------XSDB Script (After Launch)----------------
targets -set -nocase -filter {name =~ "ARM*#0" && jtag_cable_name =~ "Avnet MiniZed V1 1234-oj1A"} -index 0
con
----------------End of Script----------------

16:14:51 INFO  : Launch script is exported to file 'C:\Users\admin\Documents\pxl\3dejaar\embedded_os\Eindopdracht_EOS\digi_Neopixel\digi_Neopixel.sdk\.sdk\launch_scripts\xilinx_c-c++_application_(system_debugger)\system_debugger_using_debug_digi_test.elf_on_local.tcl'
16:16:18 INFO  : Connected to target on host '127.0.0.1' and port '3121'.
16:16:19 INFO  : 'targets -set -filter {jtag_cable_name =~ "Avnet MiniZed V1 1234-oj1A" && level==0} -index 1' command is executed.
16:16:20 INFO  : FPGA configured successfully with bitstream "C:/Users/admin/Documents/pxl/3dejaar/embedded_os/Eindopdracht_EOS/digi_Neopixel/digi_Neopixel.sdk/system_wrapper_hw_platform_0/system_wrapper.bit"
16:17:01 INFO  : Disconnected from the channel tcfchan#2.
16:17:02 INFO  : 'targets -set -filter {jtag_cable_name =~ "Avnet MiniZed V1 1234-oj1A" && level==0} -index 1' command is executed.
16:17:02 INFO  : 'fpga -state' command is executed.
16:17:02 INFO  : Connected to target on host '127.0.0.1' and port '3121'.
16:17:03 INFO  : Jtag cable 'Avnet MiniZed V1 1234-oj1A' is selected.
16:17:03 INFO  : 'jtag frequency' command is executed.
16:17:03 INFO  : Sourcing of 'C:/Users/admin/Documents/pxl/3dejaar/embedded_os/Eindopdracht_EOS/digi_Neopixel/digi_Neopixel.sdk/system_wrapper_hw_platform_0/ps7_init.tcl' is done.
16:17:03 INFO  : Context for 'APU' is selected.
16:17:08 INFO  : Hardware design information is loaded from 'C:/Users/admin/Documents/pxl/3dejaar/embedded_os/Eindopdracht_EOS/digi_Neopixel/digi_Neopixel.sdk/system_wrapper_hw_platform_0/system.hdf'.
16:17:08 INFO  : 'configparams force-mem-access 1' command is executed.
16:17:08 INFO  : Context for 'APU' is selected.
16:17:08 INFO  : 'stop' command is executed.
16:17:09 INFO  : 'ps7_init' command is executed.
16:17:09 INFO  : 'ps7_post_config' command is executed.
16:17:09 INFO  : Context for processor 'ps7_cortexa9_0' is selected.
16:17:09 INFO  : Processor reset is completed for 'ps7_cortexa9_0'.
16:17:09 INFO  : Context for processor 'ps7_cortexa9_0' is selected.
16:17:09 INFO  : The application 'C:/Users/admin/Documents/pxl/3dejaar/embedded_os/Eindopdracht_EOS/digi_Neopixel/digi_Neopixel.sdk/digi_test/Debug/digi_test.elf' is downloaded to processor 'ps7_cortexa9_0'.
16:17:09 INFO  : 'configparams force-mem-access 0' command is executed.
16:17:09 INFO  : ----------------XSDB Script----------------
connect -url tcp:127.0.0.1:3121
source C:/Users/admin/Documents/pxl/3dejaar/embedded_os/Eindopdracht_EOS/digi_Neopixel/digi_Neopixel.sdk/system_wrapper_hw_platform_0/ps7_init.tcl
targets -set -nocase -filter {name =~"APU*" && jtag_cable_name =~ "Avnet MiniZed V1 1234-oj1A"} -index 0
loadhw -hw C:/Users/admin/Documents/pxl/3dejaar/embedded_os/Eindopdracht_EOS/digi_Neopixel/digi_Neopixel.sdk/system_wrapper_hw_platform_0/system.hdf -mem-ranges [list {0x40000000 0xbfffffff}]
configparams force-mem-access 1
targets -set -nocase -filter {name =~"APU*" && jtag_cable_name =~ "Avnet MiniZed V1 1234-oj1A"} -index 0
stop
ps7_init
ps7_post_config
targets -set -nocase -filter {name =~ "ARM*#0" && jtag_cable_name =~ "Avnet MiniZed V1 1234-oj1A"} -index 0
rst -processor
targets -set -nocase -filter {name =~ "ARM*#0" && jtag_cable_name =~ "Avnet MiniZed V1 1234-oj1A"} -index 0
dow C:/Users/admin/Documents/pxl/3dejaar/embedded_os/Eindopdracht_EOS/digi_Neopixel/digi_Neopixel.sdk/digi_test/Debug/digi_test.elf
configparams force-mem-access 0
----------------End of Script----------------

16:17:09 INFO  : Memory regions updated for context APU
16:17:10 INFO  : Context for processor 'ps7_cortexa9_0' is selected.
16:17:11 INFO  : 'con' command is executed.
16:17:11 INFO  : ----------------XSDB Script (After Launch)----------------
targets -set -nocase -filter {name =~ "ARM*#0" && jtag_cable_name =~ "Avnet MiniZed V1 1234-oj1A"} -index 0
con
----------------End of Script----------------

16:17:11 INFO  : Launch script is exported to file 'C:\Users\admin\Documents\pxl\3dejaar\embedded_os\Eindopdracht_EOS\digi_Neopixel\digi_Neopixel.sdk\.sdk\launch_scripts\xilinx_c-c++_application_(system_debugger)\system_debugger_using_debug_digi_test.elf_on_local.tcl'
16:17:28 INFO  : Disconnected from the channel tcfchan#3.
16:17:30 INFO  : 'targets -set -filter {jtag_cable_name =~ "Avnet MiniZed V1 1234-oj1A" && level==0} -index 1' command is executed.
16:17:31 INFO  : 'fpga -state' command is executed.
16:17:31 INFO  : Connected to target on host '127.0.0.1' and port '3121'.
16:17:35 INFO  : Jtag cable 'Avnet MiniZed V1 1234-oj1A' is selected.
16:17:35 INFO  : 'jtag frequency' command is executed.
16:17:35 INFO  : Sourcing of 'C:/Users/admin/Documents/pxl/3dejaar/embedded_os/Eindopdracht_EOS/digi_Neopixel/digi_Neopixel.sdk/system_wrapper_hw_platform_0/ps7_init.tcl' is done.
16:17:35 INFO  : Context for 'APU' is selected.
16:17:45 INFO  : Hardware design information is loaded from 'C:/Users/admin/Documents/pxl/3dejaar/embedded_os/Eindopdracht_EOS/digi_Neopixel/digi_Neopixel.sdk/system_wrapper_hw_platform_0/system.hdf'.
16:17:45 INFO  : 'configparams force-mem-access 1' command is executed.
16:17:46 INFO  : Context for 'APU' is selected.
16:17:46 INFO  : 'stop' command is executed.
16:17:46 INFO  : 'ps7_init' command is executed.
16:17:46 INFO  : 'ps7_post_config' command is executed.
16:17:46 INFO  : Context for processor 'ps7_cortexa9_0' is selected.
16:17:46 INFO  : Processor reset is completed for 'ps7_cortexa9_0'.
16:17:46 INFO  : Context for processor 'ps7_cortexa9_0' is selected.
16:17:47 INFO  : The application 'C:/Users/admin/Documents/pxl/3dejaar/embedded_os/Eindopdracht_EOS/digi_Neopixel/digi_Neopixel.sdk/digi_test/Debug/digi_test.elf' is downloaded to processor 'ps7_cortexa9_0'.
16:17:47 INFO  : 'configparams force-mem-access 0' command is executed.
16:17:47 INFO  : ----------------XSDB Script----------------
connect -url tcp:127.0.0.1:3121
source C:/Users/admin/Documents/pxl/3dejaar/embedded_os/Eindopdracht_EOS/digi_Neopixel/digi_Neopixel.sdk/system_wrapper_hw_platform_0/ps7_init.tcl
targets -set -nocase -filter {name =~"APU*" && jtag_cable_name =~ "Avnet MiniZed V1 1234-oj1A"} -index 0
loadhw -hw C:/Users/admin/Documents/pxl/3dejaar/embedded_os/Eindopdracht_EOS/digi_Neopixel/digi_Neopixel.sdk/system_wrapper_hw_platform_0/system.hdf -mem-ranges [list {0x40000000 0xbfffffff}]
configparams force-mem-access 1
targets -set -nocase -filter {name =~"APU*" && jtag_cable_name =~ "Avnet MiniZed V1 1234-oj1A"} -index 0
stop
ps7_init
ps7_post_config
targets -set -nocase -filter {name =~ "ARM*#0" && jtag_cable_name =~ "Avnet MiniZed V1 1234-oj1A"} -index 0
rst -processor
targets -set -nocase -filter {name =~ "ARM*#0" && jtag_cable_name =~ "Avnet MiniZed V1 1234-oj1A"} -index 0
dow C:/Users/admin/Documents/pxl/3dejaar/embedded_os/Eindopdracht_EOS/digi_Neopixel/digi_Neopixel.sdk/digi_test/Debug/digi_test.elf
configparams force-mem-access 0
----------------End of Script----------------

16:17:47 INFO  : Memory regions updated for context APU
16:17:47 INFO  : Context for processor 'ps7_cortexa9_0' is selected.
16:17:47 INFO  : 'con' command is executed.
16:17:47 INFO  : ----------------XSDB Script (After Launch)----------------
targets -set -nocase -filter {name =~ "ARM*#0" && jtag_cable_name =~ "Avnet MiniZed V1 1234-oj1A"} -index 0
con
----------------End of Script----------------

16:17:47 INFO  : Launch script is exported to file 'C:\Users\admin\Documents\pxl\3dejaar\embedded_os\Eindopdracht_EOS\digi_Neopixel\digi_Neopixel.sdk\.sdk\launch_scripts\xilinx_c-c++_application_(system_debugger)\system_debugger_using_debug_digi_test.elf_on_local.tcl'
17:02:42 INFO  : Connected to target on host '127.0.0.1' and port '3121'.
17:02:44 INFO  : 'targets -set -filter {jtag_cable_name =~ "Avnet MiniZed V1 1234-oj1A" && level==0} -index 1' command is executed.
17:02:46 INFO  : FPGA configured successfully with bitstream "C:/Users/admin/Documents/pxl/3dejaar/embedded_os/Eindopdracht_EOS/digi_Neopixel/digi_Neopixel.sdk/system_wrapper_hw_platform_0/system_wrapper.bit"
17:02:59 INFO  : Disconnected from the channel tcfchan#4.
17:03:00 INFO  : 'targets -set -filter {jtag_cable_name =~ "Avnet MiniZed V1 1234-oj1A" && level==0} -index 1' command is executed.
17:03:01 INFO  : 'fpga -state' command is executed.
17:03:01 INFO  : Connected to target on host '127.0.0.1' and port '3121'.
17:03:03 INFO  : Jtag cable 'Avnet MiniZed V1 1234-oj1A' is selected.
17:03:03 INFO  : 'jtag frequency' command is executed.
17:03:03 INFO  : Sourcing of 'C:/Users/admin/Documents/pxl/3dejaar/embedded_os/Eindopdracht_EOS/digi_Neopixel/digi_Neopixel.sdk/system_wrapper_hw_platform_0/ps7_init.tcl' is done.
17:03:03 INFO  : Context for 'APU' is selected.
17:03:06 INFO  : Hardware design information is loaded from 'C:/Users/admin/Documents/pxl/3dejaar/embedded_os/Eindopdracht_EOS/digi_Neopixel/digi_Neopixel.sdk/system_wrapper_hw_platform_0/system.hdf'.
17:03:06 INFO  : 'configparams force-mem-access 1' command is executed.
17:03:06 INFO  : Context for 'APU' is selected.
17:03:06 INFO  : 'stop' command is executed.
17:03:06 INFO  : 'ps7_init' command is executed.
17:03:06 INFO  : 'ps7_post_config' command is executed.
17:03:06 INFO  : Context for processor 'ps7_cortexa9_0' is selected.
17:03:06 INFO  : Processor reset is completed for 'ps7_cortexa9_0'.
17:03:06 INFO  : Context for processor 'ps7_cortexa9_0' is selected.
17:03:07 INFO  : The application 'C:/Users/admin/Documents/pxl/3dejaar/embedded_os/Eindopdracht_EOS/digi_Neopixel/digi_Neopixel.sdk/digi_test/Debug/digi_test.elf' is downloaded to processor 'ps7_cortexa9_0'.
17:03:07 INFO  : 'configparams force-mem-access 0' command is executed.
17:03:07 INFO  : ----------------XSDB Script----------------
connect -url tcp:127.0.0.1:3121
source C:/Users/admin/Documents/pxl/3dejaar/embedded_os/Eindopdracht_EOS/digi_Neopixel/digi_Neopixel.sdk/system_wrapper_hw_platform_0/ps7_init.tcl
targets -set -nocase -filter {name =~"APU*" && jtag_cable_name =~ "Avnet MiniZed V1 1234-oj1A"} -index 0
loadhw -hw C:/Users/admin/Documents/pxl/3dejaar/embedded_os/Eindopdracht_EOS/digi_Neopixel/digi_Neopixel.sdk/system_wrapper_hw_platform_0/system.hdf -mem-ranges [list {0x40000000 0xbfffffff}]
configparams force-mem-access 1
targets -set -nocase -filter {name =~"APU*" && jtag_cable_name =~ "Avnet MiniZed V1 1234-oj1A"} -index 0
stop
ps7_init
ps7_post_config
targets -set -nocase -filter {name =~ "ARM*#0" && jtag_cable_name =~ "Avnet MiniZed V1 1234-oj1A"} -index 0
rst -processor
targets -set -nocase -filter {name =~ "ARM*#0" && jtag_cable_name =~ "Avnet MiniZed V1 1234-oj1A"} -index 0
dow C:/Users/admin/Documents/pxl/3dejaar/embedded_os/Eindopdracht_EOS/digi_Neopixel/digi_Neopixel.sdk/digi_test/Debug/digi_test.elf
configparams force-mem-access 0
----------------End of Script----------------

17:03:07 INFO  : Memory regions updated for context APU
17:03:09 INFO  : Context for processor 'ps7_cortexa9_0' is selected.
17:03:09 INFO  : 'con' command is executed.
17:03:09 INFO  : ----------------XSDB Script (After Launch)----------------
targets -set -nocase -filter {name =~ "ARM*#0" && jtag_cable_name =~ "Avnet MiniZed V1 1234-oj1A"} -index 0
con
----------------End of Script----------------

17:03:09 INFO  : Launch script is exported to file 'C:\Users\admin\Documents\pxl\3dejaar\embedded_os\Eindopdracht_EOS\digi_Neopixel\digi_Neopixel.sdk\.sdk\launch_scripts\xilinx_c-c++_application_(system_debugger)\system_debugger_using_debug_digi_test.elf_on_local.tcl'
17:04:16 INFO  : Disconnected from the channel tcfchan#5.
17:04:19 INFO  : 'targets -set -filter {jtag_cable_name =~ "Avnet MiniZed V1 1234-oj1A" && level==0} -index 1' command is executed.
17:04:19 INFO  : 'fpga -state' command is executed.
17:04:19 INFO  : Connected to target on host '127.0.0.1' and port '3121'.
17:04:20 INFO  : Jtag cable 'Avnet MiniZed V1 1234-oj1A' is selected.
17:04:20 INFO  : 'jtag frequency' command is executed.
17:04:20 INFO  : Sourcing of 'C:/Users/admin/Documents/pxl/3dejaar/embedded_os/Eindopdracht_EOS/digi_Neopixel/digi_Neopixel.sdk/system_wrapper_hw_platform_0/ps7_init.tcl' is done.
17:04:20 INFO  : Context for 'APU' is selected.
17:04:23 INFO  : Hardware design information is loaded from 'C:/Users/admin/Documents/pxl/3dejaar/embedded_os/Eindopdracht_EOS/digi_Neopixel/digi_Neopixel.sdk/system_wrapper_hw_platform_0/system.hdf'.
17:04:23 INFO  : 'configparams force-mem-access 1' command is executed.
17:04:23 INFO  : Context for 'APU' is selected.
17:04:23 INFO  : 'stop' command is executed.
17:04:24 INFO  : 'ps7_init' command is executed.
17:04:24 INFO  : 'ps7_post_config' command is executed.
17:04:24 INFO  : Context for processor 'ps7_cortexa9_0' is selected.
17:04:24 INFO  : Processor reset is completed for 'ps7_cortexa9_0'.
17:04:24 INFO  : Context for processor 'ps7_cortexa9_0' is selected.
17:04:24 INFO  : The application 'C:/Users/admin/Documents/pxl/3dejaar/embedded_os/Eindopdracht_EOS/digi_Neopixel/digi_Neopixel.sdk/digi_test/Debug/digi_test.elf' is downloaded to processor 'ps7_cortexa9_0'.
17:04:24 INFO  : 'configparams force-mem-access 0' command is executed.
17:04:24 INFO  : ----------------XSDB Script----------------
connect -url tcp:127.0.0.1:3121
source C:/Users/admin/Documents/pxl/3dejaar/embedded_os/Eindopdracht_EOS/digi_Neopixel/digi_Neopixel.sdk/system_wrapper_hw_platform_0/ps7_init.tcl
targets -set -nocase -filter {name =~"APU*" && jtag_cable_name =~ "Avnet MiniZed V1 1234-oj1A"} -index 0
loadhw -hw C:/Users/admin/Documents/pxl/3dejaar/embedded_os/Eindopdracht_EOS/digi_Neopixel/digi_Neopixel.sdk/system_wrapper_hw_platform_0/system.hdf -mem-ranges [list {0x40000000 0xbfffffff}]
configparams force-mem-access 1
targets -set -nocase -filter {name =~"APU*" && jtag_cable_name =~ "Avnet MiniZed V1 1234-oj1A"} -index 0
stop
ps7_init
ps7_post_config
targets -set -nocase -filter {name =~ "ARM*#0" && jtag_cable_name =~ "Avnet MiniZed V1 1234-oj1A"} -index 0
rst -processor
targets -set -nocase -filter {name =~ "ARM*#0" && jtag_cable_name =~ "Avnet MiniZed V1 1234-oj1A"} -index 0
dow C:/Users/admin/Documents/pxl/3dejaar/embedded_os/Eindopdracht_EOS/digi_Neopixel/digi_Neopixel.sdk/digi_test/Debug/digi_test.elf
configparams force-mem-access 0
----------------End of Script----------------

17:04:24 INFO  : Memory regions updated for context APU
17:04:24 INFO  : Context for processor 'ps7_cortexa9_0' is selected.
17:04:25 INFO  : 'con' command is executed.
17:04:25 INFO  : ----------------XSDB Script (After Launch)----------------
targets -set -nocase -filter {name =~ "ARM*#0" && jtag_cable_name =~ "Avnet MiniZed V1 1234-oj1A"} -index 0
con
----------------End of Script----------------

17:04:25 INFO  : Launch script is exported to file 'C:\Users\admin\Documents\pxl\3dejaar\embedded_os\Eindopdracht_EOS\digi_Neopixel\digi_Neopixel.sdk\.sdk\launch_scripts\xilinx_c-c++_application_(system_debugger)\system_debugger_using_debug_digi_test.elf_on_local.tcl'
17:37:27 INFO  : Connected to target on host '127.0.0.1' and port '3121'.
17:37:28 INFO  : 'targets -set -filter {jtag_cable_name =~ "Avnet MiniZed V1 1234-oj1A" && level==0} -index 1' command is executed.
17:37:30 INFO  : FPGA configured successfully with bitstream "C:/Users/admin/Documents/pxl/3dejaar/embedded_os/Eindopdracht_EOS/digi_Neopixel/digi_Neopixel.sdk/system_wrapper_hw_platform_0/system_wrapper.bit"
17:37:42 INFO  : Disconnected from the channel tcfchan#6.
17:37:44 INFO  : 'targets -set -filter {jtag_cable_name =~ "Avnet MiniZed V1 1234-oj1A" && level==0} -index 1' command is executed.
17:37:45 INFO  : 'fpga -state' command is executed.
17:37:45 INFO  : Connected to target on host '127.0.0.1' and port '3121'.
17:37:46 INFO  : Jtag cable 'Avnet MiniZed V1 1234-oj1A' is selected.
17:37:46 INFO  : 'jtag frequency' command is executed.
17:37:46 INFO  : Sourcing of 'C:/Users/admin/Documents/pxl/3dejaar/embedded_os/Eindopdracht_EOS/digi_Neopixel/digi_Neopixel.sdk/system_wrapper_hw_platform_0/ps7_init.tcl' is done.
17:37:46 INFO  : Context for 'APU' is selected.
17:37:52 INFO  : Hardware design information is loaded from 'C:/Users/admin/Documents/pxl/3dejaar/embedded_os/Eindopdracht_EOS/digi_Neopixel/digi_Neopixel.sdk/system_wrapper_hw_platform_0/system.hdf'.
17:37:52 INFO  : 'configparams force-mem-access 1' command is executed.
17:37:52 INFO  : Context for 'APU' is selected.
17:37:52 INFO  : 'stop' command is executed.
17:37:53 INFO  : 'ps7_init' command is executed.
17:37:53 INFO  : 'ps7_post_config' command is executed.
17:37:53 INFO  : Context for processor 'ps7_cortexa9_0' is selected.
17:37:53 INFO  : Processor reset is completed for 'ps7_cortexa9_0'.
17:37:53 INFO  : Context for processor 'ps7_cortexa9_0' is selected.
17:37:54 INFO  : The application 'C:/Users/admin/Documents/pxl/3dejaar/embedded_os/Eindopdracht_EOS/digi_Neopixel/digi_Neopixel.sdk/digi_test/Debug/digi_test.elf' is downloaded to processor 'ps7_cortexa9_0'.
17:37:54 INFO  : 'configparams force-mem-access 0' command is executed.
17:37:54 INFO  : ----------------XSDB Script----------------
connect -url tcp:127.0.0.1:3121
source C:/Users/admin/Documents/pxl/3dejaar/embedded_os/Eindopdracht_EOS/digi_Neopixel/digi_Neopixel.sdk/system_wrapper_hw_platform_0/ps7_init.tcl
targets -set -nocase -filter {name =~"APU*" && jtag_cable_name =~ "Avnet MiniZed V1 1234-oj1A"} -index 0
loadhw -hw C:/Users/admin/Documents/pxl/3dejaar/embedded_os/Eindopdracht_EOS/digi_Neopixel/digi_Neopixel.sdk/system_wrapper_hw_platform_0/system.hdf -mem-ranges [list {0x40000000 0xbfffffff}]
configparams force-mem-access 1
targets -set -nocase -filter {name =~"APU*" && jtag_cable_name =~ "Avnet MiniZed V1 1234-oj1A"} -index 0
stop
ps7_init
ps7_post_config
targets -set -nocase -filter {name =~ "ARM*#0" && jtag_cable_name =~ "Avnet MiniZed V1 1234-oj1A"} -index 0
rst -processor
targets -set -nocase -filter {name =~ "ARM*#0" && jtag_cable_name =~ "Avnet MiniZed V1 1234-oj1A"} -index 0
dow C:/Users/admin/Documents/pxl/3dejaar/embedded_os/Eindopdracht_EOS/digi_Neopixel/digi_Neopixel.sdk/digi_test/Debug/digi_test.elf
configparams force-mem-access 0
----------------End of Script----------------

17:37:55 INFO  : Memory regions updated for context APU
17:37:56 INFO  : Context for processor 'ps7_cortexa9_0' is selected.
17:37:56 INFO  : 'con' command is executed.
17:37:56 INFO  : ----------------XSDB Script (After Launch)----------------
targets -set -nocase -filter {name =~ "ARM*#0" && jtag_cable_name =~ "Avnet MiniZed V1 1234-oj1A"} -index 0
con
----------------End of Script----------------

17:37:56 INFO  : Launch script is exported to file 'C:\Users\admin\Documents\pxl\3dejaar\embedded_os\Eindopdracht_EOS\digi_Neopixel\digi_Neopixel.sdk\.sdk\launch_scripts\xilinx_c-c++_application_(system_debugger)\system_debugger_using_debug_digi_test.elf_on_local.tcl'
17:38:50 INFO  : Disconnected from the channel tcfchan#7.
17:38:52 INFO  : 'targets -set -filter {jtag_cable_name =~ "Avnet MiniZed V1 1234-oj1A" && level==0} -index 1' command is executed.
17:38:52 INFO  : 'fpga -state' command is executed.
17:38:52 INFO  : Connected to target on host '127.0.0.1' and port '3121'.
17:38:52 INFO  : Jtag cable 'Avnet MiniZed V1 1234-oj1A' is selected.
17:38:52 INFO  : 'jtag frequency' command is executed.
17:38:52 INFO  : Sourcing of 'C:/Users/admin/Documents/pxl/3dejaar/embedded_os/Eindopdracht_EOS/digi_Neopixel/digi_Neopixel.sdk/system_wrapper_hw_platform_0/ps7_init.tcl' is done.
17:38:53 INFO  : Context for 'APU' is selected.
17:38:59 INFO  : Hardware design information is loaded from 'C:/Users/admin/Documents/pxl/3dejaar/embedded_os/Eindopdracht_EOS/digi_Neopixel/digi_Neopixel.sdk/system_wrapper_hw_platform_0/system.hdf'.
17:38:59 INFO  : 'configparams force-mem-access 1' command is executed.
17:38:59 INFO  : Context for 'APU' is selected.
17:38:59 INFO  : 'stop' command is executed.
17:39:00 INFO  : 'ps7_init' command is executed.
17:39:00 INFO  : 'ps7_post_config' command is executed.
17:39:01 INFO  : Context for processor 'ps7_cortexa9_0' is selected.
17:39:01 INFO  : Processor reset is completed for 'ps7_cortexa9_0'.
17:39:02 INFO  : Context for processor 'ps7_cortexa9_0' is selected.
17:39:03 INFO  : The application 'C:/Users/admin/Documents/pxl/3dejaar/embedded_os/Eindopdracht_EOS/digi_Neopixel/digi_Neopixel.sdk/digi_test/Debug/digi_test.elf' is downloaded to processor 'ps7_cortexa9_0'.
17:39:03 INFO  : 'configparams force-mem-access 0' command is executed.
17:39:03 INFO  : ----------------XSDB Script----------------
connect -url tcp:127.0.0.1:3121
source C:/Users/admin/Documents/pxl/3dejaar/embedded_os/Eindopdracht_EOS/digi_Neopixel/digi_Neopixel.sdk/system_wrapper_hw_platform_0/ps7_init.tcl
targets -set -nocase -filter {name =~"APU*" && jtag_cable_name =~ "Avnet MiniZed V1 1234-oj1A"} -index 0
loadhw -hw C:/Users/admin/Documents/pxl/3dejaar/embedded_os/Eindopdracht_EOS/digi_Neopixel/digi_Neopixel.sdk/system_wrapper_hw_platform_0/system.hdf -mem-ranges [list {0x40000000 0xbfffffff}]
configparams force-mem-access 1
targets -set -nocase -filter {name =~"APU*" && jtag_cable_name =~ "Avnet MiniZed V1 1234-oj1A"} -index 0
stop
ps7_init
ps7_post_config
targets -set -nocase -filter {name =~ "ARM*#0" && jtag_cable_name =~ "Avnet MiniZed V1 1234-oj1A"} -index 0
rst -processor
targets -set -nocase -filter {name =~ "ARM*#0" && jtag_cable_name =~ "Avnet MiniZed V1 1234-oj1A"} -index 0
dow C:/Users/admin/Documents/pxl/3dejaar/embedded_os/Eindopdracht_EOS/digi_Neopixel/digi_Neopixel.sdk/digi_test/Debug/digi_test.elf
configparams force-mem-access 0
----------------End of Script----------------

17:39:03 INFO  : Memory regions updated for context APU
17:39:04 INFO  : Context for processor 'ps7_cortexa9_0' is selected.
17:39:04 INFO  : 'con' command is executed.
17:39:04 INFO  : ----------------XSDB Script (After Launch)----------------
targets -set -nocase -filter {name =~ "ARM*#0" && jtag_cable_name =~ "Avnet MiniZed V1 1234-oj1A"} -index 0
con
----------------End of Script----------------

17:39:04 INFO  : Launch script is exported to file 'C:\Users\admin\Documents\pxl\3dejaar\embedded_os\Eindopdracht_EOS\digi_Neopixel\digi_Neopixel.sdk\.sdk\launch_scripts\xilinx_c-c++_application_(system_debugger)\system_debugger_using_debug_digi_test.elf_on_local.tcl'
17:40:10 INFO  : Disconnected from the channel tcfchan#8.
17:40:12 INFO  : 'targets -set -filter {jtag_cable_name =~ "Avnet MiniZed V1 1234-oj1A" && level==0} -index 1' command is executed.
17:40:12 INFO  : 'fpga -state' command is executed.
17:40:12 INFO  : Connected to target on host '127.0.0.1' and port '3121'.
17:40:13 INFO  : Jtag cable 'Avnet MiniZed V1 1234-oj1A' is selected.
17:40:13 INFO  : 'jtag frequency' command is executed.
17:40:13 INFO  : Sourcing of 'C:/Users/admin/Documents/pxl/3dejaar/embedded_os/Eindopdracht_EOS/digi_Neopixel/digi_Neopixel.sdk/system_wrapper_hw_platform_0/ps7_init.tcl' is done.
17:40:13 INFO  : Context for 'APU' is selected.
17:40:20 INFO  : Hardware design information is loaded from 'C:/Users/admin/Documents/pxl/3dejaar/embedded_os/Eindopdracht_EOS/digi_Neopixel/digi_Neopixel.sdk/system_wrapper_hw_platform_0/system.hdf'.
17:40:20 INFO  : 'configparams force-mem-access 1' command is executed.
17:40:21 INFO  : Context for 'APU' is selected.
17:40:21 INFO  : 'stop' command is executed.
17:40:21 INFO  : 'ps7_init' command is executed.
17:40:21 INFO  : 'ps7_post_config' command is executed.
17:40:21 INFO  : Context for processor 'ps7_cortexa9_0' is selected.
17:40:21 INFO  : Processor reset is completed for 'ps7_cortexa9_0'.
17:40:21 INFO  : Context for processor 'ps7_cortexa9_0' is selected.
17:40:21 INFO  : The application 'C:/Users/admin/Documents/pxl/3dejaar/embedded_os/Eindopdracht_EOS/digi_Neopixel/digi_Neopixel.sdk/digi_test/Debug/digi_test.elf' is downloaded to processor 'ps7_cortexa9_0'.
17:40:22 INFO  : 'configparams force-mem-access 0' command is executed.
17:40:22 INFO  : ----------------XSDB Script----------------
connect -url tcp:127.0.0.1:3121
source C:/Users/admin/Documents/pxl/3dejaar/embedded_os/Eindopdracht_EOS/digi_Neopixel/digi_Neopixel.sdk/system_wrapper_hw_platform_0/ps7_init.tcl
targets -set -nocase -filter {name =~"APU*" && jtag_cable_name =~ "Avnet MiniZed V1 1234-oj1A"} -index 0
loadhw -hw C:/Users/admin/Documents/pxl/3dejaar/embedded_os/Eindopdracht_EOS/digi_Neopixel/digi_Neopixel.sdk/system_wrapper_hw_platform_0/system.hdf -mem-ranges [list {0x40000000 0xbfffffff}]
configparams force-mem-access 1
targets -set -nocase -filter {name =~"APU*" && jtag_cable_name =~ "Avnet MiniZed V1 1234-oj1A"} -index 0
stop
ps7_init
ps7_post_config
targets -set -nocase -filter {name =~ "ARM*#0" && jtag_cable_name =~ "Avnet MiniZed V1 1234-oj1A"} -index 0
rst -processor
targets -set -nocase -filter {name =~ "ARM*#0" && jtag_cable_name =~ "Avnet MiniZed V1 1234-oj1A"} -index 0
dow C:/Users/admin/Documents/pxl/3dejaar/embedded_os/Eindopdracht_EOS/digi_Neopixel/digi_Neopixel.sdk/digi_test/Debug/digi_test.elf
configparams force-mem-access 0
----------------End of Script----------------

17:40:22 INFO  : Memory regions updated for context APU
17:40:22 INFO  : Context for processor 'ps7_cortexa9_0' is selected.
17:40:22 INFO  : 'con' command is executed.
17:40:22 INFO  : ----------------XSDB Script (After Launch)----------------
targets -set -nocase -filter {name =~ "ARM*#0" && jtag_cable_name =~ "Avnet MiniZed V1 1234-oj1A"} -index 0
con
----------------End of Script----------------

17:40:22 INFO  : Launch script is exported to file 'C:\Users\admin\Documents\pxl\3dejaar\embedded_os\Eindopdracht_EOS\digi_Neopixel\digi_Neopixel.sdk\.sdk\launch_scripts\xilinx_c-c++_application_(system_debugger)\system_debugger_using_debug_digi_test.elf_on_local.tcl'
17:41:58 INFO  : Disconnected from the channel tcfchan#9.
17:41:59 INFO  : 'targets -set -filter {jtag_cable_name =~ "Avnet MiniZed V1 1234-oj1A" && level==0} -index 1' command is executed.
17:41:59 INFO  : 'fpga -state' command is executed.
17:41:59 INFO  : Connected to target on host '127.0.0.1' and port '3121'.
17:42:00 INFO  : Jtag cable 'Avnet MiniZed V1 1234-oj1A' is selected.
17:42:00 INFO  : 'jtag frequency' command is executed.
17:42:00 INFO  : Sourcing of 'C:/Users/admin/Documents/pxl/3dejaar/embedded_os/Eindopdracht_EOS/digi_Neopixel/digi_Neopixel.sdk/system_wrapper_hw_platform_0/ps7_init.tcl' is done.
17:42:00 INFO  : Context for 'APU' is selected.
17:42:05 INFO  : Hardware design information is loaded from 'C:/Users/admin/Documents/pxl/3dejaar/embedded_os/Eindopdracht_EOS/digi_Neopixel/digi_Neopixel.sdk/system_wrapper_hw_platform_0/system.hdf'.
17:42:05 INFO  : 'configparams force-mem-access 1' command is executed.
17:42:05 INFO  : Context for 'APU' is selected.
17:42:06 INFO  : 'stop' command is executed.
17:42:06 INFO  : 'ps7_init' command is executed.
17:42:06 INFO  : 'ps7_post_config' command is executed.
17:42:06 INFO  : Context for processor 'ps7_cortexa9_0' is selected.
17:42:06 INFO  : Processor reset is completed for 'ps7_cortexa9_0'.
17:42:06 INFO  : Context for processor 'ps7_cortexa9_0' is selected.
17:42:06 INFO  : The application 'C:/Users/admin/Documents/pxl/3dejaar/embedded_os/Eindopdracht_EOS/digi_Neopixel/digi_Neopixel.sdk/digi_test/Debug/digi_test.elf' is downloaded to processor 'ps7_cortexa9_0'.
17:42:06 INFO  : 'configparams force-mem-access 0' command is executed.
17:42:06 INFO  : ----------------XSDB Script----------------
connect -url tcp:127.0.0.1:3121
source C:/Users/admin/Documents/pxl/3dejaar/embedded_os/Eindopdracht_EOS/digi_Neopixel/digi_Neopixel.sdk/system_wrapper_hw_platform_0/ps7_init.tcl
targets -set -nocase -filter {name =~"APU*" && jtag_cable_name =~ "Avnet MiniZed V1 1234-oj1A"} -index 0
loadhw -hw C:/Users/admin/Documents/pxl/3dejaar/embedded_os/Eindopdracht_EOS/digi_Neopixel/digi_Neopixel.sdk/system_wrapper_hw_platform_0/system.hdf -mem-ranges [list {0x40000000 0xbfffffff}]
configparams force-mem-access 1
targets -set -nocase -filter {name =~"APU*" && jtag_cable_name =~ "Avnet MiniZed V1 1234-oj1A"} -index 0
stop
ps7_init
ps7_post_config
targets -set -nocase -filter {name =~ "ARM*#0" && jtag_cable_name =~ "Avnet MiniZed V1 1234-oj1A"} -index 0
rst -processor
targets -set -nocase -filter {name =~ "ARM*#0" && jtag_cable_name =~ "Avnet MiniZed V1 1234-oj1A"} -index 0
dow C:/Users/admin/Documents/pxl/3dejaar/embedded_os/Eindopdracht_EOS/digi_Neopixel/digi_Neopixel.sdk/digi_test/Debug/digi_test.elf
configparams force-mem-access 0
----------------End of Script----------------

17:42:07 INFO  : Memory regions updated for context APU
17:42:07 INFO  : Context for processor 'ps7_cortexa9_0' is selected.
17:42:07 INFO  : 'con' command is executed.
17:42:07 INFO  : ----------------XSDB Script (After Launch)----------------
targets -set -nocase -filter {name =~ "ARM*#0" && jtag_cable_name =~ "Avnet MiniZed V1 1234-oj1A"} -index 0
con
----------------End of Script----------------

17:42:07 INFO  : Launch script is exported to file 'C:\Users\admin\Documents\pxl\3dejaar\embedded_os\Eindopdracht_EOS\digi_Neopixel\digi_Neopixel.sdk\.sdk\launch_scripts\xilinx_c-c++_application_(system_debugger)\system_debugger_using_debug_digi_test.elf_on_local.tcl'
17:47:07 INFO  : Connected to target on host '127.0.0.1' and port '3121'.
17:47:08 INFO  : 'targets -set -filter {jtag_cable_name =~ "Avnet MiniZed V1 1234-oj1A" && level==0} -index 1' command is executed.
17:47:09 INFO  : FPGA configured successfully with bitstream "C:/Users/admin/Documents/pxl/3dejaar/embedded_os/Eindopdracht_EOS/digi_Neopixel/digi_Neopixel.sdk/system_wrapper_hw_platform_0/system_wrapper.bit"
17:47:20 INFO  : Disconnected from the channel tcfchan#10.
17:47:22 INFO  : 'targets -set -filter {jtag_cable_name =~ "Avnet MiniZed V1 1234-oj1A" && level==0} -index 1' command is executed.
17:47:23 INFO  : 'fpga -state' command is executed.
17:47:23 INFO  : Connected to target on host '127.0.0.1' and port '3121'.
17:47:24 INFO  : Jtag cable 'Avnet MiniZed V1 1234-oj1A' is selected.
17:47:24 INFO  : 'jtag frequency' command is executed.
17:47:24 INFO  : Sourcing of 'C:/Users/admin/Documents/pxl/3dejaar/embedded_os/Eindopdracht_EOS/digi_Neopixel/digi_Neopixel.sdk/system_wrapper_hw_platform_0/ps7_init.tcl' is done.
17:47:24 INFO  : Context for 'APU' is selected.
17:47:30 INFO  : Hardware design information is loaded from 'C:/Users/admin/Documents/pxl/3dejaar/embedded_os/Eindopdracht_EOS/digi_Neopixel/digi_Neopixel.sdk/system_wrapper_hw_platform_0/system.hdf'.
17:47:30 INFO  : 'configparams force-mem-access 1' command is executed.
17:47:30 INFO  : Context for 'APU' is selected.
17:47:30 INFO  : 'stop' command is executed.
17:47:30 INFO  : 'ps7_init' command is executed.
17:47:30 INFO  : 'ps7_post_config' command is executed.
17:47:30 INFO  : Context for processor 'ps7_cortexa9_0' is selected.
17:47:30 INFO  : Processor reset is completed for 'ps7_cortexa9_0'.
17:47:30 INFO  : Context for processor 'ps7_cortexa9_0' is selected.
17:47:31 INFO  : The application 'C:/Users/admin/Documents/pxl/3dejaar/embedded_os/Eindopdracht_EOS/digi_Neopixel/digi_Neopixel.sdk/digi_test/Debug/digi_test.elf' is downloaded to processor 'ps7_cortexa9_0'.
17:47:31 INFO  : 'configparams force-mem-access 0' command is executed.
17:47:31 INFO  : ----------------XSDB Script----------------
connect -url tcp:127.0.0.1:3121
source C:/Users/admin/Documents/pxl/3dejaar/embedded_os/Eindopdracht_EOS/digi_Neopixel/digi_Neopixel.sdk/system_wrapper_hw_platform_0/ps7_init.tcl
targets -set -nocase -filter {name =~"APU*" && jtag_cable_name =~ "Avnet MiniZed V1 1234-oj1A"} -index 0
loadhw -hw C:/Users/admin/Documents/pxl/3dejaar/embedded_os/Eindopdracht_EOS/digi_Neopixel/digi_Neopixel.sdk/system_wrapper_hw_platform_0/system.hdf -mem-ranges [list {0x40000000 0xbfffffff}]
configparams force-mem-access 1
targets -set -nocase -filter {name =~"APU*" && jtag_cable_name =~ "Avnet MiniZed V1 1234-oj1A"} -index 0
stop
ps7_init
ps7_post_config
targets -set -nocase -filter {name =~ "ARM*#0" && jtag_cable_name =~ "Avnet MiniZed V1 1234-oj1A"} -index 0
rst -processor
targets -set -nocase -filter {name =~ "ARM*#0" && jtag_cable_name =~ "Avnet MiniZed V1 1234-oj1A"} -index 0
dow C:/Users/admin/Documents/pxl/3dejaar/embedded_os/Eindopdracht_EOS/digi_Neopixel/digi_Neopixel.sdk/digi_test/Debug/digi_test.elf
configparams force-mem-access 0
----------------End of Script----------------

17:47:31 INFO  : Memory regions updated for context APU
17:47:32 INFO  : Context for processor 'ps7_cortexa9_0' is selected.
17:47:32 INFO  : 'con' command is executed.
17:47:32 INFO  : ----------------XSDB Script (After Launch)----------------
targets -set -nocase -filter {name =~ "ARM*#0" && jtag_cable_name =~ "Avnet MiniZed V1 1234-oj1A"} -index 0
con
----------------End of Script----------------

17:47:32 INFO  : Launch script is exported to file 'C:\Users\admin\Documents\pxl\3dejaar\embedded_os\Eindopdracht_EOS\digi_Neopixel\digi_Neopixel.sdk\.sdk\launch_scripts\xilinx_c-c++_application_(system_debugger)\system_debugger_using_debug_digi_test.elf_on_local.tcl'
17:47:55 INFO  : Disconnected from the channel tcfchan#11.
