#-----------------------------------------------------------
# Vivado v2019.1 (64-bit)
# SW Build 2552052 on Fri May 24 14:49:42 MDT 2019
# IP Build 2548770 on Fri May 24 18:01:18 MDT 2019
# Start of session at: Wed Dec 11 15:03:34 2019
# Process ID: 15356
# Current directory: D:/Vivado_Projecten/EindOpdracht1/BlokDesign2
# Command line: vivado.exe -gui_launcher_event rodinguilauncherevent4828 D:\Vivado_Projecten\EindOpdracht1\BlokDesign2\BlokDesign2.xpr
# Log file: D:/Vivado_Projecten/EindOpdracht1/BlokDesign2/vivado.log
# Journal file: D:/Vivado_Projecten/EindOpdracht1/BlokDesign2\vivado.jou
#-----------------------------------------------------------
start_gui
open_project D:/Vivado_Projecten/EindOpdracht1/BlokDesign2/BlokDesign2.xpr
Scanning sources...
Finished scanning sources
INFO: [IP_Flow 19-234] Refreshing IP repositories
INFO: [IP_Flow 19-1700] Loaded user IP repository 'd:/Vivado_Projecten/EindOpdracht1/ip_repo'.
INFO: [IP_Flow 19-2313] Loaded Vivado IP repository 'D:/Xilinx/Vivado/2019.1/data/ip'.
open_project: Time (s): cpu = 00:00:17 ; elapsed = 00:00:10 . Memory (MB): peak = 865.629 ; gain = 206.609
update_compile_order -fileset sources_1
open_bd_design {D:/Vivado_Projecten/EindOpdracht1/BlokDesign2/BlokDesign2.srcs/sources_1/bd/design_1/design_1.bd}
Adding component instance block -- xilinx.com:ip:processing_system7:5.5 - processing_system7_0
Adding component instance block -- xilinx.com:user:NeonIp:1.0 - NeonIp_0
Adding component instance block -- xilinx.com:ip:proc_sys_reset:5.0 - rst_ps7_0_50M
Adding component instance block -- xilinx.com:ip:axi_interconnect:2.1 - ps7_0_axi_periph
Adding component instance block -- xilinx.com:ip:axi_crossbar:2.1 - xbar
Adding component instance block -- xilinx.com:ip:axi_protocol_converter:2.1 - auto_pc
Adding component instance block -- xilinx.com:user:Ultrasoon:1.0 - Ultrasoon_0
Adding component instance block -- xilinx.com:ip:axi_gpio:2.0 - axi_gpio_0
Successfully read diagram <design_1> from BD file <D:/Vivado_Projecten/EindOpdracht1/BlokDesign2/BlokDesign2.srcs/sources_1/bd/design_1/design_1.bd>
open_bd_design: Time (s): cpu = 00:00:09 ; elapsed = 00:00:12 . Memory (MB): peak = 1016.270 ; gain = 0.000
launch_sdk -workspace D:/Vivado_Projecten/EindOpdracht1/BlokDesign2/BlokDesign2.sdk -hwspec D:/Vivado_Projecten/EindOpdracht1/BlokDesign2/BlokDesign2.sdk/design_1_wrapper.hdf
INFO: [Vivado 12-393] Launching SDK...
INFO: [Vivado 12-417] Running xsdk -workspace D:/Vivado_Projecten/EindOpdracht1/BlokDesign2/BlokDesign2.sdk -hwspec D:/Vivado_Projecten/EindOpdracht1/BlokDesign2/BlokDesign2.sdk/design_1_wrapper.hdf
INFO: [Vivado 12-3157] SDK launch initiated. Please check console for any further messages.
exit
INFO: [Common 17-206] Exiting Vivado at Wed Dec 11 16:47:28 2019...
