#-----------------------------------------------------------
# Vivado v2019.1 (64-bit)
# SW Build 2552052 on Fri May 24 14:49:42 MDT 2019
# IP Build 2548770 on Fri May 24 18:01:18 MDT 2019
# Start of session at: Sun Dec  1 11:00:15 2019
# Process ID: 1864
# Current directory: D:/Vivado_Projecten/EindOpdracht1/Eindopdracht_EOS/Blokdesign_Werkt/BlokDesign2
# Command line: vivado.exe -gui_launcher_event rodinguilauncherevent15296 D:\Vivado_Projecten\EindOpdracht1\Eindopdracht_EOS\Blokdesign_Werkt\BlokDesign2\BlokDesign2.xpr
# Log file: D:/Vivado_Projecten/EindOpdracht1/Eindopdracht_EOS/Blokdesign_Werkt/BlokDesign2/vivado.log
# Journal file: D:/Vivado_Projecten/EindOpdracht1/Eindopdracht_EOS/Blokdesign_Werkt/BlokDesign2\vivado.jou
#-----------------------------------------------------------
start_gui
open_project D:/Vivado_Projecten/EindOpdracht1/Eindopdracht_EOS/Blokdesign_Werkt/BlokDesign2/BlokDesign2.xpr
INFO: [Project 1-313] Project file moved from 'D:/Vivado_Projecten/EindOpdracht1/BlokDesign2' since last save.
Scanning sources...
Finished scanning sources
INFO: [IP_Flow 19-234] Refreshing IP repositories
INFO: [IP_Flow 19-1700] Loaded user IP repository 'd:/Vivado_Projecten/EindOpdracht1/Eindopdracht_EOS/Blokdesign_Werkt/ip_repo'.
INFO: [IP_Flow 19-2313] Loaded Vivado IP repository 'D:/Xilinx/Vivado/2019.1/data/ip'.
open_project: Time (s): cpu = 00:00:15 ; elapsed = 00:00:07 . Memory (MB): peak = 834.828 ; gain = 160.371
update_compile_order -fileset sources_1
open_bd_design {D:/Vivado_Projecten/EindOpdracht1/Eindopdracht_EOS/Blokdesign_Werkt/BlokDesign2/BlokDesign2.srcs/sources_1/bd/design_1/design_1.bd}
Adding component instance block -- xilinx.com:ip:processing_system7:5.5 - processing_system7_0
Adding component instance block -- xilinx.com:user:NeonIp:1.0 - NeonIp_0
Adding component instance block -- xilinx.com:ip:proc_sys_reset:5.0 - rst_ps7_0_50M
Adding component instance block -- xilinx.com:ip:axi_interconnect:2.1 - ps7_0_axi_periph
Adding component instance block -- xilinx.com:ip:axi_crossbar:2.1 - xbar
Adding component instance block -- xilinx.com:ip:axi_protocol_converter:2.1 - auto_pc
Adding component instance block -- xilinx.com:user:Ultrasoon:1.0 - Ultrasoon_0
Successfully read diagram <design_1> from BD file <D:/Vivado_Projecten/EindOpdracht1/Eindopdracht_EOS/Blokdesign_Werkt/BlokDesign2/BlokDesign2.srcs/sources_1/bd/design_1/design_1.bd>
open_bd_design: Time (s): cpu = 00:00:10 ; elapsed = 00:00:07 . Memory (MB): peak = 985.355 ; gain = 45.520
file mkdir D:/Vivado_Projecten/EindOpdracht1/Eindopdracht_EOS/Blokdesign_Werkt/BlokDesign2/BlokDesign2.sdk
file copy -force D:/Vivado_Projecten/EindOpdracht1/Eindopdracht_EOS/Blokdesign_Werkt/BlokDesign2/BlokDesign2.runs/impl_1/design_1_wrapper.sysdef D:/Vivado_Projecten/EindOpdracht1/Eindopdracht_EOS/Blokdesign_Werkt/BlokDesign2/BlokDesign2.sdk/design_1_wrapper.hdf

launch_sdk -workspace D:/Vivado_Projecten/EindOpdracht1/Eindopdracht_EOS/Blokdesign_Werkt/BlokDesign2/BlokDesign2.sdk -hwspec D:/Vivado_Projecten/EindOpdracht1/Eindopdracht_EOS/Blokdesign_Werkt/BlokDesign2/BlokDesign2.sdk/design_1_wrapper.hdf
INFO: [Vivado 12-393] Launching SDK...
INFO: [Vivado 12-417] Running xsdk -workspace D:/Vivado_Projecten/EindOpdracht1/Eindopdracht_EOS/Blokdesign_Werkt/BlokDesign2/BlokDesign2.sdk -hwspec D:/Vivado_Projecten/EindOpdracht1/Eindopdracht_EOS/Blokdesign_Werkt/BlokDesign2/BlokDesign2.sdk/design_1_wrapper.hdf
INFO: [Vivado 12-3157] SDK launch initiated. Please check console for any further messages.
exit
INFO: [Common 17-206] Exiting Vivado at Sun Dec  1 11:45:17 2019...
