#-----------------------------------------------------------
# Vivado v2019.1 (64-bit)
# SW Build 2552052 on Fri May 24 14:49:42 MDT 2019
# IP Build 2548770 on Fri May 24 18:01:18 MDT 2019
# Start of session at: Thu Dec 12 14:10:40 2019
# Process ID: 1432
# Current directory: D:/Vivado_Projecten/EindOpdracht1/BlokDesign2
# Command line: vivado.exe -gui_launcher_event rodinguilauncherevent15224 D:\Vivado_Projecten\EindOpdracht1\BlokDesign2\BlokDesign2.xpr
# Log file: D:/Vivado_Projecten/EindOpdracht1/BlokDesign2/vivado.log
# Journal file: D:/Vivado_Projecten/EindOpdracht1/BlokDesign2\vivado.jou
#-----------------------------------------------------------
start_gui
open_project D:/Vivado_Projecten/EindOpdracht1/BlokDesign2/BlokDesign2.xpr
Scanning sources...
Finished scanning sources
INFO: [IP_Flow 19-234] Refreshing IP repositories
INFO: [IP_Flow 19-1700] Loaded user IP repository 'd:/Vivado_Projecten/EindOpdracht1/ip_repo'.
INFO: [IP_Flow 19-2313] Loaded Vivado IP repository 'D:/Xilinx/Vivado/2019.1/data/ip'.
open_project: Time (s): cpu = 00:00:17 ; elapsed = 00:00:09 . Memory (MB): peak = 869.059 ; gain = 223.625
update_compile_order -fileset sources_1
exit
INFO: [Common 17-206] Exiting Vivado at Thu Dec 12 14:14:26 2019...
