#-----------------------------------------------------------
# Webtalk v2019.1 (64-bit)
# SW Build 2552052 on Fri May 24 14:49:42 MDT 2019
# 
# Start of session at: Mon Dec  2 21:20:25 2019
# Process ID: 2960
# Current directory: C:/Users/admin/Documents/pxl/3dejaar/embedded_os/Eindopdracht_EOS/Blokdesign_2/Blokdesign.sdk/webtalk
# Command line: wbtcv.exe -mode batch -source sdk_webtalk.tcl
# Log file: C:/Users/admin/Documents/pxl/3dejaar/embedded_os/Eindopdracht_EOS/Blokdesign_2/Blokdesign.sdk/webtalk/webtalk.log
# Journal file: C:/Users/admin/Documents/pxl/3dejaar/embedded_os/Eindopdracht_EOS/Blokdesign_2/Blokdesign.sdk/webtalk\webtalk.jou
#-----------------------------------------------------------
source sdk_webtalk.tcl
# webtalk_init -webtalk_dir C:\\Users\\admin\\Documents\\pxl\\3dejaar\\embedded_os\\Eindopdracht_EOS\\Blokdesign_2\\Blokdesign.sdk\\webtalk
# webtalk_register_client -client project
# webtalk_add_data -client project -key date_generated -value "2019-12-02 21:20:21" -context "software_version_and_target_device"
# webtalk_add_data -client project -key product_version -value "SDK v2019.1" -context "software_version_and_target_device"
# webtalk_add_data -client project -key build_version -value "2019.1" -context "software_version_and_target_device"
# webtalk_add_data -client project -key os_platform -value "amd64" -context "software_version_and_target_device"
# webtalk_add_data -client project -key registration_id -value "" -context "software_version_and_target_device"
# webtalk_add_data -client project -key tool_flow -value "SDK" -context "software_version_and_target_device"
# webtalk_add_data -client project -key beta -value "false" -context "software_version_and_target_device"
# webtalk_add_data -client project -key route_design -value "NA" -context "software_version_and_target_device"
# webtalk_add_data -client project -key target_family -value "NA" -context "software_version_and_target_device"
# webtalk_add_data -client project -key target_device -value "NA" -context "software_version_and_target_device"
# webtalk_add_data -client project -key target_package -value "NA" -context "software_version_and_target_device"
# webtalk_add_data -client project -key target_speed -value "NA" -context "software_version_and_target_device"
# webtalk_add_data -client project -key random_id -value "3rj7pj8c5u7hqu992bl8ah303p" -context "software_version_and_target_device"
# webtalk_add_data -client project -key project_id -value "2019.1_23" -context "software_version_and_target_device"
# webtalk_add_data -client project -key project_iteration -value "23" -context "software_version_and_target_device"
# webtalk_add_data -client project -key os_name -value "Microsoft Windows 8 or later , 64-bit" -context "user_environment"
# webtalk_add_data -client project -key os_release -value "major release  (build 9200)" -context "user_environment"
# webtalk_add_data -client project -key cpu_name -value "Intel(R) Core(TM) i7-3740QM CPU @ 2.70GHz" -context "user_environment"
# webtalk_add_data -client project -key cpu_speed -value "2694 MHz" -context "user_environment"
# webtalk_add_data -client project -key total_processors -value "1" -context "user_environment"
# webtalk_add_data -client project -key system_ram -value "34.296 GB" -context "user_environment"
# webtalk_register_client -client sdk
# webtalk_add_data -client sdk -key uid -value "1575315147877" -context "sdk\\\\hardware/1575315147877"
# webtalk_add_data -client sdk -key isZynq -value "true" -context "sdk\\\\hardware/1575315147877"
# webtalk_add_data -client sdk -key isZynqMP -value "false" -context "sdk\\\\hardware/1575315147877"
# webtalk_add_data -client sdk -key Processors -value "1" -context "sdk\\\\hardware/1575315147877"
# webtalk_add_data -client sdk -key VivadoVersion -value "2019.1" -context "sdk\\\\hardware/1575315147877"
# webtalk_add_data -client sdk -key Arch -value "zynq" -context "sdk\\\\hardware/1575315147877"
# webtalk_add_data -client sdk -key Device -value "7z007s" -context "sdk\\\\hardware/1575315147877"
# webtalk_add_data -client sdk -key IsHandoff -value "true" -context "sdk\\\\hardware/1575315147877"
# webtalk_add_data -client sdk -key os -value "NA" -context "sdk\\\\hardware/1575315147877"
# webtalk_add_data -client sdk -key apptemplate -value "NA" -context "sdk\\\\hardware/1575315147877"
# webtalk_add_data -client sdk -key RecordType -value "HWCreation" -context "sdk\\\\hardware/1575315147877"
# webtalk_add_data -client sdk -key uid -value "1575315419501" -context "sdk\\\\bsp/1575315419501"
# webtalk_add_data -client sdk -key hwid -value "1575315147877" -context "sdk\\\\bsp/1575315419501"
# webtalk_add_data -client sdk -key os -value "freertos10_xilinx" -context "sdk\\\\bsp/1575315419501"
# webtalk_add_data -client sdk -key apptemplate -value "freertos_hello_world" -context "sdk\\\\bsp/1575315419501"
# webtalk_add_data -client sdk -key RecordType -value "BSPCreation" -context "sdk\\\\bsp/1575315419501"
# webtalk_add_data -client sdk -key uid -value "1575315434135" -context "sdk\\\\application/1575315434135"
# webtalk_add_data -client sdk -key hwid -value "1575315147877" -context "sdk\\\\application/1575315434135"
# webtalk_add_data -client sdk -key bspid -value "1575315419501" -context "sdk\\\\application/1575315434135"
# webtalk_add_data -client sdk -key newbsp -value "true" -context "sdk\\\\application/1575315434135"
# webtalk_add_data -client sdk -key os -value "freertos10_xilinx" -context "sdk\\\\application/1575315434135"
# webtalk_add_data -client sdk -key apptemplate -value "freertos_hello_world" -context "sdk\\\\application/1575315434135"
# webtalk_add_data -client sdk -key RecordType -value "APPCreation" -context "sdk\\\\application/1575315434135"
# webtalk_add_data -client sdk -key LangUsed -value "C" -context "sdk\\\\application/1575315434135"
# webtalk_add_data -client sdk -key Procused -value "ps7_cortexa9" -context "sdk\\\\application/1575315434135"
# webtalk_add_data -client sdk -key projSize -value "465.06640625" -context "sdk\\\\application/1575315434135"
# webtalk_add_data -client sdk -key uid -value "NA" -context "sdk\\\\bsp/1575318021403"
# webtalk_add_data -client sdk -key RecordType -value "ToolUsage" -context "sdk\\\\bsp/1575318021403"
# webtalk_add_data -client sdk -key BootgenCount -value "0" -context "sdk\\\\bsp/1575318021403"
# webtalk_add_data -client sdk -key DebugCount -value "0" -context "sdk\\\\bsp/1575318021403"
# webtalk_add_data -client sdk -key PerfCount -value "0" -context "sdk\\\\bsp/1575318021403"
# webtalk_add_data -client sdk -key FlashCount -value "0" -context "sdk\\\\bsp/1575318021403"
# webtalk_add_data -client sdk -key CrossTriggCount -value "0" -context "sdk\\\\bsp/1575318021403"
# webtalk_add_data -client sdk -key QemuDebugCount -value "0" -context "sdk\\\\bsp/1575318021403"
# webtalk_transmit -clientid 1565622259 -regid "" -xml C:\\Users\\admin\\Documents\\pxl\\3dejaar\\embedded_os\\Eindopdracht_EOS\\Blokdesign_2\\Blokdesign.sdk\\webtalk\\usage_statistics_ext_sdk.xml -html C:\\Users\\admin\\Documents\\pxl\\3dejaar\\embedded_os\\Eindopdracht_EOS\\Blokdesign_2\\Blokdesign.sdk\\webtalk\\usage_statistics_ext_sdk.html -wdm C:\\Users\\admin\\Documents\\pxl\\3dejaar\\embedded_os\\Eindopdracht_EOS\\Blokdesign_2\\Blokdesign.sdk\\webtalk\\sdk_webtalk.wdm -intro "<H3>SDK Usage Report</H3><BR>"
# webtalk_terminate
INFO: [Common 17-206] Exiting Webtalk at Mon Dec  2 21:20:29 2019...
