13:32:00 INFO  : Registering command handlers for SDK TCF services
13:32:03 INFO  : Launching XSCT server: xsct.bat -interactive C:\Users\admin\Documents\pxl\3dejaar\embedded_os\Eindopdracht_EOS\Blokdesign_2_clone\Blokdesign_2_clone.sdk\temp_xsdb_launch_script.tcl
13:32:09 INFO  : XSCT server has started successfully.
13:32:09 INFO  : Successfully done setting XSCT server connection channel  
13:32:09 INFO  : Successfully done setting SDK workspace  
13:32:09 INFO  : Processing command line option -hwspec C:/Users/admin/Documents/pxl/3dejaar/embedded_os/Eindopdracht_EOS/Blokdesign_2_clone/Blokdesign_2_clone.sdk/design_1_wrapper.hdf.
13:34:50 ERROR : Failed to closesw "C:/Users/admin/Documents/pxl/3dejaar/embedded_os/Eindopdracht_EOS/Blokdesign_2_clone/Blokdesign_2_clone.sdk/hello_world_bsp/system.mss"
Reason: Cannot close sw design 'C:/Users/admin/Documents/pxl/3dejaar/embedded_os/Eindopdracht_EOS/Blokdesign_2_clone/Blokdesign_2_clone.sdk/hello_world_bsp/system.mss'.
Design is not opened in the current session.


13:36:37 INFO  : Connected to target on host '127.0.0.1' and port '3121'.
13:36:37 INFO  : 'targets -set -filter {jtag_cable_name =~ "Avnet MiniZed V1 1234-oj1A" && level==0} -index 1' command is executed.
13:36:39 INFO  : FPGA configured successfully with bitstream "C:/Users/admin/Documents/pxl/3dejaar/embedded_os/Eindopdracht_EOS/Blokdesign_2_clone/Blokdesign_2_clone.sdk/design_1_wrapper_hw_platform_0/design_1_wrapper.bit"
13:36:51 INFO  : 'targets -set -filter {jtag_cable_name =~ "Avnet MiniZed V1 1234-oj1A" && level==0} -index 1' command is executed.
13:36:51 INFO  : 'fpga -state' command is executed.
13:36:51 INFO  : Connected to target on host '127.0.0.1' and port '3121'.
13:36:52 INFO  : Jtag cable 'Avnet MiniZed V1 1234-oj1A' is selected.
13:36:52 INFO  : 'jtag frequency' command is executed.
13:36:52 INFO  : Sourcing of 'C:/Users/admin/Documents/pxl/3dejaar/embedded_os/Eindopdracht_EOS/Blokdesign_2_clone/Blokdesign_2_clone.sdk/design_1_wrapper_hw_platform_0/ps7_init.tcl' is done.
13:36:52 INFO  : Context for 'APU' is selected.
13:36:52 INFO  : Hardware design information is loaded from 'C:/Users/admin/Documents/pxl/3dejaar/embedded_os/Eindopdracht_EOS/Blokdesign_2_clone/Blokdesign_2_clone.sdk/design_1_wrapper_hw_platform_0/system.hdf'.
13:36:52 INFO  : 'configparams force-mem-access 1' command is executed.
13:36:52 INFO  : Context for 'APU' is selected.
13:36:52 INFO  : 'stop' command is executed.
13:36:53 INFO  : 'ps7_init' command is executed.
13:36:53 INFO  : 'ps7_post_config' command is executed.
13:36:53 INFO  : Context for processor 'ps7_cortexa9_0' is selected.
13:36:53 INFO  : Processor reset is completed for 'ps7_cortexa9_0'.
13:36:53 INFO  : Context for processor 'ps7_cortexa9_0' is selected.
13:36:53 INFO  : The application 'C:/Users/admin/Documents/pxl/3dejaar/embedded_os/Eindopdracht_EOS/Blokdesign_2_clone/Blokdesign_2_clone.sdk/hello_world/Debug/hello_world.elf' is downloaded to processor 'ps7_cortexa9_0'.
13:36:53 INFO  : 'configparams force-mem-access 0' command is executed.
13:36:53 INFO  : ----------------XSDB Script----------------
connect -url tcp:127.0.0.1:3121
source C:/Users/admin/Documents/pxl/3dejaar/embedded_os/Eindopdracht_EOS/Blokdesign_2_clone/Blokdesign_2_clone.sdk/design_1_wrapper_hw_platform_0/ps7_init.tcl
targets -set -nocase -filter {name =~"APU*" && jtag_cable_name =~ "Avnet MiniZed V1 1234-oj1A"} -index 0
loadhw -hw C:/Users/admin/Documents/pxl/3dejaar/embedded_os/Eindopdracht_EOS/Blokdesign_2_clone/Blokdesign_2_clone.sdk/design_1_wrapper_hw_platform_0/system.hdf -mem-ranges [list {0x40000000 0xbfffffff}]
configparams force-mem-access 1
targets -set -nocase -filter {name =~"APU*" && jtag_cable_name =~ "Avnet MiniZed V1 1234-oj1A"} -index 0
stop
ps7_init
ps7_post_config
targets -set -nocase -filter {name =~ "ARM*#0" && jtag_cable_name =~ "Avnet MiniZed V1 1234-oj1A"} -index 0
rst -processor
targets -set -nocase -filter {name =~ "ARM*#0" && jtag_cable_name =~ "Avnet MiniZed V1 1234-oj1A"} -index 0
dow C:/Users/admin/Documents/pxl/3dejaar/embedded_os/Eindopdracht_EOS/Blokdesign_2_clone/Blokdesign_2_clone.sdk/hello_world/Debug/hello_world.elf
configparams force-mem-access 0
----------------End of Script----------------

13:36:53 INFO  : Memory regions updated for context APU
13:36:53 INFO  : Context for processor 'ps7_cortexa9_0' is selected.
13:36:54 INFO  : 'con' command is executed.
13:36:54 INFO  : ----------------XSDB Script (After Launch)----------------
targets -set -nocase -filter {name =~ "ARM*#0" && jtag_cable_name =~ "Avnet MiniZed V1 1234-oj1A"} -index 0
con
----------------End of Script----------------

13:36:54 INFO  : Launch script is exported to file 'C:\Users\admin\Documents\pxl\3dejaar\embedded_os\Eindopdracht_EOS\Blokdesign_2_clone\Blokdesign_2_clone.sdk\.sdk\launch_scripts\xilinx_c-c++_application_(system_debugger)\system_debugger_using_debug_hello_world.elf_on_local.tcl'
13:37:28 INFO  : Connected to target on host '127.0.0.1' and port '3121'.
13:37:28 INFO  : 'targets -set -filter {jtag_cable_name =~ "Avnet MiniZed V1 1234-oj1A" && level==0} -index 1' command is executed.
13:37:30 INFO  : FPGA configured successfully with bitstream "C:/Users/admin/Documents/pxl/3dejaar/embedded_os/Eindopdracht_EOS/Blokdesign_2_clone/Blokdesign_2_clone.sdk/design_1_wrapper_hw_platform_0/design_1_wrapper.bit"
13:37:39 INFO  : Disconnected from the channel tcfchan#1.
13:37:40 INFO  : 'targets -set -filter {jtag_cable_name =~ "Avnet MiniZed V1 1234-oj1A" && level==0} -index 1' command is executed.
13:37:41 INFO  : 'fpga -state' command is executed.
13:37:41 INFO  : Connected to target on host '127.0.0.1' and port '3121'.
13:37:41 INFO  : Jtag cable 'Avnet MiniZed V1 1234-oj1A' is selected.
13:37:41 INFO  : 'jtag frequency' command is executed.
13:37:41 INFO  : Sourcing of 'C:/Users/admin/Documents/pxl/3dejaar/embedded_os/Eindopdracht_EOS/Blokdesign_2_clone/Blokdesign_2_clone.sdk/design_1_wrapper_hw_platform_0/ps7_init.tcl' is done.
13:37:41 INFO  : Context for 'APU' is selected.
13:37:43 INFO  : Hardware design information is loaded from 'C:/Users/admin/Documents/pxl/3dejaar/embedded_os/Eindopdracht_EOS/Blokdesign_2_clone/Blokdesign_2_clone.sdk/design_1_wrapper_hw_platform_0/system.hdf'.
13:37:43 INFO  : 'configparams force-mem-access 1' command is executed.
13:37:44 INFO  : Context for 'APU' is selected.
13:37:44 INFO  : 'stop' command is executed.
13:37:44 INFO  : 'ps7_init' command is executed.
13:37:44 INFO  : 'ps7_post_config' command is executed.
13:37:44 INFO  : Context for processor 'ps7_cortexa9_0' is selected.
13:37:44 INFO  : Processor reset is completed for 'ps7_cortexa9_0'.
13:37:44 INFO  : Context for processor 'ps7_cortexa9_0' is selected.
13:37:44 INFO  : The application 'C:/Users/admin/Documents/pxl/3dejaar/embedded_os/Eindopdracht_EOS/Blokdesign_2_clone/Blokdesign_2_clone.sdk/hello_world/Debug/hello_world.elf' is downloaded to processor 'ps7_cortexa9_0'.
13:37:44 INFO  : 'configparams force-mem-access 0' command is executed.
13:37:44 INFO  : ----------------XSDB Script----------------
connect -url tcp:127.0.0.1:3121
source C:/Users/admin/Documents/pxl/3dejaar/embedded_os/Eindopdracht_EOS/Blokdesign_2_clone/Blokdesign_2_clone.sdk/design_1_wrapper_hw_platform_0/ps7_init.tcl
targets -set -nocase -filter {name =~"APU*" && jtag_cable_name =~ "Avnet MiniZed V1 1234-oj1A"} -index 0
loadhw -hw C:/Users/admin/Documents/pxl/3dejaar/embedded_os/Eindopdracht_EOS/Blokdesign_2_clone/Blokdesign_2_clone.sdk/design_1_wrapper_hw_platform_0/system.hdf -mem-ranges [list {0x40000000 0xbfffffff}]
configparams force-mem-access 1
targets -set -nocase -filter {name =~"APU*" && jtag_cable_name =~ "Avnet MiniZed V1 1234-oj1A"} -index 0
stop
ps7_init
ps7_post_config
targets -set -nocase -filter {name =~ "ARM*#0" && jtag_cable_name =~ "Avnet MiniZed V1 1234-oj1A"} -index 0
rst -processor
targets -set -nocase -filter {name =~ "ARM*#0" && jtag_cable_name =~ "Avnet MiniZed V1 1234-oj1A"} -index 0
dow C:/Users/admin/Documents/pxl/3dejaar/embedded_os/Eindopdracht_EOS/Blokdesign_2_clone/Blokdesign_2_clone.sdk/hello_world/Debug/hello_world.elf
configparams force-mem-access 0
----------------End of Script----------------

13:37:44 INFO  : Memory regions updated for context APU
13:37:44 INFO  : Context for processor 'ps7_cortexa9_0' is selected.
13:37:45 INFO  : 'con' command is executed.
13:37:45 INFO  : ----------------XSDB Script (After Launch)----------------
targets -set -nocase -filter {name =~ "ARM*#0" && jtag_cable_name =~ "Avnet MiniZed V1 1234-oj1A"} -index 0
con
----------------End of Script----------------

13:37:45 INFO  : Launch script is exported to file 'C:\Users\admin\Documents\pxl\3dejaar\embedded_os\Eindopdracht_EOS\Blokdesign_2_clone\Blokdesign_2_clone.sdk\.sdk\launch_scripts\xilinx_c-c++_application_(system_debugger)\system_debugger_using_debug_hello_world.elf_on_local.tcl'
13:55:49 INFO  : Connected to target on host '127.0.0.1' and port '3121'.
13:55:49 INFO  : 'targets -set -filter {jtag_cable_name =~ "Avnet MiniZed V1 1234-oj1A" && level==0} -index 1' command is executed.
13:55:50 INFO  : FPGA configured successfully with bitstream "C:/Users/admin/Documents/pxl/3dejaar/embedded_os/Eindopdracht_EOS/Blokdesign_2_clone/Blokdesign_2_clone.sdk/design_1_wrapper_hw_platform_0/design_1_wrapper.bit"
13:55:59 INFO  : Disconnected from the channel tcfchan#2.
13:56:00 INFO  : 'targets -set -filter {jtag_cable_name =~ "Avnet MiniZed V1 1234-oj1A" && level==0} -index 1' command is executed.
13:56:00 INFO  : 'fpga -state' command is executed.
13:56:00 INFO  : Connected to target on host '127.0.0.1' and port '3121'.
13:56:01 INFO  : Jtag cable 'Avnet MiniZed V1 1234-oj1A' is selected.
13:56:01 INFO  : 'jtag frequency' command is executed.
13:56:01 INFO  : Sourcing of 'C:/Users/admin/Documents/pxl/3dejaar/embedded_os/Eindopdracht_EOS/Blokdesign_2_clone/Blokdesign_2_clone.sdk/design_1_wrapper_hw_platform_0/ps7_init.tcl' is done.
13:56:01 INFO  : Context for 'APU' is selected.
13:56:03 INFO  : Hardware design information is loaded from 'C:/Users/admin/Documents/pxl/3dejaar/embedded_os/Eindopdracht_EOS/Blokdesign_2_clone/Blokdesign_2_clone.sdk/design_1_wrapper_hw_platform_0/system.hdf'.
13:56:03 INFO  : 'configparams force-mem-access 1' command is executed.
13:56:03 INFO  : Context for 'APU' is selected.
13:56:03 INFO  : 'stop' command is executed.
13:56:04 INFO  : 'ps7_init' command is executed.
13:56:04 INFO  : 'ps7_post_config' command is executed.
13:56:04 INFO  : Context for processor 'ps7_cortexa9_0' is selected.
13:56:04 INFO  : Processor reset is completed for 'ps7_cortexa9_0'.
13:56:04 INFO  : Context for processor 'ps7_cortexa9_0' is selected.
13:56:04 INFO  : The application 'C:/Users/admin/Documents/pxl/3dejaar/embedded_os/Eindopdracht_EOS/Blokdesign_2_clone/Blokdesign_2_clone.sdk/hello_world/Debug/hello_world.elf' is downloaded to processor 'ps7_cortexa9_0'.
13:56:04 INFO  : 'configparams force-mem-access 0' command is executed.
13:56:04 INFO  : ----------------XSDB Script----------------
connect -url tcp:127.0.0.1:3121
source C:/Users/admin/Documents/pxl/3dejaar/embedded_os/Eindopdracht_EOS/Blokdesign_2_clone/Blokdesign_2_clone.sdk/design_1_wrapper_hw_platform_0/ps7_init.tcl
targets -set -nocase -filter {name =~"APU*" && jtag_cable_name =~ "Avnet MiniZed V1 1234-oj1A"} -index 0
loadhw -hw C:/Users/admin/Documents/pxl/3dejaar/embedded_os/Eindopdracht_EOS/Blokdesign_2_clone/Blokdesign_2_clone.sdk/design_1_wrapper_hw_platform_0/system.hdf -mem-ranges [list {0x40000000 0xbfffffff}]
configparams force-mem-access 1
targets -set -nocase -filter {name =~"APU*" && jtag_cable_name =~ "Avnet MiniZed V1 1234-oj1A"} -index 0
stop
ps7_init
ps7_post_config
targets -set -nocase -filter {name =~ "ARM*#0" && jtag_cable_name =~ "Avnet MiniZed V1 1234-oj1A"} -index 0
rst -processor
targets -set -nocase -filter {name =~ "ARM*#0" && jtag_cable_name =~ "Avnet MiniZed V1 1234-oj1A"} -index 0
dow C:/Users/admin/Documents/pxl/3dejaar/embedded_os/Eindopdracht_EOS/Blokdesign_2_clone/Blokdesign_2_clone.sdk/hello_world/Debug/hello_world.elf
configparams force-mem-access 0
----------------End of Script----------------

13:56:04 INFO  : Memory regions updated for context APU
13:56:05 INFO  : Context for processor 'ps7_cortexa9_0' is selected.
13:56:05 INFO  : 'con' command is executed.
13:56:05 INFO  : ----------------XSDB Script (After Launch)----------------
targets -set -nocase -filter {name =~ "ARM*#0" && jtag_cable_name =~ "Avnet MiniZed V1 1234-oj1A"} -index 0
con
----------------End of Script----------------

13:56:05 INFO  : Launch script is exported to file 'C:\Users\admin\Documents\pxl\3dejaar\embedded_os\Eindopdracht_EOS\Blokdesign_2_clone\Blokdesign_2_clone.sdk\.sdk\launch_scripts\xilinx_c-c++_application_(system_debugger)\system_debugger_using_debug_hello_world.elf_on_local.tcl'
13:58:15 INFO  : Disconnected from the channel tcfchan#3.
13:58:17 INFO  : 'targets -set -filter {jtag_cable_name =~ "Avnet MiniZed V1 1234-oj1A" && level==0} -index 1' command is executed.
13:58:17 INFO  : 'fpga -state' command is executed.
13:58:17 INFO  : Connected to target on host '127.0.0.1' and port '3121'.
13:58:17 INFO  : Jtag cable 'Avnet MiniZed V1 1234-oj1A' is selected.
13:58:17 INFO  : 'jtag frequency' command is executed.
13:58:17 INFO  : Sourcing of 'C:/Users/admin/Documents/pxl/3dejaar/embedded_os/Eindopdracht_EOS/Blokdesign_2_clone/Blokdesign_2_clone.sdk/design_1_wrapper_hw_platform_0/ps7_init.tcl' is done.
13:58:17 INFO  : Context for 'APU' is selected.
13:58:20 INFO  : Hardware design information is loaded from 'C:/Users/admin/Documents/pxl/3dejaar/embedded_os/Eindopdracht_EOS/Blokdesign_2_clone/Blokdesign_2_clone.sdk/design_1_wrapper_hw_platform_0/system.hdf'.
13:58:20 INFO  : 'configparams force-mem-access 1' command is executed.
13:58:20 INFO  : Context for 'APU' is selected.
13:58:20 INFO  : 'stop' command is executed.
13:58:21 INFO  : 'ps7_init' command is executed.
13:58:21 INFO  : 'ps7_post_config' command is executed.
13:58:21 INFO  : Context for processor 'ps7_cortexa9_0' is selected.
13:58:21 INFO  : Processor reset is completed for 'ps7_cortexa9_0'.
13:58:21 INFO  : Context for processor 'ps7_cortexa9_0' is selected.
13:58:21 INFO  : The application 'C:/Users/admin/Documents/pxl/3dejaar/embedded_os/Eindopdracht_EOS/Blokdesign_2_clone/Blokdesign_2_clone.sdk/hello_world/Debug/hello_world.elf' is downloaded to processor 'ps7_cortexa9_0'.
13:58:21 INFO  : 'configparams force-mem-access 0' command is executed.
13:58:21 INFO  : ----------------XSDB Script----------------
connect -url tcp:127.0.0.1:3121
source C:/Users/admin/Documents/pxl/3dejaar/embedded_os/Eindopdracht_EOS/Blokdesign_2_clone/Blokdesign_2_clone.sdk/design_1_wrapper_hw_platform_0/ps7_init.tcl
targets -set -nocase -filter {name =~"APU*" && jtag_cable_name =~ "Avnet MiniZed V1 1234-oj1A"} -index 0
loadhw -hw C:/Users/admin/Documents/pxl/3dejaar/embedded_os/Eindopdracht_EOS/Blokdesign_2_clone/Blokdesign_2_clone.sdk/design_1_wrapper_hw_platform_0/system.hdf -mem-ranges [list {0x40000000 0xbfffffff}]
configparams force-mem-access 1
targets -set -nocase -filter {name =~"APU*" && jtag_cable_name =~ "Avnet MiniZed V1 1234-oj1A"} -index 0
stop
ps7_init
ps7_post_config
targets -set -nocase -filter {name =~ "ARM*#0" && jtag_cable_name =~ "Avnet MiniZed V1 1234-oj1A"} -index 0
rst -processor
targets -set -nocase -filter {name =~ "ARM*#0" && jtag_cable_name =~ "Avnet MiniZed V1 1234-oj1A"} -index 0
dow C:/Users/admin/Documents/pxl/3dejaar/embedded_os/Eindopdracht_EOS/Blokdesign_2_clone/Blokdesign_2_clone.sdk/hello_world/Debug/hello_world.elf
configparams force-mem-access 0
----------------End of Script----------------

13:58:21 INFO  : Memory regions updated for context APU
13:58:21 INFO  : Context for processor 'ps7_cortexa9_0' is selected.
13:58:21 INFO  : 'con' command is executed.
13:58:21 INFO  : ----------------XSDB Script (After Launch)----------------
targets -set -nocase -filter {name =~ "ARM*#0" && jtag_cable_name =~ "Avnet MiniZed V1 1234-oj1A"} -index 0
con
----------------End of Script----------------

13:58:21 INFO  : Launch script is exported to file 'C:\Users\admin\Documents\pxl\3dejaar\embedded_os\Eindopdracht_EOS\Blokdesign_2_clone\Blokdesign_2_clone.sdk\.sdk\launch_scripts\xilinx_c-c++_application_(system_debugger)\system_debugger_using_debug_hello_world.elf_on_local.tcl'
14:00:16 INFO  : Disconnected from the channel tcfchan#4.
14:00:17 INFO  : 'targets -set -filter {jtag_cable_name =~ "Avnet MiniZed V1 1234-oj1A" && level==0} -index 1' command is executed.
14:00:17 INFO  : 'fpga -state' command is executed.
14:00:17 INFO  : Connected to target on host '127.0.0.1' and port '3121'.
14:00:17 INFO  : Jtag cable 'Avnet MiniZed V1 1234-oj1A' is selected.
14:00:17 INFO  : 'jtag frequency' command is executed.
14:00:17 INFO  : Sourcing of 'C:/Users/admin/Documents/pxl/3dejaar/embedded_os/Eindopdracht_EOS/Blokdesign_2_clone/Blokdesign_2_clone.sdk/design_1_wrapper_hw_platform_0/ps7_init.tcl' is done.
14:00:17 INFO  : Context for 'APU' is selected.
14:00:21 INFO  : Hardware design information is loaded from 'C:/Users/admin/Documents/pxl/3dejaar/embedded_os/Eindopdracht_EOS/Blokdesign_2_clone/Blokdesign_2_clone.sdk/design_1_wrapper_hw_platform_0/system.hdf'.
14:00:21 INFO  : 'configparams force-mem-access 1' command is executed.
14:00:21 INFO  : Context for 'APU' is selected.
14:00:22 INFO  : 'stop' command is executed.
14:00:23 INFO  : 'ps7_init' command is executed.
14:00:23 INFO  : 'ps7_post_config' command is executed.
14:00:23 INFO  : Context for processor 'ps7_cortexa9_0' is selected.
14:00:23 INFO  : Processor reset is completed for 'ps7_cortexa9_0'.
14:00:23 INFO  : Context for processor 'ps7_cortexa9_0' is selected.
14:00:24 INFO  : The application 'C:/Users/admin/Documents/pxl/3dejaar/embedded_os/Eindopdracht_EOS/Blokdesign_2_clone/Blokdesign_2_clone.sdk/hello_world/Debug/hello_world.elf' is downloaded to processor 'ps7_cortexa9_0'.
14:00:24 INFO  : 'configparams force-mem-access 0' command is executed.
14:00:24 INFO  : ----------------XSDB Script----------------
connect -url tcp:127.0.0.1:3121
source C:/Users/admin/Documents/pxl/3dejaar/embedded_os/Eindopdracht_EOS/Blokdesign_2_clone/Blokdesign_2_clone.sdk/design_1_wrapper_hw_platform_0/ps7_init.tcl
targets -set -nocase -filter {name =~"APU*" && jtag_cable_name =~ "Avnet MiniZed V1 1234-oj1A"} -index 0
loadhw -hw C:/Users/admin/Documents/pxl/3dejaar/embedded_os/Eindopdracht_EOS/Blokdesign_2_clone/Blokdesign_2_clone.sdk/design_1_wrapper_hw_platform_0/system.hdf -mem-ranges [list {0x40000000 0xbfffffff}]
configparams force-mem-access 1
targets -set -nocase -filter {name =~"APU*" && jtag_cable_name =~ "Avnet MiniZed V1 1234-oj1A"} -index 0
stop
ps7_init
ps7_post_config
targets -set -nocase -filter {name =~ "ARM*#0" && jtag_cable_name =~ "Avnet MiniZed V1 1234-oj1A"} -index 0
rst -processor
targets -set -nocase -filter {name =~ "ARM*#0" && jtag_cable_name =~ "Avnet MiniZed V1 1234-oj1A"} -index 0
dow C:/Users/admin/Documents/pxl/3dejaar/embedded_os/Eindopdracht_EOS/Blokdesign_2_clone/Blokdesign_2_clone.sdk/hello_world/Debug/hello_world.elf
configparams force-mem-access 0
----------------End of Script----------------

14:00:24 INFO  : Memory regions updated for context APU
14:00:24 INFO  : Context for processor 'ps7_cortexa9_0' is selected.
14:00:25 INFO  : 'con' command is executed.
14:00:25 INFO  : ----------------XSDB Script (After Launch)----------------
targets -set -nocase -filter {name =~ "ARM*#0" && jtag_cable_name =~ "Avnet MiniZed V1 1234-oj1A"} -index 0
con
----------------End of Script----------------

14:00:25 INFO  : Launch script is exported to file 'C:\Users\admin\Documents\pxl\3dejaar\embedded_os\Eindopdracht_EOS\Blokdesign_2_clone\Blokdesign_2_clone.sdk\.sdk\launch_scripts\xilinx_c-c++_application_(system_debugger)\system_debugger_using_debug_hello_world.elf_on_local.tcl'
14:01:32 INFO  : Disconnected from the channel tcfchan#5.
14:01:33 INFO  : 'targets -set -filter {jtag_cable_name =~ "Avnet MiniZed V1 1234-oj1A" && level==0} -index 1' command is executed.
14:01:33 INFO  : 'fpga -state' command is executed.
14:01:33 INFO  : Connected to target on host '127.0.0.1' and port '3121'.
14:01:33 INFO  : Jtag cable 'Avnet MiniZed V1 1234-oj1A' is selected.
14:01:33 INFO  : 'jtag frequency' command is executed.
14:01:33 INFO  : Sourcing of 'C:/Users/admin/Documents/pxl/3dejaar/embedded_os/Eindopdracht_EOS/Blokdesign_2_clone/Blokdesign_2_clone.sdk/design_1_wrapper_hw_platform_0/ps7_init.tcl' is done.
14:01:34 INFO  : Context for 'APU' is selected.
14:01:36 INFO  : Hardware design information is loaded from 'C:/Users/admin/Documents/pxl/3dejaar/embedded_os/Eindopdracht_EOS/Blokdesign_2_clone/Blokdesign_2_clone.sdk/design_1_wrapper_hw_platform_0/system.hdf'.
14:01:36 INFO  : 'configparams force-mem-access 1' command is executed.
14:01:36 INFO  : Context for 'APU' is selected.
14:01:36 INFO  : 'stop' command is executed.
14:01:37 INFO  : 'ps7_init' command is executed.
14:01:37 INFO  : 'ps7_post_config' command is executed.
14:01:37 INFO  : Context for processor 'ps7_cortexa9_0' is selected.
14:01:37 INFO  : Processor reset is completed for 'ps7_cortexa9_0'.
14:01:37 INFO  : Context for processor 'ps7_cortexa9_0' is selected.
14:01:37 INFO  : The application 'C:/Users/admin/Documents/pxl/3dejaar/embedded_os/Eindopdracht_EOS/Blokdesign_2_clone/Blokdesign_2_clone.sdk/hello_world/Debug/hello_world.elf' is downloaded to processor 'ps7_cortexa9_0'.
14:01:37 INFO  : 'configparams force-mem-access 0' command is executed.
14:01:37 INFO  : ----------------XSDB Script----------------
connect -url tcp:127.0.0.1:3121
source C:/Users/admin/Documents/pxl/3dejaar/embedded_os/Eindopdracht_EOS/Blokdesign_2_clone/Blokdesign_2_clone.sdk/design_1_wrapper_hw_platform_0/ps7_init.tcl
targets -set -nocase -filter {name =~"APU*" && jtag_cable_name =~ "Avnet MiniZed V1 1234-oj1A"} -index 0
loadhw -hw C:/Users/admin/Documents/pxl/3dejaar/embedded_os/Eindopdracht_EOS/Blokdesign_2_clone/Blokdesign_2_clone.sdk/design_1_wrapper_hw_platform_0/system.hdf -mem-ranges [list {0x40000000 0xbfffffff}]
configparams force-mem-access 1
targets -set -nocase -filter {name =~"APU*" && jtag_cable_name =~ "Avnet MiniZed V1 1234-oj1A"} -index 0
stop
ps7_init
ps7_post_config
targets -set -nocase -filter {name =~ "ARM*#0" && jtag_cable_name =~ "Avnet MiniZed V1 1234-oj1A"} -index 0
rst -processor
targets -set -nocase -filter {name =~ "ARM*#0" && jtag_cable_name =~ "Avnet MiniZed V1 1234-oj1A"} -index 0
dow C:/Users/admin/Documents/pxl/3dejaar/embedded_os/Eindopdracht_EOS/Blokdesign_2_clone/Blokdesign_2_clone.sdk/hello_world/Debug/hello_world.elf
configparams force-mem-access 0
----------------End of Script----------------

14:01:37 INFO  : Memory regions updated for context APU
14:01:37 INFO  : Context for processor 'ps7_cortexa9_0' is selected.
14:01:38 INFO  : 'con' command is executed.
14:01:38 INFO  : ----------------XSDB Script (After Launch)----------------
targets -set -nocase -filter {name =~ "ARM*#0" && jtag_cable_name =~ "Avnet MiniZed V1 1234-oj1A"} -index 0
con
----------------End of Script----------------

14:01:38 INFO  : Launch script is exported to file 'C:\Users\admin\Documents\pxl\3dejaar\embedded_os\Eindopdracht_EOS\Blokdesign_2_clone\Blokdesign_2_clone.sdk\.sdk\launch_scripts\xilinx_c-c++_application_(system_debugger)\system_debugger_using_debug_hello_world.elf_on_local.tcl'
14:05:24 INFO  : Disconnected from the channel tcfchan#6.
