#-----------------------------------------------------------
# Vivado v2019.1 (64-bit)
# SW Build 2552052 on Fri May 24 14:49:42 MDT 2019
# IP Build 2548770 on Fri May 24 18:01:18 MDT 2019
# Start of session at: Tue Nov  5 11:41:23 2019
# Process ID: 94332
# Current directory: C:/EmbeddedOperatingSystems/Oefeningen/IP_REPO/SevenSegment/sevenseg
# Command line: vivado.exe -gui_launcher_event rodinguilauncherevent102552 C:\EmbeddedOperatingSystems\Oefeningen\IP_REPO\SevenSegment\sevenseg\sevenseg.xpr
# Log file: C:/EmbeddedOperatingSystems/Oefeningen/IP_REPO/SevenSegment/sevenseg/vivado.log
# Journal file: C:/EmbeddedOperatingSystems/Oefeningen/IP_REPO/SevenSegment/sevenseg\vivado.jou
#-----------------------------------------------------------
start_gui
open_project C:/EmbeddedOperatingSystems/Oefeningen/IP_REPO/SevenSegment/sevenseg/sevenseg.xpr
INFO: [Project 1-313] Project file moved from 'C:/EmbeddedOperatingSystems/Oefeningen/sevenseg' since last save.
Scanning sources...
Finished scanning sources
WARNING: [filemgmt 56-2] IP Repository Path: Could not find the directory 'C:/EmbeddedOperatingSystems/Oefeningen/IP_REPO/SevenSegment/ip_repo/SEG7_1.0', nor could it be found using path 'C:/EmbeddedOperatingSystems/Oefeningen/ip_repo/SEG7_1.0'.
INFO: [IP_Flow 19-234] Refreshing IP repositories
WARNING: [IP_Flow 19-2248] Failed to load user IP repository 'c:/EmbeddedOperatingSystems/Oefeningen/IP_REPO/SevenSegment/ip_repo/SEG7_1.0'; Can't find the specified path.
If this directory should no longer be in your list of user repositories, go to the IP Settings dialog and remove it.
INFO: [IP_Flow 19-2313] Loaded Vivado IP repository 'C:/Xilinx/Vivado/2019.1/data/ip'.
open_project: Time (s): cpu = 00:00:16 ; elapsed = 00:00:07 . Memory (MB): peak = 692.738 ; gain = 50.883
update_compile_order -fileset sources_1
launch_runs impl_1 -jobs 2
[Tue Nov  5 11:42:14 2019] Launched synth_1...
Run output will be captured here: C:/EmbeddedOperatingSystems/Oefeningen/IP_REPO/SevenSegment/sevenseg/sevenseg.runs/synth_1/runme.log
[Tue Nov  5 11:42:14 2019] Launched impl_1...
Run output will be captured here: C:/EmbeddedOperatingSystems/Oefeningen/IP_REPO/SevenSegment/sevenseg/sevenseg.runs/impl_1/runme.log
open_run impl_1
INFO: [Device 21-403] Loading part xc7z007sclg225-1
INFO: [Project 1-479] Netlist was created with Vivado 2019.1
INFO: [Project 1-570] Preparing netlist for logic optimization
Reading XDEF placement.
Reading placer database...
Reading XDEF routing.
Read XDEF File: Time (s): cpu = 00:00:00 ; elapsed = 00:00:00.068 . Memory (MB): peak = 1073.082 ; gain = 0.066
Restored from archive | CPU: 0.000000 secs | Memory: 0.000000 MB |
Finished XDEF File Restore: Time (s): cpu = 00:00:00 ; elapsed = 00:00:00.068 . Memory (MB): peak = 1073.082 ; gain = 0.066
Netlist sorting complete. Time (s): cpu = 00:00:00 ; elapsed = 00:00:00 . Memory (MB): peak = 1073.086 ; gain = 0.000
INFO: [Project 1-111] Unisim Transformation Summary:
No Unisim elements were transformed.

open_run: Time (s): cpu = 00:00:18 ; elapsed = 00:00:12 . Memory (MB): peak = 1207.855 ; gain = 435.414
WARNING: [Timing 38-313] There are no user specified timing constraints. Timing constraints are needed for proper timing analysis.
set_property IOSTANDARD LVCMOS33 [get_ports [list {outSeg[7]} {outSeg[6]} {outSeg[5]} {outSeg[4]} {outSeg[3]} {outSeg[2]} {outSeg[1]} {outSeg[0]}]]
set_property IOSTANDARD LVCMOS33 [get_ports [list {inVec[3]} {inVec[2]} {inVec[1]} {inVec[0]}]]
place_ports {outSeg[7]} N13
place_ports {outSeg[6]} N14
place_ports {outSeg[5]} K13
place_ports {outSeg[4]} L13
place_ports {outSeg[3]} L14
place_ports {outSeg[2]} M14
place_ports {outSeg[1]} L15
place_ports {outSeg[0]} M15
file mkdir C:/EmbeddedOperatingSystems/Oefeningen/IP_REPO/SevenSegment/sevenseg/sevenseg.srcs/constrs_1/new
close [ open C:/EmbeddedOperatingSystems/Oefeningen/IP_REPO/SevenSegment/sevenseg/sevenseg.srcs/constrs_1/new/segout.xdc w ]
add_files -fileset constrs_1 C:/EmbeddedOperatingSystems/Oefeningen/IP_REPO/SevenSegment/sevenseg/sevenseg.srcs/constrs_1/new/segout.xdc
set_property target_constrs_file C:/EmbeddedOperatingSystems/Oefeningen/IP_REPO/SevenSegment/sevenseg/sevenseg.srcs/constrs_1/new/segout.xdc [current_fileset -constrset]
save_constraints -force
close_design
reset_run synth_1
launch_runs synth_1 -jobs 2
[Tue Nov  5 11:48:24 2019] Launched synth_1...
Run output will be captured here: C:/EmbeddedOperatingSystems/Oefeningen/IP_REPO/SevenSegment/sevenseg/sevenseg.runs/synth_1/runme.log
launch_runs impl_1 -jobs 2
[Tue Nov  5 11:49:27 2019] Launched impl_1...
Run output will be captured here: C:/EmbeddedOperatingSystems/Oefeningen/IP_REPO/SevenSegment/sevenseg/sevenseg.runs/impl_1/runme.log
create_peripheral xilinx.com user SEG7 1.0 -dir C:/EmbeddedOperatingSystems/Oefeningen/IP_REPO/SevenSegment
add_peripheral_interface S00_AXI -interface_mode slave -axi_type lite [ipx::find_open_core xilinx.com:user:SEG7:1.0]
generate_peripheral -driver -bfm_example_design -debug_hw_example_design [ipx::find_open_core xilinx.com:user:SEG7:1.0]
write_peripheral [ipx::find_open_core xilinx.com:user:SEG7:1.0]
set_property  ip_repo_paths  {C:/EmbeddedOperatingSystems/Oefeningen/IP_REPO/SevenSegment/SEG7_1.0 C:/EmbeddedOperatingSystems/Oefeningen/IP_REPO/SevenSegment/ip_repo/SEG7_1.0} [current_project]
update_ip_catalog -rebuild
INFO: [IP_Flow 19-234] Refreshing IP repositories
INFO: [IP_Flow 19-1700] Loaded user IP repository 'c:/EmbeddedOperatingSystems/Oefeningen/IP_REPO/SevenSegment/SEG7_1.0'.
WARNING: [IP_Flow 19-2248] Failed to load user IP repository 'c:/EmbeddedOperatingSystems/Oefeningen/IP_REPO/SevenSegment/ip_repo/SEG7_1.0'; Can't find the specified path.
If this directory should no longer be in your list of user repositories, go to the IP Settings dialog and remove it.
ipx::edit_ip_in_project -upgrade true -name edit_SEG7_v1_0 -directory C:/EmbeddedOperatingSystems/Oefeningen/IP_REPO/SevenSegment c:/EmbeddedOperatingSystems/Oefeningen/IP_REPO/SevenSegment/SEG7_1.0/component.xml
INFO: [IP_Flow 19-234] Refreshing IP repositories
INFO: [IP_Flow 19-1704] No user IP repositories specified
INFO: [IP_Flow 19-2313] Loaded Vivado IP repository 'C:/Xilinx/Vivado/2019.1/data/ip'.
INFO: [IP_Flow 19-234] Refreshing IP repositories
INFO: [IP_Flow 19-1700] Loaded user IP repository 'c:/EmbeddedOperatingSystems/Oefeningen/IP_REPO/SevenSegment/SEG7_1.0'.
WARNING: [IP_Flow 19-2248] Failed to load user IP repository 'c:/EmbeddedOperatingSystems/Oefeningen/IP_REPO/SevenSegment/ip_repo/SEG7_1.0'; Can't find the specified path.
If this directory should no longer be in your list of user repositories, go to the IP Settings dialog and remove it.
INFO: [IP_Flow 19-795] Syncing license key meta-data
ipx::edit_ip_in_project: Time (s): cpu = 00:00:12 ; elapsed = 00:00:07 . Memory (MB): peak = 1701.645 ; gain = 0.000
update_compile_order -fileset sources_1
add_files -norecurse -copy_to c:/EmbeddedOperatingSystems/Oefeningen/IP_REPO/SevenSegment/SEG7_1.0/src C:/EmbeddedOperatingSystems/Oefeningen/IP_REPO/SevenSegment/sevenseg/sevenseg.srcs/sources_1/new/segment.vhd
update_compile_order -fileset sources_1
close_project
exit
INFO: [Common 17-206] Exiting Vivado at Tue Nov  5 11:54:27 2019...
