#-----------------------------------------------------------
# Vivado v2019.1 (64-bit)
# SW Build 2552052 on Fri May 24 14:49:42 MDT 2019
# IP Build 2548770 on Fri May 24 18:01:18 MDT 2019
# Start of session at: Tue Nov  5 16:25:32 2019
# Process ID: 98212
# Current directory: C:/EmbeddedOperatingSystems/Oefeningen/IP_REPO/SevenSegment/sevenseg
# Command line: vivado.exe -gui_launcher_event rodinguilauncherevent96672 C:\EmbeddedOperatingSystems\Oefeningen\IP_REPO\SevenSegment\sevenseg\sevenseg.xpr
# Log file: C:/EmbeddedOperatingSystems/Oefeningen/IP_REPO/SevenSegment/sevenseg/vivado.log
# Journal file: C:/EmbeddedOperatingSystems/Oefeningen/IP_REPO/SevenSegment/sevenseg\vivado.jou
#-----------------------------------------------------------
start_gui
open_project C:/EmbeddedOperatingSystems/Oefeningen/IP_REPO/SevenSegment/sevenseg/sevenseg.xpr
Scanning sources...
Finished scanning sources
WARNING: [filemgmt 56-3] IP Repository Path: Could not find the directory 'C:/EmbeddedOperatingSystems/Oefeningen/IP_REPO/SevenSegment/SEG7_1.0'.
WARNING: [filemgmt 56-3] IP Repository Path: Could not find the directory 'C:/EmbeddedOperatingSystems/Oefeningen/IP_REPO/SevenSegment/ip_repo/SEG7_1.0'.
INFO: [IP_Flow 19-234] Refreshing IP repositories
WARNING: [IP_Flow 19-2248] Failed to load user IP repository 'c:/EmbeddedOperatingSystems/Oefeningen/IP_REPO/SevenSegment/SEG7_1.0'; Can't find the specified path.
If this directory should no longer be in your list of user repositories, go to the IP Settings dialog and remove it.
WARNING: [IP_Flow 19-2248] Failed to load user IP repository 'c:/EmbeddedOperatingSystems/Oefeningen/IP_REPO/SevenSegment/ip_repo/SEG7_1.0'; Can't find the specified path.
If this directory should no longer be in your list of user repositories, go to the IP Settings dialog and remove it.
INFO: [IP_Flow 19-2313] Loaded Vivado IP repository 'C:/Xilinx/Vivado/2019.1/data/ip'.
open_project: Time (s): cpu = 00:00:21 ; elapsed = 00:00:09 . Memory (MB): peak = 969.289 ; gain = 118.313
update_compile_order -fileset sources_1
create_peripheral xilinx.com user SevenSegmentDriver 1.0 -dir C:/EmbeddedOperatingSystems/Oefeningen/IP_REPO/SevenSegment/sevenseg/../ip_repo
add_peripheral_interface S00_AXI -interface_mode slave -axi_type lite [ipx::find_open_core xilinx.com:user:SevenSegmentDriver:1.0]
generate_peripheral -driver -bfm_example_design -debug_hw_example_design [ipx::find_open_core xilinx.com:user:SevenSegmentDriver:1.0]
write_peripheral [ipx::find_open_core xilinx.com:user:SevenSegmentDriver:1.0]
set_property  ip_repo_paths  {C:/EmbeddedOperatingSystems/Oefeningen/IP_REPO/SevenSegment/sevenseg/../ip_repo/SevenSegmentDriver_1.0 C:/EmbeddedOperatingSystems/Oefeningen/IP_REPO/SevenSegment/SEG7_1.0 C:/EmbeddedOperatingSystems/Oefeningen/IP_REPO/SevenSegment/ip_repo/SEG7_1.0} [current_project]
update_ip_catalog -rebuild
INFO: [IP_Flow 19-234] Refreshing IP repositories
INFO: [IP_Flow 19-1700] Loaded user IP repository 'c:/EmbeddedOperatingSystems/Oefeningen/IP_REPO/SevenSegment/ip_repo/SevenSegmentDriver_1.0'.
WARNING: [IP_Flow 19-2248] Failed to load user IP repository 'c:/EmbeddedOperatingSystems/Oefeningen/IP_REPO/SevenSegment/SEG7_1.0'; Can't find the specified path.
If this directory should no longer be in your list of user repositories, go to the IP Settings dialog and remove it.
WARNING: [IP_Flow 19-2248] Failed to load user IP repository 'c:/EmbeddedOperatingSystems/Oefeningen/IP_REPO/SevenSegment/ip_repo/SEG7_1.0'; Can't find the specified path.
If this directory should no longer be in your list of user repositories, go to the IP Settings dialog and remove it.
ipx::edit_ip_in_project -upgrade true -name edit_SevenSegmentDriver_v1_0 -directory C:/EmbeddedOperatingSystems/Oefeningen/IP_REPO/SevenSegment/sevenseg/../ip_repo c:/EmbeddedOperatingSystems/Oefeningen/IP_REPO/SevenSegment/ip_repo/SevenSegmentDriver_1.0/component.xml
INFO: [IP_Flow 19-234] Refreshing IP repositories
INFO: [IP_Flow 19-1704] No user IP repositories specified
INFO: [IP_Flow 19-2313] Loaded Vivado IP repository 'C:/Xilinx/Vivado/2019.1/data/ip'.
create_project: Time (s): cpu = 00:00:16 ; elapsed = 00:00:08 . Memory (MB): peak = 969.289 ; gain = 0.000
INFO: [IP_Flow 19-234] Refreshing IP repositories
INFO: [IP_Flow 19-1700] Loaded user IP repository 'c:/EmbeddedOperatingSystems/Oefeningen/IP_REPO/SevenSegment/ip_repo/SevenSegmentDriver_1.0'.
WARNING: [IP_Flow 19-2248] Failed to load user IP repository 'c:/EmbeddedOperatingSystems/Oefeningen/IP_REPO/SevenSegment/SEG7_1.0'; Can't find the specified path.
If this directory should no longer be in your list of user repositories, go to the IP Settings dialog and remove it.
WARNING: [IP_Flow 19-2248] Failed to load user IP repository 'c:/EmbeddedOperatingSystems/Oefeningen/IP_REPO/SevenSegment/ip_repo/SEG7_1.0'; Can't find the specified path.
If this directory should no longer be in your list of user repositories, go to the IP Settings dialog and remove it.
INFO: [IP_Flow 19-795] Syncing license key meta-data
ipx::edit_ip_in_project: Time (s): cpu = 00:00:21 ; elapsed = 00:00:11 . Memory (MB): peak = 969.289 ; gain = 0.000
update_compile_order -fileset sources_1
add_files -norecurse -copy_to c:/EmbeddedOperatingSystems/Oefeningen/IP_REPO/SevenSegment/ip_repo/SevenSegmentDriver_1.0/src C:/EmbeddedOperatingSystems/Oefeningen/IP_REPO/SevenSegment/sevenseg/sevenseg.srcs/sources_1/new/segment.vhd
update_compile_order -fileset sources_1
update_compile_order -fileset sources_1
ipx::merge_project_changes files [ipx::current_core]
WARNING: [IP_Flow 19-5226] Project source file 'c:/EmbeddedOperatingSystems/Oefeningen/IP_REPO/SevenSegment/ip_repo/SevenSegmentDriver_1.0/component.xml' ignored by IP packager.
ipx::merge_project_changes hdl_parameters [ipx::current_core]
WARNING: [IP_Flow 19-5226] Project source file 'c:/EmbeddedOperatingSystems/Oefeningen/IP_REPO/SevenSegment/ip_repo/SevenSegmentDriver_1.0/component.xml' ignored by IP packager.
INFO: [IP_Flow 19-3166] Bus Interface 'S00_AXI': References existing memory map 'S00_AXI'.
set_property core_revision 2 [ipx::current_core]
ipx::update_source_project_archive -component [ipx::current_core]
ipx::create_xgui_files [ipx::current_core]
ipx::update_checksums [ipx::current_core]
ipx::save_core [ipx::current_core]
ipx::check_integrity -quiet [ipx::current_core]
ipx::archive_core {c:\EmbeddedOperatingSystems\Oefeningen\IP_REPO\SevenSegment\ip_repo\SevenSegmentDriver_1.0\xilinx.com_user_SevenSegmentDriver_1.0.zip} [ipx::current_core]
ipx::move_temp_component_back -component [ipx::current_core]
close_project
update_ip_catalog -rebuild -repo_path c:/EmbeddedOperatingSystems/Oefeningen/IP_REPO/SevenSegment/ip_repo/SevenSegmentDriver_1.0
INFO: [IP_Flow 19-725] Reloaded user IP repository 'c:/EmbeddedOperatingSystems/Oefeningen/IP_REPO/SevenSegment/ip_repo/SevenSegmentDriver_1.0'
exit
INFO: [Common 17-206] Exiting Vivado at Tue Nov  5 16:35:04 2019...
