12:58:50 INFO  : Registering command handlers for SDK TCF services
12:58:51 INFO  : Launching XSCT server: xsct.bat -interactive D:\Vivado_Projecten\EindOpdracht1\BlokDesign2\BlokDesign2.sdk\temp_xsdb_launch_script.tcl
12:58:53 INFO  : XSCT server has started successfully.
12:58:53 INFO  : Successfully done setting XSCT server connection channel  
12:58:53 INFO  : Successfully done setting SDK workspace  
12:58:53 INFO  : Processing command line option -hwspec D:/Vivado_Projecten/EindOpdracht1/BlokDesign2/BlokDesign2.sdk/design_1_wrapper.hdf.
13:44:37 INFO  : Connected to target on host '127.0.0.1' and port '3121'.
13:44:38 INFO  : 'targets -set -filter {jtag_cable_name =~ "Avnet MiniZed V1 1234-oj1A" && level==0} -index 1' command is executed.
13:44:40 INFO  : FPGA configured successfully with bitstream "D:/Vivado_Projecten/EindOpdracht1/BlokDesign2/BlokDesign2.sdk/design_1_wrapper_hw_platform_0/design_1_wrapper.bit"
13:44:57 INFO  : 'targets -set -filter {jtag_cable_name =~ "Avnet MiniZed V1 1234-oj1A" && level==0} -index 1' command is executed.
13:44:57 INFO  : 'fpga -state' command is executed.
13:44:57 INFO  : Connected to target on host '127.0.0.1' and port '3121'.
13:44:57 INFO  : Jtag cable 'Avnet MiniZed V1 1234-oj1A' is selected.
13:44:57 INFO  : 'jtag frequency' command is executed.
13:44:57 INFO  : Sourcing of 'D:/Vivado_Projecten/EindOpdracht1/BlokDesign2/BlokDesign2.sdk/design_1_wrapper_hw_platform_0/ps7_init.tcl' is done.
13:44:57 INFO  : Context for 'APU' is selected.
13:44:57 INFO  : Hardware design information is loaded from 'D:/Vivado_Projecten/EindOpdracht1/BlokDesign2/BlokDesign2.sdk/design_1_wrapper_hw_platform_0/system.hdf'.
13:44:57 INFO  : 'configparams force-mem-access 1' command is executed.
13:44:57 INFO  : Context for 'APU' is selected.
13:44:57 INFO  : 'stop' command is executed.
13:44:58 INFO  : 'ps7_init' command is executed.
13:44:58 INFO  : 'ps7_post_config' command is executed.
13:44:58 INFO  : Context for processor 'ps7_cortexa9_0' is selected.
13:44:58 INFO  : Processor reset is completed for 'ps7_cortexa9_0'.
13:44:58 INFO  : Context for processor 'ps7_cortexa9_0' is selected.
13:44:58 INFO  : The application 'D:/Vivado_Projecten/EindOpdracht1/BlokDesign2/BlokDesign2.sdk/Sensor/Debug/Sensor.elf' is downloaded to processor 'ps7_cortexa9_0'.
13:44:58 INFO  : 'configparams force-mem-access 0' command is executed.
13:44:58 INFO  : ----------------XSDB Script----------------
connect -url tcp:127.0.0.1:3121
source D:/Vivado_Projecten/EindOpdracht1/BlokDesign2/BlokDesign2.sdk/design_1_wrapper_hw_platform_0/ps7_init.tcl
targets -set -nocase -filter {name =~"APU*" && jtag_cable_name =~ "Avnet MiniZed V1 1234-oj1A"} -index 0
loadhw -hw D:/Vivado_Projecten/EindOpdracht1/BlokDesign2/BlokDesign2.sdk/design_1_wrapper_hw_platform_0/system.hdf -mem-ranges [list {0x40000000 0xbfffffff}]
configparams force-mem-access 1
targets -set -nocase -filter {name =~"APU*" && jtag_cable_name =~ "Avnet MiniZed V1 1234-oj1A"} -index 0
stop
ps7_init
ps7_post_config
targets -set -nocase -filter {name =~ "ARM*#0" && jtag_cable_name =~ "Avnet MiniZed V1 1234-oj1A"} -index 0
rst -processor
targets -set -nocase -filter {name =~ "ARM*#0" && jtag_cable_name =~ "Avnet MiniZed V1 1234-oj1A"} -index 0
dow D:/Vivado_Projecten/EindOpdracht1/BlokDesign2/BlokDesign2.sdk/Sensor/Debug/Sensor.elf
configparams force-mem-access 0
----------------End of Script----------------

13:44:58 INFO  : Memory regions updated for context APU
13:44:58 INFO  : Context for processor 'ps7_cortexa9_0' is selected.
13:44:58 INFO  : 'con' command is executed.
13:44:58 INFO  : ----------------XSDB Script (After Launch)----------------
targets -set -nocase -filter {name =~ "ARM*#0" && jtag_cable_name =~ "Avnet MiniZed V1 1234-oj1A"} -index 0
con
----------------End of Script----------------

13:44:58 INFO  : Launch script is exported to file 'D:\Vivado_Projecten\EindOpdracht1\BlokDesign2\BlokDesign2.sdk\.sdk\launch_scripts\xilinx_c-c++_application_(system_debugger)\system_debugger_using_debug_sensor.elf_on_local.tcl'
13:46:17 INFO  : Disconnected from the channel tcfchan#1.
13:46:18 INFO  : 'targets -set -filter {jtag_cable_name =~ "Avnet MiniZed V1 1234-oj1A" && level==0} -index 1' command is executed.
13:46:18 INFO  : 'fpga -state' command is executed.
13:46:20 INFO  : Connected to target on host '127.0.0.1' and port '3121'.
13:46:20 INFO  : Jtag cable 'Avnet MiniZed V1 1234-oj1A' is selected.
13:46:20 INFO  : 'jtag frequency' command is executed.
13:46:20 INFO  : Sourcing of 'D:/Vivado_Projecten/EindOpdracht1/BlokDesign2/BlokDesign2.sdk/design_1_wrapper_hw_platform_0/ps7_init.tcl' is done.
13:46:21 INFO  : Context for 'APU' is selected.
13:46:23 INFO  : Hardware design information is loaded from 'D:/Vivado_Projecten/EindOpdracht1/BlokDesign2/BlokDesign2.sdk/design_1_wrapper_hw_platform_0/system.hdf'.
13:46:23 INFO  : 'configparams force-mem-access 1' command is executed.
13:46:23 INFO  : Context for 'APU' is selected.
13:46:23 INFO  : 'stop' command is executed.
13:46:23 INFO  : 'ps7_init' command is executed.
13:46:23 INFO  : 'ps7_post_config' command is executed.
13:46:23 INFO  : Context for processor 'ps7_cortexa9_0' is selected.
13:46:23 INFO  : Processor reset is completed for 'ps7_cortexa9_0'.
13:46:23 INFO  : Context for processor 'ps7_cortexa9_0' is selected.
13:46:23 INFO  : The application 'D:/Vivado_Projecten/EindOpdracht1/BlokDesign2/BlokDesign2.sdk/Sensor/Debug/Sensor.elf' is downloaded to processor 'ps7_cortexa9_0'.
13:46:23 INFO  : 'configparams force-mem-access 0' command is executed.
13:46:23 INFO  : ----------------XSDB Script----------------
connect -url tcp:127.0.0.1:3121
source D:/Vivado_Projecten/EindOpdracht1/BlokDesign2/BlokDesign2.sdk/design_1_wrapper_hw_platform_0/ps7_init.tcl
targets -set -nocase -filter {name =~"APU*" && jtag_cable_name =~ "Avnet MiniZed V1 1234-oj1A"} -index 0
loadhw -hw D:/Vivado_Projecten/EindOpdracht1/BlokDesign2/BlokDesign2.sdk/design_1_wrapper_hw_platform_0/system.hdf -mem-ranges [list {0x40000000 0xbfffffff}]
configparams force-mem-access 1
targets -set -nocase -filter {name =~"APU*" && jtag_cable_name =~ "Avnet MiniZed V1 1234-oj1A"} -index 0
stop
ps7_init
ps7_post_config
targets -set -nocase -filter {name =~ "ARM*#0" && jtag_cable_name =~ "Avnet MiniZed V1 1234-oj1A"} -index 0
rst -processor
targets -set -nocase -filter {name =~ "ARM*#0" && jtag_cable_name =~ "Avnet MiniZed V1 1234-oj1A"} -index 0
dow D:/Vivado_Projecten/EindOpdracht1/BlokDesign2/BlokDesign2.sdk/Sensor/Debug/Sensor.elf
configparams force-mem-access 0
----------------End of Script----------------

13:46:23 INFO  : Memory regions updated for context APU
13:46:23 INFO  : Context for processor 'ps7_cortexa9_0' is selected.
13:46:23 INFO  : 'con' command is executed.
13:46:23 INFO  : ----------------XSDB Script (After Launch)----------------
targets -set -nocase -filter {name =~ "ARM*#0" && jtag_cable_name =~ "Avnet MiniZed V1 1234-oj1A"} -index 0
con
----------------End of Script----------------

13:46:23 INFO  : Launch script is exported to file 'D:\Vivado_Projecten\EindOpdracht1\BlokDesign2\BlokDesign2.sdk\.sdk\launch_scripts\xilinx_c-c++_application_(system_debugger)\system_debugger_using_debug_sensor.elf_on_local.tcl'
13:46:35 INFO  : Connected to target on host '127.0.0.1' and port '3121'.
13:46:35 INFO  : 'targets -set -filter {jtag_cable_name =~ "Avnet MiniZed V1 1234-oj1A" && level==0} -index 1' command is executed.
13:46:36 INFO  : FPGA configured successfully with bitstream "D:/Vivado_Projecten/EindOpdracht1/BlokDesign2/BlokDesign2.sdk/design_1_wrapper_hw_platform_0/design_1_wrapper.bit"
14:02:22 INFO  : Refreshed build settings on project Sensor
14:03:13 INFO  : Connected to target on host '127.0.0.1' and port '3121'.
14:03:13 INFO  : 'targets -set -filter {jtag_cable_name =~ "Avnet MiniZed V1 1234-oj1A" && level==0} -index 1' command is executed.
14:03:14 INFO  : FPGA configured successfully with bitstream "D:/Vivado_Projecten/EindOpdracht1/BlokDesign2/BlokDesign2.sdk/design_1_wrapper_hw_platform_0/design_1_wrapper.bit"
14:03:35 INFO  : Disconnected from the channel tcfchan#2.
14:03:36 INFO  : 'targets -set -filter {jtag_cable_name =~ "Avnet MiniZed V1 1234-oj1A" && level==0} -index 1' command is executed.
14:03:36 INFO  : 'fpga -state' command is executed.
14:03:36 INFO  : Connected to target on host '127.0.0.1' and port '3121'.
14:03:36 INFO  : Jtag cable 'Avnet MiniZed V1 1234-oj1A' is selected.
14:03:36 INFO  : 'jtag frequency' command is executed.
14:03:36 INFO  : Sourcing of 'D:/Vivado_Projecten/EindOpdracht1/BlokDesign2/BlokDesign2.sdk/design_1_wrapper_hw_platform_0/ps7_init.tcl' is done.
14:03:36 INFO  : Context for 'APU' is selected.
14:03:38 INFO  : Hardware design information is loaded from 'D:/Vivado_Projecten/EindOpdracht1/BlokDesign2/BlokDesign2.sdk/design_1_wrapper_hw_platform_0/system.hdf'.
14:03:38 INFO  : 'configparams force-mem-access 1' command is executed.
14:03:38 INFO  : Context for 'APU' is selected.
14:03:38 INFO  : 'stop' command is executed.
14:03:38 INFO  : 'ps7_init' command is executed.
14:03:38 INFO  : 'ps7_post_config' command is executed.
14:03:39 INFO  : Context for processor 'ps7_cortexa9_0' is selected.
14:03:39 INFO  : Processor reset is completed for 'ps7_cortexa9_0'.
14:03:39 INFO  : Context for processor 'ps7_cortexa9_0' is selected.
14:03:39 INFO  : The application 'D:/Vivado_Projecten/EindOpdracht1/BlokDesign2/BlokDesign2.sdk/Sensor/Debug/Sensor.elf' is downloaded to processor 'ps7_cortexa9_0'.
14:03:39 INFO  : 'configparams force-mem-access 0' command is executed.
14:03:39 INFO  : ----------------XSDB Script----------------
connect -url tcp:127.0.0.1:3121
source D:/Vivado_Projecten/EindOpdracht1/BlokDesign2/BlokDesign2.sdk/design_1_wrapper_hw_platform_0/ps7_init.tcl
targets -set -nocase -filter {name =~"APU*" && jtag_cable_name =~ "Avnet MiniZed V1 1234-oj1A"} -index 0
loadhw -hw D:/Vivado_Projecten/EindOpdracht1/BlokDesign2/BlokDesign2.sdk/design_1_wrapper_hw_platform_0/system.hdf -mem-ranges [list {0x40000000 0xbfffffff}]
configparams force-mem-access 1
targets -set -nocase -filter {name =~"APU*" && jtag_cable_name =~ "Avnet MiniZed V1 1234-oj1A"} -index 0
stop
ps7_init
ps7_post_config
targets -set -nocase -filter {name =~ "ARM*#0" && jtag_cable_name =~ "Avnet MiniZed V1 1234-oj1A"} -index 0
rst -processor
targets -set -nocase -filter {name =~ "ARM*#0" && jtag_cable_name =~ "Avnet MiniZed V1 1234-oj1A"} -index 0
dow D:/Vivado_Projecten/EindOpdracht1/BlokDesign2/BlokDesign2.sdk/Sensor/Debug/Sensor.elf
configparams force-mem-access 0
----------------End of Script----------------

14:03:39 INFO  : Memory regions updated for context APU
14:03:39 INFO  : Context for processor 'ps7_cortexa9_0' is selected.
14:03:39 INFO  : 'con' command is executed.
14:03:39 INFO  : ----------------XSDB Script (After Launch)----------------
targets -set -nocase -filter {name =~ "ARM*#0" && jtag_cable_name =~ "Avnet MiniZed V1 1234-oj1A"} -index 0
con
----------------End of Script----------------

14:03:39 INFO  : Launch script is exported to file 'D:\Vivado_Projecten\EindOpdracht1\BlokDesign2\BlokDesign2.sdk\.sdk\launch_scripts\xilinx_c-c++_application_(system_debugger)\system_debugger_using_debug_sensor.elf_on_local.tcl'
14:04:05 INFO  : Disconnected from the channel tcfchan#3.
14:04:06 INFO  : 'targets -set -filter {jtag_cable_name =~ "Avnet MiniZed V1 1234-oj1A" && level==0} -index 1' command is executed.
14:04:07 INFO  : 'fpga -state' command is executed.
14:04:07 INFO  : Connected to target on host '127.0.0.1' and port '3121'.
14:04:07 INFO  : Jtag cable 'Avnet MiniZed V1 1234-oj1A' is selected.
14:04:07 INFO  : 'jtag frequency' command is executed.
14:04:07 INFO  : Sourcing of 'D:/Vivado_Projecten/EindOpdracht1/BlokDesign2/BlokDesign2.sdk/design_1_wrapper_hw_platform_0/ps7_init.tcl' is done.
14:04:07 INFO  : Context for 'APU' is selected.
14:04:09 INFO  : Hardware design information is loaded from 'D:/Vivado_Projecten/EindOpdracht1/BlokDesign2/BlokDesign2.sdk/design_1_wrapper_hw_platform_0/system.hdf'.
14:04:09 INFO  : 'configparams force-mem-access 1' command is executed.
14:04:09 INFO  : Context for 'APU' is selected.
14:04:09 INFO  : 'stop' command is executed.
14:04:09 INFO  : 'ps7_init' command is executed.
14:04:09 INFO  : 'ps7_post_config' command is executed.
14:04:09 INFO  : Context for processor 'ps7_cortexa9_0' is selected.
14:04:10 INFO  : Processor reset is completed for 'ps7_cortexa9_0'.
14:04:10 INFO  : Context for processor 'ps7_cortexa9_0' is selected.
14:04:10 INFO  : The application 'D:/Vivado_Projecten/EindOpdracht1/BlokDesign2/BlokDesign2.sdk/Sensor/Debug/Sensor.elf' is downloaded to processor 'ps7_cortexa9_0'.
14:04:10 INFO  : 'configparams force-mem-access 0' command is executed.
14:04:10 INFO  : ----------------XSDB Script----------------
connect -url tcp:127.0.0.1:3121
source D:/Vivado_Projecten/EindOpdracht1/BlokDesign2/BlokDesign2.sdk/design_1_wrapper_hw_platform_0/ps7_init.tcl
targets -set -nocase -filter {name =~"APU*" && jtag_cable_name =~ "Avnet MiniZed V1 1234-oj1A"} -index 0
loadhw -hw D:/Vivado_Projecten/EindOpdracht1/BlokDesign2/BlokDesign2.sdk/design_1_wrapper_hw_platform_0/system.hdf -mem-ranges [list {0x40000000 0xbfffffff}]
configparams force-mem-access 1
targets -set -nocase -filter {name =~"APU*" && jtag_cable_name =~ "Avnet MiniZed V1 1234-oj1A"} -index 0
stop
ps7_init
ps7_post_config
targets -set -nocase -filter {name =~ "ARM*#0" && jtag_cable_name =~ "Avnet MiniZed V1 1234-oj1A"} -index 0
rst -processor
targets -set -nocase -filter {name =~ "ARM*#0" && jtag_cable_name =~ "Avnet MiniZed V1 1234-oj1A"} -index 0
dow D:/Vivado_Projecten/EindOpdracht1/BlokDesign2/BlokDesign2.sdk/Sensor/Debug/Sensor.elf
configparams force-mem-access 0
----------------End of Script----------------

14:04:10 INFO  : Memory regions updated for context APU
14:04:10 INFO  : Context for processor 'ps7_cortexa9_0' is selected.
14:04:10 INFO  : 'con' command is executed.
14:04:10 INFO  : ----------------XSDB Script (After Launch)----------------
targets -set -nocase -filter {name =~ "ARM*#0" && jtag_cable_name =~ "Avnet MiniZed V1 1234-oj1A"} -index 0
con
----------------End of Script----------------

14:04:10 INFO  : Launch script is exported to file 'D:\Vivado_Projecten\EindOpdracht1\BlokDesign2\BlokDesign2.sdk\.sdk\launch_scripts\xilinx_c-c++_application_(system_debugger)\system_debugger_using_debug_sensor.elf_on_local.tcl'
14:08:38 INFO  : Disconnected from the channel tcfchan#4.
14:08:39 INFO  : 'targets -set -filter {jtag_cable_name =~ "Avnet MiniZed V1 1234-oj1A" && level==0} -index 1' command is executed.
14:08:39 INFO  : 'fpga -state' command is executed.
14:08:39 INFO  : Connected to target on host '127.0.0.1' and port '3121'.
14:08:39 INFO  : Jtag cable 'Avnet MiniZed V1 1234-oj1A' is selected.
14:08:39 INFO  : 'jtag frequency' command is executed.
14:08:39 INFO  : Sourcing of 'D:/Vivado_Projecten/EindOpdracht1/BlokDesign2/BlokDesign2.sdk/design_1_wrapper_hw_platform_0/ps7_init.tcl' is done.
14:08:39 INFO  : Context for 'APU' is selected.
14:08:41 INFO  : Hardware design information is loaded from 'D:/Vivado_Projecten/EindOpdracht1/BlokDesign2/BlokDesign2.sdk/design_1_wrapper_hw_platform_0/system.hdf'.
14:08:41 INFO  : 'configparams force-mem-access 1' command is executed.
14:08:41 INFO  : Context for 'APU' is selected.
14:08:41 INFO  : 'stop' command is executed.
14:08:41 INFO  : 'ps7_init' command is executed.
14:08:41 INFO  : 'ps7_post_config' command is executed.
14:08:41 INFO  : Context for processor 'ps7_cortexa9_0' is selected.
14:08:41 INFO  : Processor reset is completed for 'ps7_cortexa9_0'.
14:08:41 INFO  : Context for processor 'ps7_cortexa9_0' is selected.
14:08:41 INFO  : The application 'D:/Vivado_Projecten/EindOpdracht1/BlokDesign2/BlokDesign2.sdk/Sensor/Debug/Sensor.elf' is downloaded to processor 'ps7_cortexa9_0'.
14:08:41 INFO  : 'configparams force-mem-access 0' command is executed.
14:08:41 INFO  : ----------------XSDB Script----------------
connect -url tcp:127.0.0.1:3121
source D:/Vivado_Projecten/EindOpdracht1/BlokDesign2/BlokDesign2.sdk/design_1_wrapper_hw_platform_0/ps7_init.tcl
targets -set -nocase -filter {name =~"APU*" && jtag_cable_name =~ "Avnet MiniZed V1 1234-oj1A"} -index 0
loadhw -hw D:/Vivado_Projecten/EindOpdracht1/BlokDesign2/BlokDesign2.sdk/design_1_wrapper_hw_platform_0/system.hdf -mem-ranges [list {0x40000000 0xbfffffff}]
configparams force-mem-access 1
targets -set -nocase -filter {name =~"APU*" && jtag_cable_name =~ "Avnet MiniZed V1 1234-oj1A"} -index 0
stop
ps7_init
ps7_post_config
targets -set -nocase -filter {name =~ "ARM*#0" && jtag_cable_name =~ "Avnet MiniZed V1 1234-oj1A"} -index 0
rst -processor
targets -set -nocase -filter {name =~ "ARM*#0" && jtag_cable_name =~ "Avnet MiniZed V1 1234-oj1A"} -index 0
dow D:/Vivado_Projecten/EindOpdracht1/BlokDesign2/BlokDesign2.sdk/Sensor/Debug/Sensor.elf
configparams force-mem-access 0
----------------End of Script----------------

14:08:41 INFO  : Memory regions updated for context APU
14:08:41 INFO  : Context for processor 'ps7_cortexa9_0' is selected.
14:08:41 INFO  : 'con' command is executed.
14:08:41 INFO  : ----------------XSDB Script (After Launch)----------------
targets -set -nocase -filter {name =~ "ARM*#0" && jtag_cable_name =~ "Avnet MiniZed V1 1234-oj1A"} -index 0
con
----------------End of Script----------------

14:08:41 INFO  : Launch script is exported to file 'D:\Vivado_Projecten\EindOpdracht1\BlokDesign2\BlokDesign2.sdk\.sdk\launch_scripts\xilinx_c-c++_application_(system_debugger)\system_debugger_using_debug_sensor.elf_on_local.tcl'
14:13:42 INFO  : Disconnected from the channel tcfchan#5.
14:13:43 INFO  : 'targets -set -filter {jtag_cable_name =~ "Avnet MiniZed V1 1234-oj1A" && level==0} -index 1' command is executed.
14:13:43 INFO  : 'fpga -state' command is executed.
14:13:43 INFO  : Connected to target on host '127.0.0.1' and port '3121'.
14:13:43 INFO  : Jtag cable 'Avnet MiniZed V1 1234-oj1A' is selected.
14:13:43 INFO  : 'jtag frequency' command is executed.
14:13:43 INFO  : Sourcing of 'D:/Vivado_Projecten/EindOpdracht1/BlokDesign2/BlokDesign2.sdk/design_1_wrapper_hw_platform_0/ps7_init.tcl' is done.
14:13:43 INFO  : Context for 'APU' is selected.
14:13:45 INFO  : Hardware design information is loaded from 'D:/Vivado_Projecten/EindOpdracht1/BlokDesign2/BlokDesign2.sdk/design_1_wrapper_hw_platform_0/system.hdf'.
14:13:45 INFO  : 'configparams force-mem-access 1' command is executed.
14:13:45 INFO  : Context for 'APU' is selected.
14:13:45 INFO  : 'stop' command is executed.
14:13:45 INFO  : 'ps7_init' command is executed.
14:13:45 INFO  : 'ps7_post_config' command is executed.
14:13:45 INFO  : Context for processor 'ps7_cortexa9_0' is selected.
14:13:45 INFO  : Processor reset is completed for 'ps7_cortexa9_0'.
14:13:45 INFO  : Context for processor 'ps7_cortexa9_0' is selected.
14:13:46 INFO  : The application 'D:/Vivado_Projecten/EindOpdracht1/BlokDesign2/BlokDesign2.sdk/Sensor/Debug/Sensor.elf' is downloaded to processor 'ps7_cortexa9_0'.
14:13:46 INFO  : 'configparams force-mem-access 0' command is executed.
14:13:46 INFO  : ----------------XSDB Script----------------
connect -url tcp:127.0.0.1:3121
source D:/Vivado_Projecten/EindOpdracht1/BlokDesign2/BlokDesign2.sdk/design_1_wrapper_hw_platform_0/ps7_init.tcl
targets -set -nocase -filter {name =~"APU*" && jtag_cable_name =~ "Avnet MiniZed V1 1234-oj1A"} -index 0
loadhw -hw D:/Vivado_Projecten/EindOpdracht1/BlokDesign2/BlokDesign2.sdk/design_1_wrapper_hw_platform_0/system.hdf -mem-ranges [list {0x40000000 0xbfffffff}]
configparams force-mem-access 1
targets -set -nocase -filter {name =~"APU*" && jtag_cable_name =~ "Avnet MiniZed V1 1234-oj1A"} -index 0
stop
ps7_init
ps7_post_config
targets -set -nocase -filter {name =~ "ARM*#0" && jtag_cable_name =~ "Avnet MiniZed V1 1234-oj1A"} -index 0
rst -processor
targets -set -nocase -filter {name =~ "ARM*#0" && jtag_cable_name =~ "Avnet MiniZed V1 1234-oj1A"} -index 0
dow D:/Vivado_Projecten/EindOpdracht1/BlokDesign2/BlokDesign2.sdk/Sensor/Debug/Sensor.elf
configparams force-mem-access 0
----------------End of Script----------------

14:13:46 INFO  : Memory regions updated for context APU
14:13:46 INFO  : Context for processor 'ps7_cortexa9_0' is selected.
14:13:46 INFO  : 'con' command is executed.
14:13:46 INFO  : ----------------XSDB Script (After Launch)----------------
targets -set -nocase -filter {name =~ "ARM*#0" && jtag_cable_name =~ "Avnet MiniZed V1 1234-oj1A"} -index 0
con
----------------End of Script----------------

14:13:46 INFO  : Launch script is exported to file 'D:\Vivado_Projecten\EindOpdracht1\BlokDesign2\BlokDesign2.sdk\.sdk\launch_scripts\xilinx_c-c++_application_(system_debugger)\system_debugger_using_debug_sensor.elf_on_local.tcl'
14:22:40 INFO  : Disconnected from the channel tcfchan#6.
14:22:42 INFO  : 'targets -set -filter {jtag_cable_name =~ "Avnet MiniZed V1 1234-oj1A" && level==0} -index 1' command is executed.
14:22:42 INFO  : 'fpga -state' command is executed.
14:22:43 INFO  : Connected to target on host '127.0.0.1' and port '3121'.
14:22:43 INFO  : Jtag cable 'Avnet MiniZed V1 1234-oj1A' is selected.
14:22:43 INFO  : 'jtag frequency' command is executed.
14:22:43 INFO  : Sourcing of 'D:/Vivado_Projecten/EindOpdracht1/BlokDesign2/BlokDesign2.sdk/design_1_wrapper_hw_platform_0/ps7_init.tcl' is done.
14:22:44 INFO  : Context for 'APU' is selected.
14:22:46 INFO  : Hardware design information is loaded from 'D:/Vivado_Projecten/EindOpdracht1/BlokDesign2/BlokDesign2.sdk/design_1_wrapper_hw_platform_0/system.hdf'.
14:22:46 INFO  : 'configparams force-mem-access 1' command is executed.
14:22:46 INFO  : Context for 'APU' is selected.
14:22:46 INFO  : 'stop' command is executed.
14:22:46 INFO  : 'ps7_init' command is executed.
14:22:46 INFO  : 'ps7_post_config' command is executed.
14:22:46 INFO  : Context for processor 'ps7_cortexa9_0' is selected.
14:22:46 INFO  : Processor reset is completed for 'ps7_cortexa9_0'.
14:22:46 INFO  : Context for processor 'ps7_cortexa9_0' is selected.
14:22:46 INFO  : The application 'D:/Vivado_Projecten/EindOpdracht1/BlokDesign2/BlokDesign2.sdk/Sensor/Debug/Sensor.elf' is downloaded to processor 'ps7_cortexa9_0'.
14:22:46 INFO  : 'configparams force-mem-access 0' command is executed.
14:22:46 INFO  : ----------------XSDB Script----------------
connect -url tcp:127.0.0.1:3121
source D:/Vivado_Projecten/EindOpdracht1/BlokDesign2/BlokDesign2.sdk/design_1_wrapper_hw_platform_0/ps7_init.tcl
targets -set -nocase -filter {name =~"APU*" && jtag_cable_name =~ "Avnet MiniZed V1 1234-oj1A"} -index 0
loadhw -hw D:/Vivado_Projecten/EindOpdracht1/BlokDesign2/BlokDesign2.sdk/design_1_wrapper_hw_platform_0/system.hdf -mem-ranges [list {0x40000000 0xbfffffff}]
configparams force-mem-access 1
targets -set -nocase -filter {name =~"APU*" && jtag_cable_name =~ "Avnet MiniZed V1 1234-oj1A"} -index 0
stop
ps7_init
ps7_post_config
targets -set -nocase -filter {name =~ "ARM*#0" && jtag_cable_name =~ "Avnet MiniZed V1 1234-oj1A"} -index 0
rst -processor
targets -set -nocase -filter {name =~ "ARM*#0" && jtag_cable_name =~ "Avnet MiniZed V1 1234-oj1A"} -index 0
dow D:/Vivado_Projecten/EindOpdracht1/BlokDesign2/BlokDesign2.sdk/Sensor/Debug/Sensor.elf
configparams force-mem-access 0
----------------End of Script----------------

14:22:46 INFO  : Memory regions updated for context APU
14:22:46 INFO  : Context for processor 'ps7_cortexa9_0' is selected.
14:22:46 INFO  : 'con' command is executed.
14:22:46 INFO  : ----------------XSDB Script (After Launch)----------------
targets -set -nocase -filter {name =~ "ARM*#0" && jtag_cable_name =~ "Avnet MiniZed V1 1234-oj1A"} -index 0
con
----------------End of Script----------------

14:22:46 INFO  : Launch script is exported to file 'D:\Vivado_Projecten\EindOpdracht1\BlokDesign2\BlokDesign2.sdk\.sdk\launch_scripts\xilinx_c-c++_application_(system_debugger)\system_debugger_using_debug_sensor.elf_on_local.tcl'
14:22:55 INFO  : Connected to target on host '127.0.0.1' and port '3121'.
14:22:56 INFO  : 'targets -set -filter {jtag_cable_name =~ "Avnet MiniZed V1 1234-oj1A" && level==0} -index 1' command is executed.
14:22:57 INFO  : FPGA configured successfully with bitstream "D:/Vivado_Projecten/EindOpdracht1/BlokDesign2/BlokDesign2.sdk/design_1_wrapper_hw_platform_0/design_1_wrapper.bit"
14:23:09 INFO  : Disconnected from the channel tcfchan#7.
14:23:10 INFO  : 'targets -set -filter {jtag_cable_name =~ "Avnet MiniZed V1 1234-oj1A" && level==0} -index 1' command is executed.
14:23:10 INFO  : 'fpga -state' command is executed.
14:23:10 INFO  : Connected to target on host '127.0.0.1' and port '3121'.
14:23:10 INFO  : Jtag cable 'Avnet MiniZed V1 1234-oj1A' is selected.
14:23:10 INFO  : 'jtag frequency' command is executed.
14:23:10 INFO  : Sourcing of 'D:/Vivado_Projecten/EindOpdracht1/BlokDesign2/BlokDesign2.sdk/design_1_wrapper_hw_platform_0/ps7_init.tcl' is done.
14:23:10 INFO  : Context for 'APU' is selected.
14:23:12 INFO  : Hardware design information is loaded from 'D:/Vivado_Projecten/EindOpdracht1/BlokDesign2/BlokDesign2.sdk/design_1_wrapper_hw_platform_0/system.hdf'.
14:23:12 INFO  : 'configparams force-mem-access 1' command is executed.
14:23:12 INFO  : Context for 'APU' is selected.
14:23:12 INFO  : 'stop' command is executed.
14:23:13 INFO  : 'ps7_init' command is executed.
14:23:13 INFO  : 'ps7_post_config' command is executed.
14:23:13 INFO  : Context for processor 'ps7_cortexa9_0' is selected.
14:23:13 INFO  : Processor reset is completed for 'ps7_cortexa9_0'.
14:23:13 INFO  : Context for processor 'ps7_cortexa9_0' is selected.
14:23:13 INFO  : The application 'D:/Vivado_Projecten/EindOpdracht1/BlokDesign2/BlokDesign2.sdk/Sensor/Debug/Sensor.elf' is downloaded to processor 'ps7_cortexa9_0'.
14:23:13 INFO  : 'configparams force-mem-access 0' command is executed.
14:23:13 INFO  : ----------------XSDB Script----------------
connect -url tcp:127.0.0.1:3121
source D:/Vivado_Projecten/EindOpdracht1/BlokDesign2/BlokDesign2.sdk/design_1_wrapper_hw_platform_0/ps7_init.tcl
targets -set -nocase -filter {name =~"APU*" && jtag_cable_name =~ "Avnet MiniZed V1 1234-oj1A"} -index 0
loadhw -hw D:/Vivado_Projecten/EindOpdracht1/BlokDesign2/BlokDesign2.sdk/design_1_wrapper_hw_platform_0/system.hdf -mem-ranges [list {0x40000000 0xbfffffff}]
configparams force-mem-access 1
targets -set -nocase -filter {name =~"APU*" && jtag_cable_name =~ "Avnet MiniZed V1 1234-oj1A"} -index 0
stop
ps7_init
ps7_post_config
targets -set -nocase -filter {name =~ "ARM*#0" && jtag_cable_name =~ "Avnet MiniZed V1 1234-oj1A"} -index 0
rst -processor
targets -set -nocase -filter {name =~ "ARM*#0" && jtag_cable_name =~ "Avnet MiniZed V1 1234-oj1A"} -index 0
dow D:/Vivado_Projecten/EindOpdracht1/BlokDesign2/BlokDesign2.sdk/Sensor/Debug/Sensor.elf
configparams force-mem-access 0
----------------End of Script----------------

14:23:13 INFO  : Memory regions updated for context APU
14:23:13 INFO  : Context for processor 'ps7_cortexa9_0' is selected.
14:23:13 INFO  : 'con' command is executed.
14:23:13 INFO  : ----------------XSDB Script (After Launch)----------------
targets -set -nocase -filter {name =~ "ARM*#0" && jtag_cable_name =~ "Avnet MiniZed V1 1234-oj1A"} -index 0
con
----------------End of Script----------------

14:23:13 INFO  : Launch script is exported to file 'D:\Vivado_Projecten\EindOpdracht1\BlokDesign2\BlokDesign2.sdk\.sdk\launch_scripts\xilinx_c-c++_application_(system_debugger)\system_debugger_using_debug_sensor.elf_on_local.tcl'
14:23:36 INFO  : Connected to target on host '127.0.0.1' and port '3121'.
14:23:37 INFO  : 'targets -set -filter {jtag_cable_name =~ "Avnet MiniZed V1 1234-oj1A" && level==0} -index 1' command is executed.
14:23:38 INFO  : FPGA configured successfully with bitstream "D:/Vivado_Projecten/EindOpdracht1/BlokDesign2/BlokDesign2.sdk/design_1_wrapper_hw_platform_0/design_1_wrapper.bit"
14:23:49 INFO  : Disconnected from the channel tcfchan#8.
14:23:50 INFO  : 'targets -set -filter {jtag_cable_name =~ "Avnet MiniZed V1 1234-oj1A" && level==0} -index 1' command is executed.
14:23:50 INFO  : 'fpga -state' command is executed.
14:23:50 INFO  : Connected to target on host '127.0.0.1' and port '3121'.
14:23:50 INFO  : Jtag cable 'Avnet MiniZed V1 1234-oj1A' is selected.
14:23:50 INFO  : 'jtag frequency' command is executed.
14:23:50 INFO  : Sourcing of 'D:/Vivado_Projecten/EindOpdracht1/BlokDesign2/BlokDesign2.sdk/design_1_wrapper_hw_platform_0/ps7_init.tcl' is done.
14:23:50 INFO  : Context for 'APU' is selected.
14:23:52 INFO  : Hardware design information is loaded from 'D:/Vivado_Projecten/EindOpdracht1/BlokDesign2/BlokDesign2.sdk/design_1_wrapper_hw_platform_0/system.hdf'.
14:23:52 INFO  : 'configparams force-mem-access 1' command is executed.
14:23:52 INFO  : Context for 'APU' is selected.
14:23:52 INFO  : 'stop' command is executed.
14:23:52 INFO  : 'ps7_init' command is executed.
14:23:52 INFO  : 'ps7_post_config' command is executed.
14:23:52 INFO  : Context for processor 'ps7_cortexa9_0' is selected.
14:23:52 INFO  : Processor reset is completed for 'ps7_cortexa9_0'.
14:23:52 INFO  : Context for processor 'ps7_cortexa9_0' is selected.
14:23:53 INFO  : The application 'D:/Vivado_Projecten/EindOpdracht1/BlokDesign2/BlokDesign2.sdk/Sensor/Debug/Sensor.elf' is downloaded to processor 'ps7_cortexa9_0'.
14:23:53 INFO  : 'configparams force-mem-access 0' command is executed.
14:23:53 INFO  : ----------------XSDB Script----------------
connect -url tcp:127.0.0.1:3121
source D:/Vivado_Projecten/EindOpdracht1/BlokDesign2/BlokDesign2.sdk/design_1_wrapper_hw_platform_0/ps7_init.tcl
targets -set -nocase -filter {name =~"APU*" && jtag_cable_name =~ "Avnet MiniZed V1 1234-oj1A"} -index 0
loadhw -hw D:/Vivado_Projecten/EindOpdracht1/BlokDesign2/BlokDesign2.sdk/design_1_wrapper_hw_platform_0/system.hdf -mem-ranges [list {0x40000000 0xbfffffff}]
configparams force-mem-access 1
targets -set -nocase -filter {name =~"APU*" && jtag_cable_name =~ "Avnet MiniZed V1 1234-oj1A"} -index 0
stop
ps7_init
ps7_post_config
targets -set -nocase -filter {name =~ "ARM*#0" && jtag_cable_name =~ "Avnet MiniZed V1 1234-oj1A"} -index 0
rst -processor
targets -set -nocase -filter {name =~ "ARM*#0" && jtag_cable_name =~ "Avnet MiniZed V1 1234-oj1A"} -index 0
dow D:/Vivado_Projecten/EindOpdracht1/BlokDesign2/BlokDesign2.sdk/Sensor/Debug/Sensor.elf
configparams force-mem-access 0
----------------End of Script----------------

14:23:53 INFO  : Memory regions updated for context APU
14:23:53 INFO  : Context for processor 'ps7_cortexa9_0' is selected.
14:23:53 INFO  : 'con' command is executed.
14:23:53 INFO  : ----------------XSDB Script (After Launch)----------------
targets -set -nocase -filter {name =~ "ARM*#0" && jtag_cable_name =~ "Avnet MiniZed V1 1234-oj1A"} -index 0
con
----------------End of Script----------------

14:23:53 INFO  : Launch script is exported to file 'D:\Vivado_Projecten\EindOpdracht1\BlokDesign2\BlokDesign2.sdk\.sdk\launch_scripts\xilinx_c-c++_application_(system_debugger)\system_debugger_using_debug_sensor.elf_on_local.tcl'
14:24:30 INFO  : Disconnected from the channel tcfchan#9.
14:24:31 INFO  : 'targets -set -filter {jtag_cable_name =~ "Avnet MiniZed V1 1234-oj1A" && level==0} -index 1' command is executed.
14:24:31 INFO  : 'fpga -state' command is executed.
14:24:31 INFO  : Connected to target on host '127.0.0.1' and port '3121'.
14:24:31 INFO  : Jtag cable 'Avnet MiniZed V1 1234-oj1A' is selected.
14:24:31 INFO  : 'jtag frequency' command is executed.
14:24:31 INFO  : Sourcing of 'D:/Vivado_Projecten/EindOpdracht1/BlokDesign2/BlokDesign2.sdk/design_1_wrapper_hw_platform_0/ps7_init.tcl' is done.
14:24:31 INFO  : Context for 'APU' is selected.
14:24:33 INFO  : Hardware design information is loaded from 'D:/Vivado_Projecten/EindOpdracht1/BlokDesign2/BlokDesign2.sdk/design_1_wrapper_hw_platform_0/system.hdf'.
14:24:33 INFO  : 'configparams force-mem-access 1' command is executed.
14:24:33 INFO  : Context for 'APU' is selected.
14:24:33 INFO  : 'stop' command is executed.
14:24:33 INFO  : 'ps7_init' command is executed.
14:24:33 INFO  : 'ps7_post_config' command is executed.
14:24:33 INFO  : Context for processor 'ps7_cortexa9_0' is selected.
14:24:34 INFO  : Processor reset is completed for 'ps7_cortexa9_0'.
14:24:34 INFO  : Context for processor 'ps7_cortexa9_0' is selected.
14:24:34 INFO  : The application 'D:/Vivado_Projecten/EindOpdracht1/BlokDesign2/BlokDesign2.sdk/Sensor/Debug/Sensor.elf' is downloaded to processor 'ps7_cortexa9_0'.
14:24:34 INFO  : 'configparams force-mem-access 0' command is executed.
14:24:34 INFO  : ----------------XSDB Script----------------
connect -url tcp:127.0.0.1:3121
source D:/Vivado_Projecten/EindOpdracht1/BlokDesign2/BlokDesign2.sdk/design_1_wrapper_hw_platform_0/ps7_init.tcl
targets -set -nocase -filter {name =~"APU*" && jtag_cable_name =~ "Avnet MiniZed V1 1234-oj1A"} -index 0
loadhw -hw D:/Vivado_Projecten/EindOpdracht1/BlokDesign2/BlokDesign2.sdk/design_1_wrapper_hw_platform_0/system.hdf -mem-ranges [list {0x40000000 0xbfffffff}]
configparams force-mem-access 1
targets -set -nocase -filter {name =~"APU*" && jtag_cable_name =~ "Avnet MiniZed V1 1234-oj1A"} -index 0
stop
ps7_init
ps7_post_config
targets -set -nocase -filter {name =~ "ARM*#0" && jtag_cable_name =~ "Avnet MiniZed V1 1234-oj1A"} -index 0
rst -processor
targets -set -nocase -filter {name =~ "ARM*#0" && jtag_cable_name =~ "Avnet MiniZed V1 1234-oj1A"} -index 0
dow D:/Vivado_Projecten/EindOpdracht1/BlokDesign2/BlokDesign2.sdk/Sensor/Debug/Sensor.elf
configparams force-mem-access 0
----------------End of Script----------------

14:24:34 INFO  : Memory regions updated for context APU
14:24:34 INFO  : Context for processor 'ps7_cortexa9_0' is selected.
14:24:34 INFO  : 'con' command is executed.
14:24:34 INFO  : ----------------XSDB Script (After Launch)----------------
targets -set -nocase -filter {name =~ "ARM*#0" && jtag_cable_name =~ "Avnet MiniZed V1 1234-oj1A"} -index 0
con
----------------End of Script----------------

14:24:34 INFO  : Launch script is exported to file 'D:\Vivado_Projecten\EindOpdracht1\BlokDesign2\BlokDesign2.sdk\.sdk\launch_scripts\xilinx_c-c++_application_(system_debugger)\system_debugger_using_debug_sensor.elf_on_local.tcl'
14:38:27 INFO  : Connected to target on host '127.0.0.1' and port '3121'.
14:38:28 INFO  : 'targets -set -filter {jtag_cable_name =~ "Avnet MiniZed V1 1234-oj1A" && level==0} -index 1' command is executed.
14:38:29 INFO  : FPGA configured successfully with bitstream "D:/Vivado_Projecten/EindOpdracht1/BlokDesign2/BlokDesign2.sdk/design_1_wrapper_hw_platform_0/design_1_wrapper.bit"
14:38:38 INFO  : Disconnected from the channel tcfchan#10.
14:38:39 INFO  : 'targets -set -filter {jtag_cable_name =~ "Avnet MiniZed V1 1234-oj1A" && level==0} -index 1' command is executed.
14:38:39 INFO  : 'fpga -state' command is executed.
14:38:39 INFO  : Connected to target on host '127.0.0.1' and port '3121'.
14:38:39 INFO  : Jtag cable 'Avnet MiniZed V1 1234-oj1A' is selected.
14:38:39 INFO  : 'jtag frequency' command is executed.
14:38:39 INFO  : Sourcing of 'D:/Vivado_Projecten/EindOpdracht1/BlokDesign2/BlokDesign2.sdk/design_1_wrapper_hw_platform_0/ps7_init.tcl' is done.
14:38:39 INFO  : Context for 'APU' is selected.
14:38:41 INFO  : Hardware design information is loaded from 'D:/Vivado_Projecten/EindOpdracht1/BlokDesign2/BlokDesign2.sdk/design_1_wrapper_hw_platform_0/system.hdf'.
14:38:41 INFO  : 'configparams force-mem-access 1' command is executed.
14:38:41 INFO  : Context for 'APU' is selected.
14:38:41 INFO  : 'stop' command is executed.
14:38:41 INFO  : 'ps7_init' command is executed.
14:38:41 INFO  : 'ps7_post_config' command is executed.
14:38:41 INFO  : Context for processor 'ps7_cortexa9_0' is selected.
14:38:41 INFO  : Processor reset is completed for 'ps7_cortexa9_0'.
14:38:41 INFO  : Context for processor 'ps7_cortexa9_0' is selected.
14:38:41 INFO  : The application 'D:/Vivado_Projecten/EindOpdracht1/BlokDesign2/BlokDesign2.sdk/Sensor/Debug/Sensor.elf' is downloaded to processor 'ps7_cortexa9_0'.
14:38:41 INFO  : 'configparams force-mem-access 0' command is executed.
14:38:41 INFO  : ----------------XSDB Script----------------
connect -url tcp:127.0.0.1:3121
source D:/Vivado_Projecten/EindOpdracht1/BlokDesign2/BlokDesign2.sdk/design_1_wrapper_hw_platform_0/ps7_init.tcl
targets -set -nocase -filter {name =~"APU*" && jtag_cable_name =~ "Avnet MiniZed V1 1234-oj1A"} -index 0
loadhw -hw D:/Vivado_Projecten/EindOpdracht1/BlokDesign2/BlokDesign2.sdk/design_1_wrapper_hw_platform_0/system.hdf -mem-ranges [list {0x40000000 0xbfffffff}]
configparams force-mem-access 1
targets -set -nocase -filter {name =~"APU*" && jtag_cable_name =~ "Avnet MiniZed V1 1234-oj1A"} -index 0
stop
ps7_init
ps7_post_config
targets -set -nocase -filter {name =~ "ARM*#0" && jtag_cable_name =~ "Avnet MiniZed V1 1234-oj1A"} -index 0
rst -processor
targets -set -nocase -filter {name =~ "ARM*#0" && jtag_cable_name =~ "Avnet MiniZed V1 1234-oj1A"} -index 0
dow D:/Vivado_Projecten/EindOpdracht1/BlokDesign2/BlokDesign2.sdk/Sensor/Debug/Sensor.elf
configparams force-mem-access 0
----------------End of Script----------------

14:38:41 INFO  : Memory regions updated for context APU
14:38:41 INFO  : Context for processor 'ps7_cortexa9_0' is selected.
14:38:41 INFO  : 'con' command is executed.
14:38:41 INFO  : ----------------XSDB Script (After Launch)----------------
targets -set -nocase -filter {name =~ "ARM*#0" && jtag_cable_name =~ "Avnet MiniZed V1 1234-oj1A"} -index 0
con
----------------End of Script----------------

14:38:41 INFO  : Launch script is exported to file 'D:\Vivado_Projecten\EindOpdracht1\BlokDesign2\BlokDesign2.sdk\.sdk\launch_scripts\xilinx_c-c++_application_(system_debugger)\system_debugger_using_debug_sensor.elf_on_local.tcl'
14:39:21 INFO  : Connected to target on host '127.0.0.1' and port '3121'.
14:39:21 INFO  : 'targets -set -filter {jtag_cable_name =~ "Avnet MiniZed V1 1234-oj1A" && level==0} -index 1' command is executed.
14:39:22 INFO  : FPGA configured successfully with bitstream "D:/Vivado_Projecten/EindOpdracht1/BlokDesign2/BlokDesign2.sdk/design_1_wrapper_hw_platform_0/design_1_wrapper.bit"
14:39:30 INFO  : Disconnected from the channel tcfchan#11.
14:39:31 INFO  : 'targets -set -filter {jtag_cable_name =~ "Avnet MiniZed V1 1234-oj1A" && level==0} -index 1' command is executed.
14:39:31 INFO  : 'fpga -state' command is executed.
14:39:31 INFO  : Connected to target on host '127.0.0.1' and port '3121'.
14:39:31 INFO  : Jtag cable 'Avnet MiniZed V1 1234-oj1A' is selected.
14:39:31 INFO  : 'jtag frequency' command is executed.
14:39:31 INFO  : Sourcing of 'D:/Vivado_Projecten/EindOpdracht1/BlokDesign2/BlokDesign2.sdk/design_1_wrapper_hw_platform_0/ps7_init.tcl' is done.
14:39:31 INFO  : Context for 'APU' is selected.
14:39:34 INFO  : Hardware design information is loaded from 'D:/Vivado_Projecten/EindOpdracht1/BlokDesign2/BlokDesign2.sdk/design_1_wrapper_hw_platform_0/system.hdf'.
14:39:34 INFO  : 'configparams force-mem-access 1' command is executed.
14:39:34 INFO  : Context for 'APU' is selected.
14:39:34 INFO  : 'stop' command is executed.
14:39:34 INFO  : 'ps7_init' command is executed.
14:39:34 INFO  : 'ps7_post_config' command is executed.
14:39:34 INFO  : Context for processor 'ps7_cortexa9_0' is selected.
14:39:34 INFO  : Processor reset is completed for 'ps7_cortexa9_0'.
14:39:34 INFO  : Context for processor 'ps7_cortexa9_0' is selected.
14:39:34 INFO  : The application 'D:/Vivado_Projecten/EindOpdracht1/BlokDesign2/BlokDesign2.sdk/Sensor/Debug/Sensor.elf' is downloaded to processor 'ps7_cortexa9_0'.
14:39:34 INFO  : 'configparams force-mem-access 0' command is executed.
14:39:34 INFO  : ----------------XSDB Script----------------
connect -url tcp:127.0.0.1:3121
source D:/Vivado_Projecten/EindOpdracht1/BlokDesign2/BlokDesign2.sdk/design_1_wrapper_hw_platform_0/ps7_init.tcl
targets -set -nocase -filter {name =~"APU*" && jtag_cable_name =~ "Avnet MiniZed V1 1234-oj1A"} -index 0
loadhw -hw D:/Vivado_Projecten/EindOpdracht1/BlokDesign2/BlokDesign2.sdk/design_1_wrapper_hw_platform_0/system.hdf -mem-ranges [list {0x40000000 0xbfffffff}]
configparams force-mem-access 1
targets -set -nocase -filter {name =~"APU*" && jtag_cable_name =~ "Avnet MiniZed V1 1234-oj1A"} -index 0
stop
ps7_init
ps7_post_config
targets -set -nocase -filter {name =~ "ARM*#0" && jtag_cable_name =~ "Avnet MiniZed V1 1234-oj1A"} -index 0
rst -processor
targets -set -nocase -filter {name =~ "ARM*#0" && jtag_cable_name =~ "Avnet MiniZed V1 1234-oj1A"} -index 0
dow D:/Vivado_Projecten/EindOpdracht1/BlokDesign2/BlokDesign2.sdk/Sensor/Debug/Sensor.elf
configparams force-mem-access 0
----------------End of Script----------------

14:39:34 INFO  : Memory regions updated for context APU
14:39:34 INFO  : Context for processor 'ps7_cortexa9_0' is selected.
14:39:34 INFO  : 'con' command is executed.
14:39:34 INFO  : ----------------XSDB Script (After Launch)----------------
targets -set -nocase -filter {name =~ "ARM*#0" && jtag_cable_name =~ "Avnet MiniZed V1 1234-oj1A"} -index 0
con
----------------End of Script----------------

14:39:34 INFO  : Launch script is exported to file 'D:\Vivado_Projecten\EindOpdracht1\BlokDesign2\BlokDesign2.sdk\.sdk\launch_scripts\xilinx_c-c++_application_(system_debugger)\system_debugger_using_debug_sensor.elf_on_local.tcl'
14:42:11 INFO  : Connected to target on host '127.0.0.1' and port '3121'.
14:42:11 INFO  : 'targets -set -filter {jtag_cable_name =~ "Avnet MiniZed V1 1234-oj1A" && level==0} -index 1' command is executed.
14:42:12 INFO  : FPGA configured successfully with bitstream "D:/Vivado_Projecten/EindOpdracht1/BlokDesign2/BlokDesign2.sdk/design_1_wrapper_hw_platform_0/design_1_wrapper.bit"
14:42:18 INFO  : Disconnected from the channel tcfchan#12.
14:42:19 INFO  : 'targets -set -filter {jtag_cable_name =~ "Avnet MiniZed V1 1234-oj1A" && level==0} -index 1' command is executed.
14:42:19 INFO  : 'fpga -state' command is executed.
14:42:19 INFO  : Connected to target on host '127.0.0.1' and port '3121'.
14:42:20 INFO  : Jtag cable 'Avnet MiniZed V1 1234-oj1A' is selected.
14:42:20 INFO  : 'jtag frequency' command is executed.
14:42:20 INFO  : Sourcing of 'D:/Vivado_Projecten/EindOpdracht1/BlokDesign2/BlokDesign2.sdk/design_1_wrapper_hw_platform_0/ps7_init.tcl' is done.
14:42:20 INFO  : Context for 'APU' is selected.
14:42:21 INFO  : Hardware design information is loaded from 'D:/Vivado_Projecten/EindOpdracht1/BlokDesign2/BlokDesign2.sdk/design_1_wrapper_hw_platform_0/system.hdf'.
14:42:21 INFO  : 'configparams force-mem-access 1' command is executed.
14:42:21 INFO  : Context for 'APU' is selected.
14:42:21 INFO  : 'stop' command is executed.
14:42:22 INFO  : 'ps7_init' command is executed.
14:42:22 INFO  : 'ps7_post_config' command is executed.
14:42:22 INFO  : Context for processor 'ps7_cortexa9_0' is selected.
14:42:22 INFO  : Processor reset is completed for 'ps7_cortexa9_0'.
14:42:22 INFO  : Context for processor 'ps7_cortexa9_0' is selected.
14:42:22 INFO  : The application 'D:/Vivado_Projecten/EindOpdracht1/BlokDesign2/BlokDesign2.sdk/Sensor/Debug/Sensor.elf' is downloaded to processor 'ps7_cortexa9_0'.
14:42:22 INFO  : 'configparams force-mem-access 0' command is executed.
14:42:22 INFO  : ----------------XSDB Script----------------
connect -url tcp:127.0.0.1:3121
source D:/Vivado_Projecten/EindOpdracht1/BlokDesign2/BlokDesign2.sdk/design_1_wrapper_hw_platform_0/ps7_init.tcl
targets -set -nocase -filter {name =~"APU*" && jtag_cable_name =~ "Avnet MiniZed V1 1234-oj1A"} -index 0
loadhw -hw D:/Vivado_Projecten/EindOpdracht1/BlokDesign2/BlokDesign2.sdk/design_1_wrapper_hw_platform_0/system.hdf -mem-ranges [list {0x40000000 0xbfffffff}]
configparams force-mem-access 1
targets -set -nocase -filter {name =~"APU*" && jtag_cable_name =~ "Avnet MiniZed V1 1234-oj1A"} -index 0
stop
ps7_init
ps7_post_config
targets -set -nocase -filter {name =~ "ARM*#0" && jtag_cable_name =~ "Avnet MiniZed V1 1234-oj1A"} -index 0
rst -processor
targets -set -nocase -filter {name =~ "ARM*#0" && jtag_cable_name =~ "Avnet MiniZed V1 1234-oj1A"} -index 0
dow D:/Vivado_Projecten/EindOpdracht1/BlokDesign2/BlokDesign2.sdk/Sensor/Debug/Sensor.elf
configparams force-mem-access 0
----------------End of Script----------------

14:42:22 INFO  : Memory regions updated for context APU
14:42:22 INFO  : Context for processor 'ps7_cortexa9_0' is selected.
14:42:22 INFO  : 'con' command is executed.
14:42:22 INFO  : ----------------XSDB Script (After Launch)----------------
targets -set -nocase -filter {name =~ "ARM*#0" && jtag_cable_name =~ "Avnet MiniZed V1 1234-oj1A"} -index 0
con
----------------End of Script----------------

14:42:22 INFO  : Launch script is exported to file 'D:\Vivado_Projecten\EindOpdracht1\BlokDesign2\BlokDesign2.sdk\.sdk\launch_scripts\xilinx_c-c++_application_(system_debugger)\system_debugger_using_debug_sensor.elf_on_local.tcl'
14:44:53 INFO  : Connected to target on host '127.0.0.1' and port '3121'.
14:44:54 INFO  : 'targets -set -filter {jtag_cable_name =~ "Avnet MiniZed V1 1234-oj1A" && level==0} -index 1' command is executed.
14:44:55 INFO  : FPGA configured successfully with bitstream "D:/Vivado_Projecten/EindOpdracht1/BlokDesign2/BlokDesign2.sdk/design_1_wrapper_hw_platform_0/design_1_wrapper.bit"
14:45:06 INFO  : Disconnected from the channel tcfchan#13.
14:45:07 INFO  : 'targets -set -filter {jtag_cable_name =~ "Avnet MiniZed V1 1234-oj1A" && level==0} -index 1' command is executed.
14:45:07 INFO  : 'fpga -state' command is executed.
14:45:07 INFO  : Connected to target on host '127.0.0.1' and port '3121'.
14:45:07 INFO  : Jtag cable 'Avnet MiniZed V1 1234-oj1A' is selected.
14:45:07 INFO  : 'jtag frequency' command is executed.
14:45:07 INFO  : Sourcing of 'D:/Vivado_Projecten/EindOpdracht1/BlokDesign2/BlokDesign2.sdk/design_1_wrapper_hw_platform_0/ps7_init.tcl' is done.
14:45:07 INFO  : Context for 'APU' is selected.
14:45:09 INFO  : Hardware design information is loaded from 'D:/Vivado_Projecten/EindOpdracht1/BlokDesign2/BlokDesign2.sdk/design_1_wrapper_hw_platform_0/system.hdf'.
14:45:09 INFO  : 'configparams force-mem-access 1' command is executed.
14:45:09 INFO  : Context for 'APU' is selected.
14:45:09 INFO  : 'stop' command is executed.
14:45:09 INFO  : 'ps7_init' command is executed.
14:45:09 INFO  : 'ps7_post_config' command is executed.
14:45:09 INFO  : Context for processor 'ps7_cortexa9_0' is selected.
14:45:09 INFO  : Processor reset is completed for 'ps7_cortexa9_0'.
14:45:09 INFO  : Context for processor 'ps7_cortexa9_0' is selected.
14:45:09 INFO  : The application 'D:/Vivado_Projecten/EindOpdracht1/BlokDesign2/BlokDesign2.sdk/Sensor/Debug/Sensor.elf' is downloaded to processor 'ps7_cortexa9_0'.
14:45:09 INFO  : 'configparams force-mem-access 0' command is executed.
14:45:09 INFO  : ----------------XSDB Script----------------
connect -url tcp:127.0.0.1:3121
source D:/Vivado_Projecten/EindOpdracht1/BlokDesign2/BlokDesign2.sdk/design_1_wrapper_hw_platform_0/ps7_init.tcl
targets -set -nocase -filter {name =~"APU*" && jtag_cable_name =~ "Avnet MiniZed V1 1234-oj1A"} -index 0
loadhw -hw D:/Vivado_Projecten/EindOpdracht1/BlokDesign2/BlokDesign2.sdk/design_1_wrapper_hw_platform_0/system.hdf -mem-ranges [list {0x40000000 0xbfffffff}]
configparams force-mem-access 1
targets -set -nocase -filter {name =~"APU*" && jtag_cable_name =~ "Avnet MiniZed V1 1234-oj1A"} -index 0
stop
ps7_init
ps7_post_config
targets -set -nocase -filter {name =~ "ARM*#0" && jtag_cable_name =~ "Avnet MiniZed V1 1234-oj1A"} -index 0
rst -processor
targets -set -nocase -filter {name =~ "ARM*#0" && jtag_cable_name =~ "Avnet MiniZed V1 1234-oj1A"} -index 0
dow D:/Vivado_Projecten/EindOpdracht1/BlokDesign2/BlokDesign2.sdk/Sensor/Debug/Sensor.elf
configparams force-mem-access 0
----------------End of Script----------------

14:45:09 INFO  : Memory regions updated for context APU
14:45:09 INFO  : Context for processor 'ps7_cortexa9_0' is selected.
14:45:10 INFO  : 'con' command is executed.
14:45:10 INFO  : ----------------XSDB Script (After Launch)----------------
targets -set -nocase -filter {name =~ "ARM*#0" && jtag_cable_name =~ "Avnet MiniZed V1 1234-oj1A"} -index 0
con
----------------End of Script----------------

14:45:10 INFO  : Launch script is exported to file 'D:\Vivado_Projecten\EindOpdracht1\BlokDesign2\BlokDesign2.sdk\.sdk\launch_scripts\xilinx_c-c++_application_(system_debugger)\system_debugger_using_debug_sensor.elf_on_local.tcl'
14:55:07 INFO  : Connected to target on host '127.0.0.1' and port '3121'.
14:55:07 INFO  : 'targets -set -filter {jtag_cable_name =~ "Avnet MiniZed V1 1234-oj1A" && level==0} -index 1' command is executed.
14:55:08 INFO  : FPGA configured successfully with bitstream "D:/Vivado_Projecten/EindOpdracht1/BlokDesign2/BlokDesign2.sdk/design_1_wrapper_hw_platform_0/design_1_wrapper.bit"
14:55:25 INFO  : Disconnected from the channel tcfchan#14.
14:55:26 INFO  : 'targets -set -filter {jtag_cable_name =~ "Avnet MiniZed V1 1234-oj1A" && level==0} -index 1' command is executed.
14:55:26 INFO  : 'fpga -state' command is executed.
14:55:26 INFO  : Connected to target on host '127.0.0.1' and port '3121'.
14:55:26 INFO  : Jtag cable 'Avnet MiniZed V1 1234-oj1A' is selected.
14:55:26 INFO  : 'jtag frequency' command is executed.
14:55:26 INFO  : Sourcing of 'D:/Vivado_Projecten/EindOpdracht1/BlokDesign2/BlokDesign2.sdk/design_1_wrapper_hw_platform_0/ps7_init.tcl' is done.
14:55:26 INFO  : Context for 'APU' is selected.
14:55:28 INFO  : Hardware design information is loaded from 'D:/Vivado_Projecten/EindOpdracht1/BlokDesign2/BlokDesign2.sdk/design_1_wrapper_hw_platform_0/system.hdf'.
14:55:28 INFO  : 'configparams force-mem-access 1' command is executed.
14:55:28 INFO  : Context for 'APU' is selected.
14:55:28 INFO  : 'stop' command is executed.
14:55:28 INFO  : 'ps7_init' command is executed.
14:55:28 INFO  : 'ps7_post_config' command is executed.
14:55:28 INFO  : Context for processor 'ps7_cortexa9_0' is selected.
14:55:28 INFO  : Processor reset is completed for 'ps7_cortexa9_0'.
14:55:28 INFO  : Context for processor 'ps7_cortexa9_0' is selected.
14:55:28 INFO  : The application 'D:/Vivado_Projecten/EindOpdracht1/BlokDesign2/BlokDesign2.sdk/Sensor/Debug/Sensor.elf' is downloaded to processor 'ps7_cortexa9_0'.
14:55:28 INFO  : 'configparams force-mem-access 0' command is executed.
14:55:28 INFO  : ----------------XSDB Script----------------
connect -url tcp:127.0.0.1:3121
source D:/Vivado_Projecten/EindOpdracht1/BlokDesign2/BlokDesign2.sdk/design_1_wrapper_hw_platform_0/ps7_init.tcl
targets -set -nocase -filter {name =~"APU*" && jtag_cable_name =~ "Avnet MiniZed V1 1234-oj1A"} -index 0
loadhw -hw D:/Vivado_Projecten/EindOpdracht1/BlokDesign2/BlokDesign2.sdk/design_1_wrapper_hw_platform_0/system.hdf -mem-ranges [list {0x40000000 0xbfffffff}]
configparams force-mem-access 1
targets -set -nocase -filter {name =~"APU*" && jtag_cable_name =~ "Avnet MiniZed V1 1234-oj1A"} -index 0
stop
ps7_init
ps7_post_config
targets -set -nocase -filter {name =~ "ARM*#0" && jtag_cable_name =~ "Avnet MiniZed V1 1234-oj1A"} -index 0
rst -processor
targets -set -nocase -filter {name =~ "ARM*#0" && jtag_cable_name =~ "Avnet MiniZed V1 1234-oj1A"} -index 0
dow D:/Vivado_Projecten/EindOpdracht1/BlokDesign2/BlokDesign2.sdk/Sensor/Debug/Sensor.elf
configparams force-mem-access 0
----------------End of Script----------------

14:55:28 INFO  : Memory regions updated for context APU
14:55:28 INFO  : Context for processor 'ps7_cortexa9_0' is selected.
14:55:28 INFO  : 'con' command is executed.
14:55:28 INFO  : ----------------XSDB Script (After Launch)----------------
targets -set -nocase -filter {name =~ "ARM*#0" && jtag_cable_name =~ "Avnet MiniZed V1 1234-oj1A"} -index 0
con
----------------End of Script----------------

14:55:28 INFO  : Launch script is exported to file 'D:\Vivado_Projecten\EindOpdracht1\BlokDesign2\BlokDesign2.sdk\.sdk\launch_scripts\xilinx_c-c++_application_(system_debugger)\system_debugger_using_debug_sensor.elf_on_local.tcl'
15:00:36 INFO  : Connected to target on host '127.0.0.1' and port '3121'.
15:00:36 INFO  : 'targets -set -filter {jtag_cable_name =~ "Avnet MiniZed V1 1234-oj1A" && level==0} -index 1' command is executed.
15:00:37 INFO  : FPGA configured successfully with bitstream "D:/Vivado_Projecten/EindOpdracht1/BlokDesign2/BlokDesign2.sdk/design_1_wrapper_hw_platform_0/design_1_wrapper.bit"
15:00:45 INFO  : Disconnected from the channel tcfchan#15.
15:00:46 INFO  : 'targets -set -filter {jtag_cable_name =~ "Avnet MiniZed V1 1234-oj1A" && level==0} -index 1' command is executed.
15:00:46 INFO  : 'fpga -state' command is executed.
15:00:46 INFO  : Connected to target on host '127.0.0.1' and port '3121'.
15:00:46 INFO  : Jtag cable 'Avnet MiniZed V1 1234-oj1A' is selected.
15:00:46 INFO  : 'jtag frequency' command is executed.
15:00:46 INFO  : Sourcing of 'D:/Vivado_Projecten/EindOpdracht1/BlokDesign2/BlokDesign2.sdk/design_1_wrapper_hw_platform_0/ps7_init.tcl' is done.
15:00:46 INFO  : Context for 'APU' is selected.
15:00:48 INFO  : Hardware design information is loaded from 'D:/Vivado_Projecten/EindOpdracht1/BlokDesign2/BlokDesign2.sdk/design_1_wrapper_hw_platform_0/system.hdf'.
15:00:48 INFO  : 'configparams force-mem-access 1' command is executed.
15:00:48 INFO  : Context for 'APU' is selected.
15:00:48 INFO  : 'stop' command is executed.
15:00:48 INFO  : 'ps7_init' command is executed.
15:00:48 INFO  : 'ps7_post_config' command is executed.
15:00:48 INFO  : Context for processor 'ps7_cortexa9_0' is selected.
15:00:48 INFO  : Processor reset is completed for 'ps7_cortexa9_0'.
15:00:48 INFO  : Context for processor 'ps7_cortexa9_0' is selected.
15:00:49 INFO  : The application 'D:/Vivado_Projecten/EindOpdracht1/BlokDesign2/BlokDesign2.sdk/Sensor/Debug/Sensor.elf' is downloaded to processor 'ps7_cortexa9_0'.
15:00:49 INFO  : 'configparams force-mem-access 0' command is executed.
15:00:49 INFO  : ----------------XSDB Script----------------
connect -url tcp:127.0.0.1:3121
source D:/Vivado_Projecten/EindOpdracht1/BlokDesign2/BlokDesign2.sdk/design_1_wrapper_hw_platform_0/ps7_init.tcl
targets -set -nocase -filter {name =~"APU*" && jtag_cable_name =~ "Avnet MiniZed V1 1234-oj1A"} -index 0
loadhw -hw D:/Vivado_Projecten/EindOpdracht1/BlokDesign2/BlokDesign2.sdk/design_1_wrapper_hw_platform_0/system.hdf -mem-ranges [list {0x40000000 0xbfffffff}]
configparams force-mem-access 1
targets -set -nocase -filter {name =~"APU*" && jtag_cable_name =~ "Avnet MiniZed V1 1234-oj1A"} -index 0
stop
ps7_init
ps7_post_config
targets -set -nocase -filter {name =~ "ARM*#0" && jtag_cable_name =~ "Avnet MiniZed V1 1234-oj1A"} -index 0
rst -processor
targets -set -nocase -filter {name =~ "ARM*#0" && jtag_cable_name =~ "Avnet MiniZed V1 1234-oj1A"} -index 0
dow D:/Vivado_Projecten/EindOpdracht1/BlokDesign2/BlokDesign2.sdk/Sensor/Debug/Sensor.elf
configparams force-mem-access 0
----------------End of Script----------------

15:00:49 INFO  : Memory regions updated for context APU
15:00:49 INFO  : Context for processor 'ps7_cortexa9_0' is selected.
15:00:49 INFO  : 'con' command is executed.
15:00:49 INFO  : ----------------XSDB Script (After Launch)----------------
targets -set -nocase -filter {name =~ "ARM*#0" && jtag_cable_name =~ "Avnet MiniZed V1 1234-oj1A"} -index 0
con
----------------End of Script----------------

15:00:49 INFO  : Launch script is exported to file 'D:\Vivado_Projecten\EindOpdracht1\BlokDesign2\BlokDesign2.sdk\.sdk\launch_scripts\xilinx_c-c++_application_(system_debugger)\system_debugger_using_debug_sensor.elf_on_local.tcl'
15:01:25 INFO  : Disconnected from the channel tcfchan#16.
15:01:26 INFO  : 'targets -set -filter {jtag_cable_name =~ "Avnet MiniZed V1 1234-oj1A" && level==0} -index 1' command is executed.
15:01:26 INFO  : 'fpga -state' command is executed.
15:01:26 INFO  : Connected to target on host '127.0.0.1' and port '3121'.
15:01:26 INFO  : Jtag cable 'Avnet MiniZed V1 1234-oj1A' is selected.
15:01:26 INFO  : 'jtag frequency' command is executed.
15:01:26 INFO  : Sourcing of 'D:/Vivado_Projecten/EindOpdracht1/BlokDesign2/BlokDesign2.sdk/design_1_wrapper_hw_platform_0/ps7_init.tcl' is done.
15:01:26 INFO  : Context for 'APU' is selected.
15:01:28 INFO  : Hardware design information is loaded from 'D:/Vivado_Projecten/EindOpdracht1/BlokDesign2/BlokDesign2.sdk/design_1_wrapper_hw_platform_0/system.hdf'.
15:01:28 INFO  : 'configparams force-mem-access 1' command is executed.
15:01:28 INFO  : Context for 'APU' is selected.
15:01:28 INFO  : 'stop' command is executed.
15:01:28 INFO  : 'ps7_init' command is executed.
15:01:28 INFO  : 'ps7_post_config' command is executed.
15:01:28 INFO  : Context for processor 'ps7_cortexa9_0' is selected.
15:01:28 INFO  : Processor reset is completed for 'ps7_cortexa9_0'.
15:01:28 INFO  : Context for processor 'ps7_cortexa9_0' is selected.
15:01:29 INFO  : The application 'D:/Vivado_Projecten/EindOpdracht1/BlokDesign2/BlokDesign2.sdk/Sensor/Debug/Sensor.elf' is downloaded to processor 'ps7_cortexa9_0'.
15:01:29 INFO  : 'configparams force-mem-access 0' command is executed.
15:01:29 INFO  : ----------------XSDB Script----------------
connect -url tcp:127.0.0.1:3121
source D:/Vivado_Projecten/EindOpdracht1/BlokDesign2/BlokDesign2.sdk/design_1_wrapper_hw_platform_0/ps7_init.tcl
targets -set -nocase -filter {name =~"APU*" && jtag_cable_name =~ "Avnet MiniZed V1 1234-oj1A"} -index 0
loadhw -hw D:/Vivado_Projecten/EindOpdracht1/BlokDesign2/BlokDesign2.sdk/design_1_wrapper_hw_platform_0/system.hdf -mem-ranges [list {0x40000000 0xbfffffff}]
configparams force-mem-access 1
targets -set -nocase -filter {name =~"APU*" && jtag_cable_name =~ "Avnet MiniZed V1 1234-oj1A"} -index 0
stop
ps7_init
ps7_post_config
targets -set -nocase -filter {name =~ "ARM*#0" && jtag_cable_name =~ "Avnet MiniZed V1 1234-oj1A"} -index 0
rst -processor
targets -set -nocase -filter {name =~ "ARM*#0" && jtag_cable_name =~ "Avnet MiniZed V1 1234-oj1A"} -index 0
dow D:/Vivado_Projecten/EindOpdracht1/BlokDesign2/BlokDesign2.sdk/Sensor/Debug/Sensor.elf
configparams force-mem-access 0
----------------End of Script----------------

15:01:29 INFO  : Memory regions updated for context APU
15:01:29 INFO  : Context for processor 'ps7_cortexa9_0' is selected.
15:01:29 INFO  : 'con' command is executed.
15:01:29 INFO  : ----------------XSDB Script (After Launch)----------------
targets -set -nocase -filter {name =~ "ARM*#0" && jtag_cable_name =~ "Avnet MiniZed V1 1234-oj1A"} -index 0
con
----------------End of Script----------------

15:01:29 INFO  : Launch script is exported to file 'D:\Vivado_Projecten\EindOpdracht1\BlokDesign2\BlokDesign2.sdk\.sdk\launch_scripts\xilinx_c-c++_application_(system_debugger)\system_debugger_using_debug_sensor.elf_on_local.tcl'
15:04:28 INFO  : Connected to target on host '127.0.0.1' and port '3121'.
15:04:28 INFO  : 'targets -set -filter {jtag_cable_name =~ "Avnet MiniZed V1 1234-oj1A" && level==0} -index 1' command is executed.
15:04:29 INFO  : FPGA configured successfully with bitstream "D:/Vivado_Projecten/EindOpdracht1/BlokDesign2/BlokDesign2.sdk/design_1_wrapper_hw_platform_0/design_1_wrapper.bit"
15:04:36 INFO  : Disconnected from the channel tcfchan#17.
15:04:37 INFO  : 'targets -set -filter {jtag_cable_name =~ "Avnet MiniZed V1 1234-oj1A" && level==0} -index 1' command is executed.
15:04:37 INFO  : 'fpga -state' command is executed.
15:04:37 INFO  : Connected to target on host '127.0.0.1' and port '3121'.
15:04:38 INFO  : Jtag cable 'Avnet MiniZed V1 1234-oj1A' is selected.
15:04:38 INFO  : 'jtag frequency' command is executed.
15:04:38 INFO  : Sourcing of 'D:/Vivado_Projecten/EindOpdracht1/BlokDesign2/BlokDesign2.sdk/design_1_wrapper_hw_platform_0/ps7_init.tcl' is done.
15:04:38 INFO  : Context for 'APU' is selected.
15:04:40 INFO  : Hardware design information is loaded from 'D:/Vivado_Projecten/EindOpdracht1/BlokDesign2/BlokDesign2.sdk/design_1_wrapper_hw_platform_0/system.hdf'.
15:04:40 INFO  : 'configparams force-mem-access 1' command is executed.
15:04:40 INFO  : Context for 'APU' is selected.
15:04:40 INFO  : 'stop' command is executed.
15:04:40 INFO  : 'ps7_init' command is executed.
15:04:40 INFO  : 'ps7_post_config' command is executed.
15:04:40 INFO  : Context for processor 'ps7_cortexa9_0' is selected.
15:04:40 INFO  : Processor reset is completed for 'ps7_cortexa9_0'.
15:04:40 INFO  : Context for processor 'ps7_cortexa9_0' is selected.
15:04:40 INFO  : The application 'D:/Vivado_Projecten/EindOpdracht1/BlokDesign2/BlokDesign2.sdk/Sensor/Debug/Sensor.elf' is downloaded to processor 'ps7_cortexa9_0'.
15:04:40 INFO  : 'configparams force-mem-access 0' command is executed.
15:04:40 INFO  : ----------------XSDB Script----------------
connect -url tcp:127.0.0.1:3121
source D:/Vivado_Projecten/EindOpdracht1/BlokDesign2/BlokDesign2.sdk/design_1_wrapper_hw_platform_0/ps7_init.tcl
targets -set -nocase -filter {name =~"APU*" && jtag_cable_name =~ "Avnet MiniZed V1 1234-oj1A"} -index 0
loadhw -hw D:/Vivado_Projecten/EindOpdracht1/BlokDesign2/BlokDesign2.sdk/design_1_wrapper_hw_platform_0/system.hdf -mem-ranges [list {0x40000000 0xbfffffff}]
configparams force-mem-access 1
targets -set -nocase -filter {name =~"APU*" && jtag_cable_name =~ "Avnet MiniZed V1 1234-oj1A"} -index 0
stop
ps7_init
ps7_post_config
targets -set -nocase -filter {name =~ "ARM*#0" && jtag_cable_name =~ "Avnet MiniZed V1 1234-oj1A"} -index 0
rst -processor
targets -set -nocase -filter {name =~ "ARM*#0" && jtag_cable_name =~ "Avnet MiniZed V1 1234-oj1A"} -index 0
dow D:/Vivado_Projecten/EindOpdracht1/BlokDesign2/BlokDesign2.sdk/Sensor/Debug/Sensor.elf
configparams force-mem-access 0
----------------End of Script----------------

15:04:40 INFO  : Memory regions updated for context APU
15:04:41 INFO  : Context for processor 'ps7_cortexa9_0' is selected.
15:04:41 INFO  : 'con' command is executed.
15:04:41 INFO  : ----------------XSDB Script (After Launch)----------------
targets -set -nocase -filter {name =~ "ARM*#0" && jtag_cable_name =~ "Avnet MiniZed V1 1234-oj1A"} -index 0
con
----------------End of Script----------------

15:04:41 INFO  : Launch script is exported to file 'D:\Vivado_Projecten\EindOpdracht1\BlokDesign2\BlokDesign2.sdk\.sdk\launch_scripts\xilinx_c-c++_application_(system_debugger)\system_debugger_using_debug_sensor.elf_on_local.tcl'
15:11:39 INFO  : Disconnected from the channel tcfchan#18.
15:12:09 INFO  : Registering command handlers for SDK TCF services
15:12:10 INFO  : Launching XSCT server: xsct.bat -interactive D:\Vivado_Projecten\EindOpdracht1\BlokDesign2\BlokDesign2.sdk\temp_xsdb_launch_script.tcl
15:12:13 INFO  : XSCT server has started successfully.
15:12:14 INFO  : Successfully done setting XSCT server connection channel  
15:12:14 INFO  : Successfully done setting SDK workspace  
15:12:14 INFO  : Processing command line option -hwspec D:/Vivado_Projecten/EindOpdracht1/BlokDesign2/BlokDesign2.sdk/design_1_wrapper.hdf.
15:12:14 INFO  : Checking for hwspec changes in the project design_1_wrapper_hw_platform_0.
15:15:00 INFO  : Connected to target on host '127.0.0.1' and port '3121'.
15:15:00 INFO  : 'targets -set -filter {jtag_cable_name =~ "Avnet MiniZed V1 1234-oj1A" && level==0} -index 1' command is executed.
15:15:02 INFO  : FPGA configured successfully with bitstream "D:/Vivado_Projecten/EindOpdracht1/BlokDesign2/BlokDesign2.sdk/design_1_wrapper_hw_platform_0/design_1_wrapper.bit"
15:15:13 INFO  : 'targets -set -filter {jtag_cable_name =~ "Avnet MiniZed V1 1234-oj1A" && level==0} -index 1' command is executed.
15:15:13 INFO  : 'fpga -state' command is executed.
15:15:13 INFO  : Connected to target on host '127.0.0.1' and port '3121'.
15:15:13 INFO  : Jtag cable 'Avnet MiniZed V1 1234-oj1A' is selected.
15:15:13 INFO  : 'jtag frequency' command is executed.
15:15:13 INFO  : Sourcing of 'D:/Vivado_Projecten/EindOpdracht1/BlokDesign2/BlokDesign2.sdk/design_1_wrapper_hw_platform_0/ps7_init.tcl' is done.
15:15:13 INFO  : Context for 'APU' is selected.
15:15:13 INFO  : Hardware design information is loaded from 'D:/Vivado_Projecten/EindOpdracht1/BlokDesign2/BlokDesign2.sdk/design_1_wrapper_hw_platform_0/system.hdf'.
15:15:13 INFO  : 'configparams force-mem-access 1' command is executed.
15:15:13 INFO  : Context for 'APU' is selected.
15:15:13 INFO  : 'stop' command is executed.
15:15:14 INFO  : 'ps7_init' command is executed.
15:15:14 INFO  : 'ps7_post_config' command is executed.
15:15:14 INFO  : Context for processor 'ps7_cortexa9_0' is selected.
15:15:14 INFO  : Processor reset is completed for 'ps7_cortexa9_0'.
15:15:14 INFO  : Context for processor 'ps7_cortexa9_0' is selected.
15:15:14 INFO  : The application 'D:/Vivado_Projecten/EindOpdracht1/BlokDesign2/BlokDesign2.sdk/Sensor/Debug/Sensor.elf' is downloaded to processor 'ps7_cortexa9_0'.
15:15:14 INFO  : 'configparams force-mem-access 0' command is executed.
15:15:14 INFO  : ----------------XSDB Script----------------
connect -url tcp:127.0.0.1:3121
source D:/Vivado_Projecten/EindOpdracht1/BlokDesign2/BlokDesign2.sdk/design_1_wrapper_hw_platform_0/ps7_init.tcl
targets -set -nocase -filter {name =~"APU*" && jtag_cable_name =~ "Avnet MiniZed V1 1234-oj1A"} -index 0
loadhw -hw D:/Vivado_Projecten/EindOpdracht1/BlokDesign2/BlokDesign2.sdk/design_1_wrapper_hw_platform_0/system.hdf -mem-ranges [list {0x40000000 0xbfffffff}]
configparams force-mem-access 1
targets -set -nocase -filter {name =~"APU*" && jtag_cable_name =~ "Avnet MiniZed V1 1234-oj1A"} -index 0
stop
ps7_init
ps7_post_config
targets -set -nocase -filter {name =~ "ARM*#0" && jtag_cable_name =~ "Avnet MiniZed V1 1234-oj1A"} -index 0
rst -processor
targets -set -nocase -filter {name =~ "ARM*#0" && jtag_cable_name =~ "Avnet MiniZed V1 1234-oj1A"} -index 0
dow D:/Vivado_Projecten/EindOpdracht1/BlokDesign2/BlokDesign2.sdk/Sensor/Debug/Sensor.elf
configparams force-mem-access 0
----------------End of Script----------------

15:15:14 INFO  : Memory regions updated for context APU
15:15:14 INFO  : Context for processor 'ps7_cortexa9_0' is selected.
15:15:14 INFO  : 'con' command is executed.
15:15:14 INFO  : ----------------XSDB Script (After Launch)----------------
targets -set -nocase -filter {name =~ "ARM*#0" && jtag_cable_name =~ "Avnet MiniZed V1 1234-oj1A"} -index 0
con
----------------End of Script----------------

15:15:14 INFO  : Launch script is exported to file 'D:\Vivado_Projecten\EindOpdracht1\BlokDesign2\BlokDesign2.sdk\.sdk\launch_scripts\xilinx_c-c++_application_(system_debugger)\system_debugger_using_debug_sensor.elf_on_local.tcl'
15:36:43 INFO  : Connected to target on host '127.0.0.1' and port '3121'.
15:37:17 INFO  : Connected to target on host '127.0.0.1' and port '3121'.
15:37:17 INFO  : 'targets -set -filter {jtag_cable_name =~ "Avnet MiniZed V1 1234-oj1A" && level==0} -index 1' command is executed.
15:37:18 INFO  : FPGA configured successfully with bitstream "D:/Vivado_Projecten/EindOpdracht1/BlokDesign2/BlokDesign2.sdk/design_1_wrapper_hw_platform_0/design_1_wrapper.bit"
15:37:26 INFO  : Disconnected from the channel tcfchan#1.
15:37:27 INFO  : 'targets -set -filter {jtag_cable_name =~ "Avnet MiniZed V1 1234-oj1A" && level==0} -index 1' command is executed.
15:37:27 INFO  : 'fpga -state' command is executed.
15:37:27 INFO  : Connected to target on host '127.0.0.1' and port '3121'.
15:37:27 INFO  : Jtag cable 'Avnet MiniZed V1 1234-oj1A' is selected.
15:37:27 INFO  : 'jtag frequency' command is executed.
15:37:27 INFO  : Sourcing of 'D:/Vivado_Projecten/EindOpdracht1/BlokDesign2/BlokDesign2.sdk/design_1_wrapper_hw_platform_0/ps7_init.tcl' is done.
15:37:27 INFO  : Context for 'APU' is selected.
15:37:29 INFO  : Hardware design information is loaded from 'D:/Vivado_Projecten/EindOpdracht1/BlokDesign2/BlokDesign2.sdk/design_1_wrapper_hw_platform_0/system.hdf'.
15:37:29 INFO  : 'configparams force-mem-access 1' command is executed.
15:37:29 INFO  : Context for 'APU' is selected.
15:37:29 INFO  : 'stop' command is executed.
15:37:30 INFO  : 'ps7_init' command is executed.
15:37:30 INFO  : 'ps7_post_config' command is executed.
15:37:30 INFO  : Context for processor 'ps7_cortexa9_0' is selected.
15:37:30 INFO  : Processor reset is completed for 'ps7_cortexa9_0'.
15:37:30 INFO  : Context for processor 'ps7_cortexa9_0' is selected.
15:37:30 INFO  : The application 'D:/Vivado_Projecten/EindOpdracht1/BlokDesign2/BlokDesign2.sdk/Sensor/Debug/Sensor.elf' is downloaded to processor 'ps7_cortexa9_0'.
15:37:30 INFO  : 'configparams force-mem-access 0' command is executed.
15:37:30 INFO  : ----------------XSDB Script----------------
connect -url tcp:127.0.0.1:3121
source D:/Vivado_Projecten/EindOpdracht1/BlokDesign2/BlokDesign2.sdk/design_1_wrapper_hw_platform_0/ps7_init.tcl
targets -set -nocase -filter {name =~"APU*" && jtag_cable_name =~ "Avnet MiniZed V1 1234-oj1A"} -index 0
loadhw -hw D:/Vivado_Projecten/EindOpdracht1/BlokDesign2/BlokDesign2.sdk/design_1_wrapper_hw_platform_0/system.hdf -mem-ranges [list {0x40000000 0xbfffffff}]
configparams force-mem-access 1
targets -set -nocase -filter {name =~"APU*" && jtag_cable_name =~ "Avnet MiniZed V1 1234-oj1A"} -index 0
stop
ps7_init
ps7_post_config
targets -set -nocase -filter {name =~ "ARM*#0" && jtag_cable_name =~ "Avnet MiniZed V1 1234-oj1A"} -index 0
rst -processor
targets -set -nocase -filter {name =~ "ARM*#0" && jtag_cable_name =~ "Avnet MiniZed V1 1234-oj1A"} -index 0
dow D:/Vivado_Projecten/EindOpdracht1/BlokDesign2/BlokDesign2.sdk/Sensor/Debug/Sensor.elf
configparams force-mem-access 0
----------------End of Script----------------

15:37:30 INFO  : Memory regions updated for context APU
15:37:30 INFO  : Context for processor 'ps7_cortexa9_0' is selected.
15:37:30 INFO  : 'con' command is executed.
15:37:30 INFO  : ----------------XSDB Script (After Launch)----------------
targets -set -nocase -filter {name =~ "ARM*#0" && jtag_cable_name =~ "Avnet MiniZed V1 1234-oj1A"} -index 0
con
----------------End of Script----------------

15:37:30 INFO  : Launch script is exported to file 'D:\Vivado_Projecten\EindOpdracht1\BlokDesign2\BlokDesign2.sdk\.sdk\launch_scripts\xilinx_c-c++_application_(system_debugger)\system_debugger_using_debug_sensor.elf_on_local.tcl'
15:40:35 INFO  : Disconnected from the channel tcfchan#2.
