21:46:33 **** Auto Build of configuration Debug for project freertos_neomatrix ****
make pre-build main-build 
a9-linaro-pre-build-step
 
Building file: ../src/freertos_hello_world.c
Invoking: ARM v7 gcc compiler
arm-none-eabi-gcc -Wall -O0 -g3 -c -fmessage-length=0 -MT"src/freertos_hello_world.o" -mcpu=cortex-a9 -mfpu=vfpv3 -mfloat-abi=hard -I../../freertos_neomatrix_bsp/ps7_cortexa9_0/include -MMD -MP -MF"src/freertos_hello_world.d" -MT"src/freertos_hello_world.o" -o "src/freertos_hello_world.o" "../src/freertos_hello_world.c"
../src/freertos_hello_world.c: In function 'prvRxTask':
../src/freertos_hello_world.c:355:6: warning: unused variable 'KnopReceived' [-Wunused-variable]
  int KnopReceived;
      ^~~~~~~~~~~~
Finished building: ../src/freertos_hello_world.c
 
Building target: freertos_neomatrix.elf
Invoking: ARM v7 gcc linker
arm-none-eabi-gcc -mcpu=cortex-a9 -mfpu=vfpv3 -mfloat-abi=hard -Wl,-build-id=none -specs=Xilinx.spec -Wl,-T -Wl,../src/lscript.ld -L../../freertos_neomatrix_bsp/ps7_cortexa9_0/lib -o "freertos_neomatrix.elf"  ./src/freertos_hello_world.o   -Wl,--start-group,-lxil,-lfreertos,-lgcc,-lc,--end-group
Finished building target: freertos_neomatrix.elf
 
Invoking: ARM v7 Print Size
arm-none-eabi-size freertos_neomatrix.elf  |tee "freertos_neomatrix.elf.size"
   text	   data	    bss	    dec	    hex	filename
  88400	   3872	  90064	 182336	  2c840	freertos_neomatrix.elf
Finished building: freertos_neomatrix.elf.size
 

21:46:42 Build Finished (took 9s.45ms)

