#-----------------------------------------------------------
# Vivado v2019.1 (64-bit)
# SW Build 2552052 on Fri May 24 14:49:42 MDT 2019
# IP Build 2548770 on Fri May 24 18:01:18 MDT 2019
# Start of session at: Tue Dec 31 12:10:01 2019
# Process ID: 7908
# Current directory: D:/Vivado_Projecten/EindOpdracht1/Eindopdracht_EOS/NeonpixelVHDL
# Command line: vivado.exe -gui_launcher_event rodinguilauncherevent3112 D:\Vivado_Projecten\EindOpdracht1\Eindopdracht_EOS\NeonpixelVHDL\NeonpixelVHDL.xpr
# Log file: D:/Vivado_Projecten/EindOpdracht1/Eindopdracht_EOS/NeonpixelVHDL/vivado.log
# Journal file: D:/Vivado_Projecten/EindOpdracht1/Eindopdracht_EOS/NeonpixelVHDL\vivado.jou
#-----------------------------------------------------------
start_gui
open_project D:/Vivado_Projecten/EindOpdracht1/Eindopdracht_EOS/NeonpixelVHDL/NeonpixelVHDL.xpr
INFO: [Project 1-313] Project file moved from 'C:/Users/Kristof/Documents/Vivado_Projects/Project/Eindopdracht_EOS/NeonpixelVHDL' since last save.
Scanning sources...
Finished scanning sources
INFO: [IP_Flow 19-234] Refreshing IP repositories
WARNING: [IP_Flow 19-395] Problem validating against XML schema: : Not well formed
CRITICAL WARNING: [IP_Flow 19-1977] Unable to read IP file d:/Vivado_Projecten/EindOpdracht1/Eindopdracht_EOS/ip_repo/NeonIp_1.0/component.xml. This IP will not be included in the IP Catalog.
INFO: [IP_Flow 19-1700] Loaded user IP repository 'd:/Vivado_Projecten/EindOpdracht1/Eindopdracht_EOS/ip_repo/NeonIp_1.0'.
INFO: [IP_Flow 19-2313] Loaded Vivado IP repository 'D:/Xilinx/Vivado/2019.1/data/ip'.
open_project: Time (s): cpu = 00:00:12 ; elapsed = 00:00:05 . Memory (MB): peak = 1109.586 ; gain = 143.563
update_compile_order -fileset sources_1
exit
INFO: [Common 17-206] Exiting Vivado at Tue Dec 31 13:58:28 2019...
