
*** Running vivado
    with args -log design_1_wrapper.vdi -applog -m64 -product Vivado -messageDb vivado.pb -mode batch -source design_1_wrapper.tcl -notrace


****** Vivado v2019.1 (64-bit)
  **** SW Build 2552052 on Fri May 24 14:49:42 MDT 2019
  **** IP Build 2548770 on Fri May 24 18:01:18 MDT 2019
    ** Copyright 1986-2019 Xilinx, Inc. All Rights Reserved.

source design_1_wrapper.tcl -notrace
INFO: [IP_Flow 19-234] Refreshing IP repositories
WARNING: [IP_Flow 19-395] Problem validating against XML schema: : Not well formed
CRITICAL WARNING: [IP_Flow 19-1977] Unable to read IP file d:/Vivado_Projecten/EindOpdracht1/Eindopdracht_EOS/ip_repo/NeonIp_1.0/component.xml. This IP will not be included in the IP Catalog.
INFO: [IP_Flow 19-1700] Loaded user IP repository 'd:/Vivado_Projecten/EindOpdracht1/Eindopdracht_EOS/ip_repo'.
INFO: [IP_Flow 19-2313] Loaded Vivado IP repository 'D:/Xilinx/Vivado/2019.1/data/ip'.
WARNING: [IP_Flow 19-4995] The host OS only allows 260 characters in a normal path. The IP cache path is more than 80 characters. If you experience issues with IP caching, please consider changing the IP cache to a location with a shorter path. Alternately consider using the OS subst command to map part of the path to a drive letter. 
Current IP cache path is D:/Vivado_Projecten/EindOpdracht1/Eindopdracht_EOS/NeoMatrix3_project/NeoMatrix3_project.cache/ip 
Command: link_design -top design_1_wrapper -part xc7z007sclg225-1
Design is defaulting to srcset: sources_1
Design is defaulting to constrset: constrs_1
INFO: [Device 21-403] Loading part xc7z007sclg225-1
INFO: [Project 1-454] Reading design checkpoint 'd:/Vivado_Projecten/EindOpdracht1/Eindopdracht_EOS/NeoMatrix3_project/NeoMatrix3_project.srcs/sources_1/bd/design_1/ip/design_1_NeoMatix64_0_0/design_1_NeoMatix64_0_0.dcp' for cell 'design_1_i/NeoMatix64_0'
INFO: [Project 1-454] Reading design checkpoint 'd:/Vivado_Projecten/EindOpdracht1/Eindopdracht_EOS/NeoMatrix3_project/NeoMatrix3_project.srcs/sources_1/bd/design_1/ip/design_1_Ultrasoon_0_0/design_1_Ultrasoon_0_0.dcp' for cell 'design_1_i/Ultrasoon_0'
INFO: [Project 1-454] Reading design checkpoint 'd:/Vivado_Projecten/EindOpdracht1/Eindopdracht_EOS/NeoMatrix3_project/NeoMatrix3_project.srcs/sources_1/bd/design_1/ip/design_1_processing_system7_0_0/design_1_processing_system7_0_0.dcp' for cell 'design_1_i/processing_system7_0'
INFO: [Project 1-454] Reading design checkpoint 'd:/Vivado_Projecten/EindOpdracht1/Eindopdracht_EOS/NeoMatrix3_project/NeoMatrix3_project.srcs/sources_1/bd/design_1/ip/design_1_rst_ps7_0_50M_0/design_1_rst_ps7_0_50M_0.dcp' for cell 'design_1_i/rst_ps7_0_50M'
INFO: [Project 1-454] Reading design checkpoint 'd:/Vivado_Projecten/EindOpdracht1/Eindopdracht_EOS/NeoMatrix3_project/NeoMatrix3_project.srcs/sources_1/bd/design_1/ip/design_1_vhdlnoclk_0_0/design_1_vhdlnoclk_0_0.dcp' for cell 'design_1_i/vhdlnoclk_0'
INFO: [Project 1-454] Reading design checkpoint 'd:/Vivado_Projecten/EindOpdracht1/Eindopdracht_EOS/NeoMatrix3_project/NeoMatrix3_project.srcs/sources_1/bd/design_1/ip/design_1_xbar_0/design_1_xbar_0.dcp' for cell 'design_1_i/ps7_0_axi_periph/xbar'
INFO: [Project 1-454] Reading design checkpoint 'd:/Vivado_Projecten/EindOpdracht1/Eindopdracht_EOS/NeoMatrix3_project/NeoMatrix3_project.srcs/sources_1/bd/design_1/ip/design_1_auto_pc_0/design_1_auto_pc_0.dcp' for cell 'design_1_i/ps7_0_axi_periph/s01_couplers/auto_pc'
INFO: [Netlist 29-17] Analyzing 66 Unisim elements for replacement
INFO: [Netlist 29-28] Unisim Transformation completed in 0 CPU seconds
INFO: [Project 1-479] Netlist was created with Vivado 2019.1
INFO: [Project 1-570] Preparing netlist for logic optimization
Parsing XDC File [d:/Vivado_Projecten/EindOpdracht1/Eindopdracht_EOS/NeoMatrix3_project/NeoMatrix3_project.srcs/sources_1/bd/design_1/ip/design_1_processing_system7_0_0/design_1_processing_system7_0_0.xdc] for cell 'design_1_i/processing_system7_0/inst'
Finished Parsing XDC File [d:/Vivado_Projecten/EindOpdracht1/Eindopdracht_EOS/NeoMatrix3_project/NeoMatrix3_project.srcs/sources_1/bd/design_1/ip/design_1_processing_system7_0_0/design_1_processing_system7_0_0.xdc] for cell 'design_1_i/processing_system7_0/inst'
Parsing XDC File [d:/Vivado_Projecten/EindOpdracht1/Eindopdracht_EOS/NeoMatrix3_project/NeoMatrix3_project.srcs/sources_1/bd/design_1/ip/design_1_rst_ps7_0_50M_0/design_1_rst_ps7_0_50M_0_board.xdc] for cell 'design_1_i/rst_ps7_0_50M/U0'
Finished Parsing XDC File [d:/Vivado_Projecten/EindOpdracht1/Eindopdracht_EOS/NeoMatrix3_project/NeoMatrix3_project.srcs/sources_1/bd/design_1/ip/design_1_rst_ps7_0_50M_0/design_1_rst_ps7_0_50M_0_board.xdc] for cell 'design_1_i/rst_ps7_0_50M/U0'
Parsing XDC File [d:/Vivado_Projecten/EindOpdracht1/Eindopdracht_EOS/NeoMatrix3_project/NeoMatrix3_project.srcs/sources_1/bd/design_1/ip/design_1_rst_ps7_0_50M_0/design_1_rst_ps7_0_50M_0.xdc] for cell 'design_1_i/rst_ps7_0_50M/U0'
Finished Parsing XDC File [d:/Vivado_Projecten/EindOpdracht1/Eindopdracht_EOS/NeoMatrix3_project/NeoMatrix3_project.srcs/sources_1/bd/design_1/ip/design_1_rst_ps7_0_50M_0/design_1_rst_ps7_0_50M_0.xdc] for cell 'design_1_i/rst_ps7_0_50M/U0'
Parsing XDC File [D:/Vivado_Projecten/EindOpdracht1/Eindopdracht_EOS/NeoMatrix3_project/NeoMatrix3_project.srcs/constrs_1/new/constraint1.xdc]
Finished Parsing XDC File [D:/Vivado_Projecten/EindOpdracht1/Eindopdracht_EOS/NeoMatrix3_project/NeoMatrix3_project.srcs/constrs_1/new/constraint1.xdc]
INFO: [Opt 31-138] Pushed 0 inverter(s) to 0 load pin(s).
Netlist sorting complete. Time (s): cpu = 00:00:00 ; elapsed = 00:00:00.001 . Memory (MB): peak = 806.527 ; gain = 0.000
INFO: [Project 1-111] Unisim Transformation Summary:
No Unisim elements were transformed.

17 Infos, 2 Warnings, 1 Critical Warnings and 0 Errors encountered.
link_design completed successfully
link_design: Time (s): cpu = 00:00:09 ; elapsed = 00:00:17 . Memory (MB): peak = 806.527 ; gain = 398.188
Command: opt_design
Attempting to get a license for feature 'Implementation' and/or device 'xc7z007s'
INFO: [Common 17-349] Got license for feature 'Implementation' and/or device 'xc7z007s'
Running DRC as a precondition to command opt_design

Starting DRC Task
INFO: [DRC 23-27] Running DRC with 2 threads
INFO: [Project 1-461] DRC finished with 0 Errors
INFO: [Project 1-462] Please refer to the DRC report (report_drc) for more information.

Time (s): cpu = 00:00:01 ; elapsed = 00:00:00.882 . Memory (MB): peak = 829.148 ; gain = 22.621

Starting Cache Timing Information Task
INFO: [Timing 38-35] Done setting XDC timing constraints.
Ending Cache Timing Information Task | Checksum: 2400110e8

Time (s): cpu = 00:00:08 ; elapsed = 00:00:11 . Memory (MB): peak = 1364.391 ; gain = 535.242

Starting Logic Optimization Task

Phase 1 Retarget
INFO: [Opt 31-138] Pushed 0 inverter(s) to 0 load pin(s).
INFO: [Opt 31-49] Retargeted 0 cell(s).
Phase 1 Retarget | Checksum: f70a119e

Time (s): cpu = 00:00:00 ; elapsed = 00:00:00.995 . Memory (MB): peak = 1508.145 ; gain = 0.000
INFO: [Opt 31-389] Phase Retarget created 55 cells and removed 99 cells

Phase 2 Constant propagation
INFO: [Opt 31-138] Pushed 1 inverter(s) to 1 load pin(s).
Phase 2 Constant propagation | Checksum: 12c317a1c

Time (s): cpu = 00:00:00 ; elapsed = 00:00:01 . Memory (MB): peak = 1508.145 ; gain = 0.000
INFO: [Opt 31-389] Phase Constant propagation created 41 cells and removed 84 cells

Phase 3 Sweep
Phase 3 Sweep | Checksum: 109f98110

Time (s): cpu = 00:00:01 ; elapsed = 00:00:02 . Memory (MB): peak = 1508.145 ; gain = 0.000
INFO: [Opt 31-389] Phase Sweep created 0 cells and removed 281 cells

Phase 4 BUFG optimization
Phase 4 BUFG optimization | Checksum: 109f98110

Time (s): cpu = 00:00:01 ; elapsed = 00:00:02 . Memory (MB): peak = 1508.145 ; gain = 0.000
INFO: [Opt 31-662] Phase BUFG optimization created 0 cells of which 0 are BUFGs and removed 0 cells.

Phase 5 Shift Register Optimization
INFO: [Opt 31-1064] SRL Remap converted 0 SRLs to 0 registers and converted 0 registers of register chains to 0 SRLs
Phase 5 Shift Register Optimization | Checksum: 109f98110

Time (s): cpu = 00:00:01 ; elapsed = 00:00:02 . Memory (MB): peak = 1508.145 ; gain = 0.000
INFO: [Opt 31-389] Phase Shift Register Optimization created 0 cells and removed 0 cells

Phase 6 Post Processing Netlist
Phase 6 Post Processing Netlist | Checksum: 109f98110

Time (s): cpu = 00:00:01 ; elapsed = 00:00:02 . Memory (MB): peak = 1508.145 ; gain = 0.000
INFO: [Opt 31-389] Phase Post Processing Netlist created 0 cells and removed 0 cells
Opt_design Change Summary
=========================


-------------------------------------------------------------------------------------------------------------------------
|  Phase                        |  #Cells created  |  #Cells Removed  |  #Constrained objects preventing optimizations  |
-------------------------------------------------------------------------------------------------------------------------
|  Retarget                     |              55  |              99  |                                              0  |
|  Constant propagation         |              41  |              84  |                                              0  |
|  Sweep                        |               0  |             281  |                                              0  |
|  BUFG optimization            |               0  |               0  |                                              0  |
|  Shift Register Optimization  |               0  |               0  |                                              0  |
|  Post Processing Netlist      |               0  |               0  |                                              0  |
-------------------------------------------------------------------------------------------------------------------------



Starting Connectivity Check Task

Time (s): cpu = 00:00:00 ; elapsed = 00:00:00.006 . Memory (MB): peak = 1508.145 ; gain = 0.000
Ending Logic Optimization Task | Checksum: 14458aef5

Time (s): cpu = 00:00:01 ; elapsed = 00:00:02 . Memory (MB): peak = 1508.145 ; gain = 0.000

Starting Power Optimization Task
INFO: [Pwropt 34-132] Skipping clock gating for clocks with a period < 2.00 ns.
Ending Power Optimization Task | Checksum: 14458aef5

Time (s): cpu = 00:00:00 ; elapsed = 00:00:00.044 . Memory (MB): peak = 1508.145 ; gain = 0.000

Starting Final Cleanup Task
Ending Final Cleanup Task | Checksum: 14458aef5

Time (s): cpu = 00:00:00 ; elapsed = 00:00:00 . Memory (MB): peak = 1508.145 ; gain = 0.000

Starting Netlist Obfuscation Task
Netlist sorting complete. Time (s): cpu = 00:00:00 ; elapsed = 00:00:00.001 . Memory (MB): peak = 1508.145 ; gain = 0.000
Ending Netlist Obfuscation Task | Checksum: 14458aef5

Time (s): cpu = 00:00:00 ; elapsed = 00:00:00.001 . Memory (MB): peak = 1508.145 ; gain = 0.000
INFO: [Common 17-83] Releasing license: Implementation
34 Infos, 2 Warnings, 1 Critical Warnings and 0 Errors encountered.
opt_design completed successfully
opt_design: Time (s): cpu = 00:00:12 ; elapsed = 00:00:17 . Memory (MB): peak = 1508.145 ; gain = 701.617
Netlist sorting complete. Time (s): cpu = 00:00:00 ; elapsed = 00:00:00.001 . Memory (MB): peak = 1508.145 ; gain = 0.000
Writing placer database...
INFO: [Timing 38-480] Writing timing data to binary archive.
Writing XDEF routing.
Writing XDEF routing logical nets.
Writing XDEF routing special nets.
Write XDEF Complete: Time (s): cpu = 00:00:01 ; elapsed = 00:00:00.145 . Memory (MB): peak = 1508.145 ; gain = 0.000
INFO: [Common 17-1381] The checkpoint 'D:/Vivado_Projecten/EindOpdracht1/Eindopdracht_EOS/NeoMatrix3_project/NeoMatrix3_project.runs/impl_1/design_1_wrapper_opt.dcp' has been generated.
INFO: [runtcl-4] Executing : report_drc -file design_1_wrapper_drc_opted.rpt -pb design_1_wrapper_drc_opted.pb -rpx design_1_wrapper_drc_opted.rpx
Command: report_drc -file design_1_wrapper_drc_opted.rpt -pb design_1_wrapper_drc_opted.pb -rpx design_1_wrapper_drc_opted.rpx
INFO: [IP_Flow 19-1839] IP Catalog is up to date.
INFO: [DRC 23-27] Running DRC with 2 threads
INFO: [Coretcl 2-168] The results of DRC are in file D:/Vivado_Projecten/EindOpdracht1/Eindopdracht_EOS/NeoMatrix3_project/NeoMatrix3_project.runs/impl_1/design_1_wrapper_drc_opted.rpt.
report_drc completed successfully
Command: place_design
Attempting to get a license for feature 'Implementation' and/or device 'xc7z007s'
INFO: [Common 17-349] Got license for feature 'Implementation' and/or device 'xc7z007s'
INFO: [DRC 23-27] Running DRC with 2 threads
INFO: [Vivado_Tcl 4-198] DRC finished with 0 Errors
INFO: [Vivado_Tcl 4-199] Please refer to the DRC report (report_drc) for more information.
Running DRC as a precondition to command place_design
INFO: [DRC 23-27] Running DRC with 2 threads
INFO: [Vivado_Tcl 4-198] DRC finished with 0 Errors
INFO: [Vivado_Tcl 4-199] Please refer to the DRC report (report_drc) for more information.

Starting Placer Task
INFO: [Place 30-611] Multithreading enabled for place_design using a maximum of 2 CPUs

Phase 1 Placer Initialization

Phase 1.1 Placer Initialization Netlist Sorting
Netlist sorting complete. Time (s): cpu = 00:00:00 ; elapsed = 00:00:00.001 . Memory (MB): peak = 1508.145 ; gain = 0.000
Phase 1.1 Placer Initialization Netlist Sorting | Checksum: 113ddb8b7

Time (s): cpu = 00:00:00 ; elapsed = 00:00:00.174 . Memory (MB): peak = 1508.145 ; gain = 0.000
Netlist sorting complete. Time (s): cpu = 00:00:00 ; elapsed = 00:00:00.001 . Memory (MB): peak = 1508.145 ; gain = 0.000

Phase 1.2 IO Placement/ Clock Placement/ Build Placer Device
INFO: [Timing 38-35] Done setting XDC timing constraints.
Phase 1.2 IO Placement/ Clock Placement/ Build Placer Device | Checksum: f7b6ca58

Time (s): cpu = 00:00:02 ; elapsed = 00:00:02 . Memory (MB): peak = 1508.145 ; gain = 0.000

Phase 1.3 Build Placer Netlist Model
Phase 1.3 Build Placer Netlist Model | Checksum: 15a8e7e08

Time (s): cpu = 00:00:03 ; elapsed = 00:00:04 . Memory (MB): peak = 1508.145 ; gain = 0.000

Phase 1.4 Constrain Clocks/Macros
Phase 1.4 Constrain Clocks/Macros | Checksum: 15a8e7e08

Time (s): cpu = 00:00:03 ; elapsed = 00:00:05 . Memory (MB): peak = 1508.145 ; gain = 0.000
Phase 1 Placer Initialization | Checksum: 15a8e7e08

Time (s): cpu = 00:00:03 ; elapsed = 00:00:05 . Memory (MB): peak = 1508.145 ; gain = 0.000

Phase 2 Global Placement

Phase 2.1 Floorplanning
Phase 2.1 Floorplanning | Checksum: 1e4b870d3

Time (s): cpu = 00:00:03 ; elapsed = 00:00:05 . Memory (MB): peak = 1508.145 ; gain = 0.000

Phase 2.2 Global Placement Core

Phase 2.2.1 Physical Synthesis In Placer
INFO: [Physopt 32-65] No nets found for high-fanout optimization.
INFO: [Physopt 32-232] Optimized 0 net. Created 0 new instance.
INFO: [Physopt 32-775] End 1 Pass. Optimized 0 net or cell. Created 0 new cell, deleted 0 existing cell and moved 0 existing cell
INFO: [Physopt 32-670] No setup violation found.  DSP Register Optimization was not performed.
INFO: [Physopt 32-670] No setup violation found.  Shift Register Optimization was not performed.
INFO: [Physopt 32-670] No setup violation found.  BRAM Register Optimization was not performed.
INFO: [Physopt 32-949] No candidate nets found for HD net replication
INFO: [Physopt 32-775] End 1 Pass. Optimized 0 net or cell. Created 0 new cell, deleted 0 existing cell and moved 0 existing cell
Netlist sorting complete. Time (s): cpu = 00:00:00 ; elapsed = 00:00:00.001 . Memory (MB): peak = 1508.145 ; gain = 0.000

Summary of Physical Synthesis Optimizations
============================================


----------------------------------------------------------------------------------------------------------------------------------------
|  Optimization                  |  Added Cells  |  Removed Cells  |  Optimized Cells/Nets  |  Dont Touch  |  Iterations  |  Elapsed   |
----------------------------------------------------------------------------------------------------------------------------------------
|  Very High Fanout              |            0  |              0  |                     0  |           0  |           1  |  00:00:00  |
|  DSP Register                  |            0  |              0  |                     0  |           0  |           0  |  00:00:00  |
|  Shift Register                |            0  |              0  |                     0  |           0  |           0  |  00:00:00  |
|  BRAM Register                 |            0  |              0  |                     0  |           0  |           0  |  00:00:00  |
|  HD Interface Net Replication  |            0  |              0  |                     0  |           0  |           1  |  00:00:00  |
|  Total                         |            0  |              0  |                     0  |           0  |           2  |  00:00:00  |
----------------------------------------------------------------------------------------------------------------------------------------


Phase 2.2.1 Physical Synthesis In Placer | Checksum: 154ff2e73

Time (s): cpu = 00:00:06 ; elapsed = 00:00:08 . Memory (MB): peak = 1508.145 ; gain = 0.000
Phase 2.2 Global Placement Core | Checksum: 1a85b4c12

Time (s): cpu = 00:00:06 ; elapsed = 00:00:08 . Memory (MB): peak = 1508.145 ; gain = 0.000
Phase 2 Global Placement | Checksum: 1a85b4c12

Time (s): cpu = 00:00:06 ; elapsed = 00:00:08 . Memory (MB): peak = 1508.145 ; gain = 0.000

Phase 3 Detail Placement

Phase 3.1 Commit Multi Column Macros
Phase 3.1 Commit Multi Column Macros | Checksum: 163a466c5

Time (s): cpu = 00:00:07 ; elapsed = 00:00:08 . Memory (MB): peak = 1508.145 ; gain = 0.000

Phase 3.2 Commit Most Macros & LUTRAMs
Phase 3.2 Commit Most Macros & LUTRAMs | Checksum: 158472076

Time (s): cpu = 00:00:07 ; elapsed = 00:00:09 . Memory (MB): peak = 1508.145 ; gain = 0.000

Phase 3.3 Area Swap Optimization
Phase 3.3 Area Swap Optimization | Checksum: 1c9981311

Time (s): cpu = 00:00:07 ; elapsed = 00:00:09 . Memory (MB): peak = 1508.145 ; gain = 0.000

Phase 3.4 Pipeline Register Optimization
Phase 3.4 Pipeline Register Optimization | Checksum: 19aee4b61

Time (s): cpu = 00:00:07 ; elapsed = 00:00:09 . Memory (MB): peak = 1508.145 ; gain = 0.000

Phase 3.5 Small Shape Detail Placement
Phase 3.5 Small Shape Detail Placement | Checksum: 19e9d61c3

Time (s): cpu = 00:00:08 ; elapsed = 00:00:10 . Memory (MB): peak = 1508.145 ; gain = 0.000

Phase 3.6 Re-assign LUT pins
Phase 3.6 Re-assign LUT pins | Checksum: 227776154

Time (s): cpu = 00:00:08 ; elapsed = 00:00:10 . Memory (MB): peak = 1508.145 ; gain = 0.000

Phase 3.7 Pipeline Register Optimization
Phase 3.7 Pipeline Register Optimization | Checksum: 1560fa904

Time (s): cpu = 00:00:08 ; elapsed = 00:00:10 . Memory (MB): peak = 1508.145 ; gain = 0.000
Phase 3 Detail Placement | Checksum: 1560fa904

Time (s): cpu = 00:00:08 ; elapsed = 00:00:10 . Memory (MB): peak = 1508.145 ; gain = 0.000

Phase 4 Post Placement Optimization and Clean-Up

Phase 4.1 Post Commit Optimization
INFO: [Timing 38-35] Done setting XDC timing constraints.

Phase 4.1.1 Post Placement Optimization
Post Placement Optimization Initialization | Checksum: 1d1fdeb85

Phase 4.1.1.1 BUFG Insertion
INFO: [Place 46-56] BUFG insertion identified 0 candidate nets. Inserted BUFG: 0, Replicated BUFG Driver: 0, Skipped due to Placement/Routing Conflicts: 0, Skipped due to Timing Degradation: 0, Skipped due to Illegal Netlist: 0.
Phase 4.1.1.1 BUFG Insertion | Checksum: 1d1fdeb85

Time (s): cpu = 00:00:09 ; elapsed = 00:00:10 . Memory (MB): peak = 1508.699 ; gain = 0.555
INFO: [Place 30-746] Post Placement Timing Summary WNS=14.121. For the most accurate timing information please run report_timing.
Phase 4.1.1 Post Placement Optimization | Checksum: 27e8faf45

Time (s): cpu = 00:00:09 ; elapsed = 00:00:10 . Memory (MB): peak = 1508.699 ; gain = 0.555
Phase 4.1 Post Commit Optimization | Checksum: 27e8faf45

Time (s): cpu = 00:00:09 ; elapsed = 00:00:10 . Memory (MB): peak = 1508.699 ; gain = 0.555

Phase 4.2 Post Placement Cleanup
Phase 4.2 Post Placement Cleanup | Checksum: 27e8faf45

Time (s): cpu = 00:00:09 ; elapsed = 00:00:10 . Memory (MB): peak = 1508.699 ; gain = 0.555

Phase 4.3 Placer Reporting
Phase 4.3 Placer Reporting | Checksum: 27e8faf45

Time (s): cpu = 00:00:09 ; elapsed = 00:00:10 . Memory (MB): peak = 1508.699 ; gain = 0.555

Phase 4.4 Final Placement Cleanup
Netlist sorting complete. Time (s): cpu = 00:00:00 ; elapsed = 00:00:00.001 . Memory (MB): peak = 1508.699 ; gain = 0.000
Phase 4.4 Final Placement Cleanup | Checksum: 242146f5f

Time (s): cpu = 00:00:09 ; elapsed = 00:00:10 . Memory (MB): peak = 1508.699 ; gain = 0.555
Phase 4 Post Placement Optimization and Clean-Up | Checksum: 242146f5f

Time (s): cpu = 00:00:09 ; elapsed = 00:00:10 . Memory (MB): peak = 1508.699 ; gain = 0.555
Ending Placer Task | Checksum: 157aa4292

Time (s): cpu = 00:00:09 ; elapsed = 00:00:10 . Memory (MB): peak = 1508.699 ; gain = 0.555
INFO: [Common 17-83] Releasing license: Implementation
61 Infos, 2 Warnings, 1 Critical Warnings and 0 Errors encountered.
place_design completed successfully
place_design: Time (s): cpu = 00:00:10 ; elapsed = 00:00:12 . Memory (MB): peak = 1508.699 ; gain = 0.555
Netlist sorting complete. Time (s): cpu = 00:00:00 ; elapsed = 00:00:00.002 . Memory (MB): peak = 1508.699 ; gain = 0.000
INFO: [Timing 38-480] Writing timing data to binary archive.
Writing placer database...
Writing XDEF routing.
Writing XDEF routing logical nets.
Writing XDEF routing special nets.
Write XDEF Complete: Time (s): cpu = 00:00:01 ; elapsed = 00:00:00.228 . Memory (MB): peak = 1509.715 ; gain = 1.016
INFO: [Common 17-1381] The checkpoint 'D:/Vivado_Projecten/EindOpdracht1/Eindopdracht_EOS/NeoMatrix3_project/NeoMatrix3_project.runs/impl_1/design_1_wrapper_placed.dcp' has been generated.
INFO: [runtcl-4] Executing : report_io -file design_1_wrapper_io_placed.rpt
report_io: Time (s): cpu = 00:00:00 ; elapsed = 00:00:00.091 . Memory (MB): peak = 1509.715 ; gain = 0.000
INFO: [runtcl-4] Executing : report_utilization -file design_1_wrapper_utilization_placed.rpt -pb design_1_wrapper_utilization_placed.pb
INFO: [runtcl-4] Executing : report_control_sets -verbose -file design_1_wrapper_control_sets_placed.rpt
report_control_sets: Time (s): cpu = 00:00:01 ; elapsed = 00:00:00.051 . Memory (MB): peak = 1509.715 ; gain = 0.000
Command: route_design
Attempting to get a license for feature 'Implementation' and/or device 'xc7z007s'
INFO: [Common 17-349] Got license for feature 'Implementation' and/or device 'xc7z007s'
Running DRC as a precondition to command route_design
INFO: [DRC 23-27] Running DRC with 2 threads
INFO: [Vivado_Tcl 4-198] DRC finished with 0 Errors
INFO: [Vivado_Tcl 4-199] Please refer to the DRC report (report_drc) for more information.


Starting Routing Task
INFO: [Route 35-254] Multithreading enabled for route_design using a maximum of 2 CPUs
Checksum: PlaceDB: c5bf4148 ConstDB: 0 ShapeSum: 91eb014a RouteDB: 0

Phase 1 Build RT Design
Phase 1 Build RT Design | Checksum: 153cc51ea

Time (s): cpu = 00:00:13 ; elapsed = 00:00:12 . Memory (MB): peak = 1555.000 ; gain = 31.277
Post Restoration Checksum: NetGraph: 9bb018df NumContArr: b81c390b Constraints: 0 Timing: 0

Phase 2 Router Initialization

Phase 2.1 Create Timer
Phase 2.1 Create Timer | Checksum: 153cc51ea

Time (s): cpu = 00:00:13 ; elapsed = 00:00:12 . Memory (MB): peak = 1583.234 ; gain = 59.512

Phase 2.2 Fix Topology Constraints
Phase 2.2 Fix Topology Constraints | Checksum: 153cc51ea

Time (s): cpu = 00:00:13 ; elapsed = 00:00:12 . Memory (MB): peak = 1589.266 ; gain = 65.543

Phase 2.3 Pre Route Cleanup
Phase 2.3 Pre Route Cleanup | Checksum: 153cc51ea

Time (s): cpu = 00:00:13 ; elapsed = 00:00:12 . Memory (MB): peak = 1589.266 ; gain = 65.543
 Number of Nodes with overlaps = 0

Phase 2.4 Update Timing
Phase 2.4 Update Timing | Checksum: 183f2f4a3

Time (s): cpu = 00:00:14 ; elapsed = 00:00:12 . Memory (MB): peak = 1595.336 ; gain = 71.613
INFO: [Route 35-416] Intermediate Timing Summary | WNS=14.105 | TNS=0.000  | WHS=-0.150 | THS=-18.932|

Phase 2 Router Initialization | Checksum: 1bcea7314

Time (s): cpu = 00:00:14 ; elapsed = 00:00:13 . Memory (MB): peak = 1600.016 ; gain = 76.293

Router Utilization Summary
  Global Vertical Routing Utilization    = 0.0247748 %
  Global Horizontal Routing Utilization  = 0.0367647 %
  Routable Net Status*
  *Does not include unroutable nets such as driverless and loadless.
  Run report_route_status for detailed report.
  Number of Failed Nets               = 2147
    (Failed Nets is the sum of unrouted and partially routed nets)
  Number of Unrouted Nets             = 2145
  Number of Partially Routed Nets     = 2
  Number of Node Overlaps             = 11


Phase 3 Initial Routing
Phase 3 Initial Routing | Checksum: 2b30e7529

Time (s): cpu = 00:00:15 ; elapsed = 00:00:13 . Memory (MB): peak = 1600.320 ; gain = 76.598

Phase 4 Rip-up And Reroute

Phase 4.1 Global Iteration 0
 Number of Nodes with overlaps = 194
 Number of Nodes with overlaps = 0
INFO: [Route 35-416] Intermediate Timing Summary | WNS=13.328 | TNS=0.000  | WHS=N/A    | THS=N/A    |

Phase 4.1 Global Iteration 0 | Checksum: 18f685a2d

Time (s): cpu = 00:00:16 ; elapsed = 00:00:13 . Memory (MB): peak = 1600.320 ; gain = 76.598

Phase 4.2 Global Iteration 1
 Number of Nodes with overlaps = 2
 Number of Nodes with overlaps = 0
INFO: [Route 35-416] Intermediate Timing Summary | WNS=13.328 | TNS=0.000  | WHS=N/A    | THS=N/A    |

Phase 4.2 Global Iteration 1 | Checksum: f6cc9be9

Time (s): cpu = 00:00:16 ; elapsed = 00:00:14 . Memory (MB): peak = 1600.320 ; gain = 76.598
Phase 4 Rip-up And Reroute | Checksum: f6cc9be9

Time (s): cpu = 00:00:16 ; elapsed = 00:00:14 . Memory (MB): peak = 1600.320 ; gain = 76.598

Phase 5 Delay and Skew Optimization

Phase 5.1 Delay CleanUp
Phase 5.1 Delay CleanUp | Checksum: f6cc9be9

Time (s): cpu = 00:00:16 ; elapsed = 00:00:14 . Memory (MB): peak = 1600.320 ; gain = 76.598

Phase 5.2 Clock Skew Optimization
Phase 5.2 Clock Skew Optimization | Checksum: f6cc9be9

Time (s): cpu = 00:00:16 ; elapsed = 00:00:14 . Memory (MB): peak = 1600.320 ; gain = 76.598
Phase 5 Delay and Skew Optimization | Checksum: f6cc9be9

Time (s): cpu = 00:00:16 ; elapsed = 00:00:14 . Memory (MB): peak = 1600.320 ; gain = 76.598

Phase 6 Post Hold Fix

Phase 6.1 Hold Fix Iter

Phase 6.1.1 Update Timing
Phase 6.1.1 Update Timing | Checksum: 8f9ddcef

Time (s): cpu = 00:00:16 ; elapsed = 00:00:14 . Memory (MB): peak = 1600.320 ; gain = 76.598
INFO: [Route 35-416] Intermediate Timing Summary | WNS=13.479 | TNS=0.000  | WHS=0.012  | THS=0.000  |

Phase 6.1 Hold Fix Iter | Checksum: 11f1910fa

Time (s): cpu = 00:00:16 ; elapsed = 00:00:14 . Memory (MB): peak = 1600.320 ; gain = 76.598
Phase 6 Post Hold Fix | Checksum: 11f1910fa

Time (s): cpu = 00:00:16 ; elapsed = 00:00:14 . Memory (MB): peak = 1600.320 ; gain = 76.598

Phase 7 Route finalize

Router Utilization Summary
  Global Vertical Routing Utilization    = 0.745073 %
  Global Horizontal Routing Utilization  = 0.988741 %
  Routable Net Status*
  *Does not include unroutable nets such as driverless and loadless.
  Run report_route_status for detailed report.
  Number of Failed Nets               = 0
    (Failed Nets is the sum of unrouted and partially routed nets)
  Number of Unrouted Nets             = 0
  Number of Partially Routed Nets     = 0
  Number of Node Overlaps             = 0

Phase 7 Route finalize | Checksum: 17035ca40

Time (s): cpu = 00:00:16 ; elapsed = 00:00:14 . Memory (MB): peak = 1600.320 ; gain = 76.598

Phase 8 Verifying routed nets

 Verification completed successfully
Phase 8 Verifying routed nets | Checksum: 17035ca40

Time (s): cpu = 00:00:16 ; elapsed = 00:00:14 . Memory (MB): peak = 1601.328 ; gain = 77.605

Phase 9 Depositing Routes
Phase 9 Depositing Routes | Checksum: 215a03241

Time (s): cpu = 00:00:16 ; elapsed = 00:00:14 . Memory (MB): peak = 1601.328 ; gain = 77.605

Phase 10 Post Router Timing
INFO: [Route 35-57] Estimated Timing Summary | WNS=13.479 | TNS=0.000  | WHS=0.012  | THS=0.000  |

INFO: [Route 35-327] The final timing numbers are based on the router estimated timing analysis. For a complete and accurate timing signoff, please run report_timing_summary.
Phase 10 Post Router Timing | Checksum: 215a03241

Time (s): cpu = 00:00:16 ; elapsed = 00:00:14 . Memory (MB): peak = 1601.328 ; gain = 77.605
INFO: [Route 35-16] Router Completed Successfully

Time (s): cpu = 00:00:16 ; elapsed = 00:00:14 . Memory (MB): peak = 1601.328 ; gain = 77.605

Routing Is Done.
INFO: [Common 17-83] Releasing license: Implementation
79 Infos, 2 Warnings, 1 Critical Warnings and 0 Errors encountered.
route_design completed successfully
route_design: Time (s): cpu = 00:00:17 ; elapsed = 00:00:15 . Memory (MB): peak = 1601.328 ; gain = 91.613
Netlist sorting complete. Time (s): cpu = 00:00:00 ; elapsed = 00:00:00.001 . Memory (MB): peak = 1601.328 ; gain = 0.000
INFO: [Timing 38-480] Writing timing data to binary archive.
Writing placer database...
Writing XDEF routing.
Writing XDEF routing logical nets.
Writing XDEF routing special nets.
Write XDEF Complete: Time (s): cpu = 00:00:01 ; elapsed = 00:00:00.264 . Memory (MB): peak = 1611.203 ; gain = 9.875
INFO: [Common 17-1381] The checkpoint 'D:/Vivado_Projecten/EindOpdracht1/Eindopdracht_EOS/NeoMatrix3_project/NeoMatrix3_project.runs/impl_1/design_1_wrapper_routed.dcp' has been generated.
INFO: [runtcl-4] Executing : report_drc -file design_1_wrapper_drc_routed.rpt -pb design_1_wrapper_drc_routed.pb -rpx design_1_wrapper_drc_routed.rpx
Command: report_drc -file design_1_wrapper_drc_routed.rpt -pb design_1_wrapper_drc_routed.pb -rpx design_1_wrapper_drc_routed.rpx
INFO: [IP_Flow 19-1839] IP Catalog is up to date.
INFO: [DRC 23-27] Running DRC with 2 threads
INFO: [Coretcl 2-168] The results of DRC are in file D:/Vivado_Projecten/EindOpdracht1/Eindopdracht_EOS/NeoMatrix3_project/NeoMatrix3_project.runs/impl_1/design_1_wrapper_drc_routed.rpt.
report_drc completed successfully
INFO: [runtcl-4] Executing : report_methodology -file design_1_wrapper_methodology_drc_routed.rpt -pb design_1_wrapper_methodology_drc_routed.pb -rpx design_1_wrapper_methodology_drc_routed.rpx
Command: report_methodology -file design_1_wrapper_methodology_drc_routed.rpt -pb design_1_wrapper_methodology_drc_routed.pb -rpx design_1_wrapper_methodology_drc_routed.rpx
INFO: [Timing 38-35] Done setting XDC timing constraints.
INFO: [DRC 23-133] Running Methodology with 2 threads
INFO: [Coretcl 2-1520] The results of Report Methodology are in file D:/Vivado_Projecten/EindOpdracht1/Eindopdracht_EOS/NeoMatrix3_project/NeoMatrix3_project.runs/impl_1/design_1_wrapper_methodology_drc_routed.rpt.
report_methodology completed successfully
INFO: [runtcl-4] Executing : report_power -file design_1_wrapper_power_routed.rpt -pb design_1_wrapper_power_summary_routed.pb -rpx design_1_wrapper_power_routed.rpx
Command: report_power -file design_1_wrapper_power_routed.rpt -pb design_1_wrapper_power_summary_routed.pb -rpx design_1_wrapper_power_routed.rpx
INFO: [Power 33-23] Power model is not available for STARTUPE2_inst
INFO: [Timing 38-35] Done setting XDC timing constraints.
Running Vector-less Activity Propagation...

Finished Running Vector-less Activity Propagation
92 Infos, 2 Warnings, 1 Critical Warnings and 0 Errors encountered.
report_power completed successfully
INFO: [runtcl-4] Executing : report_route_status -file design_1_wrapper_route_status.rpt -pb design_1_wrapper_route_status.pb
INFO: [runtcl-4] Executing : report_timing_summary -max_paths 10 -file design_1_wrapper_timing_summary_routed.rpt -pb design_1_wrapper_timing_summary_routed.pb -rpx design_1_wrapper_timing_summary_routed.rpx -warn_on_violation 
INFO: [Timing 38-91] UpdateTimingParams: Speed grade: -1, Delay Type: min_max.
INFO: [Timing 38-191] Multithreading enabled for timing update using a maximum of 2 CPUs
INFO: [runtcl-4] Executing : report_incremental_reuse -file design_1_wrapper_incremental_reuse_routed.rpt
INFO: [Vivado_Tcl 4-1062] Incremental flow is disabled. No incremental reuse Info to report.
INFO: [runtcl-4] Executing : report_clock_utilization -file design_1_wrapper_clock_utilization_routed.rpt
INFO: [runtcl-4] Executing : report_bus_skew -warn_on_violation -file design_1_wrapper_bus_skew_routed.rpt -pb design_1_wrapper_bus_skew_routed.pb -rpx design_1_wrapper_bus_skew_routed.rpx
INFO: [Timing 38-91] UpdateTimingParams: Speed grade: -1, Delay Type: min_max.
INFO: [Timing 38-191] Multithreading enabled for timing update using a maximum of 2 CPUs
Command: write_bitstream -force design_1_wrapper.bit
Attempting to get a license for feature 'Implementation' and/or device 'xc7z007s'
INFO: [Common 17-349] Got license for feature 'Implementation' and/or device 'xc7z007s'
Running DRC as a precondition to command write_bitstream
INFO: [IP_Flow 19-1839] IP Catalog is up to date.
INFO: [DRC 23-27] Running DRC with 2 threads
INFO: [Vivado 12-3199] DRC finished with 0 Errors
INFO: [Vivado 12-3200] Please refer to the DRC report (report_drc) for more information.
INFO: [Designutils 20-2272] Running write_bitstream with 2 threads.
Loading data files...
Loading site data...
Loading route data...
Processing options...
Creating bitmap...
Creating bitstream...
Writing bitstream ./design_1_wrapper.bit...
INFO: [Vivado 12-1842] Bitgen Completed Successfully.
INFO: [Project 1-120] WebTalk data collection is mandatory when using a WebPACK part without a full Vivado license. To see the specific WebTalk data collected for your design, open the usage_statistics_webtalk.html or usage_statistics_webtalk.xml file in the implementation directory.
INFO: [Common 17-186] 'D:/Vivado_Projecten/EindOpdracht1/Eindopdracht_EOS/NeoMatrix3_project/NeoMatrix3_project.runs/impl_1/usage_statistics_webtalk.xml' has been successfully sent to Xilinx on Sat Jan  4 10:56:08 2020. For additional details about this file, please refer to the WebTalk help file at D:/Xilinx/Vivado/2019.1/doc/webtalk_introduction.html.
INFO: [Common 17-83] Releasing license: Implementation
112 Infos, 2 Warnings, 1 Critical Warnings and 0 Errors encountered.
write_bitstream completed successfully
write_bitstream: Time (s): cpu = 00:00:13 ; elapsed = 00:00:15 . Memory (MB): peak = 2049.770 ; gain = 413.590
INFO: [Common 17-206] Exiting Vivado at Sat Jan  4 10:56:08 2020...
