15:06:06 **** Auto Build of configuration Debug for project Sensor ****
make pre-build main-build 
a9-linaro-pre-build-step
' '
'Building file: ../src/freertos_hello_world.c'
'Invoking: ARM v7 gcc compiler'
arm-none-eabi-gcc -Wall -O0 -g3 -c -fmessage-length=0 -MT"src/freertos_hello_world.o" -mcpu=cortex-a9 -mfpu=vfpv3 -mfloat-abi=hard -I../../Sensor_bsp/ps7_cortexa9_0/include -MMD -MP -MF"src/freertos_hello_world.d" -MT"src/freertos_hello_world.o" -o "src/freertos_hello_world.o" "../src/freertos_hello_world.c"
../src/freertos_hello_world.c:67:13: warning: 'prvKnop' declared 'static' but never defined [-Wunused-function]
 static void prvKnop(void *pvParameters);
             ^~~~~~~
../src/freertos_hello_world.c:76:21: warning: 'xKnop' defined but not used [-Wunused-variable]
 static TaskHandle_t xKnop;
                     ^~~~~
'Finished building: ../src/freertos_hello_world.c'
' '
'Building target: Sensor.elf'
'Invoking: ARM v7 gcc linker'
arm-none-eabi-gcc -mcpu=cortex-a9 -mfpu=vfpv3 -mfloat-abi=hard -Wl,-build-id=none -specs=Xilinx.spec -Wl,-T -Wl,../src/lscript.ld -L../../Sensor_bsp/ps7_cortexa9_0/lib -o "Sensor.elf"  ./src/freertos_hello_world.o   -Wl,--start-group,-lxil,-lfreertos,-lgcc,-lc,--end-group
'Finished building target: Sensor.elf'
' '
'Invoking: ARM v7 Print Size'
arm-none-eabi-size Sensor.elf  |tee "Sensor.elf.size"
   text	   data	    bss	    dec	    hex	filename
  77964	   3372	  89472	 170808	  29b38	Sensor.elf
'Finished building: Sensor.elf.size'
' '

15:06:07 Build Finished (took 1s.171ms)

