#-----------------------------------------------------------
# Vivado v2019.1 (64-bit)
# SW Build 2552052 on Fri May 24 14:49:42 MDT 2019
# IP Build 2548770 on Fri May 24 18:01:18 MDT 2019
# Start of session at: Wed Dec  4 17:31:12 2019
# Process ID: 14200
# Current directory: C:/Users/admin/Documents/pxl/3dejaar/embedded_os/Eindopdracht_EOS/Blokdesign_2
# Command line: vivado.exe -gui_launcher_event rodinguilauncherevent3840 C:\Users\admin\Documents\pxl\3dejaar\embedded_os\Eindopdracht_EOS\Blokdesign_2\Blokdesign.xpr
# Log file: C:/Users/admin/Documents/pxl/3dejaar/embedded_os/Eindopdracht_EOS/Blokdesign_2/vivado.log
# Journal file: C:/Users/admin/Documents/pxl/3dejaar/embedded_os/Eindopdracht_EOS/Blokdesign_2\vivado.jou
#-----------------------------------------------------------
start_gui
open_project C:/Users/admin/Documents/pxl/3dejaar/embedded_os/Eindopdracht_EOS/Blokdesign_2/Blokdesign.xpr
Scanning sources...
Finished scanning sources
INFO: [IP_Flow 19-234] Refreshing IP repositories
WARNING: [IP_Flow 19-3685] Ignored loading user repository 'c:/Users/admin/Documents/pxl/3dejaar/embedded_os/Eindopdracht_EOS/ip_repo/NeoMatrix_1.0'. The path is contained within another repository.
WARNING: [IP_Flow 19-395] Problem validating against XML schema: : Not well formed
CRITICAL WARNING: [IP_Flow 19-1977] Unable to read IP file c:/Users/admin/Documents/pxl/3dejaar/embedded_os/Eindopdracht_EOS/ip_repo/NeonIp_1.0/component.xml. This IP will not be included in the IP Catalog.
INFO: [IP_Flow 19-1700] Loaded user IP repository 'c:/Users/admin/Documents/pxl/3dejaar/embedded_os/Eindopdracht_EOS/ip_repo'.
INFO: [IP_Flow 19-2313] Loaded Vivado IP repository 'C:/Xilinx/Vivado/2019.1/data/ip'.
open_project: Time (s): cpu = 00:00:35 ; elapsed = 00:00:15 . Memory (MB): peak = 719.555 ; gain = 59.117
update_compile_order -fileset sources_1
open_bd_design {C:/Users/admin/Documents/pxl/3dejaar/embedded_os/Eindopdracht_EOS/Blokdesign_2/Blokdesign.srcs/sources_1/bd/design_1/design_1.bd}
Adding component instance block -- xilinx.com:ip:processing_system7:5.5 - processing_system7_0
Adding component instance block -- xilinx.com:user:Ultrasoon:1.0 - Ultrasoon_0
Adding component instance block -- xilinx.com:ip:axi_interconnect:2.1 - ps7_0_axi_periph
Adding component instance block -- xilinx.com:ip:axi_crossbar:2.1 - xbar
Adding component instance block -- xilinx.com:ip:axi_protocol_converter:2.1 - auto_pc
Adding component instance block -- xilinx.com:ip:proc_sys_reset:5.0 - rst_ps7_0_50M
Adding component instance block -- xilinx.com:user:NeoMatrix:1.0 - NeoMatrix_0
WARNING: [BD 41-1731] Type mismatch between connected pins: /processing_system7_0/FCLK_CLK0(clk) and /NeoMatrix_0/clk_50(undef)
Successfully read diagram <design_1> from BD file <C:/Users/admin/Documents/pxl/3dejaar/embedded_os/Eindopdracht_EOS/Blokdesign_2/Blokdesign.srcs/sources_1/bd/design_1/design_1.bd>
open_bd_design: Time (s): cpu = 00:00:15 ; elapsed = 00:00:14 . Memory (MB): peak = 897.082 ; gain = 122.789
file copy -force C:/Users/admin/Documents/pxl/3dejaar/embedded_os/Eindopdracht_EOS/Blokdesign_2/Blokdesign.runs/impl_1/design_1_wrapper.sysdef C:/Users/admin/Documents/pxl/3dejaar/embedded_os/Eindopdracht_EOS/Blokdesign_2/Blokdesign.sdk/design_1_wrapper.hdf

launch_sdk -workspace C:/Users/admin/Documents/pxl/3dejaar/embedded_os/Eindopdracht_EOS/Blokdesign_2/Blokdesign.sdk -hwspec C:/Users/admin/Documents/pxl/3dejaar/embedded_os/Eindopdracht_EOS/Blokdesign_2/Blokdesign.sdk/design_1_wrapper.hdf
INFO: [Vivado 12-393] Launching SDK...
INFO: [Vivado 12-417] Running xsdk -workspace C:/Users/admin/Documents/pxl/3dejaar/embedded_os/Eindopdracht_EOS/Blokdesign_2/Blokdesign.sdk -hwspec C:/Users/admin/Documents/pxl/3dejaar/embedded_os/Eindopdracht_EOS/Blokdesign_2/Blokdesign.sdk/design_1_wrapper.hdf
INFO: [Vivado 12-3157] SDK launch initiated. Please check console for any further messages.
ipx::edit_ip_in_project -upgrade true -name Ultrasoon_v1_0_project -directory C:/Users/admin/Documents/pxl/3dejaar/embedded_os/Eindopdracht_EOS/Blokdesign_2/Blokdesign.tmp/Ultrasoon_v1_0_project c:/Users/admin/Documents/pxl/3dejaar/embedded_os/Eindopdracht_EOS/ip_repo/Ultrasoon/Ultrasoon_1.0/component.xml
INFO: [ProjectBase 1-489] The host OS only allows 260 characters in a normal path. The project is stored in a path with more than 80 characters. If you experience issues with IP, Block Designs, or files not being found, please consider moving the project to a location with a shorter path. Alternately consider using the OS subst command to map part of the path to a drive letter.
Current project path is 'c:/users/admin/documents/pxl/3dejaar/embedded_os/eindopdracht_eos/blokdesign_2/blokdesign.tmp/ultrasoon_v1_0_project'
INFO: [IP_Flow 19-234] Refreshing IP repositories
INFO: [IP_Flow 19-1704] No user IP repositories specified
INFO: [IP_Flow 19-2313] Loaded Vivado IP repository 'C:/Xilinx/Vivado/2019.1/data/ip'.
create_project: Time (s): cpu = 00:00:11 ; elapsed = 00:00:07 . Memory (MB): peak = 926.090 ; gain = 0.000
INFO: [IP_Flow 19-234] Refreshing IP repositories
WARNING: [IP_Flow 19-3685] Ignored loading user repository 'c:/Users/admin/Documents/pxl/3dejaar/embedded_os/Eindopdracht_EOS/ip_repo/NeoMatrix_1.0'. The path is contained within another repository.
WARNING: [IP_Flow 19-395] Problem validating against XML schema: : Not well formed
CRITICAL WARNING: [IP_Flow 19-1977] Unable to read IP file c:/Users/admin/Documents/pxl/3dejaar/embedded_os/Eindopdracht_EOS/ip_repo/NeonIp_1.0/component.xml. This IP will not be included in the IP Catalog.
INFO: [IP_Flow 19-1700] Loaded user IP repository 'c:/Users/admin/Documents/pxl/3dejaar/embedded_os/Eindopdracht_EOS/ip_repo'.
INFO: [IP_Flow 19-795] Syncing license key meta-data
ipx::edit_ip_in_project: Time (s): cpu = 00:00:17 ; elapsed = 00:00:10 . Memory (MB): peak = 956.367 ; gain = 30.277
update_compile_order -fileset sources_1
close_project
launch_sdk -workspace C:/Users/admin/Documents/pxl/3dejaar/embedded_os/Eindopdracht_EOS/Blokdesign_2/Blokdesign.sdk -hwspec C:/Users/admin/Documents/pxl/3dejaar/embedded_os/Eindopdracht_EOS/Blokdesign_2/Blokdesign.sdk/design_1_wrapper.hdf
INFO: [Vivado 12-393] Launching SDK...
INFO: [Vivado 12-417] Running xsdk -workspace C:/Users/admin/Documents/pxl/3dejaar/embedded_os/Eindopdracht_EOS/Blokdesign_2/Blokdesign.sdk -hwspec C:/Users/admin/Documents/pxl/3dejaar/embedded_os/Eindopdracht_EOS/Blokdesign_2/Blokdesign.sdk/design_1_wrapper.hdf
INFO: [Vivado 12-3157] SDK launch initiated. Please check console for any further messages.
exit
INFO: [Common 17-206] Exiting Vivado at Wed Dec  4 17:34:42 2019...
