#-----------------------------------------------------------
# Vivado v2019.1 (64-bit)
# SW Build 2552052 on Fri May 24 14:49:42 MDT 2019
# IP Build 2548770 on Fri May 24 18:01:18 MDT 2019
# Start of session at: Wed Dec  4 17:28:55 2019
# Process ID: 3420
# Current directory: C:/Users/admin/Documents/pxl/3dejaar/embedded_os/Eindopdracht_EOS/Blokdesign_2
# Command line: vivado.exe -gui_launcher_event rodinguilauncherevent2424 C:\Users\admin\Documents\pxl\3dejaar\embedded_os\Eindopdracht_EOS\Blokdesign_2\Blokdesign.xpr
# Log file: C:/Users/admin/Documents/pxl/3dejaar/embedded_os/Eindopdracht_EOS/Blokdesign_2/vivado.log
# Journal file: C:/Users/admin/Documents/pxl/3dejaar/embedded_os/Eindopdracht_EOS/Blokdesign_2\vivado.jou
#-----------------------------------------------------------
start_gui
open_project C:/Users/admin/Documents/pxl/3dejaar/embedded_os/Eindopdracht_EOS/Blokdesign_2/Blokdesign.xpr
Scanning sources...
Finished scanning sources
INFO: [IP_Flow 19-234] Refreshing IP repositories
WARNING: [IP_Flow 19-3685] Ignored loading user repository 'c:/Users/admin/Documents/pxl/3dejaar/embedded_os/Eindopdracht_EOS/ip_repo/NeoMatrix_1.0'. The path is contained within another repository.
WARNING: [IP_Flow 19-395] Problem validating against XML schema: : Not well formed
CRITICAL WARNING: [IP_Flow 19-1977] Unable to read IP file c:/Users/admin/Documents/pxl/3dejaar/embedded_os/Eindopdracht_EOS/ip_repo/NeonIp_1.0/component.xml. This IP will not be included in the IP Catalog.
INFO: [IP_Flow 19-1700] Loaded user IP repository 'c:/Users/admin/Documents/pxl/3dejaar/embedded_os/Eindopdracht_EOS/ip_repo'.
INFO: [IP_Flow 19-2313] Loaded Vivado IP repository 'C:/Xilinx/Vivado/2019.1/data/ip'.
open_project: Time (s): cpu = 00:00:44 ; elapsed = 00:00:19 . Memory (MB): peak = 711.406 ; gain = 91.094
exit
INFO: [Common 17-206] Exiting Vivado at Wed Dec  4 17:30:04 2019...
