Copyright 1986-2019 Xilinx, Inc. All Rights Reserved.
---------------------------------------------------------------------------------------------
| Tool Version : Vivado v.2019.1 (win64) Build 2552052 Fri May 24 14:49:42 MDT 2019
| Date         : Wed Nov 27 11:50:39 2019
| Host         : DESKTOP-5O617LN running 64-bit major release  (build 9200)
| Command      : report_control_sets -verbose -file design_1_wrapper_control_sets_placed.rpt
| Design       : design_1_wrapper
| Device       : xc7z007s
---------------------------------------------------------------------------------------------

Control Set Information

Table of Contents
-----------------
1. Summary
2. Histogram
3. Flip-Flop Distribution
4. Detailed Control Set Information

1. Summary
----------

+----------------------------------------------------------+-------+
|                          Status                          | Count |
+----------------------------------------------------------+-------+
| Total control sets                                       |    73 |
|    Minimum number of control sets                        |    73 |
|    Addition due to synthesis replication                 |     0 |
|    Addition due to physical synthesis replication        |     0 |
| Unused register locations in slices containing registers |   127 |
+----------------------------------------------------------+-------+
* Control sets can be merged at opt_design using control_set_merge or merge_equivalent_drivers
** Run report_qor_suggestions for automated merging and remapping suggestions


2. Histogram
------------

+--------------------+-------+
|       Fanout       | Count |
+--------------------+-------+
| Total control sets |    73 |
| >= 0 to < 4        |     1 |
| >= 4 to < 6        |    11 |
| >= 6 to < 8        |     2 |
| >= 8 to < 10       |    30 |
| >= 10 to < 12      |     4 |
| >= 12 to < 14      |     3 |
| >= 14 to < 16      |     2 |
| >= 16              |    20 |
+--------------------+-------+
* Control sets can be remapped at either synth_design or opt_design


3. Flip-Flop Distribution
-------------------------

+--------------+-----------------------+------------------------+-----------------+--------------+
| Clock Enable | Synchronous Set/Reset | Asynchronous Set/Reset | Total Registers | Total Slices |
+--------------+-----------------------+------------------------+-----------------+--------------+
| No           | No                    | No                     |             170 |           58 |
| No           | No                    | Yes                    |               0 |            0 |
| No           | Yes                   | No                     |              53 |           22 |
| Yes          | No                    | No                     |             401 |           84 |
| Yes          | No                    | Yes                    |               0 |            0 |
| Yes          | Yes                   | No                     |             489 |          118 |
+--------------+-----------------------+------------------------+-----------------+--------------+


4. Detailed Control Set Information
-----------------------------------

+-------------------------------------------------+----------------------------------------------------------------------------------------------------------------------------------------------------------------+-------------------------------------------------------------------------------------------------------------------------------------------------------+------------------+----------------+
|                   Clock Signal                  |                                                                          Enable Signal                                                                         |                                                                    Set/Reset Signal                                                                   | Slice Load Count | Bel Load Count |
+-------------------------------------------------+----------------------------------------------------------------------------------------------------------------------------------------------------------------+-------------------------------------------------------------------------------------------------------------------------------------------------------+------------------+----------------+
|  design_1_i/processing_system7_0/inst/FCLK_CLK0 | design_1_i/ps7_0_axi_periph/s00_couplers/auto_pc/inst/gen_axilite.gen_b2s_conv.axilite_b2s/WR.b_channel_0/bid_fifo_0/bresp_push                                |                                                                                                                                                       |                1 |              2 |
|  design_1_i/processing_system7_0/inst/FCLK_CLK0 |                                                                                                                                                                | design_1_i/ps7_0_axi_periph/s00_couplers/auto_pc/inst/gen_axilite.gen_b2s_conv.axilite_b2s/SI_REG/aw.aw_pipe/aresetn_d_reg[0]_0                       |                2 |              4 |
|  design_1_i/processing_system7_0/inst/FCLK_CLK0 |                                                                                                                                                                | design_1_i/ps7_0_axi_periph/s00_couplers/auto_pc/inst/gen_axilite.gen_b2s_conv.axilite_b2s/SI_REG/ar.ar_pipe/aresetn_d_reg[1]_inv_0                   |                2 |              4 |
|  design_1_i/processing_system7_0/inst/FCLK_CLK0 |                                                                                                                                                                | design_1_i/rst_ps7_0_50M/U0/EXT_LPF/lpf_int                                                                                                           |                2 |              4 |
|  design_1_i/processing_system7_0/inst/FCLK_CLK0 | design_1_i/ps7_0_axi_periph/s00_couplers/auto_pc/inst/gen_axilite.gen_b2s_conv.axilite_b2s/RD.ar_channel_0/ar_cmd_fsm_0/sel_first_reg[0]                       |                                                                                                                                                       |                1 |              4 |
|  design_1_i/processing_system7_0/inst/FCLK_CLK0 | design_1_i/ps7_0_axi_periph/s00_couplers/auto_pc/inst/gen_axilite.gen_b2s_conv.axilite_b2s/RD.ar_channel_0/ar_cmd_fsm_0/E[0]                                   |                                                                                                                                                       |                2 |              4 |
|  design_1_i/processing_system7_0/inst/FCLK_CLK0 | design_1_i/ps7_0_axi_periph/s00_couplers/auto_pc/inst/gen_axilite.gen_b2s_conv.axilite_b2s/WR.aw_channel_0/cmd_translator_0/incr_cmd_0/axaddr_incr[11]_i_1_n_0 |                                                                                                                                                       |                2 |              4 |
|  design_1_i/processing_system7_0/inst/FCLK_CLK0 | design_1_i/ps7_0_axi_periph/s00_couplers/auto_pc/inst/gen_axilite.gen_b2s_conv.axilite_b2s/WR.aw_channel_0/aw_cmd_fsm_0/E[0]                                   |                                                                                                                                                       |                1 |              4 |
|  design_1_i/processing_system7_0/inst/FCLK_CLK0 | design_1_i/ps7_0_axi_periph/s00_couplers/auto_pc/inst/gen_axilite.gen_b2s_conv.axilite_b2s/WR.aw_channel_0/aw_cmd_fsm_0/m_valid_i_reg_0                        | design_1_i/ps7_0_axi_periph/s00_couplers/auto_pc/inst/gen_axilite.gen_b2s_conv.axilite_b2s/WR.aw_channel_0/aw_cmd_fsm_0/m_valid_i_reg                 |                2 |              5 |
|  design_1_i/processing_system7_0/inst/FCLK_CLK0 | design_1_i/ps7_0_axi_periph/s00_couplers/auto_pc/inst/gen_axilite.gen_b2s_conv.axilite_b2s/RD.r_channel_0/transaction_fifo_0/cnt_read[4]_i_1__0_n_0            | design_1_i/ps7_0_axi_periph/s00_couplers/auto_pc/inst/gen_axilite.gen_b2s_conv.axilite_b2s/areset_d1                                                  |                2 |              5 |
|  design_1_i/processing_system7_0/inst/FCLK_CLK0 | design_1_i/ps7_0_axi_periph/s00_couplers/auto_pc/inst/gen_axilite.gen_b2s_conv.axilite_b2s/RD.r_channel_0/transaction_fifo_0/E[0]                              | design_1_i/ps7_0_axi_periph/s00_couplers/auto_pc/inst/gen_axilite.gen_b2s_conv.axilite_b2s/areset_d1                                                  |                2 |              5 |
|  design_1_i/processing_system7_0/inst/FCLK_CLK0 | design_1_i/ps7_0_axi_periph/s00_couplers/auto_pc/inst/gen_axilite.gen_b2s_conv.axilite_b2s/RD.ar_channel_0/ar_cmd_fsm_0/m_axi_arready_0                        | design_1_i/ps7_0_axi_periph/s00_couplers/auto_pc/inst/gen_axilite.gen_b2s_conv.axilite_b2s/RD.ar_channel_0/ar_cmd_fsm_0/FSM_sequential_state_reg[1]_0 |                2 |              5 |
|  design_1_i/processing_system7_0/inst/FCLK_CLK0 | design_1_i/NeonIp_0/U0/NeonIp_v1_0_S00_AXI_inst/Neon_axi/GRB[5]_i_1_n_0                                                                                        |                                                                                                                                                       |                2 |              6 |
|  design_1_i/processing_system7_0/inst/FCLK_CLK0 | design_1_i/rst_ps7_0_50M/U0/SEQ/seq_cnt_en                                                                                                                     | design_1_i/rst_ps7_0_50M/U0/SEQ/SEQ_COUNTER/clear                                                                                                     |                1 |              6 |
|  design_1_i/processing_system7_0/inst/FCLK_CLK0 | design_1_i/Ultrasoon_0/U0/Ultrasoon_v1_0_S00_AXI_inst/slv_reg1[31]_i_1_n_0                                                                                     | design_1_i/Ultrasoon_0/U0/Ultrasoon_v1_0_S00_AXI_inst/axi_awready_i_1_n_0                                                                             |                1 |              8 |
|  design_1_i/processing_system7_0/inst/FCLK_CLK0 | design_1_i/Ultrasoon_0/U0/Ultrasoon_v1_0_S00_AXI_inst/slv_reg1[15]_i_1_n_0                                                                                     | design_1_i/Ultrasoon_0/U0/Ultrasoon_v1_0_S00_AXI_inst/axi_awready_i_1_n_0                                                                             |                1 |              8 |
|  design_1_i/processing_system7_0/inst/FCLK_CLK0 | design_1_i/Ultrasoon_0/U0/Ultrasoon_v1_0_S00_AXI_inst/slv_reg1[23]_i_1_n_0                                                                                     | design_1_i/Ultrasoon_0/U0/Ultrasoon_v1_0_S00_AXI_inst/axi_awready_i_1_n_0                                                                             |                1 |              8 |
|  design_1_i/processing_system7_0/inst/FCLK_CLK0 | design_1_i/Ultrasoon_0/U0/Ultrasoon_v1_0_S00_AXI_inst/slv_reg3[23]_i_1_n_0                                                                                     | design_1_i/Ultrasoon_0/U0/Ultrasoon_v1_0_S00_AXI_inst/axi_awready_i_1_n_0                                                                             |                1 |              8 |
|  design_1_i/processing_system7_0/inst/FCLK_CLK0 | design_1_i/Ultrasoon_0/U0/Ultrasoon_v1_0_S00_AXI_inst/slv_reg2[15]_i_1_n_0                                                                                     | design_1_i/Ultrasoon_0/U0/Ultrasoon_v1_0_S00_AXI_inst/axi_awready_i_1_n_0                                                                             |                1 |              8 |
|  design_1_i/processing_system7_0/inst/FCLK_CLK0 | design_1_i/Ultrasoon_0/U0/Ultrasoon_v1_0_S00_AXI_inst/slv_reg3[7]_i_1_n_0                                                                                      | design_1_i/Ultrasoon_0/U0/Ultrasoon_v1_0_S00_AXI_inst/axi_awready_i_1_n_0                                                                             |                1 |              8 |
|  design_1_i/processing_system7_0/inst/FCLK_CLK0 | design_1_i/Ultrasoon_0/U0/Ultrasoon_v1_0_S00_AXI_inst/slv_reg2[23]_i_1_n_0                                                                                     | design_1_i/Ultrasoon_0/U0/Ultrasoon_v1_0_S00_AXI_inst/axi_awready_i_1_n_0                                                                             |                1 |              8 |
|  design_1_i/processing_system7_0/inst/FCLK_CLK0 | design_1_i/Ultrasoon_0/U0/Ultrasoon_v1_0_S00_AXI_inst/slv_reg1[7]_i_1_n_0                                                                                      | design_1_i/Ultrasoon_0/U0/Ultrasoon_v1_0_S00_AXI_inst/axi_awready_i_1_n_0                                                                             |                1 |              8 |
|  design_1_i/processing_system7_0/inst/FCLK_CLK0 | design_1_i/Ultrasoon_0/U0/Ultrasoon_v1_0_S00_AXI_inst/slv_reg3[31]_i_1_n_0                                                                                     | design_1_i/Ultrasoon_0/U0/Ultrasoon_v1_0_S00_AXI_inst/axi_awready_i_1_n_0                                                                             |                2 |              8 |
|  design_1_i/processing_system7_0/inst/FCLK_CLK0 | design_1_i/Ultrasoon_0/U0/Ultrasoon_v1_0_S00_AXI_inst/slv_reg2[7]_i_1_n_0                                                                                      | design_1_i/Ultrasoon_0/U0/Ultrasoon_v1_0_S00_AXI_inst/axi_awready_i_1_n_0                                                                             |                1 |              8 |
|  design_1_i/processing_system7_0/inst/FCLK_CLK0 | design_1_i/Ultrasoon_0/U0/Ultrasoon_v1_0_S00_AXI_inst/slv_reg3[15]_i_1_n_0                                                                                     | design_1_i/Ultrasoon_0/U0/Ultrasoon_v1_0_S00_AXI_inst/axi_awready_i_1_n_0                                                                             |                1 |              8 |
|  design_1_i/processing_system7_0/inst/FCLK_CLK0 | design_1_i/NeonIp_0/U0/NeonIp_v1_0_S00_AXI_inst/slv_reg0[7]_i_1_n_0                                                                                            | design_1_i/NeonIp_0/U0/NeonIp_v1_0_S00_AXI_inst/axi_awready_i_1_n_0                                                                                   |                1 |              8 |
|  design_1_i/processing_system7_0/inst/FCLK_CLK0 | design_1_i/NeonIp_0/U0/NeonIp_v1_0_S00_AXI_inst/slv_reg3[15]_i_1_n_0                                                                                           | design_1_i/NeonIp_0/U0/NeonIp_v1_0_S00_AXI_inst/axi_awready_i_1_n_0                                                                                   |                1 |              8 |
|  design_1_i/processing_system7_0/inst/FCLK_CLK0 | design_1_i/NeonIp_0/U0/NeonIp_v1_0_S00_AXI_inst/slv_reg3[31]_i_1_n_0                                                                                           | design_1_i/NeonIp_0/U0/NeonIp_v1_0_S00_AXI_inst/axi_awready_i_1_n_0                                                                                   |                1 |              8 |
|  design_1_i/processing_system7_0/inst/FCLK_CLK0 | design_1_i/NeonIp_0/U0/NeonIp_v1_0_S00_AXI_inst/slv_reg1[7]_i_1_n_0                                                                                            | design_1_i/NeonIp_0/U0/NeonIp_v1_0_S00_AXI_inst/axi_awready_i_1_n_0                                                                                   |                1 |              8 |
|  design_1_i/processing_system7_0/inst/FCLK_CLK0 | design_1_i/NeonIp_0/U0/NeonIp_v1_0_S00_AXI_inst/slv_reg2[15]_i_1_n_0                                                                                           | design_1_i/NeonIp_0/U0/NeonIp_v1_0_S00_AXI_inst/axi_awready_i_1_n_0                                                                                   |                2 |              8 |
|  design_1_i/processing_system7_0/inst/FCLK_CLK0 | design_1_i/NeonIp_0/U0/NeonIp_v1_0_S00_AXI_inst/slv_reg1[31]_i_1_n_0                                                                                           | design_1_i/NeonIp_0/U0/NeonIp_v1_0_S00_AXI_inst/axi_awready_i_1_n_0                                                                                   |                1 |              8 |
|  design_1_i/processing_system7_0/inst/FCLK_CLK0 | design_1_i/NeonIp_0/U0/NeonIp_v1_0_S00_AXI_inst/slv_reg3[7]_i_1_n_0                                                                                            | design_1_i/NeonIp_0/U0/NeonIp_v1_0_S00_AXI_inst/axi_awready_i_1_n_0                                                                                   |                2 |              8 |
|  design_1_i/processing_system7_0/inst/FCLK_CLK0 | design_1_i/NeonIp_0/U0/NeonIp_v1_0_S00_AXI_inst/slv_reg2[23]_i_1_n_0                                                                                           | design_1_i/NeonIp_0/U0/NeonIp_v1_0_S00_AXI_inst/axi_awready_i_1_n_0                                                                                   |                1 |              8 |
|  design_1_i/processing_system7_0/inst/FCLK_CLK0 | design_1_i/NeonIp_0/U0/NeonIp_v1_0_S00_AXI_inst/slv_reg0[23]_i_1_n_0                                                                                           | design_1_i/NeonIp_0/U0/NeonIp_v1_0_S00_AXI_inst/axi_awready_i_1_n_0                                                                                   |                1 |              8 |
|  design_1_i/processing_system7_0/inst/FCLK_CLK0 | design_1_i/NeonIp_0/U0/NeonIp_v1_0_S00_AXI_inst/slv_reg1[15]_i_1_n_0                                                                                           | design_1_i/NeonIp_0/U0/NeonIp_v1_0_S00_AXI_inst/axi_awready_i_1_n_0                                                                                   |                1 |              8 |
|  design_1_i/processing_system7_0/inst/FCLK_CLK0 | design_1_i/NeonIp_0/U0/NeonIp_v1_0_S00_AXI_inst/slv_reg1[23]_i_1_n_0                                                                                           | design_1_i/NeonIp_0/U0/NeonIp_v1_0_S00_AXI_inst/axi_awready_i_1_n_0                                                                                   |                1 |              8 |
|  design_1_i/processing_system7_0/inst/FCLK_CLK0 | design_1_i/NeonIp_0/U0/NeonIp_v1_0_S00_AXI_inst/slv_reg0[15]_i_1_n_0                                                                                           | design_1_i/NeonIp_0/U0/NeonIp_v1_0_S00_AXI_inst/axi_awready_i_1_n_0                                                                                   |                1 |              8 |
|  design_1_i/processing_system7_0/inst/FCLK_CLK0 | design_1_i/NeonIp_0/U0/NeonIp_v1_0_S00_AXI_inst/slv_reg2[31]_i_1_n_0                                                                                           | design_1_i/NeonIp_0/U0/NeonIp_v1_0_S00_AXI_inst/axi_awready_i_1_n_0                                                                                   |                1 |              8 |
|  design_1_i/processing_system7_0/inst/FCLK_CLK0 | design_1_i/NeonIp_0/U0/NeonIp_v1_0_S00_AXI_inst/slv_reg2[7]_i_1_n_0                                                                                            | design_1_i/NeonIp_0/U0/NeonIp_v1_0_S00_AXI_inst/axi_awready_i_1_n_0                                                                                   |                1 |              8 |
|  design_1_i/processing_system7_0/inst/FCLK_CLK0 | design_1_i/NeonIp_0/U0/NeonIp_v1_0_S00_AXI_inst/slv_reg3[23]_i_1_n_0                                                                                           | design_1_i/NeonIp_0/U0/NeonIp_v1_0_S00_AXI_inst/axi_awready_i_1_n_0                                                                                   |                1 |              8 |
|  design_1_i/processing_system7_0/inst/FCLK_CLK0 | design_1_i/NeonIp_0/U0/NeonIp_v1_0_S00_AXI_inst/slv_reg0[31]_i_1_n_0                                                                                           | design_1_i/NeonIp_0/U0/NeonIp_v1_0_S00_AXI_inst/axi_awready_i_1_n_0                                                                                   |                1 |              8 |
|  design_1_i/processing_system7_0/inst/FCLK_CLK0 | design_1_i/NeonIp_0/U0/NeonIp_v1_0_S00_AXI_inst/Neon_axi/delay_low_cntr[11]_i_1_n_0                                                                            |                                                                                                                                                       |                2 |              8 |
|  design_1_i/processing_system7_0/inst/FCLK_CLK0 | design_1_i/ps7_0_axi_periph/s00_couplers/auto_pc/inst/gen_axilite.gen_b2s_conv.axilite_b2s/WR.b_channel_0/mhandshake_r                                         | design_1_i/ps7_0_axi_periph/s00_couplers/auto_pc/inst/gen_axilite.gen_b2s_conv.axilite_b2s/WR.b_channel_0/bid_fifo_0/SR[0]                            |                3 |              8 |
|  design_1_i/processing_system7_0/inst/FCLK_CLK0 | design_1_i/Ultrasoon_0/U0/Ultrasoon_v1_0_S00_AXI_inst/slv_reg2[31]_i_1_n_0                                                                                     | design_1_i/Ultrasoon_0/U0/Ultrasoon_v1_0_S00_AXI_inst/axi_awready_i_1_n_0                                                                             |                1 |              8 |
|  design_1_i/processing_system7_0/inst/FCLK_CLK0 |                                                                                                                                                                | design_1_i/ps7_0_axi_periph/s00_couplers/auto_pc/inst/gen_axilite.gen_b2s_conv.axilite_b2s/areset_d1                                                  |                4 |             10 |
|  design_1_i/processing_system7_0/inst/FCLK_CLK0 |                                                                                                                                                                | design_1_i/NeonIp_0/U0/NeonIp_v1_0_S00_AXI_inst/axi_awready_i_1_n_0                                                                                   |                3 |             10 |
|  design_1_i/processing_system7_0/inst/FCLK_CLK0 |                                                                                                                                                                | design_1_i/Ultrasoon_0/U0/Ultrasoon_v1_0_S00_AXI_inst/axi_awready_i_1_n_0                                                                             |                4 |             10 |
|  design_1_i/processing_system7_0/inst/FCLK_CLK0 |                                                                                                                                                                | design_1_i/ps7_0_axi_periph/xbar/inst/gen_sasd.crossbar_sasd_0/addr_arbiter_inst/SR[0]                                                                |                5 |             11 |
|  design_1_i/processing_system7_0/inst/FCLK_CLK0 | design_1_i/ps7_0_axi_periph/s00_couplers/auto_pc/inst/gen_axilite.gen_b2s_conv.axilite_b2s/RD.ar_channel_0/ar_cmd_fsm_0/m_axi_arready_0                        |                                                                                                                                                       |                5 |             13 |
|  design_1_i/processing_system7_0/inst/FCLK_CLK0 | design_1_i/ps7_0_axi_periph/s00_couplers/auto_pc/inst/gen_axilite.gen_b2s_conv.axilite_b2s/RD.r_channel_0/r_push_r                                             |                                                                                                                                                       |                4 |             13 |
|  design_1_i/processing_system7_0/inst/FCLK_CLK0 | design_1_i/ps7_0_axi_periph/s00_couplers/auto_pc/inst/gen_axilite.gen_b2s_conv.axilite_b2s/WR.aw_channel_0/aw_cmd_fsm_0/m_valid_i_reg_0                        |                                                                                                                                                       |                4 |             13 |
|  design_1_i/processing_system7_0/inst/FCLK_CLK0 | design_1_i/ps7_0_axi_periph/s00_couplers/auto_pc/inst/gen_axilite.gen_b2s_conv.axilite_b2s/SI_REG/b.b_pipe/p_1_in                                              |                                                                                                                                                       |                3 |             14 |
|  design_1_i/processing_system7_0/inst/FCLK_CLK0 | design_1_i/ps7_0_axi_periph/s00_couplers/auto_pc/inst/gen_axilite.gen_b2s_conv.axilite_b2s/SI_REG/b.b_pipe/s_ready_i_reg_0                                     |                                                                                                                                                       |                3 |             14 |
|  design_1_i/processing_system7_0/inst/FCLK_CLK0 | design_1_i/Ultrasoon_0/U0/Ultrasoon_v1_0_S00_AXI_inst/axi_sonar/sonar_out[15]_i_1_n_0                                                                          |                                                                                                                                                       |                4 |             16 |
|  design_1_i/processing_system7_0/inst/FCLK_CLK0 | design_1_i/Ultrasoon_0/U0/Ultrasoon_v1_0_S00_AXI_inst/axi_sonar/centimeters[0]_i_1_n_0                                                                         | design_1_i/Ultrasoon_0/U0/Ultrasoon_v1_0_S00_AXI_inst/axi_sonar/count[16]_i_1_n_0                                                                     |                4 |             16 |
|  design_1_i/processing_system7_0/inst/FCLK_CLK0 | design_1_i/ps7_0_axi_periph/s00_couplers/auto_pc/inst/gen_axilite.gen_b2s_conv.axilite_b2s/WR.aw_channel_0/aw_cmd_fsm_0/b_push                                 |                                                                                                                                                       |                3 |             16 |
|  design_1_i/processing_system7_0/inst/FCLK_CLK0 | design_1_i/Ultrasoon_0/U0/Ultrasoon_v1_0_S00_AXI_inst/axi_sonar/count[16]_i_2_n_0                                                                              | design_1_i/Ultrasoon_0/U0/Ultrasoon_v1_0_S00_AXI_inst/axi_sonar/count[16]_i_1_n_0                                                                     |                7 |             17 |
|  design_1_i/processing_system7_0/inst/FCLK_CLK0 | design_1_i/ps7_0_axi_periph/xbar/inst/gen_sasd.crossbar_sasd_0/addr_arbiter_inst/p_0_in1_in                                                                    | design_1_i/ps7_0_axi_periph/xbar/inst/gen_sasd.crossbar_sasd_0/addr_arbiter_inst/SR[0]                                                                |                7 |             18 |
|  design_1_i/processing_system7_0/inst/FCLK_CLK0 | design_1_i/NeonIp_0/U0/NeonIp_v1_0_S00_AXI_inst/Neon_axi/delay_low_cntr[11]_i_1_n_0                                                                            | design_1_i/NeonIp_0/U0/NeonIp_v1_0_S00_AXI_inst/Neon_axi/delay_low_cntr[31]_i_1_n_0                                                                   |                8 |             24 |
|  design_1_i/processing_system7_0/inst/FCLK_CLK0 | design_1_i/NeonIp_0/U0/NeonIp_v1_0_S00_AXI_inst/Neon_axi/delay_high_cntr[31]_i_2_n_0                                                                           | design_1_i/NeonIp_0/U0/NeonIp_v1_0_S00_AXI_inst/Neon_axi/delay_high_cntr[31]_i_1_n_0                                                                  |                8 |             28 |
|  design_1_i/processing_system7_0/inst/FCLK_CLK0 | design_1_i/NeonIp_0/U0/NeonIp_v1_0_S00_AXI_inst/Neon_axi/bit_cntr[0]_i_1_n_0                                                                                   | design_1_i/NeonIp_0/U0/NeonIp_v1_0_S00_AXI_inst/Neon_axi/GRB[5]_i_1_n_0                                                                               |                8 |             32 |
|  design_1_i/processing_system7_0/inst/FCLK_CLK0 | design_1_i/NeonIp_0/U0/NeonIp_v1_0_S00_AXI_inst/Neon_axi/index[31]_i_2_n_0                                                                                     | design_1_i/NeonIp_0/U0/NeonIp_v1_0_S00_AXI_inst/Neon_axi/index[31]_i_1_n_0                                                                            |                9 |             32 |
|  design_1_i/processing_system7_0/inst/FCLK_CLK0 | design_1_i/NeonIp_0/U0/NeonIp_v1_0_S00_AXI_inst/slv_reg_rden                                                                                                   | design_1_i/NeonIp_0/U0/NeonIp_v1_0_S00_AXI_inst/axi_awready_i_1_n_0                                                                                   |               12 |             32 |
|  design_1_i/processing_system7_0/inst/FCLK_CLK0 | design_1_i/Ultrasoon_0/U0/Ultrasoon_v1_0_S00_AXI_inst/slv_reg_rden                                                                                             | design_1_i/Ultrasoon_0/U0/Ultrasoon_v1_0_S00_AXI_inst/axi_awready_i_1_n_0                                                                             |               12 |             32 |
|  design_1_i/processing_system7_0/inst/FCLK_CLK0 | design_1_i/ps7_0_axi_periph/s00_couplers/auto_pc/inst/gen_axilite.gen_b2s_conv.axilite_b2s/RD.r_channel_0/rd_data_fifo_0/wr_en0                                |                                                                                                                                                       |                9 |             34 |
|  design_1_i/processing_system7_0/inst/FCLK_CLK0 | design_1_i/ps7_0_axi_periph/xbar/inst/gen_sasd.crossbar_sasd_0/addr_arbiter_inst/E[0]                                                                          |                                                                                                                                                       |                7 |             35 |
|  design_1_i/processing_system7_0/inst/FCLK_CLK0 | design_1_i/ps7_0_axi_periph/s00_couplers/auto_pc/inst/gen_axilite.gen_b2s_conv.axilite_b2s/SI_REG/aw.aw_pipe/s_ready_i_reg_0                                   |                                                                                                                                                       |                9 |             43 |
|  design_1_i/processing_system7_0/inst/FCLK_CLK0 | design_1_i/ps7_0_axi_periph/s00_couplers/auto_pc/inst/gen_axilite.gen_b2s_conv.axilite_b2s/SI_REG/ar.ar_pipe/s_ready_i_reg_0                                   |                                                                                                                                                       |                7 |             43 |
|  design_1_i/processing_system7_0/inst/FCLK_CLK0 | design_1_i/ps7_0_axi_periph/s00_couplers/auto_pc/inst/gen_axilite.gen_b2s_conv.axilite_b2s/RD.ar_channel_0/ar_cmd_fsm_0/FSM_sequential_state_reg[1]_1[0]       |                                                                                                                                                       |                8 |             43 |
|  design_1_i/processing_system7_0/inst/FCLK_CLK0 | design_1_i/ps7_0_axi_periph/s00_couplers/auto_pc/inst/gen_axilite.gen_b2s_conv.axilite_b2s/WR.aw_channel_0/aw_cmd_fsm_0/m_valid_i_reg_1[0]                     |                                                                                                                                                       |                8 |             43 |
|  design_1_i/processing_system7_0/inst/FCLK_CLK0 | design_1_i/ps7_0_axi_periph/s00_couplers/auto_pc/inst/gen_axilite.gen_b2s_conv.axilite_b2s/SI_REG/r.r_pipe/p_1_in                                              |                                                                                                                                                       |                7 |             47 |
|  design_1_i/processing_system7_0/inst/FCLK_CLK0 | design_1_i/ps7_0_axi_periph/s00_couplers/auto_pc/inst/gen_axilite.gen_b2s_conv.axilite_b2s/SI_REG/r.r_pipe/s_ready_i_reg_0                                     |                                                                                                                                                       |                9 |             47 |
|  design_1_i/processing_system7_0/inst/FCLK_CLK0 |                                                                                                                                                                |                                                                                                                                                       |               59 |            171 |
+-------------------------------------------------+----------------------------------------------------------------------------------------------------------------------------------------------------------------+-------------------------------------------------------------------------------------------------------------------------------------------------------+------------------+----------------+


