#-----------------------------------------------------------
# Vivado v2019.1 (64-bit)
# SW Build 2552052 on Fri May 24 14:49:42 MDT 2019
# IP Build 2548770 on Fri May 24 18:01:18 MDT 2019
# Start of session at: Sat Nov 30 13:44:14 2019
# Process ID: 29476
# Current directory: C:/Users/admin/Documents/pxl/3dejaar/embedded_os/Eindopdracht_EOS/project_1
# Command line: vivado.exe -gui_launcher_event rodinguilauncherevent33772 C:\Users\admin\Documents\pxl\3dejaar\embedded_os\Eindopdracht_EOS\project_1\project_1.xpr
# Log file: C:/Users/admin/Documents/pxl/3dejaar/embedded_os/Eindopdracht_EOS/project_1/vivado.log
# Journal file: C:/Users/admin/Documents/pxl/3dejaar/embedded_os/Eindopdracht_EOS/project_1\vivado.jou
#-----------------------------------------------------------
start_gui
open_project C:/Users/admin/Documents/pxl/3dejaar/embedded_os/Eindopdracht_EOS/project_1/project_1.xpr
INFO: [Project 1-313] Project file moved from 'D:/Vivado_Projecten/EindOpdracht1/project_1' since last save.
Scanning sources...
Finished scanning sources
WARNING: [filemgmt 56-2] IPUserFilesDir: Could not find the directory 'C:/Users/admin/Documents/pxl/3dejaar/embedded_os/Eindopdracht_EOS/project_1/project_1.ip_user_files', nor could it be found using path 'D:/Vivado_Projecten/EindOpdracht1/project_1/project_1.ip_user_files'.
INFO: [IP_Flow 19-234] Refreshing IP repositories
INFO: [IP_Flow 19-1700] Loaded user IP repository 'c:/Users/admin/Documents/pxl/3dejaar/embedded_os/Eindopdracht_EOS/ip_repo/NeonIp_1.0'.
INFO: [IP_Flow 19-2313] Loaded Vivado IP repository 'C:/Xilinx/Vivado/2019.1/data/ip'.
open_project: Time (s): cpu = 00:00:26 ; elapsed = 00:00:09 . Memory (MB): peak = 732.684 ; gain = 69.480
update_compile_order -fileset sources_1
exit
INFO: [Common 17-206] Exiting Vivado at Sat Nov 30 13:45:27 2019...
