17:38:27 **** Incremental Build of configuration Debug for project digi_test ****
make pre-build main-build 
a9-linaro-pre-build-step
 
make: Nothing to be done for 'main-build'.
17:38:42 **** Incremental Build of configuration Debug for project digi_test ****
make pre-build main-build 
a9-linaro-pre-build-step
 
make: Nothing to be done for 'main-build'.
17:39:50 **** Auto Build of configuration Debug for project digi_test ****
make pre-build main-build 
a9-linaro-pre-build-step
 
Building file: ../src/freertos_hello_world.c
Invoking: ARM v7 gcc compiler
arm-none-eabi-gcc -Wall -O0 -g3 -c -fmessage-length=0 -MT"src/freertos_hello_world.o" -mcpu=cortex-a9 -mfpu=vfpv3 -mfloat-abi=hard -I../../digi_test_bsp/ps7_cortexa9_0/include -MMD -MP -MF"src/freertos_hello_world.d" -MT"src/freertos_hello_world.o" -o "src/freertos_hello_world.o" "../src/freertos_hello_world.c"
Finished building: ../src/freertos_hello_world.c
 
Building target: digi_test.elf
Invoking: ARM v7 gcc linker
arm-none-eabi-gcc -mcpu=cortex-a9 -mfpu=vfpv3 -mfloat-abi=hard -Wl,-build-id=none -specs=Xilinx.spec -Wl,-T -Wl,../src/lscript.ld -L../../digi_test_bsp/ps7_cortexa9_0/lib -o "digi_test.elf"  ./src/freertos_hello_world.o   -Wl,--start-group,-lxil,-lfreertos,-lgcc,-lc,--end-group
Finished building target: digi_test.elf
 
Invoking: ARM v7 Print Size
arm-none-eabi-size digi_test.elf  |tee "digi_test.elf.size"
   text	   data	    bss	    dec	    hex	filename
  78728	   3432	  89536	 171696	  29eb0	digi_test.elf
Finished building: digi_test.elf.size
 
17:40:07 **** Incremental Build of configuration Debug for project digi_test ****
make pre-build main-build 
a9-linaro-pre-build-step
 
make: Nothing to be done for 'main-build'.
17:41:35 **** Auto Build of configuration Debug for project digi_test ****
make pre-build main-build 
a9-linaro-pre-build-step
 
Building file: ../src/freertos_hello_world.c
Invoking: ARM v7 gcc compiler
arm-none-eabi-gcc -Wall -O0 -g3 -c -fmessage-length=0 -MT"src/freertos_hello_world.o" -mcpu=cortex-a9 -mfpu=vfpv3 -mfloat-abi=hard -I../../digi_test_bsp/ps7_cortexa9_0/include -MMD -MP -MF"src/freertos_hello_world.d" -MT"src/freertos_hello_world.o" -o "src/freertos_hello_world.o" "../src/freertos_hello_world.c"
Finished building: ../src/freertos_hello_world.c
 
Building target: digi_test.elf
Invoking: ARM v7 gcc linker
arm-none-eabi-gcc -mcpu=cortex-a9 -mfpu=vfpv3 -mfloat-abi=hard -Wl,-build-id=none -specs=Xilinx.spec -Wl,-T -Wl,../src/lscript.ld -L../../digi_test_bsp/ps7_cortexa9_0/lib -o "digi_test.elf"  ./src/freertos_hello_world.o   -Wl,--start-group,-lxil,-lfreertos,-lgcc,-lc,--end-group
Finished building target: digi_test.elf
 
Invoking: ARM v7 Print Size
arm-none-eabi-size digi_test.elf  |tee "digi_test.elf.size"
   text	   data	    bss	    dec	    hex	filename
  78728	   3432	  89536	 171696	  29eb0	digi_test.elf
Finished building: digi_test.elf.size
 
17:41:54 **** Incremental Build of configuration Debug for project digi_test ****
make pre-build main-build 
a9-linaro-pre-build-step
 
make: Nothing to be done for 'main-build'.
17:45:03 **** Auto Build of configuration Debug for project digi_test ****
make pre-build main-build 
a9-linaro-pre-build-step
 
Building file: ../src/freertos_hello_world.c
Invoking: ARM v7 gcc compiler
arm-none-eabi-gcc -Wall -O0 -g3 -c -fmessage-length=0 -MT"src/freertos_hello_world.o" -mcpu=cortex-a9 -mfpu=vfpv3 -mfloat-abi=hard -I../../digi_test_bsp/ps7_cortexa9_0/include -MMD -MP -MF"src/freertos_hello_world.d" -MT"src/freertos_hello_world.o" -o "src/freertos_hello_world.o" "../src/freertos_hello_world.c"
../src/freertos_hello_world.c:13:17: error: expected ';', ',' or ')' before numeric constant
 #define led_num 30
                 ^~
../src/freertos_hello_world.c:43:20: note: in expansion of macro 'led_num'
 void clearLEDs(int led_num){
                    ^~~~~~~
../src/freertos_hello_world.c: In function 'xmas_twinkle':
../src/freertos_hello_world.c:126:3: warning: implicit declaration of function 'clearLEDs'; did you mean 'clearerr'? [-Wimplicit-function-declaration]
   clearLEDs(led_num);
   ^~~~~~~~~
   clearerr
make: *** [src/subdir.mk:23: src/freertos_hello_world.o] Error 1
17:45:27 **** Auto Build of configuration Debug for project digi_test ****
make pre-build main-build 
a9-linaro-pre-build-step
 
Building file: ../src/freertos_hello_world.c
Invoking: ARM v7 gcc compiler
arm-none-eabi-gcc -Wall -O0 -g3 -c -fmessage-length=0 -MT"src/freertos_hello_world.o" -mcpu=cortex-a9 -mfpu=vfpv3 -mfloat-abi=hard -I../../digi_test_bsp/ps7_cortexa9_0/include -MMD -MP -MF"src/freertos_hello_world.d" -MT"src/freertos_hello_world.o" -o "src/freertos_hello_world.o" "../src/freertos_hello_world.c"
../src/freertos_hello_world.c:13:17: error: expected ';', ',' or ')' before numeric constant
 #define led_num 30
                 ^~
../src/freertos_hello_world.c:43:20: note: in expansion of macro 'led_num'
 void clearLEDs(int led_num){
                    ^~~~~~~
../src/freertos_hello_world.c: In function 'xmas_twinkle':
../src/freertos_hello_world.c:126:3: warning: implicit declaration of function 'clearLEDs'; did you mean 'clearerr'? [-Wimplicit-function-declaration]
   clearLEDs(led_num);
   ^~~~~~~~~
   clearerr
make: *** [src/subdir.mk:23: src/freertos_hello_world.o] Error 1
17:46:24 **** Auto Build of configuration Debug for project digi_test ****
make pre-build main-build 
a9-linaro-pre-build-step
 
Building file: ../src/freertos_hello_world.c
Invoking: ARM v7 gcc compiler
arm-none-eabi-gcc -Wall -O0 -g3 -c -fmessage-length=0 -MT"src/freertos_hello_world.o" -mcpu=cortex-a9 -mfpu=vfpv3 -mfloat-abi=hard -I../../digi_test_bsp/ps7_cortexa9_0/include -MMD -MP -MF"src/freertos_hello_world.d" -MT"src/freertos_hello_world.o" -o "src/freertos_hello_world.o" "../src/freertos_hello_world.c"
../src/freertos_hello_world.c: In function 'xmas_twinkle':
../src/freertos_hello_world.c:126:3: warning: implicit declaration of function 'clearLEDs'; did you mean 'clearerr'? [-Wimplicit-function-declaration]
   clearLEDs(led_num);
   ^~~~~~~~~
   clearerr
Finished building: ../src/freertos_hello_world.c
 
Building target: digi_test.elf
Invoking: ARM v7 gcc linker
arm-none-eabi-gcc -mcpu=cortex-a9 -mfpu=vfpv3 -mfloat-abi=hard -Wl,-build-id=none -specs=Xilinx.spec -Wl,-T -Wl,../src/lscript.ld -L../../digi_test_bsp/ps7_cortexa9_0/lib -o "digi_test.elf"  ./src/freertos_hello_world.o   -Wl,--start-group,-lxil,-lfreertos,-lgcc,-lc,--end-group
c:/xilinx/sdk/2019.1/gnu/aarch32/nt/gcc-arm-none-eabi/bin/../lib/gcc/arm-none-eabi/8.2.0/../../../../arm-none-eabi/bin/ld.exe: ../../digi_test_bsp/ps7_cortexa9_0/lib\libxil.a(DigiLED.o): in function `Xil_Out32':
C:\Users\admin\Documents\pxl\3dejaar\embedded_os\Eindopdracht_EOS\digi_Neopixel\digi_Neopixel.sdk\digi_test_bsp\ps7_cortexa9_0\libsrc\DigiLED_v1_0\src/../../../include/xil_io.h:223: multiple definition of `enable_LEDs'; ./src/freertos_hello_world.o:C:\Users\admin\Documents\pxl\3dejaar\embedded_os\Eindopdracht_EOS\digi_Neopixel\digi_Neopixel.sdk\digi_test\Debug/../src/freertos_hello_world.c:31: first defined here
c:/xilinx/sdk/2019.1/gnu/aarch32/nt/gcc-arm-none-eabi/bin/../lib/gcc/arm-none-eabi/8.2.0/../../../../arm-none-eabi/bin/ld.exe: ../../digi_test_bsp/ps7_cortexa9_0/lib\libxil.a(DigiLED.o): in function `Xil_Out32':
C:\Users\admin\Documents\pxl\3dejaar\embedded_os\Eindopdracht_EOS\digi_Neopixel\digi_Neopixel.sdk\digi_test_bsp\ps7_cortexa9_0\libsrc\DigiLED_v1_0\src/../../../include/xil_io.h:223: multiple definition of `disable_LEDs'; ./src/freertos_hello_world.o:C:\Users\admin\Documents\pxl\3dejaar\embedded_os\Eindopdracht_EOS\digi_Neopixel\digi_Neopixel.sdk\digi_test\Debug/../src/freertos_hello_world.c:35: first defined here
c:/xilinx/sdk/2019.1/gnu/aarch32/nt/gcc-arm-none-eabi/bin/../lib/gcc/arm-none-eabi/8.2.0/../../../../arm-none-eabi/bin/ld.exe: ../../digi_test_bsp/ps7_cortexa9_0/lib\libxil.a(DigiLED.o): in function `SetLEDColor':
C:\Users\admin\Documents\pxl\3dejaar\embedded_os\Eindopdracht_EOS\digi_Neopixel\digi_Neopixel.sdk\digi_test_bsp\ps7_cortexa9_0\libsrc\DigiLED_v1_0\src/DigiLED.c:27: multiple definition of `SetLEDColor'; ./src/freertos_hello_world.o:C:\Users\admin\Documents\pxl\3dejaar\embedded_os\Eindopdracht_EOS\digi_Neopixel\digi_Neopixel.sdk\digi_test\Debug/../src/freertos_hello_world.c:39: first defined here
collect2.exe: error: ld returned 1 exit status
make: *** [makefile:41: digi_test.elf] Error 1
17:46:36 **** Auto Build of configuration Debug for project digi_test ****
make pre-build main-build 
a9-linaro-pre-build-step
 
Building file: ../src/freertos_hello_world.c
Invoking: ARM v7 gcc compiler
arm-none-eabi-gcc -Wall -O0 -g3 -c -fmessage-length=0 -MT"src/freertos_hello_world.o" -mcpu=cortex-a9 -mfpu=vfpv3 -mfloat-abi=hard -I../../digi_test_bsp/ps7_cortexa9_0/include -MMD -MP -MF"src/freertos_hello_world.d" -MT"src/freertos_hello_world.o" -o "src/freertos_hello_world.o" "../src/freertos_hello_world.c"
../src/freertos_hello_world.c: In function 'xmas_twinkle':
../src/freertos_hello_world.c:126:3: warning: implicit declaration of function 'clearLEDs'; did you mean 'clearerr'? [-Wimplicit-function-declaration]
   clearLEDs(led_num);
   ^~~~~~~~~
   clearerr
Finished building: ../src/freertos_hello_world.c
 
Building target: digi_test.elf
Invoking: ARM v7 gcc linker
arm-none-eabi-gcc -mcpu=cortex-a9 -mfpu=vfpv3 -mfloat-abi=hard -Wl,-build-id=none -specs=Xilinx.spec -Wl,-T -Wl,../src/lscript.ld -L../../digi_test_bsp/ps7_cortexa9_0/lib -o "digi_test.elf"  ./src/freertos_hello_world.o   -Wl,--start-group,-lxil,-lfreertos,-lgcc,-lc,--end-group
c:/xilinx/sdk/2019.1/gnu/aarch32/nt/gcc-arm-none-eabi/bin/../lib/gcc/arm-none-eabi/8.2.0/../../../../arm-none-eabi/bin/ld.exe: ../../digi_test_bsp/ps7_cortexa9_0/lib\libxil.a(DigiLED.o): in function `Xil_Out32':
C:\Users\admin\Documents\pxl\3dejaar\embedded_os\Eindopdracht_EOS\digi_Neopixel\digi_Neopixel.sdk\digi_test_bsp\ps7_cortexa9_0\libsrc\DigiLED_v1_0\src/../../../include/xil_io.h:223: multiple definition of `enable_LEDs'; ./src/freertos_hello_world.o:C:\Users\admin\Documents\pxl\3dejaar\embedded_os\Eindopdracht_EOS\digi_Neopixel\digi_Neopixel.sdk\digi_test\Debug/../src/freertos_hello_world.c:31: first defined here
c:/xilinx/sdk/2019.1/gnu/aarch32/nt/gcc-arm-none-eabi/bin/../lib/gcc/arm-none-eabi/8.2.0/../../../../arm-none-eabi/bin/ld.exe: ../../digi_test_bsp/ps7_cortexa9_0/lib\libxil.a(DigiLED.o): in function `Xil_Out32':
C:\Users\admin\Documents\pxl\3dejaar\embedded_os\Eindopdracht_EOS\digi_Neopixel\digi_Neopixel.sdk\digi_test_bsp\ps7_cortexa9_0\libsrc\DigiLED_v1_0\src/../../../include/xil_io.h:223: multiple definition of `disable_LEDs'; ./src/freertos_hello_world.o:C:\Users\admin\Documents\pxl\3dejaar\embedded_os\Eindopdracht_EOS\digi_Neopixel\digi_Neopixel.sdk\digi_test\Debug/../src/freertos_hello_world.c:35: first defined here
c:/xilinx/sdk/2019.1/gnu/aarch32/nt/gcc-arm-none-eabi/bin/../lib/gcc/arm-none-eabi/8.2.0/../../../../arm-none-eabi/bin/ld.exe: ../../digi_test_bsp/ps7_cortexa9_0/lib\libxil.a(DigiLED.o): in function `SetLEDColor':
C:\Users\admin\Documents\pxl\3dejaar\embedded_os\Eindopdracht_EOS\digi_Neopixel\digi_Neopixel.sdk\digi_test_bsp\ps7_cortexa9_0\libsrc\DigiLED_v1_0\src/DigiLED.c:27: multiple definition of `SetLEDColor'; ./src/freertos_hello_world.o:C:\Users\admin\Documents\pxl\3dejaar\embedded_os\Eindopdracht_EOS\digi_Neopixel\digi_Neopixel.sdk\digi_test\Debug/../src/freertos_hello_world.c:39: first defined here
collect2.exe: error: ld returned 1 exit status
make: *** [makefile:41: digi_test.elf] Error 1
17:46:43 **** Auto Build of configuration Debug for project digi_test ****
make pre-build main-build 
a9-linaro-pre-build-step
 
Building file: ../src/freertos_hello_world.c
Invoking: ARM v7 gcc compiler
arm-none-eabi-gcc -Wall -O0 -g3 -c -fmessage-length=0 -MT"src/freertos_hello_world.o" -mcpu=cortex-a9 -mfpu=vfpv3 -mfloat-abi=hard -I../../digi_test_bsp/ps7_cortexa9_0/include -MMD -MP -MF"src/freertos_hello_world.d" -MT"src/freertos_hello_world.o" -o "src/freertos_hello_world.o" "../src/freertos_hello_world.c"
Finished building: ../src/freertos_hello_world.c
 
Building target: digi_test.elf
Invoking: ARM v7 gcc linker
arm-none-eabi-gcc -mcpu=cortex-a9 -mfpu=vfpv3 -mfloat-abi=hard -Wl,-build-id=none -specs=Xilinx.spec -Wl,-T -Wl,../src/lscript.ld -L../../digi_test_bsp/ps7_cortexa9_0/lib -o "digi_test.elf"  ./src/freertos_hello_world.o   -Wl,--start-group,-lxil,-lfreertos,-lgcc,-lc,--end-group
Finished building target: digi_test.elf
 
Invoking: ARM v7 Print Size
arm-none-eabi-size digi_test.elf  |tee "digi_test.elf.size"
   text	   data	    bss	    dec	    hex	filename
  78848	   3432	  89536	 171816	  29f28	digi_test.elf
Finished building: digi_test.elf.size
 
17:47:16 **** Incremental Build of configuration Debug for project digi_test ****
make pre-build main-build 
a9-linaro-pre-build-step
 
make: Nothing to be done for 'main-build'.
