Copyright 1986-2019 Xilinx, Inc. All Rights Reserved.
---------------------------------------------------------------------------------------------------------------------------------
| Tool Version : Vivado v.2019.1 (win64) Build 2552052 Fri May 24 14:49:42 MDT 2019
| Date         : Fri Jan  3 14:55:54 2020
| Host         : Dennis running 64-bit major release  (build 9200)
| Command      : report_drc -file system_wrapper_drc_opted.rpt -pb system_wrapper_drc_opted.pb -rpx system_wrapper_drc_opted.rpx
| Design       : system_wrapper
| Device       : xc7z007sclg225-1
| Speed File   : -1
| Design State : Synthesized
---------------------------------------------------------------------------------------------------------------------------------

Report DRC

Table of Contents
-----------------
1. REPORT SUMMARY
2. REPORT DETAILS

1. REPORT SUMMARY
-----------------
            Netlist: netlist
          Floorplan: design_1
      Design limits: <entire design considered>
           Ruledeck: default
             Max violations: <unlimited>
             Violations found: 30
+-----------+----------+----------------------------+------------+
| Rule      | Severity | Description                | Violations |
+-----------+----------+----------------------------+------------+
| DPIP-1    | Warning  | Input pipelining           | 12         |
| DPOP-1    | Warning  | PREG Output pipelining     | 6          |
| DPOP-2    | Warning  | MREG Output pipelining     | 6          |
| REQP-1840 | Warning  | RAMB18 async control check | 6          |
+-----------+----------+----------------------------+------------+

2. REPORT DETAILS
-----------------
DPIP-1#1 Warning
Input pipelining  
DSP system_i/DigiLED_0/inst/DigiLED_v1_0_S00_AXI_inst/HSV_convert/rgb_data_out2 input system_i/DigiLED_0/inst/DigiLED_v1_0_S00_AXI_inst/HSV_convert/rgb_data_out2/A[29:0] is not pipelined. Pipelining DSP48 input will improve performance.
Related violations: <none>

DPIP-1#2 Warning
Input pipelining  
DSP system_i/DigiLED_0/inst/DigiLED_v1_0_S00_AXI_inst/HSV_convert/rgb_data_out2 input system_i/DigiLED_0/inst/DigiLED_v1_0_S00_AXI_inst/HSV_convert/rgb_data_out2/B[17:0] is not pipelined. Pipelining DSP48 input will improve performance.
Related violations: <none>

DPIP-1#3 Warning
Input pipelining  
DSP system_i/DigiLED_0/inst/DigiLED_v1_0_S00_AXI_inst/HSV_convert/rgb_data_out2__0 input system_i/DigiLED_0/inst/DigiLED_v1_0_S00_AXI_inst/HSV_convert/rgb_data_out2__0/A[29:0] is not pipelined. Pipelining DSP48 input will improve performance.
Related violations: <none>

DPIP-1#4 Warning
Input pipelining  
DSP system_i/DigiLED_0/inst/DigiLED_v1_0_S00_AXI_inst/HSV_convert/rgb_data_out2__0 input system_i/DigiLED_0/inst/DigiLED_v1_0_S00_AXI_inst/HSV_convert/rgb_data_out2__0/B[17:0] is not pipelined. Pipelining DSP48 input will improve performance.
Related violations: <none>

DPIP-1#5 Warning
Input pipelining  
DSP system_i/DigiLED_0/inst/DigiLED_v1_0_S00_AXI_inst/HSV_convert/rgb_data_out2__1 input system_i/DigiLED_0/inst/DigiLED_v1_0_S00_AXI_inst/HSV_convert/rgb_data_out2__1/A[29:0] is not pipelined. Pipelining DSP48 input will improve performance.
Related violations: <none>

DPIP-1#6 Warning
Input pipelining  
DSP system_i/DigiLED_0/inst/DigiLED_v1_0_S00_AXI_inst/HSV_convert/rgb_data_out2__1 input system_i/DigiLED_0/inst/DigiLED_v1_0_S00_AXI_inst/HSV_convert/rgb_data_out2__1/B[17:0] is not pipelined. Pipelining DSP48 input will improve performance.
Related violations: <none>

DPIP-1#7 Warning
Input pipelining  
DSP system_i/DigiLED_0/inst/DigiLED_v1_0_S00_AXI_inst/HSV_convert/rgb_data_out2__2 input system_i/DigiLED_0/inst/DigiLED_v1_0_S00_AXI_inst/HSV_convert/rgb_data_out2__2/A[29:0] is not pipelined. Pipelining DSP48 input will improve performance.
Related violations: <none>

DPIP-1#8 Warning
Input pipelining  
DSP system_i/DigiLED_0/inst/DigiLED_v1_0_S00_AXI_inst/HSV_convert/rgb_data_out2__2 input system_i/DigiLED_0/inst/DigiLED_v1_0_S00_AXI_inst/HSV_convert/rgb_data_out2__2/B[17:0] is not pipelined. Pipelining DSP48 input will improve performance.
Related violations: <none>

DPIP-1#9 Warning
Input pipelining  
DSP system_i/DigiLED_0/inst/DigiLED_v1_0_S00_AXI_inst/HSV_convert/rgb_data_out2__3 input system_i/DigiLED_0/inst/DigiLED_v1_0_S00_AXI_inst/HSV_convert/rgb_data_out2__3/A[29:0] is not pipelined. Pipelining DSP48 input will improve performance.
Related violations: <none>

DPIP-1#10 Warning
Input pipelining  
DSP system_i/DigiLED_0/inst/DigiLED_v1_0_S00_AXI_inst/HSV_convert/rgb_data_out2__3 input system_i/DigiLED_0/inst/DigiLED_v1_0_S00_AXI_inst/HSV_convert/rgb_data_out2__3/B[17:0] is not pipelined. Pipelining DSP48 input will improve performance.
Related violations: <none>

DPIP-1#11 Warning
Input pipelining  
DSP system_i/DigiLED_0/inst/DigiLED_v1_0_S00_AXI_inst/HSV_convert/rgb_data_out2__4 input system_i/DigiLED_0/inst/DigiLED_v1_0_S00_AXI_inst/HSV_convert/rgb_data_out2__4/A[29:0] is not pipelined. Pipelining DSP48 input will improve performance.
Related violations: <none>

DPIP-1#12 Warning
Input pipelining  
DSP system_i/DigiLED_0/inst/DigiLED_v1_0_S00_AXI_inst/HSV_convert/rgb_data_out2__4 input system_i/DigiLED_0/inst/DigiLED_v1_0_S00_AXI_inst/HSV_convert/rgb_data_out2__4/B[17:0] is not pipelined. Pipelining DSP48 input will improve performance.
Related violations: <none>

DPOP-1#1 Warning
PREG Output pipelining  
DSP system_i/DigiLED_0/inst/DigiLED_v1_0_S00_AXI_inst/HSV_convert/rgb_data_out2 output system_i/DigiLED_0/inst/DigiLED_v1_0_S00_AXI_inst/HSV_convert/rgb_data_out2/P[47:0] is not pipelined (PREG=0). Pipelining the DSP48 output will improve performance and often saves power so it is suggested whenever possible to fully pipeline this function.  If this DSP48 function was inferred, it is suggested to describe an additional register stage after this function.  If the DSP48 was instantiated in the design, it is suggested to set the PREG attribute to 1.
Related violations: <none>

DPOP-1#2 Warning
PREG Output pipelining  
DSP system_i/DigiLED_0/inst/DigiLED_v1_0_S00_AXI_inst/HSV_convert/rgb_data_out2__0 output system_i/DigiLED_0/inst/DigiLED_v1_0_S00_AXI_inst/HSV_convert/rgb_data_out2__0/P[47:0] is not pipelined (PREG=0). Pipelining the DSP48 output will improve performance and often saves power so it is suggested whenever possible to fully pipeline this function.  If this DSP48 function was inferred, it is suggested to describe an additional register stage after this function.  If the DSP48 was instantiated in the design, it is suggested to set the PREG attribute to 1.
Related violations: <none>

DPOP-1#3 Warning
PREG Output pipelining  
DSP system_i/DigiLED_0/inst/DigiLED_v1_0_S00_AXI_inst/HSV_convert/rgb_data_out2__1 output system_i/DigiLED_0/inst/DigiLED_v1_0_S00_AXI_inst/HSV_convert/rgb_data_out2__1/P[47:0] is not pipelined (PREG=0). Pipelining the DSP48 output will improve performance and often saves power so it is suggested whenever possible to fully pipeline this function.  If this DSP48 function was inferred, it is suggested to describe an additional register stage after this function.  If the DSP48 was instantiated in the design, it is suggested to set the PREG attribute to 1.
Related violations: <none>

DPOP-1#4 Warning
PREG Output pipelining  
DSP system_i/DigiLED_0/inst/DigiLED_v1_0_S00_AXI_inst/HSV_convert/rgb_data_out2__2 output system_i/DigiLED_0/inst/DigiLED_v1_0_S00_AXI_inst/HSV_convert/rgb_data_out2__2/P[47:0] is not pipelined (PREG=0). Pipelining the DSP48 output will improve performance and often saves power so it is suggested whenever possible to fully pipeline this function.  If this DSP48 function was inferred, it is suggested to describe an additional register stage after this function.  If the DSP48 was instantiated in the design, it is suggested to set the PREG attribute to 1.
Related violations: <none>

DPOP-1#5 Warning
PREG Output pipelining  
DSP system_i/DigiLED_0/inst/DigiLED_v1_0_S00_AXI_inst/HSV_convert/rgb_data_out2__3 output system_i/DigiLED_0/inst/DigiLED_v1_0_S00_AXI_inst/HSV_convert/rgb_data_out2__3/P[47:0] is not pipelined (PREG=0). Pipelining the DSP48 output will improve performance and often saves power so it is suggested whenever possible to fully pipeline this function.  If this DSP48 function was inferred, it is suggested to describe an additional register stage after this function.  If the DSP48 was instantiated in the design, it is suggested to set the PREG attribute to 1.
Related violations: <none>

DPOP-1#6 Warning
PREG Output pipelining  
DSP system_i/DigiLED_0/inst/DigiLED_v1_0_S00_AXI_inst/HSV_convert/rgb_data_out2__4 output system_i/DigiLED_0/inst/DigiLED_v1_0_S00_AXI_inst/HSV_convert/rgb_data_out2__4/P[47:0] is not pipelined (PREG=0). Pipelining the DSP48 output will improve performance and often saves power so it is suggested whenever possible to fully pipeline this function.  If this DSP48 function was inferred, it is suggested to describe an additional register stage after this function.  If the DSP48 was instantiated in the design, it is suggested to set the PREG attribute to 1.
Related violations: <none>

DPOP-2#1 Warning
MREG Output pipelining  
DSP system_i/DigiLED_0/inst/DigiLED_v1_0_S00_AXI_inst/HSV_convert/rgb_data_out2 multiplier stage system_i/DigiLED_0/inst/DigiLED_v1_0_S00_AXI_inst/HSV_convert/rgb_data_out2/P[47:0] is not pipelined (MREG=0). Pipelining the multiplier function will improve performance and will save significant power so it is suggested whenever possible to fully pipeline this function.  If this multiplier was inferred, it is suggested to describe an additional register stage after this function.  If there is no registered adder/accumulator following the multiply function, two pipeline stages are suggested to allow both the MREG and PREG registers to be used.  If the DSP48 was instantiated in the design, it is suggested to set both the MREG and PREG attributes to 1 when performing multiply functions.
Related violations: <none>

DPOP-2#2 Warning
MREG Output pipelining  
DSP system_i/DigiLED_0/inst/DigiLED_v1_0_S00_AXI_inst/HSV_convert/rgb_data_out2__0 multiplier stage system_i/DigiLED_0/inst/DigiLED_v1_0_S00_AXI_inst/HSV_convert/rgb_data_out2__0/P[47:0] is not pipelined (MREG=0). Pipelining the multiplier function will improve performance and will save significant power so it is suggested whenever possible to fully pipeline this function.  If this multiplier was inferred, it is suggested to describe an additional register stage after this function.  If there is no registered adder/accumulator following the multiply function, two pipeline stages are suggested to allow both the MREG and PREG registers to be used.  If the DSP48 was instantiated in the design, it is suggested to set both the MREG and PREG attributes to 1 when performing multiply functions.
Related violations: <none>

DPOP-2#3 Warning
MREG Output pipelining  
DSP system_i/DigiLED_0/inst/DigiLED_v1_0_S00_AXI_inst/HSV_convert/rgb_data_out2__1 multiplier stage system_i/DigiLED_0/inst/DigiLED_v1_0_S00_AXI_inst/HSV_convert/rgb_data_out2__1/P[47:0] is not pipelined (MREG=0). Pipelining the multiplier function will improve performance and will save significant power so it is suggested whenever possible to fully pipeline this function.  If this multiplier was inferred, it is suggested to describe an additional register stage after this function.  If there is no registered adder/accumulator following the multiply function, two pipeline stages are suggested to allow both the MREG and PREG registers to be used.  If the DSP48 was instantiated in the design, it is suggested to set both the MREG and PREG attributes to 1 when performing multiply functions.
Related violations: <none>

DPOP-2#4 Warning
MREG Output pipelining  
DSP system_i/DigiLED_0/inst/DigiLED_v1_0_S00_AXI_inst/HSV_convert/rgb_data_out2__2 multiplier stage system_i/DigiLED_0/inst/DigiLED_v1_0_S00_AXI_inst/HSV_convert/rgb_data_out2__2/P[47:0] is not pipelined (MREG=0). Pipelining the multiplier function will improve performance and will save significant power so it is suggested whenever possible to fully pipeline this function.  If this multiplier was inferred, it is suggested to describe an additional register stage after this function.  If there is no registered adder/accumulator following the multiply function, two pipeline stages are suggested to allow both the MREG and PREG registers to be used.  If the DSP48 was instantiated in the design, it is suggested to set both the MREG and PREG attributes to 1 when performing multiply functions.
Related violations: <none>

DPOP-2#5 Warning
MREG Output pipelining  
DSP system_i/DigiLED_0/inst/DigiLED_v1_0_S00_AXI_inst/HSV_convert/rgb_data_out2__3 multiplier stage system_i/DigiLED_0/inst/DigiLED_v1_0_S00_AXI_inst/HSV_convert/rgb_data_out2__3/P[47:0] is not pipelined (MREG=0). Pipelining the multiplier function will improve performance and will save significant power so it is suggested whenever possible to fully pipeline this function.  If this multiplier was inferred, it is suggested to describe an additional register stage after this function.  If there is no registered adder/accumulator following the multiply function, two pipeline stages are suggested to allow both the MREG and PREG registers to be used.  If the DSP48 was instantiated in the design, it is suggested to set both the MREG and PREG attributes to 1 when performing multiply functions.
Related violations: <none>

DPOP-2#6 Warning
MREG Output pipelining  
DSP system_i/DigiLED_0/inst/DigiLED_v1_0_S00_AXI_inst/HSV_convert/rgb_data_out2__4 multiplier stage system_i/DigiLED_0/inst/DigiLED_v1_0_S00_AXI_inst/HSV_convert/rgb_data_out2__4/P[47:0] is not pipelined (MREG=0). Pipelining the multiplier function will improve performance and will save significant power so it is suggested whenever possible to fully pipeline this function.  If this multiplier was inferred, it is suggested to describe an additional register stage after this function.  If there is no registered adder/accumulator following the multiply function, two pipeline stages are suggested to allow both the MREG and PREG registers to be used.  If the DSP48 was instantiated in the design, it is suggested to set both the MREG and PREG attributes to 1 when performing multiply functions.
Related violations: <none>

REQP-1840#1 Warning
RAMB18 async control check  
The RAMB18E1 system_i/DigiLED_0/inst/DigiLED_v1_0_S00_AXI_inst/led_data_reg has an input control pin system_i/DigiLED_0/inst/DigiLED_v1_0_S00_AXI_inst/led_data_reg/ADDRARDADDR[10] (net: system_i/DigiLED_0/inst/DigiLED_v1_0_S00_AXI_inst/led_index[5]) which is driven by a register (system_i/DigiLED_0/inst/DigiLED_v1_0_S00_AXI_inst/led_driver/led_counter_reg[5]) that has an active asychronous set or reset. This may cause corruption of the memory contents and/or read values when the set/reset is asserted and is not analyzed by the default static timing analysis. It is suggested to eliminate the use of a set/reset to registers driving this RAMB pin or else use a synchronous reset in which the assertion of the reset is timed by default.
Related violations: <none>

REQP-1840#2 Warning
RAMB18 async control check  
The RAMB18E1 system_i/DigiLED_0/inst/DigiLED_v1_0_S00_AXI_inst/led_data_reg has an input control pin system_i/DigiLED_0/inst/DigiLED_v1_0_S00_AXI_inst/led_data_reg/ADDRARDADDR[5] (net: system_i/DigiLED_0/inst/DigiLED_v1_0_S00_AXI_inst/led_index[0]) which is driven by a register (system_i/DigiLED_0/inst/DigiLED_v1_0_S00_AXI_inst/led_driver/led_counter_reg[0]) that has an active asychronous set or reset. This may cause corruption of the memory contents and/or read values when the set/reset is asserted and is not analyzed by the default static timing analysis. It is suggested to eliminate the use of a set/reset to registers driving this RAMB pin or else use a synchronous reset in which the assertion of the reset is timed by default.
Related violations: <none>

REQP-1840#3 Warning
RAMB18 async control check  
The RAMB18E1 system_i/DigiLED_0/inst/DigiLED_v1_0_S00_AXI_inst/led_data_reg has an input control pin system_i/DigiLED_0/inst/DigiLED_v1_0_S00_AXI_inst/led_data_reg/ADDRARDADDR[6] (net: system_i/DigiLED_0/inst/DigiLED_v1_0_S00_AXI_inst/led_index[1]) which is driven by a register (system_i/DigiLED_0/inst/DigiLED_v1_0_S00_AXI_inst/led_driver/led_counter_reg[1]) that has an active asychronous set or reset. This may cause corruption of the memory contents and/or read values when the set/reset is asserted and is not analyzed by the default static timing analysis. It is suggested to eliminate the use of a set/reset to registers driving this RAMB pin or else use a synchronous reset in which the assertion of the reset is timed by default.
Related violations: <none>

REQP-1840#4 Warning
RAMB18 async control check  
The RAMB18E1 system_i/DigiLED_0/inst/DigiLED_v1_0_S00_AXI_inst/led_data_reg has an input control pin system_i/DigiLED_0/inst/DigiLED_v1_0_S00_AXI_inst/led_data_reg/ADDRARDADDR[7] (net: system_i/DigiLED_0/inst/DigiLED_v1_0_S00_AXI_inst/led_index[2]) which is driven by a register (system_i/DigiLED_0/inst/DigiLED_v1_0_S00_AXI_inst/led_driver/led_counter_reg[2]) that has an active asychronous set or reset. This may cause corruption of the memory contents and/or read values when the set/reset is asserted and is not analyzed by the default static timing analysis. It is suggested to eliminate the use of a set/reset to registers driving this RAMB pin or else use a synchronous reset in which the assertion of the reset is timed by default.
Related violations: <none>

REQP-1840#5 Warning
RAMB18 async control check  
The RAMB18E1 system_i/DigiLED_0/inst/DigiLED_v1_0_S00_AXI_inst/led_data_reg has an input control pin system_i/DigiLED_0/inst/DigiLED_v1_0_S00_AXI_inst/led_data_reg/ADDRARDADDR[8] (net: system_i/DigiLED_0/inst/DigiLED_v1_0_S00_AXI_inst/led_index[3]) which is driven by a register (system_i/DigiLED_0/inst/DigiLED_v1_0_S00_AXI_inst/led_driver/led_counter_reg[3]) that has an active asychronous set or reset. This may cause corruption of the memory contents and/or read values when the set/reset is asserted and is not analyzed by the default static timing analysis. It is suggested to eliminate the use of a set/reset to registers driving this RAMB pin or else use a synchronous reset in which the assertion of the reset is timed by default.
Related violations: <none>

REQP-1840#6 Warning
RAMB18 async control check  
The RAMB18E1 system_i/DigiLED_0/inst/DigiLED_v1_0_S00_AXI_inst/led_data_reg has an input control pin system_i/DigiLED_0/inst/DigiLED_v1_0_S00_AXI_inst/led_data_reg/ADDRARDADDR[9] (net: system_i/DigiLED_0/inst/DigiLED_v1_0_S00_AXI_inst/led_index[4]) which is driven by a register (system_i/DigiLED_0/inst/DigiLED_v1_0_S00_AXI_inst/led_driver/led_counter_reg[4]) that has an active asychronous set or reset. This may cause corruption of the memory contents and/or read values when the set/reset is asserted and is not analyzed by the default static timing analysis. It is suggested to eliminate the use of a set/reset to registers driving this RAMB pin or else use a synchronous reset in which the assertion of the reset is timed by default.
Related violations: <none>


