Copyright 1986-2019 Xilinx, Inc. All Rights Reserved.
--------------------------------------------------------------------------------------------------------------------------------------------------------------------------------
| Tool Version : Vivado v.2019.1 (win64) Build 2552052 Fri May 24 14:49:42 MDT 2019
| Date         : Fri Jan  3 14:57:26 2020
| Host         : Dennis running 64-bit major release  (build 9200)
| Command      : report_methodology -file system_wrapper_methodology_drc_routed.rpt -pb system_wrapper_methodology_drc_routed.pb -rpx system_wrapper_methodology_drc_routed.rpx
| Design       : system_wrapper
| Device       : xc7z007sclg225-1
| Speed File   : -1
| Design State : Fully Routed
--------------------------------------------------------------------------------------------------------------------------------------------------------------------------------

Report Methodology

Table of Contents
-----------------
1. REPORT SUMMARY
2. REPORT DETAILS

1. REPORT SUMMARY
-----------------
            Netlist: netlist
          Floorplan: design_1
      Design limits: <entire design considered>
             Max violations: <unlimited>
             Violations found: 2
+-----------+----------+-------------------------------+------------+
| Rule      | Severity | Description                   | Violations |
+-----------+----------+-------------------------------+------------+
| LUTAR-1   | Warning  | LUT drives async reset alert  | 1          |
| TIMING-18 | Warning  | Missing input or output delay | 1          |
+-----------+----------+-------------------------------+------------+

2. REPORT DETAILS
-----------------
LUTAR-1#1 Warning
LUT drives async reset alert  
LUT cell system_i/DigiLED_0/inst/DigiLED_v1_0_S00_AXI_inst/led_driver/led_out_INST_0_i_2, with 2 or more inputs, drives asynchronous preset/clear pin(s) system_i/DigiLED_0/inst/DigiLED_v1_0_S00_AXI_inst/led_driver/FSM_onehot_state_reg[1]/CLR, system_i/DigiLED_0/inst/DigiLED_v1_0_S00_AXI_inst/led_driver/FSM_onehot_state_reg[2]/CLR, system_i/DigiLED_0/inst/DigiLED_v1_0_S00_AXI_inst/led_driver/led_counter_reg[0]/CLR, system_i/DigiLED_0/inst/DigiLED_v1_0_S00_AXI_inst/led_driver/led_counter_reg[1]/CLR, system_i/DigiLED_0/inst/DigiLED_v1_0_S00_AXI_inst/led_driver/led_counter_reg[2]/CLR, system_i/DigiLED_0/inst/DigiLED_v1_0_S00_AXI_inst/led_driver/led_counter_reg[3]/CLR, system_i/DigiLED_0/inst/DigiLED_v1_0_S00_AXI_inst/led_driver/led_counter_reg[4]/CLR, system_i/DigiLED_0/inst/DigiLED_v1_0_S00_AXI_inst/led_driver/led_counter_reg[5]/CLR, system_i/DigiLED_0/inst/DigiLED_v1_0_S00_AXI_inst/led_driver/state_reg[0]/CLR, system_i/DigiLED_0/inst/DigiLED_v1_0_S00_AXI_inst/led_driver/state_reg[1]/CLR, system_i/DigiLED_0/inst/DigiLED_v1_0_S00_AXI_inst/led_driver/FSM_onehot_state_reg[0]/PRE. The LUT may glitch and trigger an unexpected reset, even if it is a properly timed path.
Related violations: <none>

TIMING-18#1 Warning
Missing input or output delay  
An output delay is missing on led_out_0 relative to clock(s) clk_fpga_0
Related violations: <none>


